AVR decoder, version 1.1, \2000
Copyright (c) 1999-2001, Romain Lievin

00 00 00 00 00 68 00 00 00 68 00 00 03 C9 0B 00 |      h   h      
00 00 00 00 00 00 00 00 00 00 00 FF FF 09 C9 0B |                 
00 00 00 00 00 00 00 00 00 00 00 00 FF FF 89 5A |                Z
00 00 12 D0 00 00 09 68 00 00 89 56 00 00 09 68 |        h   V   h
00 00 89 56 00 00 09 A2 06 00 00 00 00 00 19 00 |    V            
19 00 89 56 00 00 89 06 0A 00 0E 00 00 00 53 04 |    V          S 
6D 61 69 6E 0A 02 09 56 00 00 09 09 00 00 89 56 | main   V       V
00 00 89 15 12 00 00 00 00 00 6D 61 69 6E 00 00 |           main  
00 00 1F 00 00 00 00 00 C4 01 09 56 00 00 89 78 |            V   x
00 00 09 56 00 00 09 09 00 00 89 56 00 00 89 15 |    V       V    
12 00 00 00 00 00 74 65 73 74 00 00 00 00 1F 00 |       test      
03 00 00 00 E2 01 09 56 00 00 89 78 00 00 09 56 |        V   x   V
00 00 09 09 00 00 89 56 00 00 89 15 12 00 00 00 |        V        
00 00 78 00 00 00 00 00 00 00 00 00 05 00 00 00 |   x             
7D 00 09 56 00 00 89 78 00 00 09 56 00 00 09 09 | }  V   x   V    
00 00 89 56 00 00 89 15 12 00 00 00 00 00 79 00 |    V          y 
00 00 00 00 00 00 00 01 05 00 00 00 7F 00 09 56 |               V
00 00 89 78 00 00 09 56 00 00 09 09 00 00 89 56 |    x   V       V
00 00 89 15 12 00 00 00 00 00 7A 00 00 00 00 00 |           z     
00 00 00 00 05 00 00 00 7F 00 09 56 00 00 89 92 |           V    
00 00 