AVR decoder, version 1.1, \2000
Copyright (c) 1999-2001, Romain Lievin

09 6D 00 00 89 56 00 00 89 15 00 0F 1F FF FF E0 |  m   V          
FF FF FF FF FF 07 FF FF E0 FF FF FF F0 7F FF FF |                
FF E0 FF FF FF FF FF FF FF F8 20 00 00 11 00 00 |                 
00 00 00 88 00 00 11 00 00 00 08 80 00 00 00 11 |                 
00 00 00 00 00 00 00 04 5C 9F FF CA 00 03 B0 00 |         \       
00 50 3B 00 0A 00 E8 00 05 00 0E E0 00 0A 00 00 |  P;             
00 73 00 00 00 02 91 80 FF FF FF FF FF FF FF FF |  s              
FF FF FF FF FF FF FF FF FF FF FF FF FF FF FF FF |                 
FF F0 00 01 98 83 00 00 00 00 00 00 00 00 00 00 |                 
00 00 00 00 00 00 00 00 00 00 00 00 00 00 00 0C |                 
00 01 90 84 00 00 00 00 00 00 00 00 00 00 00 00 |                 
00 00 00 00 00 00 00 00 00 00 00 00 00 02 00 01 |                 
91 C8 00 00 00 00 00 00 00 00 00 05 26 04 52 91 |             & R 
93 6C 00 00 00 00 00 00 00 00 00 01 00 01 80 10 |  l              
00 00 00 00 00 00 00 00 00 05 55 04 5A A1 29 24 |           U Z )$
00 00 00 00 00 00 00 00 00 00 80 01 80 10 00 00 |                 
00 00 00 00 00 00 00 05 76 74 5E C1 39 24 00 00 |         vt^ 9$  
00 00 00 00 00 00 00 00 80 01 80 20 00 00 00 00 |                 
00 00 00 00 00 02 55 04 56 A1 29 24 00 00 00 00 |       U V )$    
00 00 00 00 00 00 40 01 80 20 00 00 00 00 00 00 |       @         
00 00 00 02 55 07 52 91 A9 2C 00 00 00 00 00 00 |     U R  ,      
00 00 00 00 70 01 9F 20 00 00 00 00 00 00 00 00 |     p           
00 00 00 00 00 00 00 00 00 00 00 00 00 00 00 00 |                 
00 00 60 01 8E 3F FF FF FF FF FF FF FF FF FF FF |   `  ?          
FF FF FF FF FF FF FF FF FF FF FF FF FF FF FF FF |                 
C0 01 84 20 00 00 00 00 00 00 00 00 00 00 00 00 |                 
00 00 00 00 00 00 00 00 00 00 00 00 00 00 40 01 |               @ 
80 3F FF FF FF FF FF FF FF FF FF FF FF FF FF FF |  ?              
FF FF FF FF FF FF FF FF FF FF FF FF F5 41 80 20 |              A  
08 00 00 00 01 10 00 00 00 88 00 00 11 00 01 10 |                 
00 08 80 00 00 00 00 00 00 40 40 01 80 20 10 00 |          @@     
E4 00 00 A0 0E C0 00 50 3B 00 0A 3A 00 A3 B8 05 |        P;  :    
00 00 01 CC 00 00 00 20 40 01 FF E0 20 00 8C F8 |         @       
00 40 08 20 00 20 20 BE 04 22 80 42 23 E2 00 00 |  @       " B#   
01 10 00 00 00 10 7F FF 00 20 20 00 C4 70 00 40 |             p @
0C 40 00 20 31 1C 04 33 80 43 31 C2 00 00 01 9C |  @  1  3 C1     
00 00 00 10 40 00 00 20 20 00 84 20 00 40 08 80 |     @        @  
00 20 20 88 04 20 80 42 08 82 00 00 01 14 00 00 |        B        
00 10 40 00 00 20 20 00 8E 00 00 40 08 E0 00 20 |   @        @    
23 00 04 20 80 42 30 02 00 00 01 1C 00 00 00 10 | #    B0         
40 00 00 20 20 00 00 00 00 40 00 00 00 20 00 00 | @        @      
04 00 00 40 00 02 00 00 00 00 00 00 00 10 40 00 |    @          @ 
00 20 28 80 00 00 00 51 10 00 00 28 08 01 04 00 |   (    Q   (    
00 4E 30 C2 70 00 10 00 04 00 00 10 40 00 00 20 |  N0 p       @   
2D 80 00 00 00 51 00 00 00 28 00 01 04 00 40 51 | -    Q   (    @Q
10 42 88 00 10 00 04 00 00 10 40 00 00 20 2A 9C |  B        @   * 
B1 C7 9C 51 30 E4 40 28 18 B1 24 00 80 51 10 42 |    Q0 @(  $  Q B
81 CB 38 72 CE 1C 00 10 40 00 00 20 2A 82 C8 28 |   8r    @   *  (
A2 51 11 14 40 28 08 C9 44 05 00 5F 10 42 82 2C |  Q  @(  D  _ B ,
90 8B 24 20 00 10 40 00 00 20 28 9E 89 E8 BE 51 |   $   @   (    Q
11 F5 40 28 08 89 84 02 00 51 10 42 82 28 90 FA |   @(     Q B (  
24 1C 00 10 40 00 00 20 28 A2 8A 27 A0 4A 11 05 | $   @   (  ' J  
40 28 08 89 44 00 00 51 10 42 8A 28 92 82 24 82 | @(  D  Q B (  $ 
00 10 40 00 00 20 28 9E 89 E0 9C 44 38 E2 95 2F |   @   (    D8  /
9C 89 24 00 00 51 38 E2 71 C8 8C 72 23 3C A8 10 |   $  Q8 q  r#<  
40 00 00 20 20 00 00 07 00 40 00 00 00 20 00 00 | @        @      
04 00 00 40 00 02 00 00 00 00 00 00 00 10 40 00 |    @          @ 
00 20 20 00 00 00 00 40 00 00 00 20 00 00 04 00 |        @        
00 40 00 02 00 00 00 00 00 00 00 10 40 00 00 20 |  @          @   
3F FF FF FF FF FF FF FF FF FF FF FF FF FF FF FF | ?               
FF FF FF FF FF FF FF FF FF F0 40 00 00 20 00 00 |           @     
00 00 00 00 00 00 00 00 00 00 00 00 00 00 00 00 |                 
00 00 00 00 00 00 00 00 40 00 00 20 7F FC 18 E3 |         @      
FF FF FF FF FF FF FF FF FF FF FF FF FF FF FF FF |                 
FF FF FF FF FF E0 40 00 00 20 7F FD F7 5D FF FF |       @     ]  
FF FF FF FF FF FF FF FF FF FF FF FF FF FF FF FF |                 
FF FF FF E0 40 00 00 20 7F FD F7 5D FF FF FF FF |     @     ]    
FF FF FF FF FF FF FF FF FF FF FF FF FF FF FF FF |                 
FF E0 40 00 00 20 7F FC 37 5D FF FF FF FF FF FF |   @    7]      
FF FF FF FF FF FF FF FF FF FF FF FF FF FF FF E0 |                 
40 00 00 20 7F FD F7 5D FF FF FF FF FF FF FF FF | @     ]        
FF FF FF FF FF FF FF FF FF FF FF FF FF E0 40 00 |               @ 
00 20 7F FD F7 5D FF FF FF FF FF FF FF FF FF FF |     ]          
FF FF FF FF FF FF FF FF FF FF FF E0 40 00 00 20 |             @   
7F FD F8 E3 FF FF FF FF FF FF FF FF FF FF FF FF |                
FF FF FF FF FF FF FF FF FF E0 40 00 00 20 7F FF |           @    
FF FF FF FF FF FF FF FF FF FF FF FF FF FF FF FF |                 
FF FF FF FF FF FF FF E0 40 00 00 20 00 02 27 1C |         @     ' 
88 00 00 00 00 00 00 00 00 00 00 00 00 00 00 00 |                 
00 00 00 00 00 00 40 00 00 20 00 03 68 88 88 00 |       @     h   
00 00 00 00 00 00 00 00 00 00 00 00 00 00 00 00 |                 
00 00 00 00 40 00 00 20 00 02 A8 88 C8 00 00 00 |     @           
00 00 00 00 00 00 00 00 00 00 00 00 00 00 00 00 |                 
00 00 40 00 00 20 00 02 AF 88 A8 00 00 00 00 00 |   @             
00 00 00 00 00 00 00 00 00 00 00 00 00 00 00 00 |                 
40 00 00 20 00 02 28 88 98 00 00 00 00 00 00 00 | @     (         
00 00 00 00 00 00 00 00 00 00 00 00 00 00 40 00 |               @ 
00 20 00 02 28 88 88 00 00 00 00 00 00 00 00 00 |     (           
00 00 00 00 00 00 00 00 00 00 00 00 40 00 00 20 |             @   
00 02 28 9C 88 00 00 00 00 00 00 00 00 00 00 00 |   (             
00 00 00 00 00 00 00 00 00 00 40 00 00 20 00 00 |           @     
00 00 00 00 00 00 00 00 00 00 00 00 00 00 00 00 |                 
00 00 00 00 00 00 00 00 40 00 00 20 00 00 00 00 |         @       
00 00 00 00 00 00 FA 2F 3C 03 E0 00 00 00 00 00 |        /<       
00 00 00 00 00 00 40 00 00 20 00 00 00 00 00 00 |       @         
00 00 00 00 82 28 A2 02 00 00 00 00 00 00 00 00 |      (          
00 00 00 00 40 00 00 20 00 00 00 22 00 00 00 00 |     @      "    
00 00 81 48 A2 03 C0 00 00 00 00 00 00 00 00 00 |    H            
00 00 40 00 00 20 00 00 00 14 00 00 00 00 00 00 |   @             
F0 8F 3C 00 20 00 00 00 00 00 00 00 00 00 00 00 |   <             
40 00 00 20 00 00 00 08 00 00 00 00 00 00 81 48 | @              H
28 00 20 00 00 00 00 00 00 00 00 00 00 00 40 00 | (             @ 
00 20 00 00 00 14 00 00 00 00 00 00 82 28 24 02 |              ($ 
20 00 00 00 00 00 00 00 00 00 00 00 40 00 00 20 |             @   
00 00 00 22 00 00 00 00 00 00 FA 28 22 01 C0 00 |    "       ("   
00 00 00 00 00 00 00 00 00 00 40 00 00 20 00 00 |           @     
00 00 00 00 00 00 00 00 00 00 00 00 00 00 00 00 |                 
00 00 00 00 00 00 00 00 40 00 00 20 00 00 00 00 |         @       
00 00 00 00 00 00 FA 2F 3C 03 E0 00 00 00 00 00 |        /<       
00 00 00 00 00 00 40 00 00 20 00 00 00 00 00 00 |       @         
00 00 00 00 82 28 A2 02 00 00 00 00 00 00 00 00 |      (          
00 00 00 00 40 00 00 20 00 00 00 22 00 00 00 00 |     @      "    
00 00 81 48 A2 03 C0 00 00 00 00 00 00 00 00 00 |    H            
00 00 40 00 00 20 00 00 00 22 00 00 00 00 00 00 |   @      "      
F0 8F 3C 00 20 00 00 00 00 00 00 00 00 00 00 00 |   <             
40 00 00 20 00 00 00 22 00 00 00 00 00 00 81 48 | @      "       H
28 00 20 00 00 00 00 00 00 00 00 00 00 00 40 00 | (             @ 
00 20 00 00 00 1E 00 00 00 00 00 00 82 28 24 02 |              ($ 
20 00 00 00 00 00 00 00 00 00 00 00 40 00 00 20 |             @   
00 00 00 02 00 00 00 00 00 00 FA 28 22 01 C0 00 |            ("   
00 00 00 00 00 00 00 00 00 00 40 00 00 20 00 00 |           @     
00 1C 00 00 00 00 00 00 00 00 00 00 00 00 00 00 |                 
00 00 00 00 00 00 00 00 40 00 00 20 00 00 00 00 |         @       
00 00 00 00 00 00 FA 2F 3C 03 E0 00 00 00 00 00 |        /<       
00 00 00 00 00 00 40 00 00 20 02 00 00 00 00 00 |       @         
00 00 00 00 82 28 A2 02 00 00 00 00 00 00 00 00 |      (          
00 00 00 00 40 00 00 20 04 00 00 3E 00 00 00 00 |     @      >    
00 00 81 48 A2 03 C0 00 00 00 00 00 00 00 00 00 |    H            
00 00 40 00 00 20 28 00 00 04 00 00 00 00 00 00 |   @   (         
F0 8F 3C 00 20 00 00 00 00 00 00 00 00 00 00 00 |   <             
40 00 00 20 10 00 00 08 00 00 00 00 00 00 81 48 | @              H
28 00 20 00 00 00 00 00 00 00 00 00 00 00 40 00 | (             @ 
00 20 00 00 00 10 00 00 00 00 00 00 82 28 24 02 |              ($ 
20 00 00 00 00 00 00 00 00 00 00 00 40 00 00 20 |             @   
00 00 00 3E 00 00 00 00 00 00 FA 28 22 01 C0 00 |    >       ("   
00 00 00 00 00 00 00 00 00 00 40 00 00 20 00 00 |           @     
00 00 00 00 00 00 00 00 00 00 00 00 00 00 00 00 |                 
00 00 00 00 00 00 00 00 40 00 00 20 00 00 00 00 |         @       
00 00 00 00 00 00 00 00 00 00 00 00 00 00 00 00 |                 
00 00 00 00 00 00 40 00 00 20 00 00 00 00 00 00 |       @         
00 00 00 00 00 00 00 00 00 00 00 00 00 00 00 00 |                 
00 00 00 00 40 00 00 20 00 00 00 00 00 00 00 00 |     @           
00 00 00 00 00 00 00 00 00 00 00 00 00 00 00 00 |                 
00 00 40 00 00 20 00 00 00 00 00 00 00 00 00 00 |   @             
00 00 00 00 00 00 00 00 00 00 00 00 00 00 00 00 |                 
40 00 00 20 00 00 00 00 00 00 00 00 00 00 00 00 | @               
00 00 00 00 00 00 00 00 00 00 00 00 00 00 40 00 |               @ 
00 20 00 00 00 00 00 00 00 00 00 00 00 00 00 00 |                 
00 00 00 00 00 00 00 00 00 00 00 00 40 00 00 20 |             @   
00 00 00 00 00 00 00 00 00 00 00 00 00 00 00 00 |                 
00 00 00 00 00 00 00 00 00 00 40 00 00 20 00 00 |           @     
00 00 00 00 00 00 00 00 00 00 00 00 00 00 00 00 |                 
00 00 00 00 00 00 00 00 40 00 00 20 00 00 00 00 |         @       
00 00 00 00 00 00 00 00 00 00 00 00 00 00 00 00 |                 
00 00 00 00 00 00 40 00 00 20 00 00 00 00 00 00 |       @         
00 00 00 00 00 00 00 00 00 00 00 00 00 00 00 00 |                 
00 00 00 00 40 00 00 20 00 00 00 00 00 00 00 00 |     @           
00 00 00 00 00 00 00 00 00 00 00 00 00 00 00 00 |                 
00 00 40 00 00 20 00 00 00 00 00 00 00 00 00 00 |   @             
00 00 00 00 00 00 00 00 00 00 00 00 00 00 00 00 |                 
40 00 00 20 00 00 00 00 00 00 00 00 00 00 00 00 | @               
00 00 00 00 00 00 00 00 00 00 00 00 00 00 40 00 |               @ 
00 20 00 00 00 00 00 00 00 00 00 00 00 00 00 00 |                 
00 00 00 00 00 00 00 00 00 00 00 00 40 00 00 20 |             @   
00 00 00 00 00 00 00 00 00 00 00 00 00 00 00 00 |                 
00 00 00 00 00 00 00 00 00 00 40 00 00 20 00 00 |           @     
00 00 00 00 00 00 00 00 00 00 00 00 00 00 00 00 |                 
00 00 00 00 00 00 00 00 40 00 00 20 00 00 00 00 |         @       
00 00 00 00 00 00 00 00 00 00 00 00 00 00 00 00 |                 
00 00 00 00 00 00 40 00 00 20 00 00 00 00 00 00 |       @         
00 00 00 00 00 00 00 00 00 00 00 00 00 00 00 00 |                 
00 00 00 00 40 00 00 20 00 00 00 00 00 00 00 00 |     @           
00 00 00 00 00 00 00 00 00 00 00 00 00 00 00 00 |                 
00 00 40 00 00 20 00 00 00 00 00 00 00 00 00 00 |   @             
00 00 00 00 00 00 00 00 00 00 00 00 00 00 00 00 |                 
40 00 00 20 00 00 00 00 00 00 00 00 00 00 00 00 | @               
00 00 00 00 00 00 00 00 00 00 00 00 00 00 40 00 |               @ 
00 20 00 00 00 00 00 00 00 00 00 00 00 00 00 00 |                 
00 00 00 00 00 00 00 00 00 00 00 00 40 00 00 20 |             @   
00 00 00 00 00 00 00 00 00 00 00 00 00 00 00 00 |                 
00 00 00 00 00 00 00 00 00 00 40 00 00 20 00 00 |           @     
00 00 00 00 00 00 00 00 00 00 00 00 00 00 00 00 |                 
00 00 00 00 00 00 00 00 40 00 00 20 00 00 00 00 |         @       
00 00 00 00 00 00 00 00 00 00 00 00 00 00 00 00 |                 
00 00 00 00 00 00 40 00 00 20 00 00 00 00 00 00 |       @         
00 00 00 00 00 00 00 00 00 00 00 00 00 00 00 00 |                 
00 00 00 00 40 00 00 20 00 00 00 00 00 00 00 00 |     @           
00 00 00 00 00 00 00 00 00 00 00 00 00 00 00 00 |                 
00 00 40 00 00 20 00 00 00 00 00 00 00 00 00 00 |   @             
00 00 00 00 00 00 00 00 00 00 00 00 00 00 00 00 |                 
40 00 00 20 00 00 00 00 00 00 00 00 00 00 00 00 | @               
00 00 00 00 00 00 00 00 00 00 00 00 00 00 40 00 |               @ 
00 20 00 00 00 00 00 00 00 00 00 00 00 00 00 00 |                 
00 00 00 00 00 00 00 00 00 00 00 00 40 00 00 20 |             @   
00 00 00 00 00 00 00 00 00 00 00 00 00 00 00 00 |                 
00 00 00 00 00 00 00 00 00 00 40 00 00 20 00 00 |           @     
00 00 00 00 00 00 00 00 00 00 00 00 00 00 00 00 |                 
00 00 00 00 00 00 00 00 40 00 00 20 00 00 00 00 |         @       
00 00 00 00 00 00 00 00 00 00 00 00 00 00 00 00 |                 
00 00 00 00 00 00 40 00 00 20 00 00 00 00 00 00 |       @         
00 00 00 00 00 00 00 00 00 00 00 00 00 00 00 00 |                 
00 00 00 00 40 00 00 20 00 00 00 00 00 00 00 00 |     @           
00 00 00 00 00 00 00 00 00 00 00 00 00 00 00 00 |                 
00 00 40 00 00 20 00 00 00 00 00 00 00 00 00 00 |   @             
00 00 00 00 00 00 00 00 00 00 00 00 00 00 00 00 |                 
40 00 FF E0 00 00 00 00 00 00 00 00 00 00 00 00 | @               
00 00 00 00 00 00 00 00 00 00 00 00 00 00 7F FF |                
00 20 00 00 00 00 00 00 00 00 00 00 00 00 00 00 |                 
00 00 00 00 00 00 00 00 00 00 00 00 40 00 C0 20 |             @   
00 00 00 00 00 00 00 00 00 00 00 00 00 00 00 00 |                 
00 00 00 00 00 00 00 00 00 00 40 00 C0 20 00 00 |           @     
00 00 00 00 00 00 00 00 00 00 00 00 00 00 00 00 |                 
00 00 00 00 00 00 00 00 40 00 C0 10 00 00 00 00 |         @       
00 00 00 00 00 00 00 00 00 00 00 00 00 00 00 00 |                 
00 00 00 00 00 00 80 00 C0 10 00 00 00 00 00 00 |                 
00 00 00 00 00 00 00 00 00 00 00 00 00 00 00 00 |                 
00 00 00 00 80 00 C0 08 00 00 00 00 00 00 00 00 |                 
00 00 00 00 00 00 00 00 00 00 00 00 00 00 00 00 |                 
00 01 00 00 C0 04 00 00 00 00 00 00 00 00 00 00 |                 
00 00 00 00 00 00 00 00 00 00 00 00 00 00 00 02 |                 
00 00 C0 03 00 00 00 00 00 00 00 00 00 00 00 00 |                 
00 00 00 00 00 00 00 00 00 00 00 00 00 0C 00 00 |                 
C0 00 FF FF FF FF FF FF FF FF FF FF FF FF FF FF |                 
FF FF FF FF FF FF FF FF FF FF FF F0 00 00 C0 00 |                 
00 00 00 00 00 00 00 00 00 00 00 00 00 00 00 00 |                 
00 00 00 00 00 00 00 00 00 00 00 00 C0 00 00 00 |                 
00 00 00 00 00 00 00 00 00 00 00 00 00 00 00 00 |                 
00 00 00 00 00 00 00 00 00 00 FF FF FF FF FF FF |                 
FF FF FF FF FF FF FF FF FF FF FF FF FF FF FF FF |                 
FF FF FF FF FF FF FF FF 00 00 00 00 00 00 00 00 |                 
00 00 00 00 00 00 00 00 00 00 00 00 00 00 00 00 |                 
00 00 00 00 00 00 44 94 80 00 00 00 00 00 01 89 |       D         
81 2B B8 00 00 00 00 00 03 AA 4C 08 58 80 00 00 |  +        L X   
00 00 00 00 6D 56 80 00 00 00 00 00 01 55 42 A9 |     mV       UB 
28 00 00 00 00 00 02 2B 50 14 45 40 00 00 00 00 | (      +P E@    
00 00 55 D7 80 00 00 00 00 00 01 9D 43 A9 28 00 |   U         C ( 
00 00 00 00 03 2B D0 14 89 40 00 00 00 00 00 00 |      +   @      
45 55 80 00 00 00 00 00 01 55 42 A9 28 00 00 00 | EU       UB (   
00 00 02 2A D0 15 05 40 00 00 00 00 00 00 45 54 |    *   @      ET
80 00 00 00 00 00 01 55 82 B9 38 00 00 00 00 00 |        U  8     
02 3A 4C 09 18 80 00 00 00 00 00 00 FB 41 09 56 |  :L          A V
00 00 