AVR decoder, version 1.1, \2000
Copyright (c) 1999-2001, Romain Lievin

09 68 00 00 89 56 00 00 09 A2 12 00 00 00 00 00 |  h   V          
1D 0C 6D 61 69 6E 5C 76 65 72 73 69 6F 6E 30 05 |   main\version0 
89 56 00 00 89 06 0A 00 00 04 00 00 1D 04 31 2E |  V            1.
31 31 E6 00 09 5A 00 00 09 68 00 00 89 56 00 00 | 11   Z   h   V  
09 06 0A 00 10 9A 00 00 1D 04 31 2E 31 31 8C 01 |           1.11  
89 56 00 00 09 06 0A 00 00 04 00 00 1D 04 31 2E |  V            1.
31 31 E6 00 89 56 00 00 89 09 00 00 09 56 00 00 | 11   V       V  
09 15 00 04 00 01 FF F4 55 AA 00 00 40 C6 00 00 |         U   @   
40 00 51 00 00 00 00 00 00 00 00 00 3F FF 19 60 | @ Q         ?  `
78 43 13 72 55 00 FF FF 00 01 96 07 84 31 37 25 | xC rU        17%
50 00 00 00 00 00 00 00 00 00 00 00 00 00 88 23 | P              #
52 94 11 76 50 00 00 00 00 00 00 00 00 00 00 00 | R  vP           
00 00 00 00 00 00 00 00 00 00 00 00 00 00 00 00 |                 
00 00 00 00 00 00 01 01 40 04 12 34 50 00 00 00 |         @  4P   
00 00 40 04 67 89 00 00 00 00 00 00 00 00 00 00 |   @ g           
00 00 00 00 00 00 00 00 00 00 00 00 00 00 00 00 |                 
00 00 00 00 00 00 00 00 00 00 00 00 00 00 00 00 |                 
00 00 00 00 00 00 00 00 00 00 00 00 00 00 00 00 |                 
00 00 00 00 00 00 00 00 00 00 00 00 00 00 00 00 |                 
00 00 00 00 00 00 00 00 00 00 00 00 00 00 00 00 |                 
00 00 00 00 00 00 00 00 00 00 00 00 00 00 00 00 |                 
00 00 00 00 00 00 00 00 00 00 00 00 00 00 00 00 |                 
00 00 00 00 00 00 00 00 00 00 00 00 00 00 00 00 |                 
00 00 00 00 00 00 00 00 00 00 00 00 00 00 00 00 |                 
00 00 00 00 00 00 00 00 00 00 00 20 F9 01 00 20 |                 
F9 04 00 20 F9 07 00 20 F9 0A 00 20 F9 0D 00 20 |                 
F9 11 00 20 F9 15 00 20 F9 1A 00 20 F9 1D 00 20 |                 
F9 21 00 20 F9 25 00 20 F9 26 00 20 F9 27 00 20 |  !   %   &   '  
F9 28 00 20 F9 2C 00 20 F9 2B 00 00 00 00 00 00 |  (   ,   +      
00 00 00 00 00 00 00 00 00 00 00 22 C4 40 00 22 |            " @ "
C4 41 3F F2 50 00 00 00 00 00 00 00 40 00 00 00 |  A? P       @   
00 00 00 00 00 00 00 00 85 B9 00 00 C5 B0 00 00 |                 
85 B9 00 08 00 00 85 BA 00 00 00 00 00 00 00 00 |                 
00 00 00 00 00 00 00 00 00 00 00 00 00 00 00 00 |                 
3D 8A 00 00 00 00 00 00 00 00 00 00 00 00 40 00 | =             @ 
00 00 00 00 00 00 00 00 3F F2 50 00 00 00 00 00 |         ? P     
00 00 00 00 00 00 00 00 40 00 00 00 34 53 00 00 |         @   4S  
34 53 00 00 00 00 00 00 00 00 00 00 00 00 00 00 | 4S              
00 00 00 00 00 01 00 01 00 01 00 00 85 BC 00 23 |                #
20 6D 00 23 20 77 00 23 20 81 00 23 20 95 00 23 |  m # w #   #   #
20 9F 00 23 20 8B 00 00 00 00 00 00 00 00 00 00 |    #            
00 00 00 00 00 00 00 00 00 00 00 00 00 00 00 00 |                 
00 00 00 00 00 00 00 00 00 00 00 00 00 00 E9 00 |                 
00 00 3D 8A 00 00 3D 8A 00 00 00 00 00 00 00 2F |   =   =        /
BC 64 00 14 00 2F CE 14 00 00 00 2F E3 FC 00 00 |  d   /     /    
00 2F D3 40 00 00 00 2F E8 60 00 00 00 2F C2 90 |  / @   / `   /  
00 00 00 2F E0 B8 00 00 00 00 00 00 00 00 00 2F |    /           /
EA F4 00 00 00 00 00 00 00 00 00 00 00 00 00 00 |                 
00 00 00 00 FF FD 00 00 00 00 00 00 00 00 00 00 |                 
00 00 00 01 00 00 00 00 00 00 00 00 00 00 00 00 |                 
00 00 00 00 00 00 00 00 00 00 00 00 00 00 00 00 |                 
00 00 00 00 00 00 00 00 00 00 00 00 00 00 58 20 |               X 
00 00 00 00 00 02 00 EF 00 0B 00 5F 00 00 00 00 |            _    
00 00 00 00 00 1E 00 01 00 00 00 00 07 58 00 0E |              X  
00 00 00 00 00 00 00 00 00 00 00 00 00 00 00 00 |                 
00 00 00 00 FF FF 00 00 00 00 81 00 02 04 00 00 |                 
00 00 00 68 00 02 00 00 00 00 00 6D EF 78 00 6D |    h       m x m
EF 78 00 6D EF 78 00 00 EF 0B 00 00 00 00 5C A6 |  x m x        \ 
00 00 00 00 00 F0 81 80 01 01 00 00 00 00 00 00 |                 
00 00 00 00 00 00 00 12 EF 6C 00 12 EF 6C 00 12 |          l   l  
EF 6C 00 00 EF 5A 00 00 00 00 58 20 00 00 00 00 |  l   Z    X     
00 00 05 20 01 01 00 00 00 00 00 00 00 00 00 00 |                 
00 00 00 12 EF 78 00 12 EF 78 00 12 EF 78 00 00 |      x   x   x  
EF 66 00 0F 00 00 5E 38 00 00 00 00 00 00 00 00 |  f    ^8        
00 1E 00 00 00 00 00 00 00 00 00 00 00 00 00 00 |                 
00 00 00 00 00 00 00 00 00 00 00 00 00 00 00 00 |                 
00 00 00 00 00 00 00 00 00 00 00 00 00 00 00 00 |                 
00 00 00 00 00 00 00 00 00 00 00 00 00 00 00 00 |                 
00 00 00 00 00 00 00 00 00 00 00 00 00 00 00 00 |                 
00 00 00 00 00 00 00 00 00 00 00 00 00 00 00 00 |                 
00 00 00 00 00 00 00 00 00 00 00 00 00 00 00 00 |                 
00 00 00 00 F2 62 89 56 00 00 09 06 0A 00 00 04 |      b V        
00 00 1D 04 31 2E 31 31 E6 00 89 56 00 00 89 09 |     1.11   V    
00 00 09 56 00 00 09 15 00 04 00 00 00 00 00 00 |    V            
00 00 00 00 00 00 00 00 00 00 00 00 00 00 00 00 |                 
00 00 00 00 00 00 00 00 00 00 00 00 00 00 00 00 |                 
00 00 00 00 00 00 00 00 00 00 00 00 00 00 00 00 |                 
00 00 00 00 00 00 00 00 00 00 00 00 00 00 00 00 |                 
00 00 00 00 00 00 00 00 00 00 00 00 00 00 00 00 |                 
00 00 00 00 00 00 00 00 00 0A 00 00 00 01 00 00 |                 
00 00 00 00 00 00 00 00 00 00 00 00 00 00 00 00 |                 
00 00 00 00 00 00 00 00 00 00 00 12 00 EF 00 78 |                x
00 00 00 00 00 00 00 00 00 00 00 00 00 00 00 00 |                 
00 00 00 00 00 00 00 00 00 00 00 00 00 00 00 00 |                 
00 00 00 00 00 00 00 00 00 00 00 00 00 00 00 00 |                 
00 00 00 00 00 00 00 00 00 00 00 00 00 00 00 00 |                 
00 00 00 00 00 00 00 00 00 00 00 00 00 00 00 00 |                 
00 00 00 00 00 00 00 00 00 00 00 00 00 00 00 00 |                 
00 00 00 00 00 00 00 00 00 00 00 00 00 00 00 00 |                 
00 00 00 00 00 00 00 00 00 00 00 00 00 00 00 00 |                 
00 00 00 00 00 00 00 00 00 00 00 00 00 00 00 00 |                 
00 00 00 00 00 00 00 00 00 00 00 00 00 00 00 00 |                 
00 00 00 00 00 00 00 00 00 00 00 00 00 00 00 00 |                 
00 00 00 00 00 00 00 00 00 00 00 00 00 00 00 00 |                 
00 00 00 00 00 00 00 00 00 00 00 00 00 00 00 00 |                 
00 00 00 00 00 00 00 00 00 00 00 00 00 00 00 00 |                 
00 00 00 00 00 00 00 00 00 00 00 00 00 00 00 00 |                 
00 00 00 00 00 00 00 00 00 00 00 00 00 00 00 00 |                 
00 00 00 00 00 00 00 01 01 00 02 04 00 00 00 05 |                 
00 00 00 00 00 00 00 00 00 6D EF 78 00 6D EF 78 |          m x m x
00 6D EF 78 00 00 EF 0B 00 00 00 00 5A D2 00 00 |  m x        Z   
00 00 01 00 01 01 00 00 00 05 00 00 00 00 00 00 |                 
00 00 00 12 EF 6C 00 12 EF 6C 00 12 EF 6C 00 00 |      l   l   l  
EF 5A 00 00 00 00 5C 58 00 00 00 00 00 00 00 12 |  Z    \X        
00 EF 00 6C 00 00 00 00 00 00 00 00 00 00 00 00 |    l            
00 00 00 00 00 00 00 00 00 00 00 00 00 00 00 00 |                 
00 00 00 00 00 00 00 00 00 00 00 00 00 00 00 00 |                 
00 00 00 00 00 00 00 00 00 00 00 00 00 00 00 00 |                 
00 00 00 00 00 00 00 00 00 00 00 00 00 00 00 00 |                 
00 00 00 00 00 00 00 00 00 00 00 00 00 00 00 00 |                 
00 00 00 00 00 00 00 00 00 00 00 00 00 00 00 00 |                 
00 00 00 00 00 00 00 00 00 00 00 00 00 00 00 00 |                 
FF FD 00 00 00 00 00 00 00 00 00 00 00 00 00 00 |                 
00 00 00 00 00 00 00 00 00 01 00 00 00 00 00 04 |                 
00 00 00 00 00 00 00 00 00 00 00 00 00 00 00 00 |                 
00 00 00 00 00 00 00 00 00 00 00 00 00 00 00 00 |                 
00 00 00 00 00 00 00 00 00 00 00 00 00 00 00 00 |                 
00 00 00 00 00 00 00 00 00 00 00 00 00 00 00 00 |                 
00 00 00 00 00 00 00 00 00 00 00 00 00 00 00 00 |                 
00 00 00 00 00 00 00 00 00 00 00 00 00 00 5B E8 |               [ 
00 00 00 00 00 00 00 00 00 00 00 00 00 00 00 00 |                 
00 00 44 40 EF 7F 02 00 00 01 00 0E 00 04 0A 03 |   D@           
E1 76 00 0A 00 00 EF 78 00 08 00 0A 02 03 00 00 |  v     x        
00 1E 00 00 0A 03 E1 11 0A 6D E1 76 00 00 00 00 |          m v    
00 00 00 00 00 70 00 31 00 B8 00 3B 00 00 00 00 |      p 1   ;    
00 EF 00 11 00 00 58 4C 81 00 01 01 00 00 00 00 |       XL        
00 00 00 00 00 00 00 00 00 00 EF 78 00 00 EF 78 |            x   x
00 12 EF 78 00 00 EF 78 00 00 00 00 00 00 00 00 |    x   x        
00 00 00 00 00 56 00 24 00 6E 00 2B 00 00 00 00 |      V $ n +    
00 00 00 00 00 2F E5 F6 00 59 00 98 00 03 00 00 |      /   Y      
00 57 00 00 00 00 81 00 01 01 00 00 00 00 00 00 |  W              
00 00 00 00 00 00 00 00 EF 11 00 00 EF 11 00 00 |                 
EF 11 00 00 EF 11 00 00 00 00 75 F2 00 00 00 00 |           u     
00 00 00 00 44 40 EF 7F 01 00 00 01 00 0E 00 04 |     D@         
0A 03 E1 76 00 00 00 1D 00 4A 00 65 00 86 00 AD |    v     J e    
00 EF 00 00 00 00 00 00 00 00 00 00 00 00 00 06 |                 
00 01 00 00 00 00 00 00 00 00 00 00 00 00 00 00 |                 
00 00 00 00 00 00 00 00 00 00 28 36 89 56 00 00 |           (6 V  
09 06 0A 00 00 04 00 00 1D 04 31 2E 31 31 E6 00 |           1.11  
89 56 00 00 89 09 00 00 09 56 00 00 09 15 00 04 |  V       V      
00 00 00 00 00 00 00 00 00 00 00 00 00 00 00 00 |                 
00 01 02 EE 00 00 EF 2A 00 00 EF 2A 00 01 FF F4 |        *   *    
00 00 00 00 00 01 7B 60 00 00 78 B4 00 00 7A 00 |       {`  x   z 
00 33 34 35 36 37 00 6D 61 69 6E 00 00 00 00 00 |  34567 main     
00 00 00 00 00 00 00 00 7F 00 00 00 00 00 00 00 |                
00 00 00 02 00 0A 00 00 D4 9A 00 00 D4 A6 00 00 |                 
D4 9A 00 02 00 00 00 00 00 00 5D 51 00 00 5D 48 |           ]Q  ]H
00 0C 00 0B 00 0C 00 00 00 0C 02 9E 00 00 00 0B |                 
6D 61 69 6E 00 00 00 00 00 00 00 00 D4 9A 00 00 | main            
D4 A6 00 00 D4 A6 00 00 D4 9A 00 00 D4 A6 00 00 |                 
D4 A6 40 00 00 00 00 00 00 00 00 00 40 00 00 00 |   @         @   
00 00 00 00 00 00 00 0D 00 00 00 00 00 00 00 00 |                 
00 00 00 00 63 B8 00 00 66 2A 05 20 01 01 00 00 |     c   f*      
00 03 00 00 00 00 00 00 00 00 00 12 EE 78 00 12 |              x  
EF 78 00 12 EF 78 00 00 EF 66 00 13 00 00 69 D8 |  x   x   f    i 
00 00 00 00 00 00 00 00 00 00 00 00 00 00 00 00 |                 
00 00 00 00 00 00 00 00 00 00 00 00 00 00 00 00 |                 
00 00 00 00 00 00 00 00 00 00 00 00 00 00 01 00 |                 
01 01 00 00 00 02 00 00 00 00 00 00 00 00 00 12 |                 
EF 78 00 12 EF 78 00 12 EF 78 00 00 EF 66 00 00 |  x   x   x   f  
00 00 5E 62 00 00 00 00 01 00 01 01 00 00 00 02 |   ^b            
00 00 00 00 00 00 00 00 00 12 EF 78 00 12 EF 78 |            x   x
00 12 EF 78 00 00 EF 66 00 00 00 00 5D E4 00 00 |    x   f    ]   
00 00 01 00 01 01 00 00 00 04 00 00 00 00 00 00 |                 
00 00 00 12 EF 6C 00 12 EF 6C 00 12 EF 6C 00 00 |      l   l   l  
EF 5A 00 00 00 00 5E B6 00 00 00 00 01 00 01 01 |  Z    ^         
00 00 00 04 00 00 00 00 00 00 00 00 00 12 EF 6C |                l
00 12 EF 6C 00 12 EF 6C 00 00 EF 5A 00 00 00 00 |    l   l   Z    
5A A8 00 00 00 00 00 00 5F 08 00 00 5F BC 00 00 | Z       _   _   
60 98 00 00 61 74 00 00 62 64 00 00 63 90 00 00 | `   at  bd  c   
63 98 00 00 63 A0 00 00 63 A8 00 00 63 B0 C0 01 | c   c   c   c   
10 00 00 00 00 00 00 00 40 01 10 00 00 00 00 00 |         @       
00 00 40 00 10 00 00 00 00 00 00 00 C0 01 10 00 |   @             
00 00 00 00 00 00 40 01 10 00 00 00 00 00 00 00 |       @         
40 00 10 00 00 00 00 00 00 00 3F FE 84 03 36 13 | @         ?   6 
44 53 78 00 3F FF 19 60 78 43 13 72 55 00 40 00 | DSx ?  `xC rU @ 
20 00 00 00 00 00 00 00 C0 01 10 00 00 00 00 00 |                 
00 00 40 01 10 00 00 00 00 00 00 00 40 00 10 00 |   @         @   
00 00 00 00 00 00 C0 01 10 00 00 00 00 00 00 00 |                 
40 01 10 00 00 00 00 00 00 00 40 00 10 00 00 00 | @         @     
00 00 00 00 3F FE 84 03 36 13 44 53 78 00 3F FF |     ?   6 DSx ? 
19 60 78 43 13 72 55 00 40 00 20 00 00 00 00 00 |  `xC rU @       
00 00 C0 01 10 00 00 00 00 00 00 00 40 01 10 00 |             @   
00 00 00 00 00 00 40 00 10 00 00 00 00 00 00 00 |       @         
C0 01 10 00 00 00 00 00 00 00 40 01 10 00 00 00 |           @     
00 00 00 00 40 00 10 00 00 00 00 00 00 00 3F FE |     @         ? 
84 03 36 13 44 53 78 00 3F FF 19 60 78 43 13 72 |   6 DSx ?  `xC r
55 00 40 00 00 00 00 00 00 00 00 00 40 00 62 83 | U @         @ b 
18 53 07 18 00 00 3F FF 13 08 99 69 38 99 57 00 |  S    ?    i8 W 
C0 01 10 00 00 00 00 00 00 00 40 01 10 00 00 00 |           @     
00 00 00 00 40 00 10 00 00 00 00 00 00 00 C0 01 |     @           
10 00 00 00 00 00 00 00 40 01 10 00 00 00 00 00 |         @       
00 00 40 00 10 00 00 00 00 00 00 00 3F FE 84 03 |   @         ?   
36 13 44 53 78 00 3F FF 19 60 78 43 13 72 55 00 | 6 DSx ?  `xC rU 
40 00 00 00 00 00 00 00 00 00 40 00 62 83 18 53 | @         @ b  S
07 18 00 00 3F FF 13 08 99 69 38 99 57 00 C0 01 |     ?    i8 W   
10 00 00 00 00 00 00 00 40 01 10 00 00 00 00 00 |         @       
00 00 40 00 10 00 00 00 00 00 00 00 C0 01 10 00 |   @             
00 00 00 00 00 00 40 01 10 00 00 00 00 00 00 00 |       @         
40 00 10 00 00 00 00 00 00 00 3F FE 84 03 36 13 | @         ?   6 
44 53 78 00 3F FF 19 60 78 43 13 72 55 00 40 00 | DSx ?  `xC rU @ 
00 00 00 00 00 00 00 00 40 00 62 83 18 53 07 18 |         @ b  S  
00 00 3F FF 13 08 99 69 38 99 57 00 C0 01 10 00 |   ?    i8 W     
00 00 00 00 00 00 40 01 10 00 00 00 00 00 00 00 |       @         
DC 89 89 56 00 00 09 06 0A 00 00 04 00 00 1D 04 |    V            
31 2E 31 31 E6 00 89 56 00 00 89 09 00 00 09 56 | 1.11   V       V
00 00 09 15 00 04 40 00 10 00 00 00 00 00 00 00 |       @         
C0 01 10 00 00 00 00 00 00 00 40 01 10 00 00 00 |           @     
00 00 00 00 40 00 10 00 00 00 00 00 00 00 3F FE |     @         ? 
84 03 36 13 44 53 78 00 3F FF 19 60 78 43 13 72 |   6 DSx ?  `xC r
55 00 40 00 00 00 00 00 00 00 00 00 40 00 62 83 | U @         @ b 
18 53 07 18 00 00 3F FF 13 08 99 69 38 99 57 00 |  S    ?    i8 W 
C0 01 10 00 00 00 00 00 00 00 40 01 10 00 00 00 |           @     
00 00 00 00 40 00 10 00 00 00 00 00 00 00 C0 01 |     @           
10 00 00 00 00 00 00 00 40 01 10 00 00 00 00 00 |         @       
00 00 40 00 10 00 00 00 00 00 00 00 3F FE 84 03 |   @         ?   
36 13 44 53 78 00 3F FF 19 60 78 43 13 72 55 00 | 6 DSx ?  `xC rU 
40 00 10 00 00 00 00 00 00 00 40 01 10 00 00 00 | @         @     
00 00 00 00 40 00 10 00 00 00 00 00 00 00 40 00 |     @         @ 
10 00 00 00 00 00 00 00 C0 01 10 00 00 00 00 00 |                 
00 00 40 01 10 00 00 00 00 00 00 00 40 00 10 00 |   @         @   
00 00 00 00 00 00 C0 01 10 00 00 00 00 00 00 00 |                 
40 01 10 00 00 00 00 00 00 00 40 00 10 00 00 00 | @         @     
00 00 00 00 3F FE 84 03 36 13 44 53 78 00 3F FF |     ?   6 DSx ? 
19 60 78 43 13 72 55 00 40 00 10 00 00 00 00 00 |  `xC rU @       
00 00 40 01 10 00 00 00 00 00 00 00 40 00 10 00 |   @         @   
00 00 00 00 00 00 40 00 10 00 00 00 00 00 00 00 |       @         
C0 01 10 00 00 00 00 00 00 00 40 01 10 00 00 00 |           @     
00 00 00 00 40 01 14 00 00 00 00 00 00 00 C0 01 |     @           
10 00 00 00 00 00 00 00 40 01 10 00 00 00 00 00 |         @       
00 00 40 01 14 00 00 00 00 00 00 00 3F FE 84 03 |   @         ?   
36 13 44 53 78 00 3F FF 19 60 78 43 13 72 55 00 | 6 DSx ?  `xC rU 
C0 01 10 00 00 00 00 00 00 00 40 01 10 00 00 00 |           @     
00 00 00 00 40 00 10 00 00 00 00 00 00 00 40 01 |     @         @ 
20 00 00 00 00 00 00 00 40 01 70 00 00 00 00 00 |         @ p     
00 00 00 00 00 00 00 00 00 00 00 00 00 00 00 00 |                 
00 00 00 00 00 00 C0 01 10 00 00 00 00 00 00 00 |                 
40 01 10 00 00 00 00 00 00 00 40 01 14 00 00 00 | @         @     
00 00 00 00 C0 01 10 00 00 00 00 00 00 00 40 01 |               @ 
10 00 00 00 00 00 00 00 40 01 14 00 00 00 00 00 |         @       
00 00 3F FE 84 03 36 13 44 53 78 00 3F FF 19 60 |   ?   6 DSx ?  `
78 43 13 72 55 00 C0 01 10 00 00 00 00 00 00 00 | xC rU           
40 01 10 00 00 00 00 00 00 00 40 00 10 00 00 00 | @         @     
00 00 00 00 40 01 20 00 00 00 00 00 00 00 40 01 |     @         @ 
70 00 00 00 00 00 00 00 00 00 00 00 00 00 00 00 | p               
00 00 00 00 00 00 00 00 00 00 00 00 00 00 00 00 |                 
00 00 00 00 00 00 00 00 00 00 00 00 00 00 00 00 |                 
00 00 00 00 80 00 FF 00 80 00 FF 00 00 10 00 00 |                 
00 10 00 00 40 00 00 00 00 00 00 00 00 00 40 00 |     @         @ 
00 00 00 00 00 00 00 00 40 00 00 00 00 00 00 00 |         @       
00 00 40 00 00 00 00 00 00 00 00 00 40 00 00 00 |   @         @   
00 00 00 00 00 00 40 00 00 00 00 00 00 00 00 00 |       @         
40 00 00 00 00 00 00 00 00 00 40 01 11 90 00 00 | @         @     
00 00 00 00 40 00 51 00 00 00 00 00 00 00 C0 01 |     @ Q         
10 00 00 00 00 00 00 00 40 01 10 00 00 00 00 00 |         @       
00 00 40 00 00 00 00 00 00 00 00 00 40 00 00 00 |   @         @   
00 00 00 00 00 00 40 00 00 00 00 00 00 00 00 00 |       @         
40 00 00 00 00 00 00 00 00 00 40 00 10 00 00 00 | @         @     
00 00 00 00 00 00 5F 08 00 00 00 00 00 00 00 00 |       _         
00 00 00 00 00 00 00 00 00 00 00 00 00 00 00 00 |                 
00 00 00 00 00 00 00 00 00 00 00 00 00 00 00 00 |                 
00 00 00 00 00 00 00 00 00 00 00 00 00 00 00 00 |                 
00 00 00 00 00 00 00 00 00 00 00 00 00 00 00 00 |                 
00 00 00 00 00 00 00 00 00 00 00 00 00 00 00 00 |                 
00 00 00 00 00 00 00 00 00 00 00 00 00 00 00 00 |                 
00 00 00 00 00 00 C0 01 10 00 00 00 00 00 00 00 |                 
40 01 10 00 00 00 00 00 00 00 40 00 10 00 00 00 | @         @     
00 00 00 00 C0 01 10 00 00 00 00 00 00 00 40 01 |               @ 
10 00 00 00 00 00 00 00 40 00 10 00 00 00 00 00 |         @       
00 00 40 00 20 00 00 00 00 00 00 00 40 00 00 00 |   @         @   
00 00 00 00 00 00 18 47 89 56 00 00 09 06 0A 00 |        G V      
00 04 00 00 1D 04 31 2E 31 31 E6 00 89 56 00 00 |       1.11   V  
89 09 00 00 09 56 00 00 09 15 00 04 40 00 62 83 |      V      @ b 
18 53 07 18 00 00 3F FF 13 08 99 69 38 99 57 00 |  S    ?    i8 W 
40 00 00 00 00 00 00 00 00 00 40 00 62 83 18 53 | @         @ b  S
07 18 00 00 3F FF 13 08 99 69 38 99 57 00 40 00 |     ?    i8 W @ 
10 00 00 00 00 00 00 00 40 01 10 00 00 00 00 00 |         @       
00 00 40 00 10 00 00 00 00 00 00 00 40 00 10 00 |   @         @   
00 00 00 00 00 00 C0 01 10 00 00 00 00 00 00 00 |                 
40 01 10 00 00 00 00 00 00 00 40 00 10 00 00 00 | @         @     
00 00 00 00 40 01 20 00 00 00 00 00 00 00 40 01 |     @         @ 
70 00 00 00 00 00 00 00 40 01 14 00 00 00 00 00 | p       @       
00 00 40 01 14 00 00 00 00 00 00 00 00 00 63 90 |   @           c 
00 00 5D E4 00 00 5E 38 00 00 5E 8C 00 00 6A 60 |   ]   ^8  ^   j`
00 00 00 00 00 00 00 00 00 00 00 00 00 00 00 00 |                 
00 00 00 00 00 00 00 00 00 00 00 00 00 00 00 00 |                 
00 00 00 00 00 00 00 00 00 00 00 00 00 00 00 00 |                 
00 00 00 00 00 00 00 00 00 00 00 00 00 00 00 04 |                 
00 00 00 11 EE 66 01 01 00 00 00 00 00 D0 00 00 |      f          
00 00 FF 00 00 00 00 00 00 00 00 00 40 00 00 40 |             @  @
00 00 00 00 00 00 10 00 00 00 00 00 00 00 00 00 |                 
00 00 20 00 00 40 00 62 00 00 40 00 00 00 5E B6 |      @ b  @   ^ 
00 00 00 00 00 00 40 00 00 00 00 00 00 78 37 89 |       @      x7 
56 00 00 09 06 0A 00 00 04 00 00 1D 04 31 2E 31 | V            1.1
31 E6 00 89 56 00 00 89 09 00 00 09 56 00 00 09 | 1   V       V   
15 00 04 00 00 00 00 00 00 00 00 00 00 00 00 00 |                 
00 00 00 00 00 00 00 00 00 02 04 00 00 6C 00 00 |              l  
00 00 00 00 00 00 00 00 00 00 00 00 00 00 00 00 |                 
00 00 00 00 00 00 00 00 00 00 00 00 00 00 00 00 |                 
00 00 00 00 00 00 00 00 00 00 00 00 00 00 00 00 |                 
00 00 00 CE 11 89 56 00 00 09 06 0A 00 00 31 31 |       V       11
E6 00 89 56 00 00 89 09 00 00 09 56 00 00 09 15 |    V       V    
00 00 00 00 00 00 00 00 00 00 00 00 00 00 00 00 |                 
00 00 00 00 00 00 00 00 00 00 00 00 00 00 00 00 |                 
00 00 00 00 00 00 00 00 00 00 00 00 00 00 00 00 |                 
00 00 00 00 00 00 00 00 00 00 00 00 00 00 00 01 |                 
00 89 56 00 00 09 06 0A 00 00 04 00 00 1D 31 31 |   V           11
E6 00 89 56 00 00 89 09 00 00 09 56 00 00 09 15 |    V       V    
00 00 00 00 00 00 00 00 00 00 00 00 00 00 00 00 |                 
00 00 00 00 00 00 00 00 00 00 00 00 00 00 00 00 |                 
00 00 00 00 00 00 00 00 00 00 00 00 00 00 00 00 |                 
00 00 00 00 00 00 00 00 00 00 00 00 00 00 00 00 |                 
00 00 01 01 01 28 00 89 56 00 00 09 06 0A 00 00 |      (  V       
04 00 00 1D 04 31 2E 31 31 E6 00 89 56 00 00 89 |      1.11   V   
09 00 00 09 56 00 00 09 15 00 04 00 00 00 05 00 |     V           
00 00 00 00 00 00 00 00 00 00 00 00 00 00 09 A2 |                 
11 00 79 EF 00 00 00 00 00 00 00 00 00 00 00 00 |   y             
00 00 00 00 00 00 00 00 00 00 00 00 00 00 00 00 |                 
00 00 00 00 00 00 00 00 00 00 00 00 00 00 84 96 |                 
00 E1 D8 00 06 2C 89 56 00 00 09 06 0A 00 00 04 |      , V        
00 00 1D 04 31 2E 31 31 E6 89 56 00 00 89 09 00 |     1.11  V     
00 09 56 00 00 09 15 00 04 EE 3E 00 00 00 00 00 |   V       >     
00 00 00 00 00 00 00 00 00 00 00 00 00 00 00 00 |                 
00 00 00 00 00 00 00 00 00 00 00 00 00 00 00 00 |                 
00 00 00 00 00 00 00 00 00 00 00 00 00 00 00 00 |                 
00 00 00 00 00 00 00 00 00 00 00 00 00 2C 01 89 |              ,  
56 00 00 09 06 0A 00 00 04 1D 04 31 89 56 00 00 | V          1 V  
89 09 00 00 09 56 00 00 09 15 00 00 00 00 00 00 |      V          
00 00 00 00 00 00 00 00 00 00 00 00 00 00 00 00 |                 
00 00 00 00 00 00 00 00 00 00 00 00 00 00 00 00 |                 
00 00 00 00 00 00 00 00 00 00 00 00 00 00 00 00 |                 
00 00 00 00 00 00 00 00 00 00 00 00 89 56 00 00 |              V  
09 06 0A 00 00 04 00 00 1D 31 31 E6 00 89 56 00 |          11   V 
00 89 09 00 00 09 56 00 00 09 15 00 04 00 00 00 |       V         
00 00 00 00 00 00 00 00 00 00 00 00 00 00 00 00 |                 
00 00 00 00 00 00 00 00 00 00 00 00 00 00 00 00 |                 
00 00 00 00 00 00 00 00 00 00 00 00 00 00 00 00 |                 
00 00 00 00 00 00 00 00 00 00 00 00 00 6D 61 69 |              mai
00 00 00 00 00 00 D2 02 89 56 00 00 09 06 0A 00 |          V      
00 04 00 00 31 31 E6 00 89 56 00 00 89 09 00 00 |     11   V      
09 56 00 00 09 15 00 04 00 00 00 00 00 00 00 00 |  V              
00 00 49 6E 70 06 00 04 00 00 00 00 00 00 00 00 |   Inp           
00 00 00 00 00 00 00 00 00 00 00 00 00 00 00 00 |                 
00 00 00 00 00 00 00 00 00 00 00 00 00 00 00 00 |                 
00 00 00 00 00 00 00 00 00 00 00 00 00 00 0F 89 |                 
56 00 00 09 06 0A 00 31 31 E6 00 89 56 00 00 89 | V      11   V   
09 00 00 09 56 00 00 09 15 00 00 00 00 00 00 00 |     V           
00 00 00 00 00 00 00 00 00 00 00 00 00 00 00 00 |                 
00 00 00 00 00 00 00 00 00 00 00 00 00 00 00 00 |                 
00 00 00 00 00 00 00 00 00 00 00 00 00 00 00 00 |                 
00 00 00 00 00 00 00 00 00 00 89 56 00 00 09 06 |            V    
0A 00 00 04 00 00 1D 31 31 E6 00 89 56 00 00 89 |        11   V   
09 00 00 09 56 00 00 09 15 00 04 00 00 00 00 00 |     V           
00 00 00 00 00 00 00 00 00 00 00 00 00 00 00 00 |                 
00 00 00 00 00 00 00 00 00 00 00 00 00 00 00 00 |                 
00 00 00 00 00 00 00 00 00 00 00 00 00 00 00 00 |                 
00 00 00 00 00 00 00 00 00 00 00 00 00 00 00 00 |                 
00 00 00 00 00 00 00 00 89 56 00 00 09 06 0A 00 |          V      
00 04 00 00 1D 04 31 2E 31 31 E6 00 89 56 00 00 |       1.11   V  
89 09 00 00 09 56 00 00 09 15 00 04 00 00 00 00 |      V          
00 00 00 00 00 00 00 00 00 00 00 00 00 00 00 00 |                 
00 00 00 00 00 00 00 00 00 00 00 00 00 00 00 00 |                 
00 00 00 00 00 00 00 00 00 00 00 00 00 00 00 00 |                 
00 00 00 00 00 00 00 00 00 00 00 00 00 00 00 00 |                 
00 00 00 00 00 89 56 00 00 09 06 0A 00 00 04 00 |       V         
00 1D 04 31 2E 31 31 E6 00 89 56 00 00 89 09 00 |    1.11   V     
00 09 56 00 00 09 15 00 04 00 00 00 00 00 00 00 |   V             
00 00 00 00 00 00 00 00 00 00 00 00 00 00 00 00 |                 
00 00 00 00 00 00 00 00 00 00 00 00 00 00 00 00 |                 
00 00 00 00 00 00 00 00 00 00 00 00 00 00 00 00 |                 
00 00 00 00 00 00 00 00 00 00 00 00 00 00 00 00 |                 
89 56 00 00 09 06 0A 00 00 04 00 31 31 E6 00 89 |  V         11   
56 00 00 89 09 00 00 09 56 00 00 09 15 00 04 00 | V       V       
00 00 00 00 00 00 00 00 00 00 00 00 00 00 00 00 |                 
00 00 00 00 00 00 00 00 00 00 00 00 00 00 00 00 |                 
00 00 00 00 00 00 00 00 00 00 00 00 00 00 00 00 |                 
00 00 00 00 00 00 00 00 00 00 00 00 00 00 00 00 |                 
00 89 56 00 00 09 06 0A 00 00 04 00 00 1D 04 31 |   V            1
2E 31 31 E6 00 89 56 00 00 89 09 00 00 09 56 00 | .11   V       V 
00 09 15 00 04 00 00 00 00 00 00 00 00 00 00 00 |                 
00 00 00 00 00 00 00 00 00 00 00 00 00 00 00 00 |                 
00 00 00 00 00 00 00 00 00 00 00 00 00 00 00 00 |                 
00 00 00 00 00 00 00 00 00 00 00 00 00 00 00 00 |                 
00 00 00 00 00 00 00 00 00 00 00 00 00 00 00 00 |                 
00 00 00 00 00 89 56 00 00 09 06 0A 00 00 04 00 |       V         
00 1D 04 31 2E 31 31 E6 00 89 56 00 00 89 09 00 |    1.11   V     
00 09 56 00 00 09 15 00 04 00 00 00 00 00 00 00 |   V             
00 00 00 00 00 00 00 00 00 00 00 00 00 00 00 00 |                 
00 00 00 00 00 00 00 00 00 00 00 00 00 00 00 00 |                 
00 00 00 00 00 00 00 00 00 00 00 00 00 00 00 00 |                 
00 00 00 00 00 00 00 00 00 00 00 00 00 00 00 00 |                 
00 00 00 00 00 89 56 00 00 09 06 0A 00 00 04 00 |       V         
00 1D 04 31 2E 31 31 E6 00 89 56 00 00 89 09 00 |    1.11   V     
00 09 56 00 00 09 15 00 04 00 00 00 00 00 00 00 |   V             
00 00 00 00 00 00 00 00 00 00 00 00 00 00 00 00 |                 
00 00 00 00 00 00 00 00 00 00 00 00 00 00 00 00 |                 
00 00 00 00 00 00 00 00 00 00 00 00 00 00 00 00 |                 
00 00 00 00 00 00 00 00 00 00 00 00 00 00 89 56 |                V
00 00 09 06 0A 00 00 04 00 00 1D 04 31 2E 89 56 |             1. V
00 00 89 09 00 00 09 56 00 00 09 15 00 04 00 00 |        V        
00 00 00 00 00 00 00 00 00 00 00 00 00 00 00 00 |                 
00 00 00 00 00 00 00 00 00 00 00 00 00 00 00 00 |                 
00 00 00 00 00 00 00 00 00 00 00 00 00 00 00 00 |                 
00 00 00 00 00 00 00 00 00 00 00 00 00 00 00 00 |                 
00 89 56 00 00 09 06 0A 00 00 04 00 00 1D 04 31 |   V            1
2E 31 31 E6 00 89 56 00 00 89 09 00 00 09 56 00 | .11   V       V 
00 09 15 00 04 00 00 00 00 00 00 00 00 00 00 00 |                 
00 00 00 00 00 00 00 00 00 00 00 00 00 00 00 00 |                 
00 00 00 00 00 00 00 00 00 00 00 00 00 00 00 00 |                 
00 00 00 00 00 00 00 00 00 00 00 00 00 00 00 00 |                 
00 00 00 00 00 00 00 00 00 00 00 00 00 00 00 00 |                 
00 00 00 89 56 00 00 09 06 0A 00 00 04 00 00 1D |     V           
04 31 2E 31 31 E6 00 89 56 00 00 89 09 00 00 09 |  1.11   V       
56 00 00 09 15 00 04 00 00 00 00 00 00 00 00 00 | V               
00 00 00 00 00 00 00 00 00 00 00 00 00 00 00 00 |                 
00 00 00 00 00 00 00 00 00 00 00 00 00 00 00 00 |                 
00 00 00 00 00 00 00 00 00 00 00 00 00 00 00 00 |                 
00 00 00 00 00 00 00 00 00 00 00 00 00 00 00 00 |                 
00 89 56 00 00 09 06 0A 00 00 04 00 00 1D 04 31 |   V            1
31 E6 00 89 56 00 00 89 09 00 00 09 56 00 00 09 | 1   V       V   
15 00 04 00 00 00 00 00 00 00 00 00 00 00 00 00 |                 
00 00 00 00 00 00 00 00 00 00 00 00 00 00 00 00 |                 
00 00 00 00 00 00 00 00 00 00 00 00 00 00 00 00 |                 
00 00 00 00 00 00 00 00 00 00 00 00 00 00 00 00 |                 
00 00 00 00 00 00 00 00 89 56 00 00 09 06 0A 00 |          V      
00 04 00 00 1D 04 31 2E 31 31 E6 00 89 56 00 00 |       1.11   V  
89 09 00 00 09 56 00 00 09 15 00 04 00 00 00 00 |      V          
00 00 00 00 00 00 00 00 00 00 00 00 00 00 00 00 |                 
00 00 00 00 00 00 00 00 00 00 00 00 00 00 00 00 |                 
00 00 00 00 00 00 00 00 00 00 00 00 00 00 00 00 |                 
00 00 00 00 00 00 00 00 00 00 00 00 00 00 00 00 |                 
00 00 00 00 00 89 56 00 00 09 06 0A 00 00 31 31 |       V       11
E6 00 89 56 00 00 89 09 00 00 09 56 00 00 09 15 |    V       V    
00 00 00 00 00 00 00 00 00 00 00 00 00 00 00 00 |                 
00 00 00 00 00 00 00 00 00 00 00 00 00 00 00 00 |                 
00 00 00 00 00 00 00 00 00 00 00 00 00 00 00 00 |                 
00 00 00 00 00 00 00 00 00 00 00 00 00 00 00 00 |                 
00 00 00 00 89 56 00 00 09 06 0A 00 00 04 00 00 |      V          
31 31 E6 00 89 56 00 00 89 09 00 00 09 56 00 00 | 11   V       V  
09 15 00 04 00 00 00 00 00 00 00 00 00 00 00 00 |                 
00 00 00 00 00 00 00 00 00 00 00 00 00 00 00 00 |                 
00 00 00 00 00 00 00 00 00 00 00 00 00 00 00 00 |                 
00 00 00 00 00 00 00 00 00 00 00 00 00 00 00 00 |                 
00 00 00 00 00 00 00 00 00 00 00 00 00 00 00 89 |                 
56 00 00 09 06 0A 00 00 04 00 00 1D 31 31 E6 00 | V           11  
89 56 00 00 89 09 00 00 09 56 00 00 09 15 00 04 |  V       V      
00 00 00 00 00 00 00 00 00 00 00 14 40 00 00 00 |             @   
00 00 00 00 00 00 00 00 00 11 13 00 00 00 00 00 |                 
00 00 00 00 00 00 00 00 00 00 00 00 00 00 04 40 |                @
00 00 1F 45 00 00 00 40 78 00 00 00 00 00 00 00 |    E   @x       
55 27 89 56 00 00 09 06 0A 00 00 04 00 00 1D 04 | U' V            
31 2E 31 31 E6 00 89 56 00 00 89 09 00 00 09 56 | 1.11   V       V
00 00 09 15 00 04 00 00 00 00 00 00 00 00 00 00 |                 
00 00 00 00 00 00 00 00 00 00 00 00 00 00 00 00 |                 
00 00 00 00 00 00 00 00 00 00 00 04 E6 00 00 00 |                 
00 00 00 00 00 00 00 00 00 00 00 00 00 00 00 00 |                 
00 00 00 00 00 00 00 00 00 00 00 00 00 00 00 00 |                 
00 00 00 89 02 89 56 00 00 09 06 0A 00 00 04 00 |       V         
00 1D 04 31 2E 31 31 E6 00 89 56 00 00 89 09 00 |    1.11   V     
00 09 56 00 00 09 15 00 04 00 00 00 00 00 00 00 |   V             
00 00 00 00 00 00 00 00 00 00 00 00 00 00 00 00 |                 
00 00 00 00 00 00 00 00 00 00 00 00 00 00 00 00 |                 
00 00 00 00 00 00 00 00 00 00 00 00 00 00 00 00 |                 
00 00 00 00 00 00 00 00 00 00 00 00 00 00 00 00 |                 
00 00 00 00 00 00 89 56 00 00 09 06 0A 00 00 04 |        V        
00 00 1D 31 31 E6 00 89 56 00 00 89 09 00 00 09 |    11   V       
56 00 00 09 15 00 00 00 00 00 00 00 00 00 00 00 | V               
00 00 00 00 00 00 00 00 00 00 00 00 00 00 00 00 |                 
00 00 00 00 00 00 00 00 00 00 00 00 00 00 00 00 |                 
00 00 00 00 00 00 00 00 00 00 00 00 00 00 00 00 |                 
00 00 00 00 00 00 7A 00 9A 05 89 56 00 00 09 06 |       z    V    
0A 00 00 04 00 00 1D 04 31 31 31 E6 00 89 56 00 |         111   V 
00 89 09 00 00 09 56 00 00 09 15 00 04 00 00 00 |       V         
00 00 00 00 00 00 00 00 00 00 00 00 00 00 00 00 |                 
00 00 00 00 00 00 00 00 00 00 00 00 00 00 00 00 |                 
00 00 00 00 00 00 00 00 00 00 00 00 00 00 00 00 |                 
00 00 00 00 00 00 00 00 00 00 00 00 00 00 00 00 |                 
33 07 89 56 00 00 09 06 0A 00 00 04 00 00 1D 31 | 3  V           1
31 E6 00 89 56 00 00 89 09 00 00 09 56 00 00 09 | 1   V       V   
15 00 00 00 00 00 00 00 00 00 00 00 00 00 00 00 |                 
00 00 00 00 00 00 00 00 00 00 00 00 00 00 00 00 |                 
00 00 00 00 00 00 00 00 00 00 00 00 00 00 00 00 |                 
00 00 00 00 00 00 00 00 00 00 00 00 00 00 00 00 |                 
00 00 00 00 00 00 00 89 56 00 00 09 06 0A 00 00 |         V       
04 00 31 31 E6 00 89 56 00 00 89 09 00 00 09 56 |   11   V       V
00 00 09 15 00 00 00 00 00 00 00 00 00 00 00 00 |                 
00 00 00 00 00 00 00 00 00 00 00 00 00 00 00 00 |                 
00 00 00 00 00 00 00 00 00 00 00 00 00 00 00 00 |                 
00 00 00 00 00 00 00 00 00 00 00 00 00 00 00 00 |                 
00 00 00 00 00 00 00 89 56 00 00 09 06 0A 00 00 |         V       
04 00 1D 04 31 2E 89 56 00 00 89 09 00 00 09 56 |     1. V       V
00 00 09 15 00 00 00 00 00 00 00 00 00 00 00 00 |                 
00 F0 00 00 00 00 00 00 00 00 00 00 00 00 00 00 |                 
00 00 00 00 00 00 00 00 00 00 00 00 00 00 00 00 |                 
00 00 00 00 00 00 00 00 00 00 00 00 00 00 00 00 |                 
00 00 00 00 00 00 F5 04 89 56 00 00 09 06 0A 00 |          V      
00 04 00 00 1D 31 31 E6 00 89 56 00 00 89 09 00 |      11   V     
00 09 56 00 00 09 15 00 04 00 00 00 00 00 00 00 |   V             
00 00 00 00 00 00 00 00 00 00 00 00 00 00 00 00 |                 
00 00 00 00 00 00 00 00 00 00 00 00 00 00 00 00 |                 
00 00 00 00 00 00 00 00 00 00 00 00 00 00 00 00 |                 
00 00 00 00 00 00 00 00 00 00 00 00 00 00 00 00 |                 
00 00 00 00 00 00 89 56 00 00 09 06 0A 00 00 04 |        V        
00 00 1D 04 31 2E 31 31 E6 00 89 56 00 00 89 09 |     1.11   V    
00 00 09 56 00 00 09 15 00 04 00 00 00 00 00 00 |    V            
00 00 00 00 00 00 00 00 00 00 00 00 00 00 00 00 |                 
00 00 00 00 00 00 00 00 00 00 00 00 00 00 00 00 |                 
00 00 00 00 00 00 00 00 00 00 00 00 00 00 00 00 |                 
00 00 00 00 00 00 00 00 00 00 00 00 00 00 00 00 |                 
00 00 00 00 00 00 89 56 00 00 09 06 0A 00 10 02 |        V        
00 00 1D 31 31 F4 00 89 56 00 00 89 09 00 00 09 |    11   V       
56 00 00 09 15 00 00 00 00 00 00 00 00 00 00 00 | V               
00 00 00 00 00 05 00 00 00 18 00 00 00 00 00 00 |                 
F4 00 00 00 00 00 00 00 00 89 56 00 00 09 92 