AVR decoder, version 1.1, \2000
Copyright (c) 1999-2001, Romain Lievin

09 68 00 00 89 56 00 00 09 A2 06 00 00 00 00 00 |  h   V          
19 00 19 00 89 56 00 00 89 06 0A 00 0E 00 00 00 |      V          
53 04 6D 61 69 6E 0A 02 09 56 00 00 09 09 FF FF | S main   V      
89 56 00 00 89 15 12 00 00 00 00 00 6D 61 69 6E |  V          main
00 00 00 00 1F 00 00 00 00 00 C4 01 09 56 00 00 |              V  
89 78 00 00 09 56 00 00 09 09 FF FF 89 56 00 00 |  x   V       V  
89 15 12 00 00 00 00 00 74 65 73 74 00 00 00 00 |         test    
1F 00 03 00 00 00 E2 01 09 56 00 00 89 78 00 00 |          V   x  
09 56 00 00 09 09 FF FF 89 56 00 00 89 15 12 00 |  V       V      
00 00 00 00 78 00 00 00 00 00 00 00 00 00 05 00 |     x           
00 00 7D 00 09 56 00 00 89 78 00 00 09 56 00 00 |   }  V   x   V  
09 09 FF FF 89 56 00 00 89 15 12 00 00 00 00 00 |      V          
79 00 00 00 00 00 00 00 00 01 05 00 00 00 7F 00 | y              
09 56 00 00 89 78 00 00 09 56 00 00 09 09 FF FF |  V   x   V      
89 56 00 00 89 15 12 00 00 00 00 00 7A 00 00 00 |  V          z   
00 00 00 00 00 00 05 00 00 00 7F 00 09 56 00 00 |             V  
89 92 00 00 09 56 00 00 09 68 00 00 89 56 00 00 |      V   h   V  
09 C9 0C 00 09 00 00 00 00 06 74 65 73 74 5C 78 |           test\x
A3 02 89 56 00 00 89 09 00 00 09 56 00 00 09 15 |    V       V    
09 00 00 00 00 00 00 03 0C 01 1F 2F 00 89 56 00 |            /  V 
00 09 92 00 00 89 56 00 00 09 68 00 00 89 56 00 |       V   h   V 
00 09 C9 0C 00 09 00 00 00 00 06 74 65 73 74 5C |            test\
7A A5 02 89 56 00 00 89 09 00 00 09 56 00 00 09 | z   V       V   
15 09 00 00 00 00 00 00 03 0D 01 1F 30 00 89 56 |             0  V
00 00 09 92 00 00 89 56 00 00 