AVR decoder, version 1.1, \2000
Copyright (c) 1999-2001, Romain Lievin

08 68 00 00 98 56 0C 10 08 2D 00 00 98 56 00 00 |  h   V   -   V  
08 09 00 00 98 56 00 00 98 15 0E 00 03 00 02 01 |      V          
00 02 09 01 00 00 00 00 00 09 1B 00 08 56 00 00 |              V  
08 68 00 00 98 56 0C 10 08 2D 00 00 98 56 00 00 |  h   V   -   V  
08 09 00 00 98 56 00 00 98 15 0E 00 03 00 02 01 |      V          
00 02 09 01 00 00 00 00 00 09 1B 00 08 56 00 00 |              V  
08 A2 06 00 00 00 00 1B 1A 00 35 00 98 56 00 00 |           5  V  
98 06 0B 00 46 00 00 0E 1A 04 6D 61 69 6E 03 1A |     F     main  
02 08 56 00 00 08 09 00 00 98 56 00 00 98 15 4A |   V       V    J
00 00 00 00 00 6D 61 69 6E 00 00 00 00 1F 00 00 |      main       
00 00 03 78 00 00 00 00 00 00 00 00 00 05 00 00 |    x            
00 6E 65 77 5F 66 6C 64 00 1F 00 00 00 00 03 54 |  new_fld       T
49 46 4E 41 4E 43 45 24 00 85 A8 00 00 55 53 50 | IFNANCE$     USP
52 45 53 00 00 24 00 19 82 00 00 7F 0B 08 56 00 | RES  $       V 
00 98 92 00 00 08 56 00 00 08 A2 06 00 00 00 00 |       V         
1C 1A 00 36 00 98 56 00 00 98 06 0B 00 3C 00 00 |    6  V      <  
1E 1A 04 6D 61 69 6E 03 20 02 08 56 00 00 08 09 |    main    V    
00 00 98 56 00 00 98 15 40 00 00 00 00 00 6D 61 |    V    @     ma
69 6E 00 00 00 00 1F 00 00 00 00 03 00 00 00 00 | in              
00 00 00 00 00 00 00 00 00 00 00 00 6E 65 77 5F |             new_
66 6C 64 00 1F 00 00 00 00 03 00 00 00 00 00 00 | fld             
00 00 00 00 00 00 00 00 00 00 C8 04 08 56 00 00 |              V  
98 92 00 00 08 56 00 00 08 68 00 00 98 56 0C 10 |      V   h   V  
08 C9 0D 00 09 00 00 00 26 06 6D 61 69 6E 5C 79 |         & main\y
00 AF 02 98 56 00 00 98 09 00 00 08 56 00 00 08 |     V       V   
15 09 00 00 00 00 00 00 03 0D 01 1F 30 00 98 56 |             0  V
00 00 08 92 00 00 98 56 00 00 