AVR decoder, version 1.1, \2000
Copyright (c) 1999-2001, Romain Lievin

23 68 00 00 73 56 00 08 23 2D 00 00 73 56 00 00 | #h  sV  #-  sV  
23 09 00 00 73 56 00 00 73 15 0B 00 02 16 01 00 | #   sV  s       
00 03 09 01 00 00 00 26 00 23 56 00 00 23 A2 0B |        & #V  #  
00 00 00 19 00 00 00 00 00 00 00 00 19 00 73 56 |               sV
00 00 73 15 02 00 E1 5E 3F 01 23 56 00 00 73 06 |   s    ^? #V  s 
0D 00 09 00 00 42 00 00 00 00 00 00 00 00 80 CB |      B          
00 23 56 00 00 73 06 0D 00 09 00 00 41 00 00 00 |  #V  s      A   
00 00 00 00 00 00 4A 00 23 56 00 00 73 06 0D 00 |       J #V  s   
02 00 01 5D 05 00 00 00 00 00 00 00 00 65 00 23 |    ]         e #
56 00 00 73 06 0D 00 02 00 01 5D 04 00 00 00 00 | V  s      ]     
00 00 00 00 64 00 23 56 00 00 73 06 0D 00 02 00 |     d #V  s     
01 5D 03 00 00 00 00 00 00 00 00 63 00 23 56 00 |  ]         c #V 
00 73 06 0D 00 02 00 01 5D 02 00 00 00 00 00 00 |  s      ]       
00 00 62 00 23 56 00 00 73 06 0D 00 02 00 01 5D |   b #V  s      ]
01 00 00 00 00 00 00 00 00 61 00 23 56 00 00 73 |          a #V  s
06 0D 00 02 00 01 5D 00 00 00 00 00 00 00 00 00 |       ]         
60 00 23 56 00 00 73 92 0D 00 23 56 00 00 23 A2 | ` #V  s   #V  # 
0B 00 00 00 00 42 00 00 00 00 00 00 00 42 00 73 |      B       B s
56 00 00 73 06 0D 00 09 00 00 42 00 00 00 00 00 | V  s      B     
00 00 00 80 CB 00 23 56 00 00 23 09 00 00 73 56 |       #V  #   sV
00 00 73 15 09 00 00 80 20 00 00 00 00 00 00 A0 |   s             
00 23 56 00 00 23 A2 0B 00 00 00 00 41 00 00 00 |  #V  #      A   
00 00 00 00 41 00 73 56 00 00 73 06 0D 00 09 00 |     A sV  s     
00 41 00 00 00 00 00 00 00 00 00 4A 00 23 56 00 |  A         J #V 
00 23 09 00 00 73 56 00 00 73 15 09 00 00 80 10 |  #   sV  s      
00 00 00 00 00 00 90 00 23 56 00 00 23 A2 0B 00 |         #V  #   
00 00 01 5D 05 00 00 00 00 00 00 63 00 73 56 00 |    ]       c sV 
00 73 06 0D 00 02 00 01 5D 05 00 00 00 00 00 00 |  s      ]       
00 00 65 00 23 56 00 00 23 09 00 00 73 56 00 00 |   e #V  #   sV  
73 15 02 00 00 00 00 00 23 56 00 00 23 A2 0B 00 | s       #V  #   
00 00 01 5D 04 00 00 00 00 00 00 62 00 73 56 00 |    ]       b sV 
00 73 06 0D 00 02 00 01 5D 04 00 00 00 00 00 00 |  s      ]       
00 00 64 00 23 56 00 00 23 09 00 00 73 56 00 00 |   d #V  #   sV  
73 15 02 00 00 00 00 00 23 56 00 00 23 A2 0B 00 | s       #V  #   
00 00 01 5D 03 00 00 00 00 00 00 61 00 73 56 00 |    ]       a sV 
00 73 06 0D 00 02 00 01 5D 03 00 00 00 00 00 00 |  s      ]       
00 00 63 00 23 56 00 00 23 09 00 00 73 56 00 00 |   c #V  #   sV  
73 15 02 00 00 00 00 00 23 56 00 00 23 A2 0B 00 | s       #V  #   
00 00 01 5D 02 00 00 00 00 00 00 60 00 73 56 00 |    ]       ` sV 
00 73 06 0D 00 02 00 01 5D 02 00 00 00 00 00 00 |  s      ]       
00 00 62 00 23 56 00 00 23 09 00 00 73 56 00 00 |   b #V  #   sV  
73 15 02 00 00 00 00 00 23 56 00 00 23 A2 0B 00 | s       #V  #   
00 00 01 5D 01 00 00 00 00 00 00 5F 00 73 56 00 |    ]       _ sV 
00 73 06 0D 00 02 00 01 5D 01 00 00 00 00 00 00 |  s      ]       
00 00 61 00 23 56 00 00 23 09 00 00 73 56 00 00 |   a #V  #   sV  
73 15 02 00 00 00 00 00 23 56 00 00 23 A2 0B 00 | s       #V  #   
00 00 01 5D 00 00 00 00 00 00 00 5E 00 73 56 00 |    ]       ^ sV 
00 73 06 0D 00 02 00 01 5D 00 00 00 00 00 00 00 |  s      ]       
00 00 60 00 23 56 00 00 23 09 00 00 73 56 00 00 |   ` #V  #   sV  
73 15 02 00 00 00 00 00 23 56 00 00 23 A2 0B 00 | s       #V  #   
00 00 0F 00 00 00 00 00 00 00 00 0F 00 73 56 00 |              sV 
00 73 06 0D 00 D2 00 0F 00 00 00 00 00 00 00 00 |  s              
00 00 E1 00 23 56 00 00 23 09 00 00 73 56 00 00 |     #V  #   sV  
73 15 D2 00 D0 00 00 80 81 10 00 00 00 00 00 00 | s               
00 81 10 00 00 00 00 00 00 00 80 10 00 00 00 00 |                 
00 00 80 81 10 00 00 00 00 00 00 00 81 10 00 00 |                 
00 00 00 00 00 80 10 00 00 00 00 00 00 00 80 00 |                 
00 00 00 00 00 00 00 80 62 83 18 53 07 00 00 00 |         b  S    
7F 13 08 99 69 38 99 57 00 80 00 00 00 00 00 00 |    i8 W        
00 00 80 62 83 18 53 07 00 00 00 7F 13 08 99 69 |    b  S       i
38 99 57 00 80 10 00 00 00 00 00 00 00 81 10 00 | 8 W             
00 00 00 00 00 0E 80 10 00 00 00 00 00 00 0E 80 |                 
10 00 00 00 00 00 00 00 80 10 00 00 00 00 00 00 |                 
0E 80 10 00 00 00 00 00 00 0E 80 10 00 00 00 00 |                 
00 00 0E 80 10 00 00 00 00 00 00 00 80 10 00 00 |                 
00 00 00 00 40 80 10 00 00 00 00 00 00 0E 80 10 |     @           
00 00 00 00 00 00 2F 16 23 56 00 00 23 A2 0B 00 |       / #V  #   
00 00 10 00 00 00 00 00 00 00 00 10 00 73 56 00 |              sV 
00 73 06 0D 00 D1 00 10 00 00 00 00 00 00 00 00 |  s              
00 00 E1 00 23 56 00 00 23 09 00 00 73 56 00 00 |     #V  #   sV  
73 15 D1 00 CF 00 80 81 10 00 00 00 00 00 00 00 | s               
81 10 00 00 00 00 00 00 00 80 10 00 00 00 00 00 |                 
00 80 81 10 00 00 00 00 00 00 00 81 10 00 00 00 |                 
00 00 00 00 80 10 00 00 00 00 00 00 00 80 00 00 |                 
00 00 00 00 00 00 80 62 83 18 53 07 00 00 00 7F |        b  S    
13 08 99 69 38 99 57 00 80 00 00 00 00 00 00 00 |    i8 W         
00 80 62 83 18 53 07 00 00 00 7F 13 08 99 69 38 |   b  S       i8
99 57 00 80 10 00 00 00 00 00 00 00 81 10 00 00 |  W              
00 00 00 00 0E 80 10 00 00 00 00 00 00 0E 80 10 |                 
00 00 00 00 00 00 00 80 10 00 00 00 00 00 00 0E |                 
80 10 00 00 00 00 00 00 0E 80 10 00 00 00 00 00 |                 
00 0E 80 10 00 00 00 00 00 00 00 80 10 00 00 00 |                 
00 00 00 40 80 10 00 00 00 00 00 00 0E 80 10 00 |    @            
00 00 00 00 00 2E 16 23 56 00 00 23 A2 0B 00 00 |      . #V  #    
00 11 00 00 00 00 00 00 00 00 11 00 73 56 00 00 |             sV  
73 06 0D 00 14 00 11 00 00 00 00 00 00 00 00 00 | s               
00 25 00 23 56 00 00 23 09 00 00 73 56 00 00 73 |  % #V  #   sV  s
15 14 00 12 00 00 80 00 00 00 00 00 00 00 00 80 |                 
10 00 00 00 00 00 00 22 01 23 56 00 00 