RS232 receiver, version 1.1, \2000
Copyright (c) 1999-2001, Romain Lievin

23 68 00 00 73 56 00 08 23 2D 00 00 73 56 00 00 | #h  sV  #-  sV  
23 09 00 00 73 56 00 00 73 15 0B 00 02 16 01 02 | #   sV  s       
00 03 09 01 00 00 00 28 00 23 56 00 00 23 68 00 |        ( #V  #h 
00 73 56 00 08 23 2D 00 00 73 56 00 00 23 09 00 |  sV  #-  sV  #  
00 73 56 00 00 73 15 0B 00 02 16 01 02 00 03 09 |  sV  s          
01 00 00 00 28 00 23 56 00 00 23 A2 0B 00 00 00 |     ( #V  #     
19 00 00 00 00 00 00 00 00 19 00 73 56 00 00 73 |            sV  s
15 02 00 FD 5E 5B 01 23 56 00 00 73 06 0D 00 02 |     ^[ #V  s    
00 01 5D 00 00 00 00 00 00 00 00 00 60 00 23 56 |   ]         ` #V
00 00 73 06 0D 00 02 00 01 5D 01 00 00 00 00 00 |   s      ]      
00 00 00 61 00 23 56 00 00 73 06 0D 00 02 00 01 |    a #V  s      
5D 02 00 00 00 00 00 00 00 00 62 00 23 56 00 00 | ]         b #V  
73 06 0D 00 02 00 01 5D 03 00 00 00 00 00 00 00 | s      ]        
00 63 00 23 56 00 00 73 06 0D 00 02 00 01 5D 04 |  c #V  s      ] 
00 00 00 00 00 00 00 00 64 00 23 56 00 00 73 06 |         d #V  s 
0D 00 02 00 01 5D 05 00 00 00 00 00 00 00 00 65 |      ]         e
00 23 56 00 00 73 92 0D 00 23 56 00 00 23 A2 0B |  #V  s   #V  #  
00 00 00 11 00 00 00 00 00 00 00 00 11 00 73 56 |               sV
00 00 73 06 0D 00 14 00 11 00 00 00 00 00 00 00 |   s             
00 00 00 25 00 23 56 00 00 23 09 00 00 73 56 00 |    % #V  #   sV 
00 73 15 14 00 12 00 00 80 00 00 00 00 00 00 00 |  s              
00 80 10 00 00 00 00 00 00 22 01 23 56 00 00 23 |          " #V  #
A2 0B 00 00 00 10 00 00 00 00 00 00 00 00 10 00 |                 
73 56 00 00 73 06 0D 00 D1 00 10 00 00 00 00 00 | sV  s           
00 00 00 00 00 E1 00 23 56 00 00 23 09 00 00 73 |        #V  #   s
56 00 00 73 15 D1 00 CF 00 80 81 10 00 00 00 00 | V  s            
00 00 00 81 10 00 00 00 00 00 00 00 80 10 00 00 |                 
00 00 00 00 80 81 10 00 00 00 00 00 00 00 81 10 |                 
00 00 00 00 00 00 00 80 10 00 00 00 00 00 00 00 |                 
80 00 00 00 00 00 00 00 00 80 62 83 18 53 07 00 |           b  S  
00 00 7F 13 08 99 69 38 99 57 00 80 00 00 00 00 |      i8 W      
00 00 00 00 80 62 83 18 53 07 00 00 00 7F 13 08 |      b  S      
99 69 38 99 57 00 80 10 00 00 00 00 00 00 00 81 |  i8 W           
10 00 00 00 00 00 00 0E 80 10 00 00 00 00 00 00 |                 
0E 80 10 00 00 00 00 00 00 00 80 10 00 00 00 00 |                 
00 00 0E 80 10 00 00 00 00 00 00 0E 80 10 00 00 |                 
00 00 00 00 0E 80 10 00 00 00 00 00 00 00 80 10 |                 
00 00 00 00 00 00 40 80 10 00 00 00 00 00 00 0E |       @         
80 10 00 00 00 00 00 00 2E 16 23 56 00 00 23 A2 |         . #V  # 
0B 00 00 00 0F 00 00 00 00 00 00 00 00 0F 00 73 |                s
56 00 00 73 06 0D 00 D2 00 0F 00 00 00 00 00 00 | V  s            
00 00 00 00 E1 00 23 56 00 00 23 09 00 00 73 56 |       #V  #   sV
00 00 73 15 D2 00 D0 00 00 80 81 10 00 00 00 00 |   s             
00 00 00 81 10 00 00 00 00 00 00 00 80 10 00 00 |                 
00 00 00 00 80 81 10 00 00 00 00 00 00 00 81 10 |                 
00 00 00 00 00 00 00 80 10 00 00 00 00 00 00 00 |                 
80 00 00 00 00 00 00 00 00 80 62 83 18 53 07 00 |           b  S  
00 00 7F 13 08 99 69 38 99 57 00 80 00 00 00 00 |      i8 W      
00 00 00 00 80 62 83 18 53 07 00 00 00 7F 13 08 |      b  S      
99 69 38 99 57 00 80 10 00 00 00 00 00 00 00 81 |  i8 W           
10 00 00 00 00 00 00 0E 80 10 00 00 00 00 00 00 |                 
0E 80 10 00 00 00 00 00 00 00 80 10 00 00 00 00 |                 
00 00 0E 80 10 00 00 00 00 00 00 0E 80 10 00 00 |                 
00 00 00 00 0E 80 10 00 00 00 00 00 00 00 80 10 |                 
00 00 00 00 00 00 40 80 10 00 00 00 00 00 00 0E |       @         
80 10 00 00 00 00 00 00 2F 16 23 56 00 00 