AVR decoder, version 1.1, \2000
Copyright (c) 1999-2001, Romain Lievin

23 6D 00 00 73 56 00 00 73 15 00 03 20 07 00 00 | #m  sV  s       
00 00 00 00 00 00 00 00 60 88 80 00 00 00 00 00 |         `       
00 00 00 00 20 48 80 00 00 00 00 00 00 00 00 00 |      H          
23 EF 80 00 00 00 00 00 00 00 00 00 20 48 80 00 | #            H  
00 00 00 00 00 00 00 00 20 88 80 00 00 00 00 00 |                 
00 00 00 00 70 08 80 00 00 00 00 00 00 00 00 00 |     p           
00 00 00 00 00 00 00 00 00 00 00 00 00 00 00 00 |                 
00 00 00 00 00 00 00 08 00 00 00 00 00 00 00 00 |                 
00 00 00 18 00 00 00 00 00 00 00 00 00 00 00 08 |                 
00 00 00 00 00 00 00 00 00 00 00 08 00 00 00 00 |                 
00 00 00 00 00 00 00 08 00 00 00 00 00 00 00 00 |                 
00 00 00 08 00 00 00 00 00 00 00 00 00 00 00 1C |                 
00 00 00 00 00 00 00 00 00 00 00 00 70 0F 00 00 |             p   
00 00 00 00 00 00 00 00 88 88 80 00 00 00 00 00 |                 
00 00 00 00 08 48 80 00 00 00 00 00 00 00 00 00 |      H          
13 EF 00 00 00 00 00 00 00 00 00 00 20 48 80 00 |              H  
00 00 00 00 00 00 00 00 40 88 80 00 00 00 00 00 |         @       
00 00 00 00 F8 0F 00 00 00 00 00 00 00 00 00 00 |                 
00 00 00 00 00 00 00 00 00 00 00 00 00 00 00 00 |                 
00 00 00 00 00 00 00 1C 00 00 00 00 00 00 00 00 |                 
00 00 00 22 00 00 00 00 00 00 00 00 00 00 00 02 |    "            
00 00 00 00 00 00 00 00 00 00 00 04 00 00 00 00 |                 
00 00 00 00 00 00 00 08 00 00 00 00 00 00 00 00 |                 
00 00 00 10 00 00 00 00 00 00 00 00 00 00 00 3E |                >
00 00 00 00 00 00 00 00 00 00 00 00 F8 00 00 00 |                 
00 00 00 00 00 00 00 00 F8 00 00 00 00 00 00 00 |                 
00 00 00 00 F8 00 00 00 00 00 00 00 00 00 00 00 |                 
F8 00 00 00 00 00 00 00 00 00 00 00 F8 00 00 00 |                 
00 00 00 00 00 00 00 00 F8 00 00 00 00 00 00 00 |                 
00 00 00 00 F8 00 00 00 00 00 00 00 00 00 00 00 |                 
00 00 00 00 00 00 00 00 00 00 00 00 00 00 00 00 |                 
00 00 00 00 00 00 00 00 00 00 00 00 00 00 00 00 |                 
00 00 00 00 00 00 00 00 00 00 00 00 00 00 00 00 |                 
00 00 00 00 00 00 00 00 00 00 00 00 00 00 00 00 |                 
00 00 00 00 00 00 00 00 00 00 00 00 00 00 00 00 |                 
00 00 00 00 00 00 00 00 00 00 00 00 00 00 00 00 |                 
00 00 00 00 00 00 00 00 00 00 00 00 00 00 00 00 |                 
00 00 00 00 00 00 00 00 00 00 00 00 00 00 00 00 |                 
00 00 00 00 00 00 00 00 00 00 00 00 00 00 00 00 |                 
00 00 00 00 00 00 00 00 00 00 00 00 00 00 00 00 |                 
00 00 00 00 00 00 00 00 00 00 00 00 00 00 00 00 |                 
00 00 00 00 00 00 00 00 00 00 00 00 00 00 00 00 |                 
00 00 00 00 00 00 00 00 00 00 00 00 00 00 00 00 |                 
00 00 00 00 00 00 00 00 00 00 00 00 00 00 00 00 |                 
00 00 00 00 00 00 00 00 00 00 00 00 00 00 00 00 |                 
00 00 00 00 00 00 00 00 00 00 00 00 00 00 00 00 |                 
00 00 00 00 00 00 00 00 00 00 00 00 00 00 00 00 |                 
00 00 00 00 00 00 00 00 00 00 00 00 00 00 00 00 |                 
00 00 00 00 00 00 00 00 00 00 00 00 E7 15 23 56 |               #V
00 00 