AVR decoder, version 1.1, \2000
Copyright (c) 1999-2001, Romain Lievin

73 A2 0B 00 00 00 19 00 00 00 00 00 00 00 00 19 | s               
00 73 56 00 00 73 15 02 00 FD 5E 5B 01 23 56 00 |  sV  s    ^[ #V 
00 73 06 0D 00 02 00 01 5D 00 00 00 00 00 00 00 |  s      ]       
00 00 60 00 23 56 00 00 73 06 0D 00 02 00 01 5D |   ` #V  s      ]
01 00 00 00 00 00 00 00 00 61 00 23 56 00 00 73 |          a #V  s
06 0D 00 02 00 01 5D 02 00 00 00 00 00 00 00 00 |       ]         
62 00 23 56 00 00 73 06 0D 00 02 00 01 5D 03 00 | b #V  s      ]  
00 00 00 00 00 00 00 63 00 23 56 00 00 73 06 0D |        c #V  s  
00 02 00 01 5D 04 00 00 00 00 00 00 00 00 64 00 |     ]         d 
23 56 00 00 73 06 0D 00 02 00 01 5D 05 00 00 00 | #V  s      ]    
00 00 00 00 00 65 00 23 56 00 00 73 06 0D 00 01 |      e #V  s    
69 24 4C 6F 67 49 6E 00 00 00 00 00 67 02 23 56 | i$LogIn     g #V
00 00 73 92 0D 00 23 56 00 00 23 2D 00 00 73 56 |   s   #V  #-  sV
00 00 23 09 00 00 73 56 00 00 73 15 0B 00 02 16 |   #   sV  s     
01 00 00 03 09 01 00 00 00 26 00 23 56 00 00 23 |          & #V  #
06 0A 00 E8 00 25 00 00 04 00 40 00 00 51 01 73 |      %    @  Q s
56 00 00 73 09 0A 00 23 56 00 00 23 15 E8 00 03 | V  s   #V  #    
0E 02 0A 00 10 01 01 07 04 05 04 1B 22 0B 37 03 |             " 7 
26 09 04 09 E0 46 92 02 0D 40 70 CB 50 17 2E 26 | &    F   @p P .&
25 DA 3C 88 A0 4B 2E 41 E4 5E B0 80 35 A0 E2 2F | % <  K.A ^  5  /
E7 C4 D8 43 92 84 3B 0A 22 72 75 FD D1 0C EE E2 |    C  ; "ru     
C6 70 5B E3 2A F2 06 61 53 36 02 35 2A 55 22 B7 |  p[ *  aS6 5*U" 
BC 7F 61 CB 4E 09 CD 70 AB A0 07 0E 01 AF 07 11 |  a N  p        
04 07 3D 40 8F E5 28 B3 40 EB 1C 88 B5 05 B2 35 |   =@  ( @      5
4B AA DF 47 F3 61 6D 92 CB 53 2E 7E 5A 2A 0D FF | K  G am  S.~Z*  
1C 4E 42 83 CE EA 2B 2F 7A D5 F2 8B 7E 4B E4 F3 |  NB   +/z   ~K  
F4 C9 9C AB A0 D9 8A 8E 5F 2B E1 5E 2A AC 7C ED |         _+ ^* | 
09 40 EF 82 07 12 01 04 07 3D 41 40 AD 24 31 DA |  @       =A@ $1 
22 97 E4 17 5E AC 61 A3 15 4F A3 D8 47 11 57 94 | "   ^ a  O  G W 
DD 33 0A B7 FF 36 BA 59 FE DA 19 5F EA 7C 16 74 |  3   6 Y   _ | t
3B D7 BC ED 8A 0D A8 85 E5 E5 C3 4D 5B F2 0D 0A | ;          M[   
B3 EF 91 81 ED 39 BA D9 62 73 56 00 00 73 09 E8 |      9  bsV  s  
00 23 56 00 00 23 15 E8 00 2C 4D 89 8E 87 07 12 |  #V  #   ,M     
52 04 07 3D 41 40 5D 70 06 BF FC 45 A0 19 54 04 | R  =A@]p   E  T 
8B 51 DD A6 5D D9 C7 EE FD 0B D4 B9 AB 75 F8 6D |  Q  ]        u m
C5 C7 A9 7F 0A EF 6E DB 61 B9 05 E1 A5 4E 38 43 |      n a    N8C
1B 3E 04 18 C6 38 00 66 B9 63 2B F7 CA DD 76 12 |  >   8 f c+   v 
93 B8 A5 82 D6 E3 07 13 03 5F 04 07 3D 41 40 2D |          _  =A@-
81 26 49 ED FB 3F 71 86 71 FC 62 D0 87 61 CC 30 |  &I  ?q q b  a 0
CD E2 CC 2F 10 7C 67 1F 36 E7 D4 5F 4E E9 F8 E9 |    / |g 6  _N   
F4 02 F3 71 00 EC 49 06 12 58 98 22 E5 00 4F 9F |    q  I  X "  O 
EA E2 1F D4 6B 0A DF 8E 0E A2 59 F8 AB D7 8A 07 |     k     Y     
12 32 04 07 3D 41 40 A5 34 78 45 D8 D4 B9 FF A9 |  2  =A@ 4xE     
CD 54 41 A4 25 D7 40 53 0B 38 01 95 C9 2C 0A EB |  TA % @S 8   ,  
AC 0B 71 37 A5 D3 8F 1C D6 10 3E 0A 89 A8 06 02 |   q7      >     
51 1A 39 7B 01 4E BF 04 A5 B5 36 4D 93 8D 4B 80 | Q 9{ N    6M  K 
16 94 4E D3 B1 AB 85 07 12 22 04 07 3D 41 40 9D |   N      "  =A@ 
13 1A 65 73 56 00 00 73 09 E8 00 23 56 00 00 23 |   esV  s   #V  #
15 E8 00 8A 4E A9 37 2E 17 58 52 20 9B DD 51 F9 |     N 7. XR   Q 
36 5C 96 AD 43 13 FB D7 A8 21 BF 14 50 96 C2 5F | 6\  C    !  P  _
E3 C1 6F 47 00 66 36 79 D6 7C 18 C9 63 0E D4 63 |   oG f6y |  c  c
72 61 2B AB C1 8D 0E 08 63 BD 70 33 63 2F A1 E9 | ra+     c p3c/  
F0 02 0D 40 EF 87 69 DB F5 0B 81 21 20 06 9B F6 |    @  i    !    
C1 FF 61 96 20 4A A2 72 37 84 23 71 9B 11 F6 8C |   a  J r7 #q    
46 56 02 BD 8A 8E C6 A1 EF 83 BF 22 54 87 72 CF | FV         "T r 
8C 4A D5 F8 8C D7 B6 0F 24 9B 98 C3 35 E6 34 A4 |  J      $   5 4 
57 87 50 A5 FF FF FF FF FF FF FF FF FF FF FF FF | W P             
FF FF FF FF FF FF FF FF FF FF FF FF FF FF FF FF |                 
FF FF FF FF FF FF FF FF FF FF FF FF FF FF FF FF |                 
FF FF FF FF FF FF FF FF FF FF FF FF FF FF FF FF |                 
FF FF FF FF FF FF FF FF FF FF FF FF FF FF FF FF |                 
FF FF FF FF FF FF FF FF FF FF FF FF FF FF FF FF |                 
FF FF FF FF FF FF FF FF FF FF FF F0 A3 73 56 00 |              sV 
00 73 09 E8 00 23 56 00 00 23 92 00 00 