AVR decoder, version 1.1, \2000
Copyright (c) 1999-2001, Romain Lievin

23 68 00 00 73 56 00 08 23 2D 00 00 73 56 00 00 | #h  sV  #-  sV  
23 09 00 00 73 56 00 00 73 15 0B 00 02 16 01 00 | #   sV  s       
00 03 09 01 00 00 00 26 00 23 56 00 00 23 A2 0B |        & #V  #  
00 00 00 19 00 00 00 00 00 00 00 00 19 00 73 56 |               sV
00 00 73 15 02 00 E3 5E 41 01 23 56 00 00 73 06 |   s    ^A #V  s 
0D 00 02 00 01 5D 00 00 00 00 00 00 00 00 00 60 |      ]         `
00 23 56 00 00 73 06 0D 00 02 00 01 5D 01 00 00 |  #V  s      ]   
00 00 00 00 00 00 61 00 23 56 00 00 73 06 0D 00 |       a #V  s   
02 00 01 5D 02 00 00 00 00 00 00 00 00 62 00 23 |    ]         b #
56 00 00 73 06 0D 00 02 00 01 5D 03 00 00 00 00 | V  s      ]     
00 00 00 00 63 00 23 56 00 00 73 06 0D 00 02 00 |     c #V  s     
01 5D 04 00 00 00 00 00 00 00 00 64 00 23 56 00 |  ]         d #V 
00 73 06 0D 00 02 00 01 5D 05 00 00 00 00 00 00 |  s      ]       
00 00 65 00 23 56 00 00 73 92 0D 00 23 56 00 00 |   e #V  s   #V  
23 68 00 00 73 56 00 08 23 2D 00 00 73 56 00 00 | #h  sV  #-  sV  
23 09 00 00 73 56 00 00 73 15 0B 00 02 16 01 00 | #   sV  s       
00 03 09 01 00 00 00 26 00 23 56 00 00 23 A2 0B |        & #V  #  
00 00 00 19 00 00 00 00 00 00 00 00 19 00 73 56 |               sV
00 00 73 15 02 00 E3 5E 41 01 23 56 00 00 73 06 |   s    ^A #V  s 
0D 00 02 00 01 5D 00 00 00 00 00 00 00 00 00 60 |      ]         `
00 23 56 00 00 73 06 0D 00 02 00 01 5D 01 00 00 |  #V  s      ]   
00 00 00 00 00 00 61 00 23 56 00 00 73 06 0D 00 |       a #V  s   
02 00 01 5D 02 00 00 00 00 00 00 00 00 62 00 23 |    ]         b #
56 00 00 73 06 0D 00 02 00 01 5D 03 00 00 00 00 | V  s      ]     
00 00 00 00 63 00 23 56 00 00 73 06 0D 00 02 00 |     c #V  s     
01 5D 04 00 00 00 00 00 00 00 00 64 00 23 56 00 |  ]         d #V 
00 73 06 0D 00 02 00 01 5D 05 00 00 00 00 00 00 |  s      ]       
00 00 65 00 23 56 00 00 73 92 0D 00 23 56 00 00 |   e #V  s   #V  
23 C9 0D 00 09 00 00 41 00 00 00 00 00 00 00 00 | #      A        
00 4A 00 73 56 00 00 73 09 0D 00 23 56 00 00 23 |  J sV  s   #V  #
15 09 00 00 80 10 00 00 00 00 00 00 90 00 73 56 |               sV
00 00 23 92 00 00 23 C9 0D 00 09 00 00 42 00 00 |   #   #      B  
00 00 00 00 00 00 00 4B 00 73 56 00 00 73 09 0D |        K sV  s  
00 23 56 00 00 23 15 09 00 00 80 20 00 00 00 00 |  #V  #          
00 00 A0 00 73 56 00 00 23 92 00 00 