AVR decoder, version 1.1, \2000
Copyright (c) 1999-2001, Romain Lievin

23 A2 0B 00 00 00 19 00 00 00 00 00 00 00 00 19 | #               
00 73 56 00 00 73 15 02 00 E1 5E 3F 01 23 56 00 |  sV  s    ^? #V 
00 73 06 0D 00 09 00 00 42 00 00 00 00 00 00 00 |  s      B       
00 80 CB 00 23 56 00 00 73 06 0D 00 09 00 00 41 |     #V  s      A
00 00 00 00 00 00 00 00 00 4A 00 23 56 00 00 73 |          J #V  s
06 0D 00 02 00 01 5D 05 00 00 00 00 00 00 00 00 |       ]         
65 00 23 56 00 00 73 06 0D 00 02 00 01 5D 04 00 | e #V  s      ]  
00 00 00 00 00 00 00 64 00 23 56 00 00 73 06 0D |        d #V  s  
00 02 00 01 5D 03 00 00 00 00 00 00 00 00 63 00 |     ]         c 
23 56 00 00 73 06 0D 00 02 00 01 5D 02 00 00 00 | #V  s      ]    
00 00 00 00 00 62 00 23 56 00 00 73 06 0D 00 02 |      b #V  s    
00 01 5D 01 00 00 00 00 00 00 00 00 61 00 23 56 |   ]         a #V
00 00 73 06 0D 00 02 00 01 5D 00 00 00 00 00 00 |   s      ]      
00 00 00 60 00 23 56 00 00 73 92 0D 00 23 56 00 |    ` #V  s   #V 
00 23 68 00 00 73 56 00 08 23 2D 00 00 73 56 00 |  #h  sV  #-  sV 
00 23 09 00 00 73 56 00 00 73 15 0B 00 02 16 01 |  #   sV  s      
00 00 03 09 01 00 00 00 26 00 23 56 00 00 23 A2 |         & #V  # 
0B 00 00 00 19 00 00 00 00 00 00 00 00 19 00 73 |                s
56 00 00 73 15 02 00 E1 5E 3F 01 23 56 00 00 73 | V  s    ^? #V  s
06 0D 00 09 00 00 42 00 00 00 00 00 00 00 00 80 |       B         
CB 00 23 56 00 00 73 06 0D 00 09 00 00 41 00 00 |   #V  s      A  
00 00 00 00 00 00 00 4A 00 23 56 00 00 73 06 0D |        J #V  s  
00 02 00 01 5D 05 00 00 00 00 00 00 00 00 65 00 |     ]         e 
23 56 00 00 73 06 0D 00 02 00 01 5D 04 00 00 00 | #V  s      ]    
00 00 00 00 00 64 00 23 56 00 00 73 06 0D 00 02 |      d #V  s    
00 01 5D 03 00 00 00 00 00 00 00 00 63 00 23 56 |   ]         c #V
00 00 73 06 0D 00 02 00 01 5D 02 00 00 00 00 00 |   s      ]      
00 00 00 62 00 23 56 00 00 73 06 0D 00 02 00 01 |    b #V  s      
5D 01 00 00 00 00 00 00 00 00 61 00 23 56 00 00 | ]         a #V  
73 06 0D 00 02 00 01 5D 00 00 00 00 00 00 00 00 | s      ]        
00 60 00 23 56 00 00 73 92 0D 00 23 56 00 00 23 |  ` #V  s   #V  #
68 00 00 73 56 00 08 23 2D 00 00 73 56 00 00 23 | h  sV  #-  sV  #
09 00 00 73 56 00 00 73 15 0B 00 02 16 01 00 00 |    sV  s        
03 09 01 00 00 00 26 00 23 56 00 00 23 A2 0B 00 |       & #V  #   
00 00 19 00 00 00 00 00 00 00 00 19 00 73 56 00 |              sV 
00 73 15 02 00 E1 5E 3F 01 23 56 00 00 73 06 0D |  s    ^? #V  s  
00 09 00 00 42 00 00 00 00 00 00 00 00 80 CB 00 |     B           
23 56 00 00 73 06 0D 00 09 00 00 41 00 00 00 00 | #V  s      A    
00 00 00 00 00 4A 00 23 56 00 00 73 06 0D 00 02 |      J #V  s    
00 01 5D 05 00 00 00 00 00 00 00 00 65 00 23 56 |   ]         e #V
00 00 73 06 0D 00 02 00 01 5D 04 00 00 00 00 00 |   s      ]      
00 00 00 64 00 23 56 00 00 73 06 0D 00 02 00 01 |    d #V  s      
5D 03 00 00 00 00 00 00 00 00 63 00 23 56 00 00 | ]         c #V  
73 06 0D 00 02 00 01 5D 02 00 00 00 00 00 00 00 | s      ]        
00 62 00 23 56 00 00 73 06 0D 00 02 00 01 5D 01 |  b #V  s      ] 
00 00 00 00 00 00 00 00 61 00 23 56 00 00 73 06 |         a #V  s 
0D 00 02 00 01 5D 00 00 00 00 00 00 00 00 00 60 |      ]         `
00 23 56 00 00 73 92 0D 00 23 56 00 00 23 C9 0D |  #V  s   #V  #  
00 D2 00 0F 00 00 00 00 00 00 00 00 00 00 E1 00 |                 
73 56 00 00 73 09 0D 00 23 56 00 00 23 15 D2 00 | sV  s   #V  #   
D0 00 00 80 81 10 00 00 00 00 00 00 00 81 10 00 |                 
00 00 00 00 00 00 80 10 00 00 00 00 00 00 80 81 |                 
10 00 00 00 00 00 00 00 81 10 00 00 00 00 00 00 |                 
00 80 10 00 00 00 00 00 00 00 80 00 00 00 00 00 |                 
00 00 00 80 62 83 18 53 07 00 00 00 7F 13 08 99 |     b  S       
69 38 99 57 00 80 00 00 00 00 00 00 00 00 80 62 | i8 W           b
83 18 53 07 00 00 00 7F 13 08 99 69 38 99 57 00 |   S       i8 W 
80 10 00 00 00 00 00 00 00 81 10 00 00 00 00 00 |                 
00 0E 80 10 00 00 00 00 00 00 0E 80 10 00 00 00 |                 
00 00 00 00 80 10 00 00 00 00 00 00 0E 80 10 00 |                 
00 00 00 00 00 0E 80 10 00 00 00 00 00 00 0E 80 |                 
10 00 00 00 00 00 00 00 80 10 00 00 00 00 00 00 |                 
40 80 10 00 00 00 00 00 00 0E 80 10 00 00 00 00 | @               
00 00 2F 16 73 56 00 00 23 92 00 00 23 C9 0D 00 |   / sV  #   #   
D1 00 10 00 00 00 00 00 00 00 00 00 00 E1 00 73 |                s
56 00 00 73 09 0D 00 23 56 00 00 23 15 D1 00 CF | V  s   #V  #    
00 80 81 10 00 00 00 00 00 00 00 81 10 00 00 00 |                 
00 00 00 00 80 10 00 00 00 00 00 00 80 81 10 00 |                 
00 00 00 00 00 00 81 10 00 00 00 00 00 00 00 80 |                 
10 00 00 00 00 00 00 00 80 00 00 00 00 00 00 00 |                 
00 80 62 83 18 53 07 00 00 00 7F 13 08 99 69 38 |   b  S       i8
99 57 00 80 00 00 00 00 00 00 00 00 80 62 83 18 |  W           b  
53 07 00 00 00 7F 13 08 99 69 38 99 57 00 80 10 | S       i8 W   
00 00 00 00 00 00 00 81 10 00 00 00 00 00 00 0E |                 
80 10 00 00 00 00 00 00 0E 80 10 00 00 00 00 00 |                 
00 00 80 10 00 00 00 00 00 00 0E 80 10 00 00 00 |                 
00 00 00 0E 80 10 00 00 00 00 00 00 0E 80 10 00 |                 
00 00 00 00 00 00 80 10 00 00 00 00 00 00 40 80 |               @ 
10 00 00 00 00 00 00 0E 80 10 00 00 00 00 00 00 |                 
2E 16 73 56 00 00 23 92 00 00 23 C9 0D 00 14 00 | . sV  #   #     
11 00 00 00 00 00 00 00 00 00 00 25 00 73 56 00 |            % sV 
00 73 09 0D 00 23 56 00 00 23 15 14 00 12 00 00 |  s   #V  #      
80 00 00 00 00 00 00 00 00 80 10 00 00 00 00 00 |                 
00 22 01 73 56 00 00 23 92 00 00 23 C9 0D 00 02 |  " sV  #   #    
00 01 5D 05 00 00 00 00 00 00 00 00 65 00 73 56 |   ]         e sV
00 00 73 09 0D 00 23 56 00 00 23 15 02 00 00 00 |   s   #V  #     
00 00 73 56 00 00 23 92 00 00 23 C9 0D 00 02 00 |   sV  #   #     
01 5D 04 00 00 00 00 00 00 00 00 64 00 73 56 00 |  ]         d sV 
00 73 09 0D 00 23 56 00 00 23 15 02 00 00 00 00 |  s   #V  #      
00 73 56 00 00 23 92 00 00 23 C9 0D 00 02 00 01 |  sV  #   #      
5D 03 00 00 00 00 00 00 00 00 63 00 73 56 00 00 | ]         c sV  
73 09 0D 00 23 56 00 00 23 15 02 00 00 00 00 00 | s   #V  #       
73 56 00 00 23 92 00 00 23 C9 0D 00 02 00 01 5D | sV  #   #      ]
02 00 00 00 00 00 00 00 00 62 00 73 56 00 00 73 |          b sV  s
09 0D 00 23 56 00 00 23 15 02 00 00 00 00 00 73 |    #V  #       s
56 00 00 23 92 00 00 23 C9 0D 00 02 00 01 5D 01 | V  #   #      ] 
00 00 00 00 00 00 00 00 61 00 73 56 00 00 73 09 |         a sV  s 
0D 00 23 56 00 00 23 15 02 00 00 00 00 00 73 56 |   #V  #       sV
00 00 23 92 00 00 23 C9 0D 00 02 00 01 5D 00 00 |   #   #      ]  
00 00 00 00 00 00 00 60 00 73 56 00 00 73 09 0D |        ` sV  s  
00 23 56 00 00 23 15 02 00 00 00 00 00 73 56 00 |  #V  #       sV 
00 23 92 00 00 23 C9 0D 00 09 00 00 42 00 00 00 |  #   #      B   
00 00 00 00 00 80 CB 00 73 56 00 00 73 09 0D 00 |         sV  s   
23 56 00 00 23 15 09 00 00 80 20 00 00 00 00 00 | #V  #           
00 A0 00 73 56 00 00 23 92 00 00 23 C9 0D 00 09 |    sV  #   #    
00 00 41 00 00 00 00 00 00 00 00 00 4A 00 73 56 |   A         J sV
00 00 73 09 0D 00 23 56 00 00 23 15 09 00 00 80 |   s   #V  #     
10 00 00 00 00 00 00 90 00 73 56 00 00 23 92 00 |          sV  #  
00 