AVR decoder, version 1.1, \2000
Copyright (c) 1999-2001, Romain Lievin

23 68 00 00 73 56 00 08 23 2D 00 00 73 56 00 00 | #h  sV  #-  sV  
23 09 00 00 73 56 00 00 73 15 0B 00 02 16 01 00 | #   sV  s       
00 03 09 01 00 00 00 26 00 23 56 00 00 23 A2 0B |        & #V  #  
00 00 00 19 00 00 00 00 00 00 00 00 19 00 73 56 |               sV
00 00 73 15 02 00 FC 5E 5A 01 23 56 00 00 73 06 |   s    ^Z #V  s 
0D 00 02 00 01 5D 05 00 00 00 00 00 00 00 00 65 |      ]         e
00 23 56 00 00 73 06 0D 00 02 00 01 5D 04 00 00 |  #V  s      ]   
00 00 00 00 00 00 64 00 23 56 00 00 73 06 0D 00 |       d #V  s   
02 00 01 5D 03 00 00 00 00 00 00 00 00 63 00 23 |    ]         c #
56 00 00 73 06 0D 00 02 00 01 5D 02 00 00 00 00 | V  s      ]     
00 00 00 00 62 00 23 56 00 00 73 06 0D 00 02 00 |     b #V  s     
01 5D 01 00 00 00 00 00 00 00 00 61 00 23 56 00 |  ]         a #V 
00 73 06 0D 00 02 00 01 5D 00 00 00 00 00 00 00 |  s      ]       
00 00 60 00 23 56 00 00 73 92 0D 00 23 56 00 00 |   ` #V  s   #V  
23 68 00 00 73 56 00 08 23 2D 00 00 73 56 00 00 | #h  sV  #-  sV  
23 09 00 00 73 56 00 00 73 15 0B 00 02 16 01 00 | #   sV  s       
00 03 09 01 00 00 00 26 00 23 56 00 00 23 A2 0B |        & #V  #  
00 00 00 19 00 00 00 00 00 00 00 00 19 00 73 56 |               sV
00 00 73 15 02 00 FC 5E 5A 01 23 56 00 00 73 06 |   s    ^Z #V  s 
0D 00 02 00 01 5D 05 00 00 00 00 00 00 00 00 65 |      ]         e
00 23 56 00 00 73 06 0D 00 02 00 01 5D 04 00 00 |  #V  s      ]   
00 00 00 00 00 00 64 00 23 56 00 00 73 06 0D 00 |       d #V  s   
02 00 01 5D 03 00 00 00 00 00 00 00 00 63 00 23 |    ]         c #
56 00 00 73 06 0D 00 02 00 01 5D 02 00 00 00 00 | V  s      ]     
00 00 00 00 62 00 23 56 00 00 73 06 0D 00 02 00 |     b #V  s     
01 5D 01 00 00 00 00 00 00 00 00 61 00 23 56 00 |  ]         a #V 
00 73 06 0D 00 02 00 01 5D 00 00 00 00 00 00 00 |  s      ]       
00 00 60 00 23 56 00 00 73 92 0D 00 23 56 00 00 |   ` #V  s   #V  
23 C9 0D 00 09 00 00 41 00 00 00 00 00 00 00 00 | #      A        
00 4A 00 73 56 00 00 73 09 0D 00 23 56 00 00 23 |  J sV  s   #V  #
15 09 00 00 80 10 00 00 00 00 00 00 90 00 73 56 |               sV
00 00 23 92 00 00 