AVR decoder, version 1.1, \2000
Copyright (c) 1999-2001, Romain Lievin

02 6D 00 00 82 56 00 00 82 15 00 03 00 00 00 01 |  m   V          
C0 08 FB EF BE FB EF BE 00 00 00 02 20 18 10 41 |                A
04 10 41 04 00 00 00 00 20 08 20 82 08 20 82 08 |   A             
00 00 00 00 40 08 10 41 04 10 41 04 00 00 00 00 |     @  A  A     
80 08 08 20 82 08 20 82 00 00 00 01 06 08 8A 28 |                (
A2 8A 28 A2 00 00 00 03 E6 1C 71 C7 1C 71 C7 1C |   (       q  q  
00 00 00 00 00 00 00 00 00 00 00 00 FB E0 08 31 |                1
C0 00 00 00 00 00 00 00 0A 00 98 42 20 00 00 00 |            B    
00 00 00 00 13 C1 08 82 60 00 00 00 00 00 00 00 |         `       
20 22 08 F2 A0 00 00 00 00 00 00 00 40 24 08 8B |  "          @$  
20 00 00 00 00 00 00 00 42 28 08 8A 20 00 00 00 |         B(      
00 00 00 00 41 C0 1C 71 C0 00 00 00 00 00 00 00 |     A  q        
00 00 00 00 00 00 00 00 00 00 00 00 00 00 00 00 |                 
00 00 00 00 04 31 CF BE 00 00 00 00 00 00 00 00 |      1          
0C 42 20 A0 00 00 00 00 00 00 00 00 14 82 21 3C |  B            !<
00 00 00 00 00 00 00 00 24 F1 C2 02 00 00 00 00 |         $       
00 00 00 00 3E 8A 24 02 00 00 00 00 00 00 00 06 |     > $         
04 8A 24 22 00 00 00 00 00 00 00 06 04 71 C4 1C |   $"         q  
00 00 00 00 00 00 00 00 00 00 00 00 71 C0 1C 71 |             q  q
C0 00 00 00 00 00 00 00 8A 20 A2 8A 20 00 00 00 |                 
00 00 00 00 8A 21 02 9A 60 00 00 00 00 00 00 00 |      !  `       
71 E2 04 AA A0 00 00 00 00 00 00 00 88 24 08 CB | q            $  
20 00 00 00 00 00 00 00 88 48 10 8A 20 00 00 00 |          H      
00 00 00 00 71 80 3E 71 C0 00 00 00 00 00 00 00 |     q >q        
00 00 00 00 00 00 00 00 00 00 00 00 00 00 00 00 |                 
00 00 00 00 00 00 41 3E 00 00 00 00 00 00 00 00 |       A>        
00 00 C3 20 00 00 00 00 00 00 00 00 00 01 45 3C |               E<
00 00 00 00 00 00 00 00 00 02 49 02 00 00 00 00 |           I     
00 00 00 00 00 03 EF 82 00 00 00 00 00 00 00 00 |                 
00 60 41 22 00 00 00 00 00 00 00 00 00 60 41 1C |  `A"         `A 
00 00 00 00 00 00 00 00 00 00 00 00 21 C7 00 73 |             !  s
E7 00 00 00 00 00 00 00 62 28 82 8A 08 80 00 00 |         b(      
00 00 00 00 20 28 84 0B C9 80 00 00 00 00 00 00 |      (          
20 47 88 10 2A 80 00 00 00 00 00 00 20 80 90 20 |  G  *           
2C 80 00 00 00 00 00 00 21 01 20 42 28 80 00 00 | ,       !  B(   
00 00 00 00 73 E6 00 F9 C7 00 00 00 00 00 00 00 |     s           
00 00 00 00 00 00 00 00 00 00 00 00 00 00 00 00 |                 
00 00 00 00 00 03 E2 0C 00 00 00 00 00 00 00 00 |                 
00 02 06 10 00 00 00 00 00 00 00 00 00 03 C2 20 |                 
00 00 00 00 00 00 00 00 00 00 22 3C 00 00 00 00 |           "<    
00 00 00 00 00 00 22 22 00 00 00 00 00 00 00 00 |       ""        
00 62 22 22 00 00 00 00 00 00 00 00 00 61 C7 1C |  b""         a  
00 00 00 00 00 00 00 00 00 00 00 00 F8 00 00 00 |                 
00 00 00 00 00 00 00 00 F8 00 00 00 00 00 00 00 |                 
00 00 00 00 F8 00 00 00 00 00 00 00 00 00 00 00 |                 
F8 00 00 00 00 00 00 00 00 00 00 00 F8 00 00 00 |                 
00 00 00 00 00 00 00 00 F8 00 00 00 00 00 00 00 |                 
00 00 00 00 F8 00 00 00 00 00 00 00 00 00 00 00 |                 
00 00 00 00 00 00 00 00 00 00 00 00 73 53 02 56 |             sS V
00 00 