AVR decoder, version 1.1, \2000
Copyright (c) 1999-2001, Romain Lievin

08 68 00 00 98 56 0C 10 08 2D 00 00 98 56 00 00 |  h   V   -   V  
08 09 00 00 98 56 00 00 98 15 0E 00 02 08 01 07 |      V          
00 01 09 01 00 00 00 00 00 03 20 00 08 56 00 00 |              V  
08 68 00 00 98 56 0C 10 08 C9 16 00 10 00 00 00 |  h   V          
00 0F 66 6F 6F 62 61 72 5C 61 31 32 33 34 35 36 |   foobar\a123456
37 00 C1 04 98 56 00 00 98 09 00 00 08 56 00 00 | 7    V       V  
08 15 10 00 00 00 00 00 00 0A 40 00 21 00 00 00 |           @ !   
00 00 00 23 8E 00 98 56 00 00 08 92 00 00 98 56 |    #   V       V
00 00 08 68 00 00 98 56 0C 10 08 2D 00 00 98 56 |    h   V   -   V
00 00 08 09 00 00 98 56 00 00 98 15 0E 00 02 08 |        V        
01 07 00 01 09 01 00 00 00 00 00 03 20 00 08 56 |                V
00 00 08 68 00 00 98 56 0C 10 08 87 0B 01 98 56 |    h   V       V
00 00 08 87 08 01 98 56 00 00 08 87 08 01 98 56 |        V       V
00 00 08 87 08 01 98 56 00 00 08 87 08 01 98 56 |        V       V
00 00 08 87 08 11 98 56 00 00 08 87 08 11 98 56 |        V       V
00 00 08 87 15 01 98 56 00 00 08 87 07 01 98 56 |        V       V
00 00 08 87 07 01 98 56 00 00 08 87 07 01 98 56 |        V       V
00 00 08 68 00 00 98 56 0C 10 08 87 64 00 98 56 |    h   V    d  V
00 00 08 87 65 00 98 56 00 00 08 87 6C 00 98 56 |     e  V    l  V
00 00 08 87 76 00 98 56 00 00 08 87 61 00 98 56 |     v  V    a  V
00 00 08 87 72 00 98 56 00 00 08 68 00 00 98 56 |     r  V   h   V
0C 10 08 87 20 00 98 56 00 00 08 68 00 00 98 56 |        V   h   V
0C 10 08 87 66 00 98 56 00 00 08 87 6F 00 98 56 |     f  V    o  V
00 00 08 87 6F 00 98 56 00 00 08 87 62 00 98 56 |     o  V    b  V
00 00 08 87 61 00 98 56 00 00 08 87 72 00 98 56 |     a  V    r  V
00 00 08 87 5C 00 98 56 00 00 08 87 61 00 98 56 |     \  V    a  V
00 00 08 87 31 00 98 56 00 00 08 87 32 00 98 56 |     1  V    2  V
00 00 08 87 33 00 98 56 00 00 08 87 34 00 98 56 |     3  V    4  V
00 00 08 87 35 00 98 56 00 00 08 87 36 00 98 56 |     5  V    6  V
00 00 08 87 37 00 98 56 00 00 08 68 00 00 98 56 |     7  V   h   V
0C 10 08 87 0D 00 98 56 00 00 08 68 00 00 98 56 |        V   h   V
0C 10 08 87 07 01 98 56 00 00 