AVR decoder, version 1.1, \2000
Copyright (c) 1999-2001, Romain Lievin

08 2D 00 00 98 56 00 00 08 09 00 00 98 56 00 00 |  -   V       V  
98 15 0E 00 02 08 01 07 00 01 09 01 00 00 00 00 |                 
00 03 20 00 08 56 00 00 08 68 00 00 98 56 0C 10 |      V   h   V  
08 A2 0D 00 00 00 00 00 00 06 6D 61 69 6E 5C 78 |           main\x
00 7F 02 98 56 00 00 98 06 08 00 05 00 00 00 00 |    V           
01 78 00 7E 00 08 56 00 00 08 09 00 00 98 56 00 |  x ~  V       V 
00 98 15 09 00 00 00 00 00 00 03 01 01 1F 24 00 |               $ 
08 56 00 00 98 92 00 00 08 56 00 00 08 68 00 00 |  V       V   h  
98 56 0C 10 08 A2 0D 00 00 00 00 00 00 06 6D 61 |  V            ma
69 6E 5C 79 00 80 02 98 56 00 00 98 06 08 00 05 | in\y    V       
00 00 00 00 01 79 00 7F 00 08 56 00 00 08 09 00 |      y   V     
00 98 56 00 00 98 15 09 00 00 00 00 00 00 03 02 |   V             
01 1F 25 00 08 56 00 00 98 92 00 00 08 56 00 00 |   %  V       V  
08 68 00 00 98 56 0C 10 08 A2 0D 00 00 00 00 00 |  h   V          
00 06 6D 61 69 6E 5C 7A 00 81 02 98 56 00 00 98 |   main\z    V   
06 08 00 05 00 00 00 00 01 7A 00 80 00 08 56 00 |          z    V 
00 08 09 00 00 98 56 00 00 98 15 09 00 00 00 00 |       V         
00 00 03 03 01 1F 26 00 08 56 00 00 98 92 00 00 |       &  V      
08 56 00 00 