AVR decoder, version 1.1, \2000
Copyright (c) 1999-2001, Romain Lievin

08 68 00 00 98 56 0C 10 08 2D 00 00 98 56 00 00 |  h   V   -   V  
08 09 00 00 98 56 00 00 98 15 0E 00 02 08 01 07 |      V          
00 01 09 01 00 00 00 00 00 03 20 00 08 56 00 00 |              V  
08 68 00 00 98 56 0C 10 08 2D 00 00 98 56 00 00 |  h   V   -   V  
08 09 00 00 98 56 00 00 98 15 0E 00 02 08 01 07 |      V          
00 01 09 01 00 00 00 00 00 03 20 00 08 56 00 00 |              V  
08 A2 06 00 00 00 00 1B 1A 00 35 00 98 56 00 00 |           5  V  
98 06 0B 00 0E 00 00 0E 1A 04 6D 61 69 6E 03 E2 |           main  
01 08 56 00 00 08 09 00 00 98 56 00 00 98 15 12 |   V       V     
00 00 00 00 00 6D 61 69 6E 00 00 00 00 1F 00 00 |      main       
00 00 03 C7 01 08 56 00 00 98 92 00 00 08 56 00 |       V       V 
00 08 A2 06 00 00 00 00 1C 1A 00 36 00 98 56 00 |            6  V 
00 98 06 0B 00 1E 00 00 1E 1A 04 6D 61 69 6E 03 |            main 
02 02 08 56 00 00 08 09 00 00 98 56 00 00 98 15 |    V       V    
22 00 00 00 00 00 6D 61 69 6E 00 00 00 00 1F 00 | "     main      
00 00 00 03 00 00 00 00 00 00 00 00 00 00 00 00 |                 
00 00 00 00 C7 01 08 56 00 00 98 92 00 00 08 56 |        V       V
00 00 08 68 00 00 98 56 0C 10 08 2D 00 00 98 56 |    h   V   -   V
00 00 08 09 00 00 98 56 00 00 98 15 0E 00 02 08 |        V        
01 07 00 01 09 01 00 00 00 00 00 03 20 00 08 56 |                V
00 00 08 68 00 00 98 56 0C 10 08 C9 0D 00 09 00 |    h   V        
00 00 27 06 6D 61 69 6E 5C 7A 00 B1 02 98 56 00 |   ' main\z    V 
00 98 09 00 00 08 56 00 00 08 15 09 00 00 00 00 |       V         
00 00 03 03 01 1F 26 00 98 56 00 00 08 92 00 00 |       &  V      
98 56 00 00 08 68 00 00 98 56 0C 10 08 C9 0D 00 |  V   h   V      
09 00 00 00 26 06 6D 61 69 6E 5C 79 00 AF 02 98 |     & main\y    
56 00 00 98 09 00 00 08 56 00 00 08 15 09 00 00 | V       V       
00 00 00 00 03 02 01 1F 25 00 98 56 00 00 08 92 |         %  V    
00 00 98 56 00 00 08 68 00 00 98 56 0C 10 08 C9 |    V   h   V    
0D 00 09 00 00 00 00 06 6D 61 69 6E 5C 78 00 88 |         main\x  
02 98 56 00 00 98 09 00 00 08 56 00 00 08 15 09 |   V       V     
00 00 00 00 00 00 03 01 01 1F 24 00 98 56 00 00 |           $  V  
08 92 00 00 98 56 00 00 