AVR decoder, version 1.1, \2000
Copyright (c) 1999-2001, Romain Lievin

08 68 00 00 88 56 0C 10 08 A2 07 00 00 00 00 00 |  h   V          
22 00 00 22 00 88 56 00 00 88 06 0D 00 12 00 00 | "  "  V         
00 22 06 49 44 4C 49 53 54 00 03 02 08 56 00 00 |  " IDLIST    V  
08 09 00 00 88 56 00 00 88 15 16 00 00 00 00 00 |      V          
01 00 0E 00 30 31 31 33 45 36 45 45 39 31 30 46 |     0113E6EE910F
42 41 3C 03 08 56 00 00 88 92 00 00 08 56 00 00 | BA<  V       V  
08 68 00 00 88 56 0C 10 08 2D 00 00 88 56 00 00 |  h   V   -   V  
08 09 00 00 88 56 00 00 88 15 0E 00 02 09 01 07 |      V          
00 01 09 01 00 00 00 00 00 01 1F 00 08 56 00 00 |              V  
08 A2 06 00 00 00 00 00 20 00 20 00 88 56 00 00 |              V  
88 06 08 00 C3 03 00 00 20 01 FF 03 E9 01 08 56 |                V
00 00 08 09 00 00 88 56 00 00 88 15 C7 03 00 00 |        V        
00 00 03 26 09 04 0C 17 53 A0 02 0D 40 CC 3F 0A |    &    S   @ ? 
D1 C6 AF 02 21 8A AB 09 A5 CD 1F CA 52 AF 24 38 |     !       R $8
69 BA A9 24 31 D0 93 B8 77 77 96 35 3F 36 B6 AC | i  $1   ww 5?6  
CE E4 0A A5 E0 CE FC 69 AB 42 FF BF CD E7 CC A1 |        i B      
50 5B 81 A3 CB 41 BB 88 D9 79 7B 33 38 03 3D 4A | P[   A   y{38 =J
0A 15 01 13 E6 EE 91 00 0D 40 00 00 00 00 00 00 |          @      
00 00 00 00 00 00 00 00 00 00 00 00 00 00 00 00 |                 
00 00 00 00 00 00 00 00 00 00 00 00 00 00 00 00 |                 
00 00 00 00 00 00 00 00 00 00 00 00 00 00 00 00 |                 
00 00 00 00 00 00 00 00 00 00 03 0E 02 04 00 10 |                 
01 01 07 04 05 01 13 E6 EE 91 03 26 09 04 09 DA |            &    
AC C0 02 0D 40 6F 9E A8 2D 8E 2F C7 6B E2 C9 B1 |     @o  - / k   
4C 21 11 5E D0 93 42 33 5C D7 3B 6C 98 EA A3 96 | L! ^  B3\ ;l    
63 9C DF CE 46 DB 5D 23 EE 9C 5F 12 C4 2F 94 50 | c   F ]#  _  / P
0F 73 95 2B E7 09 17 42 F8 E9 46 63 C9 40 53 9E |  s +   B  Fc @S 
4D E6 D0 82 90 07 0E 01 A9 07 11 01 07 3D 40 F7 | M            =@ 
8D 55 E9 A4 0A 92 D1 1D 5C 14 46 BF CE A7 4C 83 |  U      \ F   L 
68 BE 1A 81 B6 BA 15 96 97 0E 6D 59 32 D9 33 B8 | h         mY2 3 
6F F3 CE A6 B3 81 CE 65 F5 E3 83 BD B0 2C 82 F3 | o      e     ,  
3B 81 90 37 5D 0B 40 DE F2 F1 FE 3C CA 49 AD 07 | ;  7] @    < I  
12 01 01 07 3D 40 61 04 CD FA D9 55 D4 1F 1E CC |     =@a    U    
B9 B6 22 00 7F E8 BC 75 E8 B2 8D A1 78 33 47 55 |   "   u    x3GU
FE F2 7C 56 4D 47 B0 4F D8 24 98 C1 63 B7 62 99 |   |VMG O $  c b 
1C 68 CF 64 E2 92 36 BC 41 A4 C1 BC B9 79 3B 6E |  h d  6 A    y;n
E9 65 40 7C 74 BC 07 12 32 01 07 3D 40 DD 65 9B |  e@|t   2  =@ e 
61 2E DB 3C C4 7A C8 25 94 D5 A5 CB 3C A5 32 3F | a. < z %    < 2?
F6 69 6B AD 78 1F 29 7F 9E 21 5F 83 4B 4D B6 42 |  ik x ) !_ KM B
8A 3C 8D C7 74 D2 85 F3 99 D1 C4 AD 17 9F 62 1C |  <  t         b 
E3 3B 0C 0D 80 27 55 0A 63 41 36 22 B9 07 12 13 |  ;   'U cA6"    
01 07 3D 40 EB 32 EB EA EA 64 CE 0B 8A A3 A7 CC |   =@ 2   d      
68 B0 26 EB 15 43 09 B6 46 D3 2B 57 66 45 5D A3 | h &  C  F +WfE] 
FC 4A 95 FC F4 33 3B E1 1D FB 1D D1 1B BC 85 F8 |  J   3;         
D4 B4 F8 EB 49 4B 8A A6 98 CC 23 97 54 E9 4A 3A |     IK    # T J:
E6 19 B0 8A 07 12 6F 01 07 3D 40 BF D4 21 61 9C |       o  =@  !a 
EC 3E 2E 90 44 58 C3 37 CF 04 90 C9 4D 65 39 8B |  >. DX 7    Me9 
F5 67 48 AD 17 26 DB BF 59 F6 F3 2D A1 F7 22 E7 |  gH  &  Y  -  " 
82 C6 65 0B B2 5D 02 3C 3F F0 D4 3E 5C 0E 80 EB |   e  ] <?  >\   
A3 35 51 33 E7 B2 EA 79 F1 36 B1 07 12 22 01 07 |  5Q3   y 6   "  
3D 40 77 F2 D3 43 28 DA 88 D3 42 12 8D 33 38 33 | =@w  C(   B  383
FC FF 10 F8 F0 66 9D B6 A5 03 50 16 A5 30 CC 02 |      f    P  0  
C3 03 E9 81 B3 FA D2 98 11 E0 6A 8B F4 0A 95 F0 |           j     
02 0A 45 44 63 E8 2A 90 A4 93 CA F0 95 C2 A7 0F |   EDc *         
02 93 80 0D 78 80 11 01 80 21 0C 80 32 00 57 80 |     x    !  2 W 
A1 01 80 4D 1D 41 64 76 61 6E 63 65 64 20 4D 61 |    M Advanced Ma
74 68 65 6D 61 74 69 63 73 20 53 6F 66 74 77 61 | thematics Softwa
72 65 03 26 09 04 0B BA BA 6C 02 0D 40 50 9C 21 | re &     l  @P !
B9 01 11 FB A0 43 1C 0F BF F5 98 2F 9A 0E 78 75 |      C     /  xu
0F 74 8B 40 6C 20 70 A2 8A 36 94 AB AD 2A 48 68 |  t @l p  6   *Hh
39 3B 43 48 D7 8E F5 23 33 71 B9 AE 4B 28 76 C0 | 9;CH   #3q  K(v 
08 C1 01 18 3A C4 D1 38 2A BE 7F 8E 34 81 0D 60 |     :  8*  4  `
81 12 01 01 81 21 01 81 32 06 05 81 48 54 49 50 |      !  2   HTIP
4F 4C 59 52 54 03 26 09 04 08 F3 2E 5F 02 0D 40 | OLYRT &    ._  @
1F 6B F5 BB AC 56 04 8E B0 44 B8 3D A7 E8 E5 E3 |  k   V   D =    
71 88 73 15 7F 45 74 8A 2F 0E 30 CC B3 7A 0C 88 | q s Et / 0  z  
0D 14 C2 08 81 BC 35 BA C1 FF 81 D8 65 5E 8B AE |       5     e^  
5E 55 71 C3 71 AD EB 6B 27 35 97 AF E6 44 9B 46 | ^Uq q  k'5   D F
02 0D 40 14 C1 C5 32 E2 15 3F BD 8E 40 D8 92 43 |   @   2  ?  @  C
AF 34 0D 04 3A DE A0 67 AA 3C 80 FE 16 BD AB E2 |  4  :  g <      
89 DD 6F C3 37 39 4F 63 DC B7 D0 88 2C C9 2B C7 |   o 79Oc    , + 
5A B0 44 25 0A 91 1D 1D 50 11 87 3B 5A 5D 06 1D | Z D%    P  ;Z]  
2F E2 18 FF FF AF 8A 08 56 00 00 88 92 00 00 08 | /       V       
56 00 00 08 68 00 00 88 56 0C 10 08 2D 00 00 88 | V   h   V   -   
56 00 00 08 09 00 00 88 56 00 00 88 15 0E 00 02 | V       V       
09 01 07 00 01 09 01 00 00 00 00 00 01 1F 00 08 |                 
56 00 00 08 A2 06 00 00 00 00 1B 1A 00 35 00 88 | V            5  
56 00 00 88 06 0B 00 54 00 00 0E 1A 04 6D 61 69 | V      T     mai
6E 03 28 02 08 56 00 00 08 09 00 00 88 56 00 00 | n (  V       V  
88 15 58 00 00 00 00 00 66 6F 6F 62 61 72 00 00 |   X     foobar  
1F 00 00 00 00 03 6D 61 69 6E 00 00 00 00 1F 00 |       main      
00 00 00 03 78 00 00 00 00 00 00 00 00 00 05 00 |     x           
00 00 79 00 00 00 00 00 00 00 00 01 05 00 00 00 |   y             
7A 00 00 00 00 00 00 00 00 03 05 00 00 00 54 49 | z             TI
50 4F 4C 59 52 54 24 00 5D C4 00 00 AC 09 08 56 | POLYRT$ ]      V
00 00 88 92 00 00 08 56 00 00 08 A2 06 00 00 00 |        V        
00 1C 1A 00 36 00 88 56 00 00 88 06 0B 00 3C 00 |     6  V      < 
00 1E 1A 04 6D 61 69 6E 03 20 02 08 56 00 00 08 |     main    V   
09 00 00 88 56 00 00 88 15 40 00 00 00 00 00 66 |     V    @     f
6F 6F 62 61 72 00 00 1F 00 00 00 00 03 00 00 00 | oobar           
00 00 00 00 00 00 00 00 00 00 00 00 00 6D 61 69 |              mai
6E 00 00 00 00 1F 00 00 00 00 03 00 00 00 00 00 | n               
00 00 00 00 00 00 00 00 00 00 00 62 04 08 56 00 |            b  V 
00 88 92 00 00 08 56 00 00 