AVR decoder, version 1.1, \2000
Copyright (c) 1999-2001, Romain Lievin

08 68 00 00 88 56 0C 10 08 68 00 00 88 56 0C 10 |  h   V   h   V  
08 A2 06 00 00 00 00 1B 1A 00 35 00 88 56 00 00 |           5  V  
88 06 0B 00 46 00 00 0E 1A 04 6D 61 69 6E 03 1A |     F     main  
02 08 56 00 00 08 09 FF FF 88 56 00 00 88 15 4A |   V       V    J
00 00 00 00 00 66 6F 6F 62 61 72 00 00 1F 00 00 |      foobar     
00 00 03 6D 61 69 6E 00 00 00 00 1F 00 00 00 00 |    main         
03 78 00 00 00 00 00 00 00 00 00 05 00 00 00 79 |  x             y
00 00 00 00 00 00 00 00 01 05 00 00 00 7A 00 00 |              z  
00 00 00 00 00 00 03 05 00 00 00 E0 05 08 56 00 |               V 
00 88 92 00 00 08 56 00 00 08 68 00 00 88 56 0C |       V   h   V 
10 08 A2 0C 00 00 00 00 86 00 06 6D 61 69 6E 5C |            main\
78 05 03 88 56 00 00 88 06 08 00 05 00 00 00 00 | x   V           
01 78 00 7E 00 08 56 00 00 08 09 FF FF 88 56 00 |  x ~  V       V 
00 88 15 09 00 00 00 00 00 00 03 01 01 1F 24 00 |               $ 
08 56 00 00 88 92 00 00 08 56 00 00 08 68 00 00 |  V       V   h  
88 56 0C 10 08 A2 0C 00 00 00 00 86 00 06 6D 61 |  V            ma
69 6E 5C 79 06 03 88 56 00 00 88 06 08 00 05 00 | in\y   V        
00 00 00 01 79 00 7F 00 08 56 00 00 08 09 FF FF |     y   V      
88 56 00 00 88 15 09 00 00 00 00 00 00 03 02 01 |  V              
1F 25 00 08 56 00 00 88 92 00 00 08 56 00 00 08 |  %  V       V   
68 00 00 88 56 0C 10 08 A2 0C 00 00 00 00 86 00 | h   V           
06 6D 61 69 6E 5C 7A 07 03 88 56 00 00 88 06 08 |  main\z   V     
00 05 00 00 00 00 01 7A 00 80 00 08 56 00 00 08 |        z    V   
09 FF FF 88 56 00 00 88 15 09 00 00 00 00 00 00 |     V           
03 03 01 1F 26 00 08 56 00 00 88 92 00 00 08 56 |     &  V       V
00 00 