AVR decoder, version 1.1, \2000
Copyright (c) 1999-2001, Romain Lievin

08 68 00 00 88 56 1C 10 08 2D 00 00 88 56 00 00 |  h   V   -   V  
08 09 00 00 88 56 00 00 88 15 0E 00 02 09 01 07 |      V          
01 01 09 01 00 00 00 00 00 01 20 00 08 56 00 00 |              V  
08 68 00 00 88 56 1C 10 08 2D 00 00 88 56 00 00 |  h   V   -   V  
08 09 00 00 88 56 00 00 88 15 0E 00 02 09 01 07 |      V          
01 01 09 01 00 00 00 00 00 01 20 00 08 56 00 00 |              V  
08 A2 06 00 00 00 00 1B 1A 00 35 00 88 56 00 00 |           5  V  
88 06 0B 00 46 00 00 0E 1A 04 6D 61 69 6E 03 1A |     F     main  
02 08 56 00 00 08 09 00 00 88 56 00 00 88 15 4A |   V       V    J
00 00 00 00 00 6D 61 69 6E 00 00 00 00 1F 00 00 |      main       
00 00 03 72 6F 6D 64 75 6D 70 00 21 00 21 07 00 |    romdump ! !  
00 78 00 00 00 00 00 00 00 00 00 05 00 00 00 79 |  x             y
00 00 00 00 00 00 00 00 01 05 00 00 00 7A 00 00 |              z  
00 00 00 00 00 00 03 05 00 00 00 92 06 08 56 00 |               V 
00 88 92 00 00 08 56 00 00 08 A2 06 00 00 00 00 |       V         
1C 1A 00 36 00 88 56 00 00 88 06 0B 00 1E 00 00 |    6  V         
1E 1A 04 6D 61 69 6E 03 02 02 08 56 00 00 08 09 |    main    V    
00 00 88 56 00 00 88 15 22 00 00 00 00 00 6D 61 |    V    "     ma
69 6E 00 00 00 00 1F 00 00 00 00 03 00 00 00 00 | in              
00 00 00 00 00 00 00 00 00 00 00 00 C7 01 08 56 |                V
00 00 88 92 00 00 08 56 00 00 08 68 00 00 88 56 |        V   h   V
1C 10 08 2D 00 00 88 56 00 00 08 09 00 00 88 56 |    -   V       V
00 00 88 15 0E 00 02 09 01 07 01 01 09 01 00 00 |                 
00 00 00 01 20 00 08 56 00 00 08 68 00 00 88 56 |        V   h   V
1C 10 08 68 00 00 88 56 1C 10 08 2D 00 00 88 56 |    h   V   -   V
00 00 08 09 00 00 88 56 00 00 88 15 0E 00 02 09 |        V        
01 07 01 01 09 01 00 00 00 00 00 01 20 00 08 56 |                V
00 00 08 C9 06 00 04 02 00 00 25 00 2B 00 88 56 |           % +  V
00 00 88 09 00 00 08 56 00 00 08 15 04 02 03 0E |        V        
01 BD 00 10 01 01 06 04 05 01 13 E6 EE 91 03 26 |                &
09 04 09 DA AC C0 02 0D 40 6F 9E A8 2D 8E 2F C7 |         @o  - / 
6B E2 C9 B1 4C 21 11 5E D0 93 42 33 5C D7 3B 6C | k   L! ^  B3\ ;l
98 EA A3 96 63 9C DF CE 46 DB 5D 23 EE 9C 5F 12 |     c   F ]#  _ 
C4 2F 94 50 0F 73 95 2B E7 09 17 42 F8 E9 46 63 |  / P s +   B  Fc
C9 40 53 9E 4D E6 D0 82 90 07 0E 01 62 07 12 01 |  @S M       b   
01 07 3D 40 61 04 CD FA D9 55 D4 1F 1E CC B9 B6 |   =@a    U      
22 00 7F E8 BC 75 E8 B2 8D A1 78 33 47 55 FE F2 | "   u    x3GU  
7C 56 4D 47 B0 4F D8 24 98 C1 63 B7 62 99 1C 68 | |VMG O $  c b  h
CF 64 E2 92 36 BC 41 A4 C1 BC B9 79 3B 6E E9 65 |  d  6 A    y;n e
40 7C 74 BC 07 11 01 07 3D 40 F7 8D 55 E9 A4 0A | @|t     =@  U   
92 D1 1D 5C 14 46 BF CE A7 4C 83 68 BE 1A 81 B6 |    \ F   L h    
BA 15 96 97 0E 6D 59 32 D9 33 B8 6F F3 CE A6 B3 |      mY2 3 o    
81 CE 65 F5 E3 83 BD B0 2C 82 F3 3B 81 90 37 5D |   e     ,  ;  7]
0B 40 DE F2 F1 FE 3C CA 49 AD 07 12 32 01 07 3D |  @    < I   2  =
40 DD 65 9B 61 2E DB 3C C4 7A C8 25 94 D5 A5 CB | @ e a. < z %    
3C A5 32 3F F6 69 6B AD 78 1F 29 7F 9E 21 5F 83 | < 2? ik x ) !_ 
4B 4D B6 42 8A 3C 8D C7 74 D2 85 F3 99 D1 C4 AD | KM B <  t       
17 9F 62 1C E3 3B 0C 0D 80 27 55 0A 63 41 36 22 |   b  ;   'U cA6"
B9 07 12 22 01 07 3D 40 77 F2 D3 43 28 DA 88 D3 |    "  =@w  C(   
42 12 8D 33 38 33 FC FF 10 F8 F0 66 9D B6 A5 03 | B  383     f    
50 16 A5 30 CC 02 C3 03 E9 81 B3 FA D2 98 11 E0 | P  0            
6A 8B F4 0A 95 F0 02 0A 45 44 63 E8 2A 90 A4 93 | j       EDc *   
CA F0 95 C2 A7 0F 02 93 07 12 13 01 07 3D 40 EB |              =@ 
32 EB EA EA 64 CE 0B 8A A3 A7 CC 68 B0 26 EB 15 | 2   d      h &  
43 09 B6 46 D3 2B 57 66 45 5D A3 FC 4A 95 FC F4 | C  F +WfE]  J   
33 3B E1 1D FB 1D D1 1B BC 85 F8 D4 B4 F8 EB 49 | 3;             I
4B 8A A6 98 CC 23 97 54 E9 4A 3A E6 19 B0 8A 02 | K    # T J:     
0D 40 88 BA CD 71 3E CB 67 F4 69 DF 49 3E F2 67 |  @   q> g i I> g
4A A9 C8 31 50 F0 9F B1 C0 7D 34 18 8D 17 8F 6B | J  1P    }4    k
81 0A B4 AA C3 C3 A5 5A 90 00 CF D0 5B 18 1D C3 |        Z    [   
7A 42 01 4F D3 BA 4D 4F 14 09 5A 39 CE 7E B8 6F | zB O  MO  Z9 ~ o
60 75 62 EE 88 56 00 00 08 92 00 00 88 36 05 00 | `ub  V       6  
05 00 0A 00 00 0F 00 