AVR decoder, version 1.1, \2000
Copyright (c) 1999-2001, Romain Lievin

09 68 00 00 00 00 00 00 00 68 00 00 00 68 00 00 |  h       h   h  
03 C9 0B 00 00 00 00 00 00 00 00 00 00 00 00 FF |                 
FF 83 5A 0B 00 03 68 00 00 03 A2 0B 00 00 00 19 |   Z   h         
00 00 00 00 00 00 00 00 19 00 83 56 0B 00 83 15 |            V    
02 00 C4 69 2D 01 03 56 00 00 83 06 0B 00 09 00 |    i-  V        
00 41 00 00 00 00 00 00 00 4A 00 03 56 00 00 83 |  A       J  V   
06 0B 00 09 00 00 42 00 00 00 00 00 00 00 4B 00 |       B       K 
03 56 00 00 83 06 0B 00 02 00 01 5D 00 00 00 00 |  V         ]    
00 00 00 60 00 03 56 00 00 83 06 0B 00 02 00 01 |    `  V         
5D 01 00 00 00 00 00 00 61 00 03 56 00 00 83 06 | ]       a  V    
0B 00 02 00 01 5D 02 00 00 00 00 00 00 62 00 03 |      ]       b  
56 00 00 83 06 0B 00 02 00 01 5D 03 00 00 00 00 | V         ]     
00 00 63 00 03 56 00 00 83 06 0B 00 02 00 01 5D |   c  V         ]
04 00 00 00 00 00 00 64 00 03 56 00 00 83 06 0B |        d  V     
00 02 00 01 5D 05 00 00 00 00 00 00 65 00 03 56 |     ]       e  V
00 00 83 06 0B 00 06 00 05 50 00 00 00 00 00 00 |          P      
00 5B 00 03 56 00 00 83 92 0B 00 03 56 00 00 03 |  [  V       V   
A2 0B 00 00 00 19 00 00 00 00 00 00 00 00 19 00 |                 
83 56 0B 00 83 15 02 00 C4 69 2D 01 03 56 00 00 |  V       i-  V  
83 06 0B 00 09 00 00 41 00 00 00 00 00 00 00 4A |        A       J
00 03 56 00 00 83 06 0B 00 09 00 00 42 00 00 00 |   V         B   
00 00 00 00 4B 00 03 56 00 00 83 06 0B 00 02 00 |     K  V        
01 5D 00 00 00 00 00 00 00 60 00 03 56 00 00 83 |  ]       `  V   
06 0B 00 02 00 01 5D 01 00 00 00 00 00 00 61 00 |       ]       a 
03 56 00 00 83 06 0B 00 02 00 01 5D 02 00 00 00 |  V         ]    
00 00 00 62 00 03 56 00 00 83 06 0B 00 02 00 01 |    b  V         
5D 03 00 00 00 00 00 00 63 00 03 56 00 00 83 06 | ]       c  V    
0B 00 02 00 01 5D 04 00 00 00 00 00 00 64 00 03 |      ]       d  
56 00 00 83 06 0B 00 02 00 01 5D 05 00 00 00 00 | V         ]     
00 00 65 00 03 56 00 00 83 06 0B 00 06 00 05 50 |   e  V         P
00 00 00 00 00 00 00 5B 00 03 56 00 00 83 92 0B |        [  V     
00 