AVR decoder, version 1.1, \2000
Copyright (c) 1999-2001, Romain Lievin

03 6D 00 00 83 56 00 00 83 15 00 03 20 00 00 00 |  m   V          
00 00 00 00 00 00 00 00 60 00 00 00 00 00 00 00 |         `       
00 00 00 00 20 00 00 00 00 00 00 00 00 00 00 00 |                 
20 00 00 00 00 00 00 00 00 00 00 00 20 00 00 00 |                 
00 00 00 00 00 00 00 00 20 00 00 00 00 00 00 00 |                 
00 00 00 00 70 00 00 00 00 00 00 00 00 00 00 00 |     p           
00 00 00 00 00 00 00 00 00 00 00 00 00 00 00 00 |                 
00 00 00 00 00 00 00 08 00 00 00 00 00 00 00 00 |                 
00 00 00 18 00 00 00 00 00 00 00 00 00 00 00 08 |                 
00 00 00 00 00 00 00 00 00 00 00 08 00 00 00 00 |                 
00 00 00 00 00 00 00 08 00 00 00 00 00 00 00 00 |                 
00 00 00 08 00 00 00 00 00 00 00 00 00 00 00 1C |                 
00 00 00 00 00 00 00 00 00 00 00 00 00 00 00 00 |                 
00 00 00 00 00 00 00 00 00 00 00 00 00 00 00 00 |                 
00 00 00 00 00 00 00 00 00 00 00 00 00 00 00 00 |                 
00 00 00 00 00 00 00 00 00 00 00 00 00 00 00 00 |                 
00 00 00 00 00 00 00 00 00 00 00 00 00 00 00 00 |                 
00 00 00 00 00 00 00 00 00 00 00 00 00 00 00 00 |                 
00 00 00 00 00 00 00 00 00 00 00 00 00 00 00 00 |                 
00 00 00 00 00 00 00 00 00 00 00 00 00 00 00 00 |                 
00 00 00 00 00 00 00 00 00 00 00 00 00 00 00 00 |                 
00 00 00 00 00 00 00 00 00 00 00 00 00 00 00 00 |                 
00 00 00 00 00 00 00 00 00 00 00 00 00 00 00 00 |                 
00 00 00 00 00 00 00 00 00 00 00 00 00 00 00 00 |                 
00 00 00 00 00 00 00 00 00 00 00 00 00 00 00 00 |                 
00 00 00 00 00 00 00 00 00 00 00 00 00 00 00 00 |                 
00 00 00 00 00 00 00 00 00 00 00 00 00 00 00 00 |                 
00 00 00 00 00 00 00 00 00 00 00 00 00 00 00 00 |                 
00 00 00 00 00 00 00 00 00 00 00 00 00 00 00 00 |                 
00 00 00 00 00 00 00 00 00 00 00 00 00 00 00 00 |                 
00 00 00 00 00 00 00 00 00 00 00 00 00 00 00 00 |                 
00 00 00 00 00 00 00 00 00 00 00 00 00 00 00 00 |                 
00 00 00 00 00 00 00 00 00 00 00 00 00 00 00 00 |                 
00 00 00 00 00 00 00 00 00 00 00 00 00 00 00 00 |                 
00 00 00 00 00 00 00 00 00 00 00 00 00 00 00 00 |                 
00 00 00 00 00 00 00 00 00 00 00 00 00 00 00 00 |                 
00 00 00 00 00 00 00 00 00 00 00 00 00 00 00 00 |                 
00 00 00 00 00 00 00 00 00 00 00 00 00 00 00 00 |                 
00 00 00 00 00 00 00 00 00 00 00 00 00 00 00 00 |                 
00 00 00 00 00 00 00 00 00 00 00 00 00 00 00 00 |                 
00 00 00 00 00 00 00 00 00 00 00 00 00 00 00 00 |                 
00 00 00 00 00 00 00 00 00 00 00 00 00 00 00 00 |                 
00 00 00 00 00 00 00 00 00 00 00 00 00 00 00 00 |                 
00 00 00 00 00 00 00 00 00 00 00 00 00 00 00 00 |                 
00 00 00 00 00 00 00 00 00 00 00 00 00 00 00 00 |                 
00 00 00 00 00 00 00 00 00 00 00 00 00 00 00 00 |                 
00 00 00 00 00 00 00 00 00 00 00 00 00 00 00 00 |                 
00 00 00 00 00 00 00 00 00 00 00 00 00 00 00 00 |                 
00 00 00 00 00 00 00 00 00 00 00 00 CC 01 03 56 |                V
00 00 