AVR decoder, version 1.1, \2000
Copyright (c) 1999-2001, Romain Lievin

74 56 00 00 74 15 00 01 0A 15 02 00 00 00 1D 0A | tV  t           
2D 40 00 00 00 00 00 00 00 00 00 00 00 00 00 00 | -@              
00 00 00 00 00 00 00 00 00 00 00 00 00 00 00 00 |                 
00 00 00 00 00 00 00 00 00 00 00 00 00 00 00 00 |                 
00 00 00 00 00 00 00 00 00 00 00 00 00 00 00 00 |                 
00 00 04 12 87 51 03 26 09 04 03 70 AA 00 02 0D |      Q &   p    
40 9C 76 3C A8 FC 2F FC D7 0D F9 96 BC F9 1B 96 | @ v<  /         
64 0F 90 66 A8 B2 D6 0A 7D 55 FA BF 14 74 CF 00 | d  f    }U   t  
62 40 49 E4 68 CF 8B CA F8 2A DB 60 8C 38 82 B6 | b@I h    * ` 8  
2A 8E 56 DA A9 EC 15 CF 99 8F 08 A7 29 1F 3D DA | * V         ) = 
96 80 0F 00 03 80 1C 80 11 02 80 21 01 80 31 3C |            !  1<
80 A0 80 7F 00 03 80 00 00 00 00 00 00 00 00 00 |                
00 00 00 00 00 00 00 00 00 00 00 00 00 00 00 00 |                 
00 00 00 00 00 00 00 00 00 00 00 00 00 00 00 00 |                 
00 00 00 00 00 00 00 00 00 00 00 00 00 00 00 00 |                 
00 00 00 00 00 00 00 00 00 00 00 00 00 00 00 00 |                 
00 00 00 00 00 00 00 00 93 2A 07 56 00 00 07 09 |          * V    
00 00 74 56 00 00 74 15 00 01 00 00 00 00 00 00 |   tV  t         
00 00 00 00 00 00 00 00 00 00 00 00 00 00 00 00 |                 
00 00 00 00 00 00 00 00 00 00 00 00 00 00 00 00 |                 
00 00 00 00 00 00 00 00 00 00 00 00 00 00 00 00 |                 
00 00 00 00 00 00 00 00 00 00 00 00 00 00 00 00 |                 
00 00 00 00 00 00 00 00 00 00 00 00 00 00 00 00 |                 
00 00 00 00 00 00 00 00 00 00 00 00 00 00 00 00 |                 
00 00 00 00 00 00 00 00 00 00 00 00 00 00 00 00 |                 
00 00 00 00 00 00 00 00 00 00 00 00 00 00 00 00 |                 
00 00 00 00 00 00 00 00 00 00 00 00 00 00 00 00 |                 
00 00 00 80 0F 00 00 38 E8 80 12 01 02 80 21 01 |        8      ! 
80 31 01 80 47 43 42 4C 2F 43 42 52 80 81 01 80 |  1  GCBL/CBR    
B1 01 03 26 09 04 02 97 22 80 02 0D 40 1A 3E 97 |    &    "   @ > 
6F CA 70 B9 AA AE CD 7D C7 22 31 48 3D 9D 27 F0 | o p    } "1H= ' 
29 D9 3A A2 2E A5 50 F7 FD DC 3B EA 77 75 77 3C | ) : . P   ; wuw<
E2 28 CD FE 4C 0C D1 91 BA FC 03 A2 6C A6 35 14 |  (  L       l 5 
A4 B4 2C 18 37 D3 9A D2 7A 2D 03 29 07 56 00 00 |   , 7   z- ) V  
07 09 00 00 74 56 00 00 74 15 00 01 9F F3 64 80 |     tV  t     d 
7F 00 00 00 00 02 0D 40 DF 9C 08 AE 52 38 2A 48 |       @    R8*H
FB 95 EF 3F 14 36 F6 49 50 56 C4 2C 7B D5 EF BA |    ? 6 IPV ,{   
58 3D C9 75 B8 69 D1 52 6A 64 74 CB 0C DB 1D 1C | X= u i Rjdt     
7C FE 91 0F 68 CC 50 06 34 B0 BB F2 D1 6A BA 81 | |   h P 4    j  
75 64 94 F1 BE 9F 76 77 FF FF FF FF FF FF FF FF | ud    vw        
FF FF FF FF FF FF FF FF FF FF FF FF FF FF FF FF |                 
FF FF FF FF FF FF FF FF FF FF FF FF FF FF FF FF |                 
FF FF FF FF FF FF FF FF FF FF FF FF FF FF FF FF |                 
FF FF FF FF FF FF FF FF FF FF FF FF FF FF FF FF |                 
FF FF FF FF FF FF FF FF FF FF FF FF FF FF FF FF |                 
FF FF FF FF FF FF FF FF FF FF FF FF FF FF FF FF |                 
FF FF FF FF FF FF FF FF FF FF FF FF FF FF FF FF |                 
FF FF FF FF FF FF FF FF FF FF FF FF FF FF FF FF |                 
FF FF FF FF FF FF FF FF FF FF FF FF FF FF FF FF |                 
FF FF FF FF FF FF FF FF FF FF FF FF FF FF FF FF |                 
FF FF FF FF FF FF FF FF FF FF FF FF 2A D7 07 56 |             *  V
00 00 07 09 00 00 74 56 00 00 74 92 00 00 07 56 |       tV  t    V
00 00 07 A2 0B 00 00 00 26 AA 00 00 00 00 00 00 |         &       
00 D0 00 74 56 00 00 74 06 0B 00 0B 00 26 AA 00 |    tV  t     &  
00 00 00 00 00 00 DB 00 07 56 00 00 07 09 00 00 |          V      
74 56 00 00 74 15 0B 00 01 00 00 80 02 00 00 00 | tV  t           
1D 87 51 78 01 07 56 00 00 07 A2 0B 00 00 00 19 |   Qx  V         
00 00 00 00 00 00 00 00 19 00 74 56 00 00 74 15 |           tV  t 
02 00 8A 61 EB 00 07 56 00 00 74 06 0B 00 02 00 |    a   V  t     
01 5D 01 00 00 00 00 00 00 61 00 07 56 00 00 74 |  ]       a  V  t
06 0B 00 02 00 01 5D 02 00 00 00 00 00 00 62 00 |       ]       b 
07 56 00 00 74 06 0B 00 02 00 01 5D 03 00 00 00 |  V  t      ]    
00 00 00 63 00 07 56 00 00 74 06 0B 00 02 00 01 |    c  V  t      
5D 04 00 00 00 00 00 00 64 00 07 56 00 00 74 06 | ]       d  V  t 
0B 00 02 00 01 5D 05 00 00 00 00 00 00 65 00 07 |      ]       e  
56 00 00 74 06 0B 00 02 00 01 5D 06 00 00 00 00 | V  t      ]     
00 00 66 00 07 56 00 00 74 06 0B 00 01 08 24 43 |   f  V  t     $C
42 4C 2F 43 42 52 00 04 02 07 56 00 00 74 92 0B | BL/CBR    V  t  
00 07 56 00 00 07 68 00 00 74 56 00 00 07 2D 00 |   V   h  tV   - 
00 74 56 00 00 07 09 00 00 74 56 00 00 74 15 0B |  tV      tV  t  
00 01 60 01 00 00 00 09 01 42 52 00 00 01 07 56 |   `      BR    V
00 00 07 A2 03 00 00 00 27 27 00 74 56 00 00 74 |         '' tV  t
06 00 00 07 56 00 00 07 09 00 00 