AVR decoder, version 1.1, \2000
Copyright (c) 1999-2001, Romain Lievin

07 68 00 00 74 56 00 00 07 A2 0B 00 00 00 13 00 |  h  tV          
00 00 00 00 00 00 00 13 00 74 56 00 00 74 06 09 |          tV  t  
00 DC 16 13 35 00 71 00 37 9C 7E 02 07 56 00 00 |     5 q 7 ~  V  
07 09 00 00 74 56 00 00 74 15 DC 16 04 10 10 01 |     tV  t       
00 00 00 00 0C 08 20 20 20 0E 00 80 00 00 04 40 |                @
01 00 04 02 00 00 00 00 00 00 00 00 00 00 00 00 |                 
89 00 00 00 00 00 20 00 00 00 00 0C 00 00 00 00 |                 
00 00 00 00 00 00 00 00 00 00 00 00 00 00 00 00 |                 
00 00 00 00 00 00 00 00 00 00 00 00 00 00 00 00 |                 
00 00 00 00 00 00 00 00 00 00 00 00 00 00 00 00 |                 
00 00 00 00 00 00 00 00 00 00 00 00 00 00 00 00 |                 
00 00 00 00 00 00 00 00 00 00 00 00 00 00 00 00 |                 
00 00 00 00 00 00 00 00 00 00 00 00 00 00 00 00 |                 
00 00 00 00 00 00 00 00 00 00 00 00 00 00 00 00 |                 
00 00 00 00 00 00 00 00 00 00 00 00 00 00 00 00 |                 
00 00 00 00 00 00 00 00 00 00 00 00 00 00 00 00 |                 
00 00 00 00 00 00 00 00 00 00 00 00 00 00 00 00 |                 
00 00 00 00 00 00 00 00 00 00 00 00 00 00 00 00 |                 
00 00 00 00 00 00 00 00 00 00 00 00 00 00 00 00 |                 
00 00 00 00 00 00 00 00 00 00 00 00 00 00 00 00 |                 
00 00 00 00 00 00 00 00 00 00 00 00 00 00 00 00 |                 
00 00 00 00 00 00 00 00 00 00 00 00 00 00 00 00 |                 
00 00 00 00 00 00 00 00 00 00 00 00 00 00 00 00 |                 
00 00 00 00 00 00 00 00 00 00 00 00 00 00 00 00 |                 
00 00 00 00 00 00 00 00 00 00 00 00 00 00 00 00 |                 
00 00 00 00 00 00 00 00 00 00 00 00 00 00 00 00 |                 
00 00 00 00 00 00 00 00 00 00 00 00 00 00 00 00 |                 
00 00 00 00 00 00 00 00 00 00 00 00 00 00 00 00 |                 
00 00 00 00 00 00 00 00 00 00 00 00 00 00 00 00 |                 
00 00 00 00 00 00 00 00 00 00 00 00 00 00 00 00 |                 
00 00 00 00 00 00 00 00 00 00 00 00 00 00 00 00 |                 
00 00 00 00 00 00 00 00 00 00 00 00 00 00 00 00 |                 
00 00 00 00 00 00 00 00 00 00 00 00 00 00 00 00 |                 
00 00 00 00 00 00 00 00 00 00 00 00 00 00 00 00 |                 
00 00 00 00 00 00 00 00 00 00 00 00 00 00 00 00 |                 
00 00 00 00 00 00 00 00 00 00 00 00 00 00 00 00 |                 
00 00 00 00 00 00 00 00 00 00 00 00 00 00 00 00 |                 
00 00 00 00 00 00 00 00 00 00 00 00 00 00 00 00 |                 
00 00 00 00 00 00 00 00 00 00 00 00 00 00 00 00 |                 
00 00 00 00 00 00 00 00 00 00 00 00 00 00 00 00 |                 
00 00 00 00 00 00 00 00 00 00 00 00 00 00 00 00 |                 
00 00 00 00 00 00 00 00 00 00 00 00 00 00 00 00 |                 
00 00 00 00 00 00 00 00 00 00 00 00 00 00 00 00 |                 
00 00 00 00 00 00 00 00 00 00 00 00 00 00 00 00 |                 
00 00 00 00 00 00 00 00 00 00 00 00 00 00 00 00 |                 
00 00 00 00 00 00 00 00 00 00 00 00 00 00 00 00 |                 
00 00 00 00 00 00 00 00 00 00 00 00 00 00 00 00 |                 
00 00 00 00 00 00 00 00 00 00 00 00 00 00 00 00 |                 
00 00 00 00 00 00 00 00 00 00 00 00 00 00 00 00 |                 
00 00 00 00 00 00 00 00 00 00 00 00 00 00 00 00 |                 
00 00 00 00 00 00 00 00 00 00 00 00 00 00 00 00 |                 
00 00 00 00 00 00 00 00 00 00 00 00 00 00 00 00 |                 
00 00 00 00 00 00 00 00 00 00 00 00 00 00 00 00 |                 
00 00 00 00 00 00 00 00 00 00 00 00 00 00 00 00 |                 
00 00 00 00 00 00 00 00 00 00 00 00 00 00 00 00 |                 
00 00 00 00 00 00 00 00 00 00 00 00 00 00 00 00 |                 
00 00 00 00 00 00 00 00 00 00 00 00 00 00 00 00 |                 
00 00 00 00 00 00 00 00 00 00 00 00 00 00 00 00 |                 
00 00 00 00 00 00 00 00 00 00 00 00 00 00 00 00 |                 
00 00 00 00 00 00 00 00 00 00 00 00 00 00 00 00 |                 
00 00 00 00 00 00 00 00 00 00 00 00 00 00 00 00 |                 
00 00 00 00 00 00 00 00 00 00 00 00 00 00 00 00 |                 
00 00 00 00 00 00 00 00 00 00 00 00 00 00 00 00 |                 
00 00 00 00 20 20 20 20 20 20 20 20 20 20 20 20 |                 
20 20 20 20 20 20 20 20 20 20 20 20 20 20 20 20 |                 
20 20 20 20 20 20 20 20 20 20 20 20 20 20 20 20 |                 
20 20 20 20 20 20 20 20 20 20 20 20 20 20 20 20 |                 
20 20 20 20 20 20 20 20 20 20 20 20 20 20 20 20 |                 
20 20 20 20 20 20 20 20 20 20 20 20 20 20 20 20 |                 
20 20 20 20 20 20 20 20 20 20 20 20 20 20 20 20 |                 
20 20 20 20 20 20 20 20 20 20 20 20 20 20 20 20 |                 
20 20 20 20 00 00 00 08 00 00 08 08 14 17 08 00 |                 
80 00 80 7F 00 00 00 00 00 00 00 00 00 00 00 00 |                
00 00 00 19 43 42 4C 2F 43 42 52 00 19 00 00 00 |     CBL/CBR     
00 00 00 00 00 00 00 00 00 00 00 00 00 00 00 00 |                 
00 00 00 00 00 00 00 00 00 00 00 00 00 00 00 00 |                 
06 03 00 00 00 00 00 00 00 00 00 00 00 00 00 00 |                 
00 00 00 00 00 00 00 00 00 00 00 00 00 00 00 00 |                 
00 00 00 00 00 00 00 00 00 00 00 00 00 00 00 00 |                 
00 00 00 00 00 00 00 00 00 00 00 00 00 00 00 00 |                 
00 00 00 00 00 00 00 00 00 00 00 00 00 00 00 00 |                 
00 00 00 00 00 00 00 00 00 00 00 00 00 00 00 00 |                 
00 00 00 00 00 00 00 00 00 00 00 00 00 00 00 00 |                 
00 00 00 00 00 00 00 00 00 00 00 00 00 00 00 00 |                 
00 00 00 00 00 00 00 00 00 00 00 00 00 00 00 00 |                 
00 00 00 00 00 00 00 00 00 00 00 00 00 00 00 00 |                 
00 00 00 00 00 00 00 00 00 00 00 00 00 00 00 00 |                 
00 00 00 00 00 00 00 00 00 00 00 00 00 00 00 00 |                 
00 00 00 00 00 00 00 00 00 00 00 00 00 00 00 00 |                 
00 00 00 00 00 00 00 00 00 00 00 00 00 00 00 00 |                 
00 00 00 00 00 00 00 00 00 00 00 00 00 00 00 00 |                 
00 00 00 00 00 00 00 00 00 00 00 00 00 00 00 00 |                 
00 00 00 00 00 00 00 00 00 00 00 00 00 00 00 00 |                 
00 00 00 00 00 00 00 00 00 00 00 00 00 00 00 00 |                 
00 00 00 00 00 00 00 00 00 00 00 00 00 00 00 00 |                 
00 00 00 00 00 00 00 00 00 00 00 00 00 00 00 00 |                 
00 00 00 00 00 00 00 00 00 00 00 00 00 00 00 00 |                 
00 00 00 00 00 00 00 00 00 00 00 00 00 00 00 00 |                 
00 00 00 00 00 00 00 00 00 00 00 00 00 00 00 00 |                 
00 00 00 00 00 00 00 00 00 00 00 00 00 00 00 00 |                 
00 00 00 00 00 00 00 00 00 00 00 00 00 00 00 00 |                 
00 00 00 00 00 00 00 00 00 00 00 00 00 00 00 00 |                 
00 00 00 00 00 00 00 00 00 00 00 00 00 00 00 00 |                 
00 00 00 00 00 00 00 00 00 00 00 00 00 00 00 00 |                 
00 00 00 00 00 00 00 00 00 00 00 00 00 00 00 00 |                 
00 00 00 00 00 00 00 00 00 00 00 00 00 00 00 00 |                 
00 00 00 00 00 00 00 00 00 00 00 00 00 00 00 00 |                 
00 00 00 00 00 00 00 00 00 00 00 00 00 00 00 00 |                 
00 00 00 00 00 00 00 00 00 00 00 00 00 00 00 00 |                 
00 00 00 00 00 00 00 00 00 00 00 00 00 00 00 00 |                 
00 00 00 00 00 00 00 00 00 00 00 00 00 00 00 00 |                 
00 00 00 00 00 00 00 00 00 00 00 00 00 00 00 00 |                 
00 00 00 00 00 00 00 00 00 00 00 00 00 00 00 00 |                 
00 00 00 00 00 00 00 00 00 00 00 00 00 00 00 00 |                 
00 00 00 00 00 00 00 00 00 00 00 00 00 00 00 00 |                 
00 00 00 00 00 00 00 00 00 00 00 00 00 00 00 00 |                 
00 00 00 00 00 00 00 00 00 00 00 00 00 00 00 00 |                 
00 00 00 00 00 00 00 00 00 00 00 00 00 00 00 00 |                 
00 00 00 00 00 00 00 00 00 00 00 00 00 00 00 00 |                 
00 00 00 00 00 00 00 00 00 00 00 00 00 00 00 00 |                 
00 00 00 00 00 00 00 00 00 00 00 00 00 00 00 00 |                 
00 00 00 00 00 00 00 00 00 00 00 00 00 00 00 00 |                 
00 00 00 00 00 00 00 00 00 00 00 00 00 00 00 00 |                 
00 00 00 00 00 00 00 00 00 00 00 00 00 00 00 00 |                 
00 00 00 00 00 00 00 00 00 00 00 00 00 00 00 00 |                 
00 00 00 00 00 00 00 00 00 00 00 00 00 00 00 00 |                 
00 00 00 00 00 00 00 00 00 00 00 00 00 00 00 00 |                 
00 00 00 00 00 00 00 00 00 00 00 00 00 00 00 00 |                 
00 00 00 00 00 00 00 00 00 00 00 00 00 00 00 00 |                 
00 00 00 00 00 00 00 00 00 00 00 00 00 00 00 00 |                 
00 00 00 00 00 00 00 00 00 00 00 00 00 00 00 00 |                 
00 00 00 00 00 00 00 00 00 00 00 00 00 00 00 00 |                 
00 00 00 00 00 00 00 00 00 00 00 00 00 00 00 00 |                 
00 00 00 00 00 00 00 00 00 00 00 00 00 00 00 00 |                 
00 00 00 00 00 00 00 00 00 00 00 00 00 00 00 00 |                 
00 00 00 00 00 00 00 00 00 00 00 00 00 00 00 00 |                 
00 00 00 00 00 00 00 00 00 00 00 00 00 00 00 00 |                 
00 00 00 00 00 00 00 00 00 00 00 00 00 00 00 00 |                 
00 00 00 00 00 00 00 00 00 00 00 00 00 00 00 00 |                 
00 00 00 00 00 00 00 00 00 00 00 00 00 00 00 00 |                 
00 00 00 00 00 00 00 00 00 00 00 00 00 00 00 00 |                 
00 00 00 00 00 00 00 00 00 00 00 00 00 00 00 00 |                 
00 00 00 00 00 00 00 00 00 00 00 00 00 00 00 00 |                 
00 00 00 00 00 00 00 00 00 00 00 00 00 00 00 00 |                 
00 00 00 00 00 00 00 00 00 00 00 00 00 00 00 00 |                 
00 00 00 00 00 00 00 00 00 00 00 00 00 00 00 00 |                 
00 00 00 00 00 00 00 00 00 00 00 00 00 00 00 00 |                 
00 00 00 00 00 00 00 00 00 00 00 00 00 00 00 00 |                 
00 00 00 00 00 00 00 00 00 00 00 00 00 00 00 00 |                 
00 00 00 00 00 00 00 00 00 00 00 00 00 00 00 00 |                 
00 00 00 00 00 00 00 00 00 00 00 00 00 00 00 00 |                 
00 00 00 00 00 00 00 00 00 00 00 00 00 00 00 00 |                 
00 00 00 00 00 00 00 00 00 00 00 00 00 00 00 00 |                 
00 00 00 00 00 00 00 00 00 00 00 00 00 00 00 00 |                 
00 00 00 00 00 00 00 00 00 00 00 40 60 5F 5E D0 |            @`_^ 
8E 00 00 00 00 00 00 00 00 00 00 00 00 00 00 00 |                 
00 00 00 00 00 00 00 00 00 00 00 00 00 00 00 00 |                 
00 00 00 00 00 00 00 00 00 00 00 00 00 00 00 00 |                 
00 00 00 00 00 00 00 00 00 00 00 00 00 00 00 00 |                 
00 00 00 00 00 00 00 00 00 00 00 00 00 00 00 00 |                 
00 00 00 00 00 00 00 00 00 00 00 00 00 00 00 00 |                 
00 00 00 00 00 00 00 00 00 00 00 00 00 00 00 00 |                 
00 00 00 00 00 00 00 00 00 00 00 00 00 00 00 00 |                 
00 00 00 00 00 00 00 00 00 00 00 00 00 00 00 00 |                 
00 00 00 00 00 00 00 00 00 00 00 00 00 00 00 00 |                 
00 00 00 00 00 00 00 00 00 00 00 00 00 00 00 00 |                 
00 00 00 00 00 00 00 00 00 00 00 00 00 00 00 00 |                 
00 00 00 00 00 00 00 00 00 00 00 00 00 00 00 00 |                 
00 00 00 00 00 00 00 00 00 00 00 00 00 00 00 00 |                 
00 00 00 00 00 00 00 00 00 00 00 00 00 00 00 00 |                 
00 00 00 00 00 00 00 00 00 00 00 00 00 00 00 00 |                 
00 00 00 00 00 00 00 00 00 00 00 00 00 00 00 00 |                 
00 00 00 00 00 00 00 00 00 00 00 00 00 00 00 00 |                 
00 00 00 00 00 00 00 00 00 00 00 00 00 00 00 00 |                 
00 00 00 00 00 00 00 00 00 00 00 00 00 00 00 00 |                 
00 00 00 00 00 00 00 00 00 00 00 00 00 00 00 00 |                 
00 00 00 00 00 00 00 00 00 00 00 00 00 00 00 00 |                 
00 00 00 00 00 00 00 00 00 00 00 00 00 00 00 00 |                 
00 00 00 00 00 00 00 00 00 00 00 00 00 00 00 00 |                 
00 00 00 00 00 00 00 00 00 00 00 00 00 00 00 00 |                 
00 00 00 00 00 00 00 00 00 00 00 00 00 00 00 00 |                 
00 00 00 00 00 00 00 00 00 00 00 00 00 00 00 00 |                 
00 00 00 00 00 00 00 00 00 00 00 00 00 00 00 00 |                 
00 00 00 00 00 00 00 00 00 00 00 00 00 00 00 00 |                 
00 00 00 00 00 00 00 00 00 00 00 00 00 00 00 00 |                 
00 00 00 00 00 00 00 00 00 00 00 00 00 00 00 00 |                 
00 00 00 00 00 00 00 00 00 00 00 00 00 00 00 00 |                 
00 00 00 FF D5 90 00 00 00 00 00 00 00 00 00 00 |                 
00 00 00 00 00 00 00 00 00 00 00 00 00 00 00 00 |                 
00 00 00 00 00 00 00 00 00 00 00 00 00 00 00 00 |                 
00 00 00 00 00 00 00 00 00 00 00 00 00 00 00 00 |                 
00 00 00 00 00 00 00 00 00 00 00 00 00 00 00 00 |                 
00 00 00 00 00 00 00 00 00 00 00 00 00 00 00 00 |                 
00 00 00 00 00 00 00 00 00 00 00 00 00 00 00 00 |                 
00 00 00 00 00 00 00 00 00 00 00 00 00 00 00 00 |                 
00 00 00 00 00 00 00 00 00 00 00 00 00 00 00 00 |                 
00 00 00 00 00 00 00 00 00 00 00 00 00 00 00 00 |                 
00 00 00 00 00 00 00 00 00 00 00 00 00 00 00 00 |                 
00 00 00 00 00 00 00 00 00 00 00 00 00 00 00 00 |                 
00 00 00 00 00 00 00 00 00 00 00 00 00 00 00 00 |                 
00 00 00 00 00 00 00 00 00 00 00 00 00 00 00 00 |                 
00 00 00 00 00 00 00 00 00 00 00 00 00 00 00 00 |                 
00 00 00 00 00 00 00 00 00 00 00 00 00 00 00 00 |                 
00 00 00 00 00 00 00 00 00 00 00 00 00 00 00 00 |                 
00 00 00 00 00 00 00 00 00 00 00 00 00 00 00 00 |                 
00 00 00 00 00 00 00 00 00 00 00 00 00 00 00 00 |                 
00 00 00 00 00 00 00 00 00 00 00 00 00 00 00 00 |                 
00 00 00 00 00 00 00 00 00 00 00 00 00 00 00 00 |                 
00 00 00 00 00 00 00 00 00 00 00 00 00 00 00 00 |                 
00 00 00 00 00 00 00 00 00 00 00 00 00 00 00 00 |                 
00 00 00 00 00 00 00 00 00 00 00 00 00 00 00 00 |                 
00 00 00 00 00 00 00 00 00 00 00 00 00 00 00 00 |                 
00 00 00 00 00 00 00 00 00 00 00 00 00 00 00 00 |                 
00 00 00 00 00 00 00 00 00 00 00 00 00 00 00 00 |                 
00 00 00 00 00 00 00 00 00 00 00 00 00 00 00 00 |                 
00 00 00 00 00 00 00 00 00 00 00 00 00 00 00 00 |                 
00 00 00 00 00 00 00 00 00 00 00 00 00 00 00 00 |                 
00 00 00 00 00 00 00 00 00 00 00 00 00 00 00 00 |                 
00 00 00 00 00 00 00 00 00 00 00 00 00 00 00 00 |                 
00 00 00 00 00 00 00 00 00 00 00 00 00 00 00 00 |                 
00 00 00 00 00 00 00 00 00 00 00 00 00 00 00 00 |                 
00 00 00 00 CF 00 80 81 10 00 00 00 00 00 00 00 |                 
81 10 00 00 00 00 00 00 00 80 10 00 00 00 00 00 |                 
00 80 81 10 00 00 00 00 00 00 00 81 10 00 00 00 |                 
00 00 00 00 80 10 00 00 00 00 00 00 00 00 00 00 |                 
00 00 00 00 00 00 00 00 00 00 00 00 00 00 00 00 |                 
00 00 00 00 00 00 00 00 00 00 00 00 00 00 00 00 |                 
00 00 00 00 00 00 00 00 00 00 00 00 00 00 00 00 |                 
00 00 00 00 00 00 00 00 00 00 00 00 00 00 00 00 |                 
00 00 00 00 00 00 00 00 00 00 00 00 00 00 00 00 |                 
00 00 00 00 00 00 00 00 00 00 00 00 00 00 00 00 |                 
00 00 00 00 00 00 00 00 00 00 00 00 00 00 00 00 |                 
00 00 00 00 00 00 00 00 00 00 00 00 00 00 00 00 |                 
00 00 00 00 00 00 00 00 00 00 00 00 00 00 00 00 |                 
00 00 00 00 00 D0 00 00 80 81 10 00 00 00 00 00 |                 
00 00 81 10 00 00 00 00 00 00 00 80 10 00 00 00 |                 
00 00 00 80 81 10 00 00 00 00 00 00 00 81 10 00 |                 
00 00 00 00 00 00 80 10 00 00 00 00 00 00 00 00 |                 
00 00 00 00 00 00 00 00 00 00 00 00 00 00 00 00 |                 
00 00 00 00 00 00 00 00 00 00 00 00 00 00 00 00 |                 
00 00 00 00 00 00 00 00 00 00 00 00 00 00 00 00 |                 
00 00 00 00 00 00 00 00 00 00 00 00 00 00 00 00 |                 
00 00 00 00 00 00 0E 80 00 00 00 00 00 00 00 0E |                 
80 00 00 00 00 00 00 00 0E 80 00 00 00 00 00 00 |                 
00 0E 80 00 00 00 00 00 00 00 0E 80 00 00 00 00 |                 
00 00 00 0E 80 00 00 00 00 00 00 00 00 00 00 00 |                 
00 00 00 00 00 40 80 10 00 00 00 00 00 00 0E 80 |      @          
00 00 00 00 00 00 00 00 80 00 00 00 00 00 00 00 |                 
00 00 00 00 00 00 00 00 00 00 00 00 00 00 00 00 |                 
00 00 00 00 00 00 00 00 00 00 00 00 00 00 00 00 |                 
00 00 00 00 00 00 00 00 00 00 00 00 00 00 00 00 |                 
00 00 00 00 00 00 00 00 00 00 00 00 00 00 00 00 |                 
00 00 00 00 00 00 00 00 00 00 00 00 00 00 00 00 |                 
00 00 00 00 00 00 00 00 00 00 00 00 00 00 00 00 |                 
00 00 00 00 00 00 00 00 00 00 00 00 00 80 40 00 |               @ 
00 00 00 00 00 00 80 40 00 00 00 00 00 00 00 00 |        @        
7F 21 27 65 95 74 46 81 00 7F 32 25 80 64 51 61 | !'e tF  2% dQa
29 00 80 47 00 00 00 00 00 00 00 80 31 00 00 00 | )  G        1   
00 00 00 00 00 00 00 00 00 00 00 00 00 00 00 00 |                 
00 00 00 00 00 00 00 00 00 F9 FF 00 00 F9 FF 00 |                 
00 F9 FF 00 00 00 00 00 00 00 00 00 00 00 00 00 |                 
00 00 00 00 00 00 00 00 00 00 00 00 00 00 00 00 |                 
00 00 00 00 00 00 00 00 00 00 00 00 00 00 00 00 |                 
00 00 00 00 00 00 00 00 00 00 00 00 00 01 00 00 |                 
00 00 00 00 00 00 00 00 00 00 00 00 00 00 00 00 |                 
00 00 00 00 00 00 00 00 00 00 00 00 00 00 00 00 |                 
00 00 00 00 00 00 00 00 00 00 00 00 00 00 00 00 |                 
00 00 00 00 00 00 00 00 00 00 00 00 00 00 00 00 |                 
00 00 00 00 00 00 00 00 00 00 00 00 00 00 00 00 |                 
00 00 00 00 00 00 00 00 00 00 00 00 00 00 00 00 |                 
00 00 00 00 00 00 00 00 00 00 00 00 00 00 00 00 |                 
00 00 00 00 00 00 00 00 00 00 00 00 00 00 00 00 |                 
00 00 00 00 00 00 00 00 00 00 00 00 00 00 00 00 |                 
00 00 00 00 00 00 00 00 00 00 00 00 00 00 00 00 |                 
00 00 00 00 00 00 00 00 00 00 00 00 00 00 00 00 |                 
00 00 00 00 00 00 00 03 00 00 00 00 00 00 00 00 |                 
00 00 00 00 00 00 00 00 00 00 00 00 00 00 00 00 |                 
00 00 00 00 00 00 00 00 00 00 00 00 00 00 00 00 |                 
00 00 00 00 00 00 00 00 00 00 00 00 9C CF FD 00 |                 
00 00 00 00 00 00 00 00 00 00 00 61 00 F9 00 00 |            a    
00 00 00 00 07 56 00 00 74 15 35 00 00 00 00 01 |      V  t 5     
00 00 80 00 00 00 00 00 00 00 00 00 00 00 00 07 |                 
56 00 00 74 15 71 00 00 02 5D 03 9C 5A 01 00 01 | V  t q   ]  Z   
5D 03 9C 58 01 00 03 5D 03 9C 56 01 00 04 5D 03 | ]  X   ]  V   ] 
9C 54 01 5D 03 9C 50 01 00 05 23 01 9C 40 05 5C |  T ]  P   #  @ \
03 00 10 5E 9C 9C 62 03 00 82 5E 66 03 00 07 56 |    ^  b   ^f   V
00 00 