AVR decoder, version 1.1, \2000
Copyright (c) 1999-2001, Romain Lievin

07 A2 0B 00 00 00 01 5D 01 00 00 00 00 00 00 5F |        ]       _
00 74 56 00 00 74 06 0B 00 02 00 01 5D 01 00 00 |  tV  t      ]   
00 00 00 00 61 00 07 56 00 00 07 09 00 00 74 56 |     a  V      tV
00 00 74 15 02 00 00 00 00 00 07 56 00 00 07 A2 |   t        V    
0B 00 00 00 01 5D 02 00 00 00 00 00 00 60 00 74 |      ]       ` t
56 00 00 74 06 0B 00 02 00 01 5D 02 00 00 00 00 | V  t      ]     
00 00 62 00 07 56 00 00 07 09 00 00 74 56 00 00 |   b  V      tV  
74 15 02 00 00 00 00 00 07 56 00 00 07 A2 0B 00 | t        V      
00 00 01 5D 03 00 00 00 00 00 00 61 00 74 56 00 |    ]       a tV 
00 74 06 0B 00 02 00 01 5D 03 00 00 00 00 00 00 |  t      ]       
63 00 07 56 00 00 07 09 00 00 74 56 00 00 74 15 | c  V      tV  t 
02 00 00 00 00 00 07 56 00 00 07 A2 0B 00 00 00 |        V        
01 5D 04 00 00 00 00 00 00 62 00 74 56 00 00 74 |  ]       b tV  t
06 0B 00 02 00 01 5D 04 00 00 00 00 00 00 64 00 |       ]       d 
07 56 00 00 07 09 00 00 74 56 00 00 74 15 02 00 |  V      tV  t   
00 00 00 00 07 56 00 00 07 A2 0B 00 00 00 01 5D |      V         ]
05 00 00 00 00 00 00 63 00 74 56 00 00 74 06 0B |        c tV  t  
00 02 00 01 5D 05 00 00 00 00 00 00 65 00 07 56 |     ]       e  V
00 00 07 09 00 00 74 56 00 00 74 15 02 00 00 00 |       tV  t     
00 00 07 56 00 00 07 A2 0B 00 00 00 01 5D 06 00 |    V         ]  
00 00 00 00 00 64 00 74 56 00 00 74 06 0B 00 02 |      d tV  t    
00 01 5D 06 00 00 00 00 00 00 66 00 07 56 00 00 |   ]       f  V  
07 09 00 00 74 56 00 00 74 15 02 00 00 00 00 00 |     tV  t       
07 56 00 00 07 A2 0B 00 00 00 0F 00 00 00 00 00 |  V              
00 00 00 0F 00 74 56 00 00 74 06 0B 00 D2 00 0F |      tV  t      
00 00 00 00 00 00 00 00 E1 00 07 56 00 00 07 09 |            V    
00 00 74 56 00 00 74 15 D2 00 D0 00 00 80 81 10 |   tV  t         
00 00 00 00 00 00 00 81 10 00 00 00 00 00 00 00 |                 
80 10 00 00 00 00 00 00 80 81 10 00 00 00 00 00 |                 
00 00 81 10 00 00 00 00 00 00 00 80 10 00 00 00 |                 
00 00 00 00 00 00 00 00 00 00 00 00 00 00 00 00 |                 
00 00 00 00 00 00 00 00 00 00 00 00 00 00 00 00 |                 
00 00 00 00 00 00 00 00 00 00 00 00 00 00 00 00 |                 
00 00 00 00 00 00 00 00 00 00 00 00 00 00 00 00 |                 
00 00 00 00 00 00 00 00 00 00 00 0E 80 00 00 00 |                 
00 00 00 00 0E 80 00 00 00 00 00 00 00 0E 80 00 |                 
00 00 00 00 00 00 0E 80 00 00 00 00 00 00 00 0E |                 
80 00 00 00 00 00 00 00 0E 80 00 00 00 00 00 00 |                 
00 00 00 00 00 00 00 00 00 00 40 80 10 00 00 00 |           @     
00 00 00 0E 80 00 00 00 00 00 00 00 E6 09 07 56 |                V
00 00 07 A2 0B 00 00 00 11 00 00 00 00 00 00 00 |                 
00 11 00 74 56 00 00 74 06 0B 00 14 00 11 00 00 |    tV  t        
00 00 00 00 00 00 25 00 07 56 00 00 07 09 00 00 |       %  V      
74 56 00 00 74 15 14 00 12 00 00 80 00 00 00 00 | tV  t           
00 00 00 00 80 10 00 00 00 00 00 00 22 01 07 56 |             "  V
00 00 