AVR decoder, version 1.1, \2000
Copyright (c) 1999-2001, Romain Lievin

07 68 00 00 74 56 00 00 07 A2 0B 00 00 00 19 00 |  h  tV          
00 00 00 00 00 00 00 19 00 74 56 00 00 74 15 02 |          tV  t  
00 8A 61 EB 00 07 56 00 00 74 06 0B 00 02 00 01 |   a   V  t      
5D 01 00 00 00 00 00 00 61 00 07 56 00 00 74 06 | ]       a  V  t 
0B 00 02 00 01 5D 02 00 00 00 00 00 00 62 00 07 |      ]       b  
56 00 00 74 06 0B 00 02 00 01 5D 03 00 00 00 00 | V  t      ]     
00 00 63 00 07 56 00 00 74 06 0B 00 02 00 01 5D |   c  V  t      ]
04 00 00 00 00 00 00 64 00 07 56 00 00 74 06 0B |        d  V  t  
00 02 00 01 5D 05 00 00 00 00 00 00 65 00 07 56 |     ]       e  V
00 00 74 06 0B 00 02 00 01 5D 06 00 00 00 00 00 |   t      ]      
00 66 00 07 56 00 00 74 06 0B 00 01 08 24 43 42 |  f  V  t     $CB
4C 2F 43 42 52 00 04 02 07 56 00 00 74 92 0B 00 | L/CBR    V  t   
07 56 00 00 07 A2 0B 00 00 00 24 43 42 4C 2F 43 |  V        $CBL/C
42 52 00 FB 01 74 56 00 00 74 06 0A 00 80 00 24 | BR   tV  t     $
43 42 4C 00 40 00 52 07 02 07 56 00 00 07 09 00 | CBL @ R   V     
00 74 56 00 00 74 15 80 00 80 0F 00 00 38 E8 80 |  tV  t       8  
12 01 02 80 21 01 80 31 01 80 47 43 42 4C 2F 43 |     !  1  GCBL/C
42 52 80 81 01 80 B1 01 03 26 09 04 02 97 22 80 | BR       &    " 
02 0D 40 1A 3E 97 6F CA 70 B9 AA AE CD 7D C7 22 |   @ > o p    } "
31 48 3D 9D 27 F0 29 D9 3A A2 2E A5 50 F7 FD DC | 1H= ' ) : . P   
3B EA 77 75 77 3C E2 28 CD FE 4C 0C D1 91 BA FC | ; wuw< (  L     
03 A2 6C A6 35 14 A4 B4 2C 18 37 D3 9A D2 7A 2D |   l 5   , 7   z-
9F F3 64 80 7F 00 00 00 00 00 CD 5C 00 EF DF 4B |   d       \   K
21 EF 40 22 B3 85 21 6D 42 B4 32 07 56 00 00 74 | ! @"  !mB 2 V  t
06 0A 00 80 00 24 43 42 4C 80 40 00 52 87 02 07 |      $CBL @ R   
56 00 00 07 09 00 00 74 56 00 00 74 15 80 00 CD | V      tV  t    
6E 42 EF AA 44 FD CB 02 CE 0E 40 21 24 41 0D 7E | nB  D     @!$A ~
FE FF 28 21 47 23 7E FE FF 28 1A E6 F0 EF E6 41 |   (!G#~  (     A
E5 F5 C5 EF 56 4A C1 04 F1 3D 20 F5 E1 7E E6 0F |     VJ   =   ~  
28 03 80 18 DF 23 79 FE 1A 20 D3 01 22 28 21 F3 | (    #y     "(! 
40 CD 11 41 01 19 39 21 01 41 CD 11 41 EF 6D 48 | @  A  9! A  A mH
FD CB 02 8E 21 08 80 01 59 00 EF 47 4A 3A BE 85 |     !   Y  GJ:  
32 8B 89 C3 69 42 21 69 42 CD 50 00 3F 4C EF B3 | 2   iB!iB P ?L  
4A C9 76 65 72 73 69 6F 6E 20 20 20 31 2E 33 E1 | J version   1.3 
36 07 56 00 00 74 06 0A 00 80 00 24 43 42 4C 00 | 6 V  t     $CBL 
41 00 52 08 02 07 56 00 00 07 09 00 00 74 56 00 | A R   V      tV 
00 74 15 80 00 00 50 52 45 53 53 20 20 41 4E 59 |  t    PRESS  ANY
20 20 4B 45 59 00 ED 43 D2 89 11 2B 84 01 14 00 |   KEY  C   +    
ED B0 21 2B 84 EF C8 44 C9 15 40 15 40 15 42 10 |   !+   D  @ @ B 
15 53 20 15 51 11 30 15 32 22 20 15 32 22 30 12 |  S  Q 0 2"  2"0 
71 21 50 12 71 11 60 13 61 11 61 50 14 54 42 11 | q!P q ` a aP TB 
11 11 41 21 23 14 30 15 11 24 35 14 11 12 11 14 |   A!# 0  $5     
13 12 10 17 31 37 14 24 14 11 13 10 18 67 14 15 |     17 $     g  
14 34 10 18 58 14 11 12 11 12 13 11 12 10 1A 37 |  4  X          7
32 41 21 21 21 DB 19 07 56 00 00 74 06 0A 00 80 | 2A!!!   V  t    
00 24 43 42 4C 80 41 00 52 88 02 07 56 00 00 07 |  $CBL A R   V   
09 00 00 74 56 00 00 74 15 80 00 21 30 1B 20 12 |    tV  t   !0   
30 13 11 21 31 31 51 32 31 21 13 21 41 21 81 30 | 0  !11Q21! !A! 0
13 12 12 11 12 11 11 11 11 12 12 12 12 21 23 11 |              !# 
12 12 11 11 11 22 10 13 12 21 12 15 13 12 12 12 |      "   !      
12 11 11 13 23 21 13 13 10 13 12 11 23 14 13 33 |     #!      #  3
12 12 13 13 14 11 23 14 10 13 12 12 11 12 13 13 |       #         
11 13 12 12 13 13 11 12 12 13 12 12 10 12 61 11 |               a 
33 31 31 13 22 31 31 41 31 12 31 30 FF FF 54 17 | 311 "11A1 10  T 
10 53 11 31 11 11 10 15 62 62 2F 7C 10 07 56 00 |  S 1    bb/|  V 
00 74 06 0A 00 80 00 24 43 42 4C 00 42 00 52 09 |  t     $CBL B R 
02 07 56 00 00 07 09 00 00 74 56 00 00 74 15 80 |   V      tV  t  
00 21 62 62 64 12 12 31 10 14 81 71 2E 21 81 71 |  !bbd  1   q.! q
73 12 12 11 11 10 14 24 21 23 21 2D 22 24 21 23 | s      $!#!-"$!#
21 23 24 17 10 14 27 23 21 2C 23 27 23 21 23 20 | !#$   '#!,#'#!# 
14 27 62 2B 24 27 62 70 14 27 71 2A 25 27 71 60 |  'b+$'bp 'q*%'q`
14 27 23 21 29 26 27 23 21 21 20 14 24 21 23 21 |  '#!)&'#!!  $!#!
28 27 24 21 23 21 22 20 14 81 71 72 28 81 71 23 | ('$!#!"   qr( q#
20 15 62 62 71 2A 62 62 24 20 00 C3 87 50 C9 22 |   bbq*bb$    P "
AB 85 DB 06 32 BE 85 C9 11 04 00 ED 53 E2 83 C5 |     2       S   
F5 BF 1F 07 56 00 00 74 06 0A 00 80 00 24 43 42 |     V  t     $CB
4C 80 42 00 52 89 02 07 56 00 00 07 09 00 00 74 | L B R   V      t
56 00 00 74 15 80 00 3A 27 9B 47 7E 23 B7 37 28 | V  t   :' G~# 7(
09 EF 6B 44 3A E2 83 B8 38 F1 C1 78 C1 C9 FD CB |   kD:   8  x    
0D B6 FD CB 0D CE CD D5 42 FD CB 0C A6 3A BE 85 |         B    :  
32 EE 84 21 F4 42 22 E2 84 21 BA 43 22 E6 84 21 | 2  ! B"  ! C"  !
E5 43 22 E8 84 21 2B 44 22 E4 84 EF 4E 49 21 80 |  C"  !+D"   NI! 
84 22 7B 9A 22 79 9A CD 50 00 15 40 21 07 00 22 |  "{ "y  P  @!  "
E2 83 EF B9 44 21 EB 42 CD 7E 42 3A E3 83 32 28 |     D! B ~B:  2(
9B C9 43 6F 6D 6D 65 6E 74 3D 00 FE 0C C8 FE 40 |   Comment=     @
20 0E F1 F1 F1 F1 CD 47 3D 07 56 00 00 74 06 0A |        G= V  t  
00 80 00 24 43 42 4C 00 43 00 52 0A 02 07 56 00 |    $CBL C R   V 
00 07 09 00 00 74 56 00 00 74 15 80 00 D5 43 ED |      tV  t    C 
7B B0 82 C3 B0 50 FE 05 C2 58 43 EF B0 4A EF 2E | {    P   XC  J .
48 CD C2 43 2A 77 9A ED 5B 79 9A EF 03 40 28 09 | H  C*w  [y   @( 
3E 00 77 23 EF 03 40 20 F9 21 7B 84 11 80 84 21 | > w#  @  !{    !
7A 84 11 2D 84 EF 47 41 2A 77 9A 11 7A 84 B7 ED | z  -  GA*w  z   
52 C8 7D 32 2C 84 3E 18 32 2B 84 F1 F1 F1 F1 CD | R }2, > 2+      
D5 43 C3 BB 51 FE 09 20 1F EF 58 48 2A 7B 9A ED |  C  Q     XH*{  
5B 79 9A EF 03 40 C8 EF B9 44 EF 40 48 21 7A 84 | [y   @   D @H!z 
EF E0 41 FD CB 05 A6 C9 FD CB 05 76 28 56 3E 07 |   A        v(V> 
56 00 00 74 06 0A 00 80 00 24 43 42 4C 80 43 00 | V  t     $CBL C 
52 8A 02 07 56 00 00 07 09 00 00 74 56 00 00 74 | R   V      tV  t
15 80 00 1E FE 01 28 16 FE 02 28 12 FE 0A 38 04 |       (   (   8 
FE 10 38 0A EF 3A 48 28 05 F5 CD 5C 43 F1 FD CB |   8  :H(   \C   
05 B6 F5 FE 5A 38 10 EF DF 48 7A B7 28 02 F1 C9 |     Z8   Hz (   
EF F5 44 FE 01 20 F7 F1 CD 50 00 8D 46 CD D5 43 |   D      P  F  C
CD 50 00 39 40 EF C2 44 7E FE 20 C8 3A E3 83 3C |  P 9@  D~   :  <
B7 C8 32 E3 83 23 18 F0 EF 50 4A 21 07 00 22 E2 |   2  #   PJ!  " 
83 EF B9 44 EF D7 44 C9 EF 0B 4D FD CB 21 CE 3E |    D  D   M  ! >
0C 32 9F 82 FD CB 0D CE EF 0B 4D EF A7 44 EF 0E |  2        M  D  
4D 21 07 35 3E 07 56 00 00 74 06 0A 00 80 00 24 | M! 5> V  t     $
43 42 4C 00 44 00 52 0B 02 07 56 00 00 07 09 00 | CBL D R   V     
00 74 56 00 00 74 15 80 00 00 22 E2 83 21 61 9A |  tV  t    "  !a 
06 0F 7E 23 EF 6B 44 10 F9 7E EF 68 44 EF 11 4D |   ~# kD  ~ hD  M
3A 0A 80 B7 20 0F CD CD 45 CD 58 48 CD 86 44 FD | :       E XH  D 
CB 0D CE C9 C9 CD 63 46 CD 58 48 CD CC 46 FD CB |       cF XH  F  
0D CE C9 FD 36 21 00 21 74 48 11 9F 82 01 04 00 |     6! !tH      
ED B0 EF A7 44 CD BE 45 D7 38 03 EF 2A 43 21 01 |     D  E 8  *C! 
00 EF FA 42 C9 B7 28 06 CD A6 47 3E 01 C9 CD 9C |    B  (   G>    
47 3E 00 C9 CD B0 47 3E 02 C9 B7 20 06 CD C4 47 | G>    G>       G
3E 04 C9 CD CB 47 3E 05 C9 5F 3A 07 56 00 00 74 | >    G>  _: V  t
06 0A 00 80 00 24 43 42 4C 80 44 00 52 8B 02 07 |      $CBL D R   
56 00 00 07 09 00 00 74 56 00 00 74 15 80 00 CD | V      tV  t    
BA 47 3E 03 C9 EF F9 40 21 38 80 EF ED 40 3E 0C |  G>    @!8   @> 
38 0D 28 0B 21 41 80 EF ED 40 3E 52 DC 66 45 21 | 8 ( !A   @>R fE!
9F 82 BE 28 24 38 10 F5 34 7E CD CD 44 F1 21 9F |    ($8  4~  D ! 
82 BE CA 19 46 18 F0 3C 34 F5 35 7E 06 00 CD CF |     F  <4 5~    
44 F1 21 9F 82 BE 20 F1 35 C3 19 46 06 01 C5 CD | D !     5  F    
0C 45 C1 4B 1E 05 C5 D5 F3 3A 9A 84 EF 9D 42 EF |  E K     :    B 
51 40 D3 10 EF A0 42 3A 98 84 EF 51 40 D3 10 EF | Q@    B:   Q@   
65 44 04 10 03 B1 18 03 B1 18 01 A9 EF 51 40 85 | eD           Q@ 
38 07 56 00 00 74 06 0A 00 80 00 24 43 42 4C 00 | 8 V  t     $CBL 
45 00 52 0C 02 07 56 00 00 07 09 00 00 74 56 00 | E R   V      tV 
00 74 15 80 00 D3 11 D1 C1 21 9A 84 34 1D 20 CC |  t       !  4   
C9 47 21 2A 45 16 00 E6 07 5F 19 5E 62 CB 38 CB |  G!*E    _ ^b 8 
38 CB 38 78 F6 20 32 98 84 3E 9D 32 9A 84 C9 80 | 8 8x  2  > 2    
40 20 10 08 04 02 01 21 38 80 01 78 48 11 96 82 | @      !8  xH   
D5 C5 EF 71 41 E7 EF 6F 40 E1 EF 71 41 EF 99 40 |    qA  o@  qA  @
EF 96 40 21 2F 84 06 03 3E 50 CD A1 45 21 2F 84 |   @!/   >P  E!/ 
06 05 EF E3 41 D1 CD 50 00 74 41 21 38 80 EF 71 |     A  P tA!8  q
41 EF 6F 40 21 96 82 EF 71 41 EF 84 40 CD 87 45 | A o@!   qA  @  E
EF AB 49 7A B7 3C 37 07 56 00 00 74 06 0A 00 80 |   Iz <7 V  t    
00 24 43 42 4C 80 45 00 52 8C 02 07 56 00 00 07 |  $CBL E R   V   
09 00 00 74 56 00 00 74 15 80 00 3E FF C0 7B C6 |    tV  t   >  { 
0C C9 3A 2C 84 D6 7F 38 2B 28 22 06 02 21 2E 84 |   :,  8+("  !. 
FE 02 3E 50 28 06 3E 05 30 02 05 2B EF 07 42 D0 |   >P( > 0  +  B 
21 2D 84 36 10 23 36 00 CD 50 00 64 42 3A 2D 84 | !- 6 #6  P dB:- 
FE 50 30 EC CD 50 00 D1 41 EF D7 41 3E 01 32 2B |  P0  P  A  A> 2+
84 21 5D 01 22 2C 84 C9 FD CB 02 CE 01 24 0C C5 |  !] ",       $  
50 1E 1C D5 EF FF 46 C1 16 53 59 D5 EF FF 46 D1 | P     F  SY   F 
42 0E 24 C5 EF FF 46 D1 C1 EF FF 46 3E 26 21 38 | B $   F    F>&!8
80 E5 32 D3 89 3E 0A CD 06 46 E1 DF 33 07 56 00 |   2  >   F  3 V 
00 74 06 0A 00 80 00 24 43 42 4C 00 46 00 52 0D |  t     $CBL F R 
02 07 56 00 00 07 09 00 00 74 56 00 00 74 15 80 |   V      tV  t  
00 11 09 00 19 3E 51 E7 21 2B 84 CB 7E 28 02 D6 |      >Q !+  ~(  
02 32 D2 89 3E 05 CD 3D 4A C9 EF 1A 41 DF FD CB |  2  >  =J   A   
0D 8E 21 20 30 22 D2 89 3E 05 CD 3D 4A 3E 34 21 |   ! 0"  >  =J>4!
D2 89 96 28 08 47 3E 20 EF C5 44 10 F9 21 FF 00 |    ( G>   D  !  
2B 7C B5 20 FB EF 57 43 3A A3 82 21 9C 48 CD 90 | +|    WC:  ! H  
4B EF 71 41 21 34 30 22 D2 89 EF 04 48 21 36 84 | K qA!40"    H!6 
EF C8 44 C9 FD CB 02 CE 01 14 0C 59 16 52 EF FF |   D        Y R  
46 06 5F 21 DC 49 11 7D 49 C5 1A 13 C6 15 4F 7E | F _! I }I     O~
23 B2 33 07 56 00 00 74 06 0A 00 80 00 24 43 42 | # 3 V  t     $CB
4C 80 46 00 52 8D 02 07 56 00 00 07 09 00 00 74 | L F R   V      t
56 00 00 74 15 80 00 E5 D5 F5 C6 2F 47 C5 EF 56 | V  t       /G  V
4A C1 F1 ED 44 C6 2F 47 EF 56 4A D1 E1 C1 10 DF | J   D /G VJ     
21 38 80 3E 2E C3 F6 45 21 38 80 01 93 48 11 96 | !8 >.  E!8   H  
82 C3 3B 45 21 38 80 EF 71 41 EF 6F 40 21 96 82 |   ;E!8  qA o@!  
EF 71 41 EF 84 40 CD 87 45 EF AB 49 7A B7 7B C8 |  qA  @  E  Iz { 
3E FF C9 FD CB 02 CE EF F9 40 21 38 80 EF ED 40 | >        @!8   @
3E 00 38 0D 28 0B 21 41 80 EF ED 40 3E B4 DC AD | > 8 ( !A   @>   
46 FD CB 21 4E FD CB 21 8E 20 14 21 A0 82 BE 28 | F  !N  !   !   (
49 F5 ED 4B A1 82 11 2D 40 07 56 00 00 74 06 0A | I  K   -@ V  t  
00 80 00 24 43 42 4C 00 47 00 52 0E 02 07 56 00 |    $CBL G R   V 
00 07 09 00 00 74 56 00 00 74 15 80 00 15 2F 26 |      tV  t    /&
00 EF 02 47 F1 32 A0 82 FD CB 21 86 FE 5B 38 08 |    G 2    !  [8 
ED 44 C6 B4 FD CB 21 C6 5F 16 00 21 C7 48 19 46 |  D    ! _  ! H F
3E 2F 80 FD CB 21 46 20 02 90 90 47 21 22 49 19 | >/   !F    G!"I 
7E C6 15 4F ED 43 A1 82 11 15 2F 26 01 EF FF 46 | ~  O C    /&   F
C3 19 46 EF F7 42 13 13 C9 CD 46 47 C1 E5 C5 3E |   F  B    FG   >
01 CD 6D 47 3E 01 CD 6D 47 C9 21 03 00 CD 46 47 |   mG>  mG !   FG
C1 E5 C5 3E 01 CD 6D 47 3E 0B D5 EF C0 46 D1 21 |    >  mG>    F !
2B 84 EF 41 41 C9 21 03 00 CD 46 47 E5 83 36 07 | +  AA !   FG  6 
56 00 00 74 06 0A 00 80 00 24 43 42 4C 80 47 00 | V  t     $CBL G 
52 8E 02 07 56 00 00 07 09 00 00 74 56 00 00 74 | R   V      tV  t
15 80 00 3E 01 CD 6D 47 AF CD 6D 47 18 06 21 03 |    >  mG  mG  ! 
00 CD 4C 47 AF CD 6D 47 CD 3C 48 E1 CB FE C9 21 |   LG  mG <H    !
03 00 CD 4C 47 3E 0A 18 EC 21 03 00 CD 4C 47 3E |    LG>   !   LG>
0B 18 E2 21 03 00 CD 4C 47 3E 0C 18 D8 21 03 00 |    !   LG>   !  
CD 4C 47 3E 02 18 CE CD 5D 47 3E 02 18 C7 CD 5D |  LG>    ]G>    ]
47 3E 03 18 C0 21 04 00 CD 46 47 E5 3E 03 CD 6D | G>   !   FG >  m
47 21 81 48 EF 41 41 21 8A 48 EF 41 41 18 A5 FD | G! H AA! H AA   
CB 09 66 C4 0F 58 21 02 00 CD 46 47 E5 3E 06 CD |   f  X!   FG >  
6D 47 18 E2 2D 07 56 00 00 74 06 0A 00 80 00 24 | mG  - V  t     $
43 42 4C 00 48 00 52 0F 02 07 56 00 00 07 09 00 | CBL H R   V     
00 74 56 00 00 74 15 80 00 90 21 04 00 CD 46 47 |  tV  t    !   FG
E5 3E 03 CD 6D 47 21 53 80 EF 41 41 18 CF 21 01 |  >  mG!S  AA  ! 
00 CD 46 47 E5 3E 07 C3 92 47 21 04 00 CD 46 47 |   FG >   G!   FG
E5 3E 03 CD 6D 47 21 53 80 EF 41 41 21 4A 80 EF |  >  mG!S  AA!J  
41 41 C3 91 47 EF 1A 41 FD CB 09 A6 EF F1 48 C9 | AA  G  A      H 
CD BE 45 EF 97 4B FD CB 2F 5E 28 05 CD 50 00 38 |   E  K  /^(  P 8
4A CD BE 45 D7 1A 13 13 EB E7 C9 00 80 00 00 00 | J  E            
00 00 00 00 00 81 12 00 00 00 00 00 00 0C 00 15 |                 
11 00 81 70 00 00 00 00 00 F2 2C 07 56 00 00 74 |    p      , V  t
06 0A 00 80 00 24 43 42 4C 80 48 00 52 8F 02 07 |      $CBL H R   
56 00 00 07 09 00 00 74 56 00 00 74 15 80 00 00 | V      tV  t    
00 7F 10 00 00 00 00 00 00 80 80 10 00 00 00 00 |                
00 00 00 82 18 00 00 00 00 00 00 A8 48 AB 48 AE |             H H 
48 B5 48 BB 48 C2 48 14 43 00 14 46 00 6D 57 2F | H H H H C  F mW/
63 6D 12 00 56 6F 6C 74 73 00 4D 65 74 65 72 73 | cm  Volts Meters
00 46 65 65 74 00 1E 1E 1E 1E 1E 1E 1E 1E 1E 1E |  Feet           
1E 1D 1D 1D 1D 1D 1D 1D 1D 1C 1C 1C 1C 1C 1B 1B |                 
1B 1B 1A 1A 1A 1A 19 19 19 19 18 18 18 17 17 17 |                 
16 16 16 15 15 14 14 14 13 13 12 12 12 11 11 57 |                W
16 07 56 00 00 74 06 0A 00 80 00 24 43 42 4C 00 |   V  t     $CBL 
49 00 52 10 02 07 56 00 00 07 09 00 00 74 56 00 | I R   V      tV 
00 74 15 80 00 10 10 0F 0F 0F 0E 0E 0D 0D 0C 0C |  t              
0B 0B 0A 0A 09 09 08 08 07 07 06 06 05 05 04 04 |                 
03 03 02 02 01 01 00 00 01 01 02 02 03 03 04 04 |                 
05 05 06 06 07 07 08 08 09 09 0A 0A 0B 0B 0C 0C |                 
0D 0D 0E 0E 0F 0F 0F 10 10 11 11 12 12 12 13 13 |                 
14 14 14 15 15 16 16 16 17 17 17 18 18 18 19 19 |                 
19 19 1A 1A 1A 1A 1B 1B 1B 1B 1C 1C 1C 1C 1C 1D |                 
1D 1D 1D 1D 1D 1D 1D 1E 1E 1E 1E 1E 1E 1E 1E 1E |                 
1E 1E 00 01 01 E9 07 07 56 00 00 74 06 0A 00 80 |         V  t    
00 24 43 42 4C 80 49 00 52 90 02 07 56 00 00 07 |  $CBL I R   V   
09 00 00 74 56 00 00 74 15 80 00 02 02 03 04 04 |    tV  t        
05 05 06 07 07 08 08 09 0A 0A 0B 0B 0C 0D 0D 0E |                 
0E 0F 0F 10 10 11 11 12 13 13 14 14 15 15 16 16 |                 
16 17 17 18 18 19 19 1A 1A 1A 1B 1B 1C 1C 1C 1D |                 
1D 1D 1E 1E 1E 1F 1F 1F 1F 20 20 20 20 21 21 21 |              !!!
21 21 22 22 22 22 22 22 22 23 23 23 23 23 23 23 | !!"""""""#######
23 23 23 22 21 18 17 23 23 23 23 23 23 23 23 23 | ###"!  #########
23 22 22 22 22 22 22 22 21 21 21 21 21 20 20 20 | #"""""""!!!!!   
20 1F 1F 1F 1F 1E 1E 1E 1D 1D 1D F4 0C 07 56 00 |               V 
00 74 06 0A 00 80 00 24 43 42 4C 00 4A 00 52 11 |  t     $CBL J R 
02 07 56 00 00 07 09 00 00 74 56 00 00 74 15 80 |   V      tV  t  
00 1C 1C 1C 1B 1B 1A 1A 1A 19 19 18 18 17 17 16 |                 
16 16 15 15 14 14 13 13 12 12 11 10 10 0F 0F 0E |                 
0E 0D 0D 0C 0B 0B 0A 0A 09 08 08 07 07 06 05 05 |                 
04 04 03 02 02 01 01 00 00 00 18 17 3E 09 F5 EF |             >   
A2 40 F1 EF 85 48 21 41 84 EF C8 44 EF 04 48 EF |  @   H!A   D  H 
04 48 C9 43 6F 6C 6C 65 63 74 69 6E 67 00 44 61 |  H Collecting Da
74 61 2E 2E 2E 00 1A 43 42 4C 41 50 50 00 00 64 | ta...  CBLAPP  d
00 01 8A 0A 00 06 63 63 63 63 01 01 01 01 21 09 |       cccc    ! 
80 5F 1A 07 56 00 00 74 06 0A 00 80 00 24 43 42 |  _  V  t     $CB
4C 80 4A 00 52 91 02 07 56 00 00 07 09 00 00 74 | L J R   V      t
56 00 00 74 15 80 00 36 00 11 0A 80 01 08 00 ED | V  t   6        
B0 C9 1E 02 3A 09 80 87 57 87 87 87 82 83 18 04 |     :   W       
21 09 80 86 5F 16 00 2A A2 85 19 C9 3E E6 CD 7F | !   _  *    >  
4B 23 23 7E 32 0F 80 3E E2 CD 99 4A 7E 32 0A 80 | K##~2  >   J~2  
3E DA CD 99 4A 7E 32 0D 80 CD 8B 4A 11 38 80 EF | >   J~2    J 8  
FC 46 C9 3E E6 CD 82 4B 23 23 3A 0F 80 77 3E E2 |  F >   K##:  w> 
CD 99 4A 3A 0A 80 77 3E DA CD 99 4A 3A 0D 80 77 |   J:  w>   J:  w
CD 8B 4A EB 21 38 80 EF FC 46 C9 3E E7 CD 7F 4B |   J !8   F >  K
23 7E 32 0F 80 3E DA 2E 35 07 56 00 00 74 06 0A | #~2  > .5 V  t  
00 80 00 24 43 42 4C 00 4B 00 52 12 02 07 56 00 |    $CBL K R   V 
00 07 09 00 00 74 56 00 00 74 15 80 00 CD 99 4A |      tV  t     J
7E 32 0C 80 11 04 00 19 7E 32 0E 80 1E 4A 3A 09 | ~2      ~2   J: 
80 CD 91 4A 11 4A 80 EF 41 41 01 1B 00 09 EF 41 |    J J  AA     A
41 FD CB 21 96 C9 3E E7 CD 82 4B 23 3A 0F 80 77 | A  !  >   K#:  w
3E DA CD 99 4A 3A 0C 80 77 11 04 00 19 3A 0E 80 | >   J:  w    :  
77 1E 4A 3A 09 80 32 AD 82 CD 91 4A 11 4A 80 EB | w J:  2    J J  
EF 41 41 EB 01 1B 00 09 EB EF 41 41 C9 1E 92 3A |  AA       AA   :
AD 82 CD 90 4A 11 38 80 EF FC 46 C9 1E 92 3A AD |     J 8   F   : 
82 CD 90 4A 11 38 80 EB EF FC 46 C9 CD 47 34 07 |    J 8    F  G4 
56 00 00 74 06 0A 00 80 00 24 43 42 4C 80 4B 00 | V  t     $CBL K 
52 92 02 07 56 00 00 07 09 00 00 74 56 00 00 74 | R   V      tV  t
15 80 00 7D 4A CD 9D 4A 7E 32 09 80 32 AD 82 C9 |    }J  J~2  2   
3A 09 80 87 5F 16 00 19 7E 23 66 6F C9 01 5D 54 | :   _   ~#fo  ]T
45 4D 50 00 01 5D 4C 49 47 48 54 00 01 5D 56 4F | EMP  ]LIGHT  ]VO
4C 54 00 01 5D 44 49 53 54 00 01 5D 54 54 45 4D | LT  ]DIST  ]TTEM
50 00 01 5D 54 4C 47 48 54 00 01 5D 54 56 4F 4C | P  ]TLGHT  ]TVOL
54 00 01 5D 54 44 49 53 54 00 0D 5D 54 43 4D 4E | T  ]TDIST  ]TCMN
54 00 0D 5D 4C 43 4D 4E 54 00 0D 5D 56 43 4D 4E | T  ]LCMNT  ]VCMN
54 00 0D 5D 44 43 4D 4E 54 00 9A 4B A1 4B A9 4B | T  ]DCMNT  K K K
B0 4B B7 5B 24 07 56 00 00 74 06 0A 00 80 00 24 |  K [$ V  t     $
43 42 4C 00 4C 00 52 13 02 07 56 00 00 07 09 00 | CBL L R   V     
00 74 56 00 00 74 15 80 00 4B BF 4B C7 4B CF 4B |  tV  t   K K K K
D7 4B DF 4B E7 4B EF 4B 21 07 4C 18 08 21 FF 4B |  K K K K! L  ! K
18 03 21 F7 4B CD 8D 4B E7 EF D9 42 C9 CD 14 4C |   ! K  K   B   L
18 03 CD 19 4C 38 03 EF 2A 43 21 00 00 EF FA 42 |     L8  *C!    B
C9 CD 0F 4C 38 03 EF 2A 43 21 00 00 EF B9 4A C9 |    L8  *C!    J 
3E 04 EF 92 47 21 9E 96 CB 86 21 C0 96 CB 86 21 | >   G!    !    !
E2 96 CB 86 C9 21 6D 4A C5 7E 23 E5 D5 F5 CB BF |      !mJ ~#     
6F 26 00 EF C6 46 F1 E6 80 32 36 84 D1 21 36 84 | o&   F   26  !6 
EF 41 41 E1 C1 10 E1 C9 FD C1 3C 07 56 00 00 74 |  AA       < V  t
06 0A 00 80 00 24 43 42 4C 80 4C 00 52 93 02 07 |      $CBL L R   
56 00 00 07 09 00 00 74 56 00 00 74 15 80 00 CB | V      tV  t    
2F DE CD 15 48 FD CB 2F 5E C8 21 18 4F 11 00 00 | /   H  /^ ! O   
CD 7A 42 EF BC 44 C9 17 27 23 27 23 32 25 34 25 |  zB  D  '#'#2%4%
39 17 39 17 27 19 37 19 33 22 33 22 37 19 37 43 | 9 9 ' 7 3"3"7 7C
42 4C 00 3B 39 46 39 46 27 3B 27 3B 39 54 49 2D | BL ;9F9F';';9TI-
37 33 00 41 26 41 23 3C 23 37 23 32 23 2D 23 28 | 73 A&A#<#7#2#-#(
23 23 23 1A 23 1A 27 41 26 41 23 3C 23 37 23 32 | ### # 'A&A#<#7#2
23 2D 23 28 23 23 23 23 2A 21 2A 17 2D 17 34 20 | #-#(####*!* - 4 
34 20 27 17 27 17 2D 20 2D 19 2E 1E 2E 1A 2B 4B | 4 ' ' - - . . +K
1C 07 56 00 00 74 06 0A 00 80 00 24 43 42 4C 00 |   V  t     $CBL 
4D 00 52 14 02 07 56 00 00 07 09 00 00 74 56 00 | M R   V      tV 
00 74 15 80 00 1B 2B 1C 2B 1D 2B 1B 2F 1C 2F 1D |  t    + + + / / 
30 1D 31 1C 32 1B 32 1A 31 1A 30 56 23 5E 23 46 | 0 1 2 2 1 0V#^#F
23 4E 2B E5 EF FF 46 E1 3D 20 F0 C9 21 EC 4C 3E | #N+   F =   ! L>
06 CD 16 4D 23 06 0E 23 C5 46 23 4E E5 EF 56 4A |    M#  # F#N  VJ
E1 C1 10 F3 21 D1 4D 18 39 01 34 19 11 34 22 EF |     ! M 9 4  4" 
FF 46 0C 1C EF FF 46 0C 1C EF FF 46 0C 1C C9 21 |  F    F    F   !
98 4C 3E 06 CD 16 4D 23 23 3E 04 CD 16 4D 3E 04 |  L>   M##>   M> 
01 30 1A F5 C5 EF 56 4A C1 04 04 F1 3D 20 F4 21 |  0    VJ    =  !
B0 4C 01 25 10 64 2B 07 56 00 00 74 06 0A 00 80 |  L % d+ V  t    
00 24 43 42 4C 80 4D 00 52 94 02 07 56 00 00 07 |  $CBL M R   V   
09 00 00 74 56 00 00 74 15 80 00 ED 43 D2 89 E7 |    tV  t    C   
21 2B 84 EF C8 44 C9 04 CD 90 4D C5 EF 56 4A C1 | !+   D    M  VJ 
04 C9 21 B4 4C 3E 04 CD 16 4D 3E 05 1E 37 F5 D5 |   ! L>   M>  7  
16 3D 06 44 4B EF FF 46 D1 F1 1D 3D 20 F0 0E 30 |  = DK  F   =   0
3E 04 F5 06 3D CD 8D 4D CD 8C 4D CD 8C 4D 0D 0D | >   =  M  M  M  
F1 3D 20 EE 21 BE 4C 01 48 10 18 AF 43 42 52 00 |  =  ! L H   CBR 
21 B0 4C FD CB 21 5E 20 03 21 D1 4D C3 7E 42 06 | ! L  !^  ! M ~B 
09 C5 3E 01 CD 16 4D 11 FF 8F 1B 7A B3 20 FB C1 |   >   M    z    
10 EF C9 55 53 45 20 55 4E 49 54 5A 35 07 56 00 |    USE UNITZ5 V 
00 74 06 0A 00 80 00 24 43 42 4C 00 4E 00 52 15 |  t     $CBL N R 
02 07 56 00 00 07 09 00 00 74 56 00 00 74 15 80 |   V      tV  t  
00 2D 54 4F 2D 55 4E 49 54 43 4F 52 44 20 54 4F |  -TO-UNITCORD TO
20 4C 49 4E 4B 20 54 48 45 00 20 41 4E 44 20 54 |  LINK THE  AND T
49 2D 37 33 2E 00 21 07 09 22 E2 83 21 67 4F CD | I-73. !  "  !gO 
7E 42 EF 6D 48 FE 05 C8 FE 40 20 F6 B7 C9 45 4E | ~B mH    @    EN
4D 4E 85 4E 55 4E 54 45 4D 50 20 20 20 00 4C 49 | MN NUNTEMP    LI
47 48 54 20 20 00 53 4F 4E 49 43 20 20 50 52 4F | GHT   SONIC  PRO
42 45 20 49 4E 54 4F 20 54 48 45 20 20 53 4F 4E | BE INTO THE  SON
49 43 20 50 4F 52 54 20 4F 46 20 20 20 54 48 45 | IC PORT OF   THE
20 03 25 07 56 00 00 74 06 0A 00 80 00 24 43 42 |   % V  t     $CB
4C 80 4E 00 52 95 02 07 56 00 00 07 09 00 00 74 | L N R   V      t
56 00 00 74 15 80 00 43 42 4C 2E 00 56 4F 4C 54 | V  t   CBL. VOLT
20 20 20 00 50 4C 55 47 20 54 48 45 20 00 50 52 |     PLUG THE  PR
4F 42 45 20 49 4E 54 4F 20 54 48 45 20 20 43 48 | OBE INTO THE  CH
31 20 50 4F 52 54 20 4F 46 20 54 48 45 20 43 42 | 1 PORT OF THE CB
4C 2E 00 54 55 52 4E 20 54 48 45 20 43 42 4C 20 | L. TURN THE CBL 
4F 4E 2E 00 4E 4F 57 20 43 48 45 43 4B 49 4E 47 | ON. NOW CHECKING
20 54 48 45 20 43 41 4C 43 55 4C 41 54 4F 52 20 |  THE CALCULATOR 
00 20 4C 49 4E 4B 20 43 4F 4E 4E 45 43 54 49 4F |   LINK CONNECTIO
4E 2E 50 4C 45 41 53 A8 1F 07 56 00 00 74 06 0A | N.PLEAS   V  t  
00 80 00 24 43 42 4C 00 4F 00 52 16 02 07 56 00 |    $CBL O R   V 
00 07 09 00 00 74 56 00 00 74 15 80 00 45 20 57 |      tV  t   E W
41 49 54 2E 2E 2E 2E 00 53 54 41 54 55 53 3A 20 | AIT.... STATUS: 
4F 2E 4B 2E 00 2A 2A 2A 4C 49 4E 4B 20 45 52 52 | O.K. ***LINK ERR
4F 52 2A 2A 2A 50 55 53 48 20 49 4E 20 54 48 45 | OR***PUSH IN THE
20 4C 49 4E 4B 43 4F 52 44 20 43 4F 4E 4E 45 43 |  LINKCORD CONNEC
54 4F 52 53 20 46 49 52 4D 4C 59 20 54 48 45 4E | TORS FIRMLY THEN
20 20 20 20 20 50 52 45 53 53 20 C1 45 4E 54 45 |      PRESS  ENTE
52 5D 2E 00 C1 45 4E 54 45 52 5D 00 50 52 45 53 | R].  ENTER] PRES
53 20 C1 45 4E 54 45 52 5D 20 54 4F 42 29 22 07 | S  ENTER] TOB)" 
56 00 00 74 06 0A 00 80 00 24 43 42 4C 80 4F 00 | V  t     $CBL O 
52 96 02 07 56 00 00 07 09 00 00 74 56 00 00 74 | R   V      tV  t
15 80 00 45 47 49 4E 2E 00 EF A7 44 FD CB 21 DE |    EGIN.   D  ! 
3A AD 82 FE 03 20 1E 21 E5 57 11 00 81 01 2A 00 | :      ! W    * 
ED B0 AF EF BA 49 EF B7 49 C0 3A 06 80 FE 01 28 |      I  I :    (
04 FD CB 21 9E EF AA 44 FD CB 02 CE CD 97 4D FD |    !   D      M 
CB 21 5E F5 C4 5A 4D F1 CC 27 4D 3E 20 32 8A 8E |  !^  ZM  'M> 2  
EF AD 47 21 F8 4D CD 77 42 CD D5 4D 21 19 4E CD |   G! M wB  M! N 
7E 42 21 C4 4C FD CB 21 5E 20 03 21 D8 4C CD E4 | ~B! L  !^  ! L  
4D CD 25 4E C0 FD CB 21 5E 28 49 21 8D 4E CD 77 | M %N   !^(I! N w
42 3A AD 8B 3C 07 56 00 00 74 06 0A 00 80 00 24 | B:  < V  t     $
43 42 4C 00 50 00 52 17 02 07 56 00 00 07 09 00 | CBL P R   V     
00 74 56 00 00 74 15 80 00 82 21 3D 4E CD 90 4B |  tV  t    !=N  K
CD 7E 42 3A AD 82 FE 03 20 07 21 11 11 3E 1C 18 |  ~B:      !  >  
0B 21 97 4E CD 7E 42 21 20 00 3E 1F 22 D2 89 EF |  ! N ~B!  > "   
C5 44 CD 25 4E C0 21 BC 4E CD 77 42 EF BC 44 FD |  D %N ! N wB  D 
CB 21 5E C4 44 4D CD 25 4E C0 EF AA 44 21 CD 4E |  !^ DM %N   D! N
11 00 00 CD 7A 42 CD D5 4D 11 02 00 21 EA 4E CD |     zB  M   ! N 
7E 42 CD 7F 4C FD CB 2F 5E 28 06 CD 31 4E C0 18 | ~B L  /^(  1N  
D9 11 05 03 21 0B 4F CD 7A 42 CD 25 4E C0 21 6F |     ! O zB %N !o
4F 11 00 00 CD 7A 42 EF BC 8A 33 07 56 00 00 74 | O    zB   3 V  t
06 0A 00 80 00 24 43 42 4C 80 50 00 52 97 02 07 |      $CBL P R   
56 00 00 07 09 00 00 74 56 00 00 74 15 80 00 44 | V      tV  t   D
CD 31 4E C0 AF C9 21 65 4A E7 EF D9 42 30 1C 21 |  1N   !eJ   B0 !
E7 00 EF 12 43 D5 13 13 06 10 CD 5C 4C 06 08 CD |     C      \L   
5C 4C 62 6B 2B 01 0E 00 ED B0 D1 ED 53 A2 85 ED | \Lbk+       S   
73 B0 82 21 6D 42 CD 6E 42 21 78 57 11 00 81 01 | s  !mB nB!xW    
45 00 ED B0 AF EF BA 49 EF B7 49 28 05 CD 50 00 | E      I  I(  P 
1E 40 3A 06 80 32 95 82 FE 01 CA F4 50 FE 02 CA |  @:  2      P   
03 52 FE 04 20 05 CD 50 00 1E 40 21 31 58 CD 50 |  R     P  @!1X P
00 59 4A CD A5 4A 21 13 55 DB 06 EF BA 49 21 FC |  YJ  J! U    I! 
33 07 56 00 00 74 06 0A 00 80 00 24 43 42 4C 00 | 3 V  t     $CBL 
51 00 52 18 02 07 56 00 00 07 09 00 00 74 56 00 | Q R   V      tV 
00 74 15 80 00 DE 55 CD C3 55 CD 78 55 EF B7 49 |  t    U  U xU  I
F5 CD CC 4A F1 20 3B CD 3A 44 21 38 80 E7 EF 71 |    J  ; :D!8   q
41 EF F3 40 38 0E 21 58 57 11 00 81 01 20 00 ED | A  @8 !XW       
B0 C3 81 52 3A 0F 80 B7 20 08 CD 86 4F B7 28 15 |    R:       O ( 
18 10 CD 7F 4C FD CB 2F 5E 28 0A CD 31 4E FE 40 |    L  /^(  1N @
20 F0 C3 B0 50 EF A7 44 21 B5 51 CD 59 00 3A 0A |     P  D! Q Y : 
80 B7 20 08 CD 32 45 CD CD 45 18 06 CD A1 46 CD |      2E  E    F 
63 46 00 CD 29 4C CD 38 4C 21 01 00 22 AB 82 CD | cF  )L 8L!  "   
79 47 3A 0D 80 FE 36 07 56 00 00 74 06 0A 00 80 | yG:   6 V  t    
00 24 43 42 4C 80 51 00 52 98 02 07 56 00 00 07 |  $CBL Q R   V   
09 00 00 74 56 00 00 74 15 80 00 CD E8 51 32 A3 |    tV  t     Q2 
82 CD D2 47 CD 47 48 3A 0A 80 B7 F5 CC 86 44 F1 |    G GH:      D 
C4 CC 46 FB EF 0F 40 FE 0F 28 12 FE 09 20 E5 2A |   F   @  (     *
AB 82 11 64 00 B7 ED 52 28 DA C3 97 42 CD 5C 00 |    d   R(   B \ 
CD EC 47 C3 F4 50 DF CD 58 48 DF CD 19 4C CD D6 |   G  P  XH   L  
51 CD 0F 4C CD D6 51 2A AB 82 23 22 AB 82 C3 89 | Q  L  Q*  #"    
51 EF 00 49 2A AB 82 EF B6 4A E5 EF 57 43 D1 EF | Q  I*    J  WC  
74 41 C9 F5 21 F1 51 CD 8D 4B F1 E9 5C 44 6B 44 | tA  ! Q  K  \DkD
80 44 71 44 EF 50 4A 3E 01 32 33 51 41 07 56 00 |  DqD PJ> 23QA V 
00 74 06 0A 00 80 00 24 43 42 4C 00 52 00 52 19 |  t     $CBL R R 
02 07 56 00 00 07 09 00 00 74 56 00 00 74 15 80 |   V      tV  t  
00 80 18 04 AF 32 33 80 CD F4 4A 21 31 55 DB 06 |      23   J!1U  
EF BA 49 21 F2 54 CD 6E 42 21 1B 56 CD C3 55 CD |   I! T nB! V  U 
78 55 21 04 55 DB 06 EF D5 49 F5 CD 29 4B F1 28 | xU! U    I  )K (
35 FD CB 21 56 CA B0 50 21 64 52 DB 06 EF BA 49 | 5  !V  P!dR    I
21 F2 54 CD 6E 42 21 BD 57 11 00 81 01 28 00 ED | ! T nB! W    (  
B0 CD 60 4B AF 32 33 80 21 FE 54 DB 06 EF D5 49 |   `K 23 ! T    I
CD 6F 4B 18 9F C9 1E 92 3A AD 82 CD 90 4A E7 EF |  oK     :    J  
71 41 EF F3 40 38 15 21 37 57 11 00 81 01 21 00 | qA  @8 !7W    ! 
ED 35 39 07 56 00 00 74 06 0A 00 80 00 24 43 42 |  59 V  t     $CB
4C 80 52 00 52 99 02 07 56 00 00 07 09 00 00 74 | L R R   V      t
56 00 00 74 15 80 00 B0 AF EF BA 49 EF B7 49 C3 | V  t       I  I 
B0 50 21 6D 42 CD 6E 42 3A 0F 80 B7 20 08 CD 86 |  P!mB nB:       
4F B7 28 15 18 10 CD 7F 4C FD CB 2F 5E 28 0A CD | O (    L  /^(  
31 4E FE 40 20 F0 C3 B0 50 EF A7 44 21 D2 53 CD | 1N @    P  D! S 
59 00 EF D1 41 3E 03 EF 87 49 3E 0A EF 87 49 21 | Y   A>   I>   I!
4A 80 E7 21 53 80 EF 71 41 EF 84 40 11 C3 93 EF | J  !S  qA  @    
74 41 EF 90 40 11 96 82 21 36 84 EF 41 41 CD 29 | tA  @   !6  AA )
4C CD 24 4C CD 4C 44 CD 79 47 3A 0C 80 CD E8 51 | L $L LD yG:    Q
32 A3 82 3A 0E 80 B7 E4 3A 07 56 00 00 74 06 0A | 2  :    : V  t  
00 80 00 24 43 42 4C 00 53 00 52 1A 02 07 56 00 |    $CBL S R   V 
00 07 09 00 00 74 56 00 00 74 15 80 00 C2 1C 54 |      tV  t     T
1E 92 3A AD 82 CD 90 4A 11 D5 93 EF FC 46 FD CB |   :    J     F  
03 C6 CD 47 4C EF C2 47 21 01 00 22 AB 82 21 4A |    GL  G!  "  !J
80 E7 EF AB 49 D5 CD D2 47 CD D8 54 CD 01 48 18 |     I   G  T  H 
04 D5 CD D8 54 2A AB 82 D1 EF 03 40 23 22 AB 82 |     T*     @#"  
20 EF CD EC 47 FD CB 04 A6 FD CB 18 C6 21 F7 4B |     G        ! K
CD 8D 4B 23 23 E5 21 FF 4B CD 8D 4B 23 23 11 7F |   K## ! K  K## 
96 3E 21 12 13 EF 53 41 E1 EF 53 41 EB 36 31 3E |  >!   SA  SA 61>
01 32 9E 96 EF D8 46 3E 5A FD CB 0D EE CB 3E 07 |  2    F>Z     > 
56 00 00 74 06 0A 00 80 00 24 43 42 4C 80 53 00 | V  t     $CBL S 
52 9A 02 07 56 00 00 07 09 00 00 74 56 00 00 74 | R   V      tV  t
15 80 00 EF 32 47 FD CB 0D AE FD CB 02 46 CA CF |     2G       F  
53 21 BA 54 01 50 2E CD 95 54 3A A3 82 21 9C 48 | S! T P.  T:  ! H
CD 90 4B 01 04 00 CD 95 54 FD CB 0D EE 3E AA 32 |   K     T    > 2
DF 84 EF 28 45 FD CB 08 BE EF 6D 48 EF 22 45 FD |    (E     mH "E 
CB 09 66 20 0D FE 05 28 09 FE 05 30 03 EF 32 47 |   f    (   0  2G
18 E0 CD 5C 00 FD CB 0D AE 97 32 DE 83 3E F0 32 |    \      2  > 2
DF 84 EF 29 47 EF D7 44 FD CB 02 96 CD EC 47 C3 |    )G  D      G 
03 52 00 82 51 30 00 00 00 00 00 4E 55 4D 20 53 |  R  Q0     NUM S
41 4D 50 22 39 07 56 00 00 74 06 0A 00 80 00 24 | AMP"9 V  t     $
43 42 4C 00 54 00 52 1B 02 07 56 00 00 07 09 00 | CBL T R   V     
00 74 56 00 00 74 15 80 00 4C 45 53 00 12 54 11 |  tV  t   LES  T 
54 12 54 12 54 F9 51 12 54 0A C9 EF 50 4A 3E 40 | T T T Q T   PJ>@
CD 50 00 21 40 21 4A 80 E7 21 EF 53 EF ED 40 38 |  P !@!J  ! S  @8
1F CD 5C 00 21 04 54 EF 48 40 21 F8 53 11 B5 9B |   \ ! T H@! S   
01 0C 00 ED B0 3E AB 32 4A 85 3E 52 EF 27 40 C9 |      > 2J >R '@ 
CD 21 48 EF AA 44 11 03 03 21 52 4A CD 7A 42 11 |  !H  D   !RJ zB 
04 05 21 5D 4A CD 7A 42 21 F7 4B CD 8D 4B E7 EF |   !]J zB! K  K  
97 4B FD CB 2F 5E 28 05 CD 50 00 38 4A 21 01 00 |  K  /^(  P 8J!  
22 AB 82 21 4A 80 E7 EF AB ED 30 07 56 00 00 74 | "  !J     0 V  t
06 0A 00 80 00 24 43 42 4C 80 54 00 52 9B 02 07 |      $CBL T R   
56 00 00 07 09 00 00 74 56 00 00 74 15 80 00 49 | V      tV  t   I
D5 CD BF 54 2A AB 82 D1 EF 03 40 23 22 AB 82 20 |    T*     @#"   
EF C3 45 53 C5 E7 21 2B 84 C1 CD 9F 54 C9 FD CB |   ES  !+    T   
14 BE E5 C5 CD AE 54 FD CB 14 FE C1 E1 ED 43 D2 |       T       C 
89 EF C8 44 FD CB 14 BE C9 54 28 53 29 00 21 53 |    D     T(S) !S
80 EF 71 41 21 96 82 E7 F7 11 96 82 EF 74 41 DF |   qA!        tA 
CD 14 4C CD D6 51 C9 CD 47 48 DF CD BF 54 CD 19 |   L  Q  GH   T  
4C CD D6 51 21 96 82 EF 71 41 EF 25 42 EF 14 47 | L  Q!   qA %B  G
C9 FE 48 28 04 FE 34 20 02 B7 C9 BF C9 FE 34 30 |   H(  4       40
45 07 56 00 00 74 06 0A 00 80 00 24 43 42 4C 00 | E V  t     $CBL 
55 00 52 1C 02 07 56 00 00 07 09 00 00 74 56 00 | U R   V      tV 
00 74 15 80 00 20 0C 18 08 FE 48 20 06 FD CB 21 |  t        H    !
D6 3E 40 CD 50 00 CF 49 B7 C0 78 B7 28 57 FE 02 |  >@ P  I  x (W  
28 04 FE 03 20 55 3A 2B 84 87 3A 2C 84 38 01 3D | (    U:+  :, 8 =
FE 82 30 3C 18 45 B7 C0 78 B7 28 39 FE 02 20 20 |   0< E  x (9    
EF BB 42 21 52 55 EF 71 41 EF F3 40 30 22 3A 2C |   B!RU qA  @0":,
84 FE 7C 38 1B 18 24 00 84 16 00 00 00 00 00 01 |   |8  $         
FE 01 20 17 3A 2C 84 FE 83 30 05 EF 34 42 28 0B |     :,   0  4B( 
CD 50 00 E7 49 CD 78 55 3E 01 C9 AF C9 3A 95 82 |  P  I xU>    :  
FE 01 20 22 3E 4D 2F 07 56 00 00 74 06 0A 00 80 |    ">M/ V  t    
00 24 43 42 4C 80 55 00 52 9C 02 07 56 00 00 07 |  $CBL U R   V   
09 00 00 74 56 00 00 74 15 80 00 E6 CD 9D 4A 3A |    tV  t      J:
09 80 F5 E5 CD CC 4A E1 F1 77 21 58 56 EF 2D 40 |       J  w!XV -@
11 20 81 01 0E 00 ED B0 CD A5 4A C9 3E E7 CD 9D |           J >   
4A 3A 09 80 F5 E5 CD 29 4B E1 F1 77 21 58 56 EF | J:     )K  w!XV 
2D 40 11 17 81 01 0E 00 ED B0 CD F4 4A C9 01 3E | -@          J  >
00 11 00 81 ED B0 21 8A 56 11 3E 81 01 AD 00 ED |       ! V >     
B0 C9 06 6D 57 2F 63 6D 12 02 05 02 3E 00 45 00 |    mW/cm    > E 
4A 00 50 00 55 00 02 03 01 85 00 8C 00 90 00 03 | J P U           
01 00 60 00 03 01 01 5B 00 02 03 DE 2D 07 56 00 |   `    [    - V 
00 74 06 0A 00 80 00 24 43 42 4C 00 56 00 52 1D |  t     $CBL V R 
02 07 56 00 00 07 09 00 00 74 56 00 00 74 15 80 |   V      tV  t  
00 01 65 00 7F 00 82 00 06 01 00 C6 00 02 03 01 |   e            
6D 00 78 00 7B 00 04 01 00 96 00 00 02 05 02 3E | m x {          >
00 45 00 4A 00 50 00 55 00 03 01 02 9D 00 03 01 |  E J P U        
03 A7 00 02 03 01 65 00 7F 00 82 00 06 01 00 C6 |       e        
00 02 03 01 B4 00 BA 00 C2 00 02 03 01 6D 00 78 |              m x
00 7B 00 04 01 00 96 00 00 32 56 60 56 6E 56 7C |  {       2V`VnV|
56 06 03 01 65 00 7F 00 82 00 01 01 01 C6 00 06 | V   e          
03 01 65 00 7F 00 82 00 01 01 01 D7 00 02 03 01 |   e            
65 33 15 07 56 00 00 74 06 0A 00 80 00 24 43 42 | e3  V  t     $CB
4C 80 56 00 52 9D 02 07 56 00 00 07 09 00 00 74 | L V R   V      t
56 00 00 74 15 80 00 00 E6 00 E8 00 06 01 00 D7 | V  t            
00 06 50 52 4F 42 45 3A 04 54 65 6D 70 05 4C 69 |   PROBE: Temp Li
67 68 74 04 56 6F 6C 74 05 53 6F 6E 69 63 04 4D | ght Volt Sonic M
41 58 3A 04 4D 49 4E 3A 07 55 4E 49 54 53 3A 20 | AX: MIN: UNITS: 
0A 44 49 52 45 43 54 4E 53 3A 20 02 4F 6E 03 4F |  DIRECTNS:  On O
66 66 02 14 43 02 14 46 06 54 59 50 45 3A 20 03 | ff  C  F TYPE:  
42 61 72 05 4D 65 74 65 72 05 47 4F 2E 2E 2E 2E | Bar Meter GO....
09 23 53 41 4D 50 4C 45 53 3A 0C 49 4E 54 52 56 |  #SAMPLES: INTRV
4C 28 53 45 43 29 3A 0C 21 07 56 00 00 74 06 0A | L(SEC): ! V  t  
00 80 00 24 43 42 4C 00 57 00 52 1E 02 07 56 00 |    $CBL W R   V 
00 07 09 00 00 74 56 00 00 74 15 80 00 05 50 4C |      tV  t    PL
4F 54 3A 07 52 65 61 6C 54 6D 65 03 45 6E 64 10 | OT: RealTme End 
55 4E 49 54 53 3A 20 20 20 20 6D 57 2F 63 6D 12 | UNITS:    mW/cm 
0E 55 4E 49 54 53 3A 20 20 20 20 56 6F 6C 74 01 |  UNITS:    Volt 
6D 02 46 74 01 01 01 0B 00 05 01 01 1C 00 00 10 | m Ft            
45 52 52 3A 57 49 4E 44 4F 57 20 52 41 4E 47 45 | ERR:WINDOW RANGE
04 51 75 69 74 01 01 01 0B 00 05 01 01 1B 00 00 |  Quit           
0F 45 52 52 3A 47 41 55 47 45 20 52 41 4E 47 45 |  ERR:GAUGE RANGE
04 51 75 69 74 01 01 01 1A 00 05 01 01 38 1B 07 |  Quit        8  
56 00 00 74 06 0A 00 80 00 24 43 42 4C 80 57 00 | V  t     $CBL W 
52 9E 02 07 56 00 00 07 09 00 00 74 56 00 00 74 | R   V      tV  t
15 80 00 27 00 05 01 02 2D 00 05 01 03 39 00 05 |    '    -    9  
01 04 40 00 00 0C 43 42 4C 2F 43 42 52 20 41 50 |   @   CBL/CBR AP
50 3A 05 47 41 55 47 45 0B 44 41 54 41 20 4C 4F | P: GAUGE DATA LO
47 47 45 52 06 52 41 4E 47 45 52 04 51 55 49 54 | GGER RANGER QUIT
01 01 01 1C 00 03 01 00 16 00 03 01 01 10 00 00 |                 
05 59 6D 61 78 3D 05 59 6D 69 6E 3D 0B 50 4C 4F |  Ymax= Ymin= PLO
54 20 57 49 4E 44 4F 57 01 01 01 10 00 05 01 01 | T WINDOW        
22 00 05 01 02 26 00 00 11 41 52 45 20 59 4F 55 | "    &   ARE YOU
20 55 53 0D 16 07 56 00 00 74 06 0A 00 80 00 24 |  US   V  t     $
43 42 4C 00 58 00 52 1F 02 07 56 00 00 07 09 00 | CBL X R   V     
00 74 56 00 00 74 15 80 00 49 4E 47 20 2E 2E 2E |  tV  t   ING ...
03 43 42 4C 03 43 42 52 FD CB 12 D6 3E 03 D3 00 |  CBL CBR    >   
21 FF FF 3E 07 00 00 00 00 3D 20 F9 2B 7C B5 20 | !  >     =  +|  
F2 3E 00 D3 00 FD CB 12 96 C9 52 41 4E 47 45 52 |  >        RANGER
00 B4 20 73 0A 3E 73 08 3E 73 0C 3E EA 3E 98 3E |    s >s >s > > >
73 03 3E BB 1B 3F 31 04 63 03 3E 31 04 63 04 3F | s >  ?1 c >1 c ?
30 04 63 0C 3E 30 04 63 0A 3E 38 30 04 63 0D 3E | 0 c >0 c >80 c >
39 34 04 63 0B 3F 69 33 3F 31 04 B5 5D 06 3F 2A | 94 c ?i3?1  ] ?*
29 29 29 29 29 29 2A 04 53 AB 23 07 56 00 00 74 | ))))))* S # V  t
06 0A 00 80 00 24 43 42 4C 80 58 00 52 9F 02 07 |      $CBL X R   
56 00 00 07 09 00 00 74 56 00 00 74 15 80 00 54 | V      tV  t   T
52 35 10 31 11 3F 2A 54 10 53 11 2A 04 53 54 52 | R5 1 ?*T S * STR
36 10 31 11 3F 2A 54 52 49 47 47 2A 04 53 54 52 | 6 1 ?*TRIGG* STR
37 10 31 11 3F 2A 45 52 2A 04 53 54 52 37 10 32 | 7 1 ?*ER* STR7 2
11 3F 2A 54 52 41 4E 53 46 2A 04 53 54 52 33 10 |  ?*TRANSF* STR3 
31 11 3F 2A 45 52 52 49 4E 47 2A 04 53 54 52 33 | 1 ?*ERRING* STR3
10 32 11 3F 2A 3A 3A 3A 2A 04 53 54 52 33 10 33 |  2 ?*:::* STR3 3
11 3F 2A 45 4E 54 45 52 29 2A 04 53 54 52 39 10 |  ?*ENTER)* STR9 
31 11 3F 2A 54 49 4D 45 2A 04 53 54 52 39 10 A3 | 1 ?*TIME* STR9  
1B 07 56 00 00 74 06 0A 00 80 00 24 43 42 4C 00 |   V  t     $CBL 
59 00 52 20 02 07 56 00 00 07 09 00 00 74 56 00 | Y R   V      tV 
00 74 15 80 00 32 11 3F 2A 45 4E 54 45 52 2A 04 |  t   2 ?*ENTER* 
53 54 52 30 10 31 11 3F 2A 29 2A 04 53 54 52 30 | STR0 1 ?*)* STR0
10 32 11 3F 86 3F 94 31 2B 31 36 2B 2A 54 45 58 |  2 ? ? 1+16+*TEX
41 53 29 49 4E 53 54 52 55 4D 45 4E 54 53 2A 3F | AS)INSTRUMENTS*?
94 31 39 2B 32 32 2B 2A 52 41 4E 47 45 52 29 29 |  19+22+*RANGER))
29 10 56 31 3A 30 30 11 2A 3F 94 35 32 2B 32 34 | ) V1:00 *? 52+24
2B 2A 50 52 45 53 53 29 2A 70 EB 53 54 52 30 10 | +*PRESS)*p STR0 
31 11 70 EB 53 54 52 30 10 32 11 3F D8 3F 31 38 | 1 p STR0 2 ? ?18
04 B5 5D 05 3F 90 20 07 56 00 00 74 06 0A 00 80 |   ] ?   V  t    
00 24 43 42 4C 80 59 00 52 A0 02 07 56 00 00 07 |  $CBL Y R   V   
09 00 00 74 56 00 00 74 15 80 00 CE 5D 05 10 35 |    tV  t    ]  5
11 6F 39 3E CF 3F 08 B0 31 09 04 5D 06 3F D7 42 |  o9> ?  1  ] ? B
31 3F D4 3F 30 04 5D 05 10 31 37 11 3F 3F D6 30 | 1? ?0 ]  17 ?? 0
3F 30 04 5D 05 10 39 11 3F 08 B0 39 09 04 5D 06 | ?0 ]  9 ?  9  ] 
3F E1 3F E6 2A 4D 41 49 4E 29 4D 45 4E 55 2A 2B | ? ? *MAIN)MENU*+
2A 53 45 54 55 50 83 53 41 4D 50 4C 45 2A 2B 44 | *SETUP SAMPLE*+D
2B 2A 53 45 54 29 44 45 46 41 55 4C 54 53 2A 2B | +*SET)DEFAULTS*+
42 31 2B 2A 41 50 50 4C 49 43 41 54 49 4F 4E 53 | B1+*APPLICATIONS
2A 2B 41 36 2B 2A 50 4C 4F 54 29 EF 21 07 56 00 | *+A6+*PLOT) ! V 
00 74 06 0A 00 80 00 24 43 42 4C 00 5A 00 52 21 |  t     $CBL Z R!
02 07 56 00 00 07 09 00 00 74 56 00 00 74 15 80 |   V      tV  t  
00 4D 45 4E 55 2A 2B 54 2B 2A 54 4F 4F 4C 53 2A |  MENU*+T+*TOOLS*
2B 44 34 2B 2A 51 55 49 54 2A 2B 5A 3F 3F D6 44 | +D4+*QUIT*+Z?? D
3F 30 04 58 3F 30 04 5D 05 10 31 33 11 3F EA 3E | ?0 X?0 ]  13 ? >
73 08 3E 73 04 3E 86 3E E1 3F 30 04 63 0A 3E 39 | s >s > > ?0 c >9
34 04 63 0B 3E 30 04 63 0C 3E 36 32 04 63 0D 3F | 4 c >0 c >62 c ?
34 34 04 55 3E 34 33 04 56 3F CE 5D 06 10 31 11 | 44 U>43 V? ]  1 
6A B0 32 3E CF 3F 35 38 04 55 3E 35 39 04 56 3E | j 2> ?58 U>59 V>
30 04 5D 06 10 31 11 3F D4 3F 34 36 04 43 3F 94 | 0 ]  1 ? ?46 C? 
31 5A 1F 07 56 00 00 74 06 0A 00 80 00 24 43 42 | 1Z  V  t     $CB
4C 80 5A 00 52 A1 02 07 56 00 00 07 09 00 00 74 | L Z R   V      t
56 00 00 74 15 80 00 36 2B 34 2B 2A 52 45 41 4C | V  t   6+4+*REAL
54 49 4D 45 3E 2A 3F CE 5D 05 10 31 11 6A 31 3E | TIME>*? ]  1 j1>
94 31 36 2B 43 2B 2A 4E 4F 2A 3F CE 5D 05 10 31 |  16+C+*NO*? ]  1
11 6A 32 3E 94 31 36 2B 43 2B 2A 59 45 53 2A 3F |  j2> 16+C+*YES*?
94 32 34 2B 39 2B 2A 54 49 4D 45 29 10 53 11 3E |  24+9+*TIME) S >
2A 3F 94 32 34 2B 43 2B 5D 05 10 34 11 3F 94 33 | *? 24+C+]  4 ? 3
32 2B 38 2B 2A 44 49 53 50 4C 41 59 3E 2A 3F CE | 2+8+*DISPLAY>*? 
5D 05 10 33 11 6A 30 3E 94 33 32 2B 43 2B 2A 44 | ]  3 j0> 32+C+*D
49 53 54 2A 3F CE 5D 74 20 07 56 00 00 74 06 0A | IST*? ]t  V  t  
00 80 00 24 43 42 4C 00 5B 00 52 22 02 07 56 00 |    $CBL [ R"  V 
00 07 09 00 00 74 56 00 00 74 15 80 00 05 10 33 |      tV  t     3
11 6A 31 3E 94 33 32 2B 43 2B 2A 56 45 4C 2A 3F |  j1> 32+C+*VEL*?
CE 5D 05 10 33 11 6A 32 3E 94 33 32 2B 43 2B 2A |  ]  3 j2> 32+C+*
41 43 43 45 4C 2A 3F 94 34 30 2B 36 2B 2A 42 45 | ACCEL*? 40+6+*BE
47 49 4E 29 29 4F 4E 3E 2A 3F CE 5D 05 10 36 11 | GIN))ON>*? ]  6 
6A 30 3E 94 34 30 2B 43 2B EB 53 54 52 30 10 31 | j0> 40+C+ STR0 1
11 70 EB 53 54 52 30 10 32 11 3F CE 5D 05 10 36 |  p STR0 2 ? ]  6
11 6A 31 3E 94 34 30 2B 43 2B EB 53 54 52 37 10 |  j1> 40+C+ STR7 
31 11 70 EB 53 54 52 37 10 32 11 3F CE 77 22 07 | 1 p STR7 2 ? w" 
56 00 00 74 06 0A 00 80 00 24 43 42 4C 80 5B 00 | V  t     $CBL [ 
52 A2 02 07 56 00 00 07 09 00 00 74 56 00 00 74 | R   V      tV  t
15 80 00 5D 05 10 36 11 6A 37 3E 94 34 30 2B 43 |    ]  6 j7> 40+C
2B 2A 44 45 4C 41 59 2A 3F 94 34 38 2B 30 2B 2A | +*DELAY*? 48+0+*
53 4D 4F 4F 54 48 49 4E 47 3E 2A 3F CE 5D 05 10 | SMOOTHING>*? ]  
37 11 6A 32 3E 94 34 38 2B 43 2B 2A 4C 49 47 48 | 7 j2> 48+C+*LIGH
54 2A 3F CE 5D 05 10 37 11 6A 33 3E 94 34 38 2B | T*? ]  7 j3> 48+
43 2B 2A 4D 45 44 49 55 4D 2A 3F CE 5D 05 10 37 | C+*MEDIUM*? ]  7
11 6A 34 3E 94 34 38 2B 43 2B 2A 48 45 41 56 59 |  j4> 48+C+*HEAVY
2A 3F CE 5D 05 10 37 11 6A 30 3E 94 34 38 2B 43 | *? ]  7 j0> 48+C
2B 2A 4E 0E 21 07 56 00 00 74 06 0A 00 80 00 24 | +*N ! V  t     $
43 42 4C 00 5C 00 52 23 02 07 56 00 00 07 09 00 | CBL \ R#  V     
00 74 56 00 00 74 15 80 00 4F 4E 45 2A 3F 94 35 |  tV  t   ONE*? 5
36 2B 31 36 2B 2A 55 4E 49 54 53 3E 2A 3F CE 5D | 6+16+*UNITS>*? ]
05 10 32 11 6A 31 3E 94 35 36 2B 43 2B 2A 46 45 |   2 j1> 56+C+*FE
45 54 2A 3F CE 5D 05 10 32 11 6A 32 3E 94 35 36 | ET*? ]  2 j2> 56
2B 43 2B 2A 4D 45 54 45 52 53 2A 3F 94 30 2B 36 | +C+*METERS*? 0+6
2B 2A 4D 41 49 4E 29 29 4D 45 4E 55 2A 3F 94 30 | +*MAIN))MENU*? 0
2B 36 30 2B 2A 53 54 41 52 54 29 29 4E 4F 57 2A | +60+*START))NOW*
3F A5 35 35 3F 3F D6 47 31 3F 9D 55 2B 56 3F 9B | ? 55?? G1? U+V? 
55 71 31 2B 56 70 31 2B 55 E4 22 07 56 00 00 74 | Uq1+Vp1+U " V  t
06 0A 00 80 00 24 43 42 4C 80 5C 00 52 A3 02 07 |      $CBL \ R   
56 00 00 07 09 00 00 74 56 00 00 74 15 80 00 71 | V      tV  t   q
31 2B 56 71 31 3F 9B 55 71 32 2B 56 70 32 2B 55 | 1+Vq1? Uq2+Vp2+U
71 32 2B 56 71 32 3F 30 04 41 3F 3F CE 56 6A 33 | q2+Vq2?0 A?? Vj3
35 40 5D 05 10 31 11 6A 31 3E CF 3F D1 41 6A 30 | 5@]  1 j1> ? Aj0
3E AD 04 41 3E D4 3F CE 41 6A 32 35 3C 41 6A 33 | >  A> ? Aj25<Aj3
34 3E CF 3F 94 32 34 2B 34 30 2B EB 53 54 52 35 | 4> ? 24+40+ STR5
10 31 11 3F CE 41 6A 32 35 3E 34 33 04 56 3F CE |  1 ? Aj25>43 V? 
41 6A 33 34 3E 32 37 04 56 3F D7 47 31 3F D4 3F | Aj34>27 V? G1? ?
CE 41 6A 31 30 35 40 53 6F 32 3E CF 3E 33 35 DE |  Aj105@So2> >35 
27 07 56 00 00 74 06 0A 00 80 00 24 43 42 4C 00 | ' V  t     $CBL 
5D 00 52 24 02 07 56 00 00 07 09 00 00 74 56 00 | ] R$  V      tV 
00 74 15 80 00 04 59 3E D7 47 34 3E D4 3F B0 31 |  t    Y> G4> ? 1
04 4B 3F CE 41 6D 39 34 40 41 6E 39 32 3E 41 71 |  K? Am94@An92>Aq
39 31 04 4B 3F CE 41 6D 38 34 40 41 6E 38 32 3E | 91 K? Am84@An82>
41 71 37 38 04 4B 3F CE 41 6D 37 34 40 41 6E 37 | Aq78 K? Am74@An7
32 3E 41 71 36 35 04 4B 3F CE 4B 6F B0 31 3E CF | 2>Aq65 K? Ko 1> 
3F 94 32 34 2B 43 2B 4B 2B 2A AF 2A 70 EB 53 54 | ? 24+C+K+* *p ST
52 35 10 31 11 3F 30 04 4A 3E 31 04 53 3E 4B 04 | R5 1 ?0 J>1 S>K 
5D 05 10 34 11 3F D7 47 32 3F D4 3F D7 47 31 3F | ]  4 ? G2? ? G1?
D4 3F 3F 30 04 86 26 07 56 00 00 74 06 0A 00 80 |  ??0  & V  t    
00 24 43 42 4C 80 5D 00 52 A4 02 07 56 00 00 07 |  $CBL ] R   V   
09 00 00 74 56 00 00 74 15 80 00 49 3E 30 04 53 |    tV  t   I>0 S
3F D2 41 6A 32 35 3C 41 6A 33 34 3C 41 6A 31 30 | ? Aj25<Aj34<Aj10
35 3C 10 10 41 6A 32 34 3C 41 6A 32 36 11 40 56 | 5<  Aj24<Aj26 @V
6A 35 39 11 3C 49 6A 32 30 30 30 3F AD 04 41 3F | j59 <Ij2000?  A?
49 70 31 04 49 3F D4 3F CE 49 6E 32 30 30 30 3E | Ip1 I? ? In2000>
D7 30 3F 3F CE 41 6A 32 34 3E CF 3F CE 55 6A 35 |  0?? Aj24> ? Uj5
38 3E CF 3F 94 35 39 71 56 2B 55 71 34 2B EB 53 | 8> ? 59qV+Uq4+ S
54 52 35 10 31 11 3F 34 04 55 3F D4 3F D7 47 31 | TR5 1 ?4 U? ? G1
3F D4 3F 3F CE 41 6A 32 35 3E CF DC 27 07 56 00 | ? ?? Aj25>  ' V 
00 74 06 0A 00 80 00 24 43 42 4C 00 5E 00 52 25 |  t     $CBL ^ R%
02 07 56 00 00 07 09 00 00 74 56 00 00 74 15 80 |   V      tV  t  
00 3F CE 56 6B 35 39 3E CF 3F 94 35 39 71 56 2B |  ? Vk59> ? 59qV+
55 71 34 2B EB 53 54 52 35 10 31 11 3F 56 70 38 | Uq4+ STR5 1 ?Vp8
04 56 3F CE 56 6A 35 31 3E CF 3E 35 38 04 55 3E |  V? Vj51> >58 U>
35 39 04 56 3E D4 3F D4 3F D7 47 31 3F D4 3F 3F | 59 V> ? ? G1? ??
CE 41 6A 32 36 3E CF 3F CE 55 6A 34 3E CF 3F 94 |  Aj26> ? Uj4> ? 
35 39 71 56 2B 55 71 34 2B EB 53 54 52 35 10 31 | 59qV+Uq4+ STR5 1
11 3F 35 38 04 55 3F D4 3F D7 47 31 3F D4 3F 3F |  ?58 U? ? G1? ??
CE 41 6A 33 34 3E CF 3F 94 35 39 71 56 2B 55 71 |  Aj34> ? 59qV+Uq
34 40 2C 07 56 00 00 74 06 0A 00 80 00 24 43 42 | 4@, V  t     $CB
4C 80 5E 00 52 A5 02 07 56 00 00 07 09 00 00 74 | L ^ R   V      t
56 00 00 74 15 80 00 2B EB 53 54 52 35 10 31 11 | V  t   + STR5 1 
3F CE 56 6A 33 3E CF 3E 35 38 04 55 3E 35 39 04 | ? Vj3> >58 U>59 
56 3F D0 3E 56 71 38 04 56 3F D4 3F CE 56 6A 35 | V? >Vq8 V? ? Vj5
31 3E CF 3E 34 34 04 55 3E 34 33 04 56 3E D4 3F | 1> >44 U>43 V> ?
D7 47 31 3F D4 3F 3F CE 41 6A 31 30 35 3E CF 3E |  G1? ?? Aj105> >
55 04 58 3E 56 04 59 3E D4 3F 3F D6 47 34 3F CE | U X>V Y> ?? G4? 
59 6A 33 35 40 5D 05 10 31 11 6A 32 3E CF 3F DE | Yj35@]  1 j2> ? 
2A 54 4F 54 41 4C 29 43 4F 4C 4C 45 43 54 49 4F | *TOTAL)COLLECTIO
4E 2A 2B 2A 54 49 4D D0 28 07 56 00 00 74 06 0A | N*+*TIM ( V  t  
00 80 00 24 43 42 4C 00 5F 00 52 26 02 07 56 00 |    $CBL _ R&  V 
00 07 09 00 00 74 56 00 00 74 15 80 00 45 29 49 |      tV  t   E)I
53 29 46 49 58 45 44 29 49 4E 2A 2B 2A 52 45 41 | S)FIXED)IN*+*REA
4C 54 49 4D 45 29 4D 4F 44 45 2A 3F E0 38 2B 31 | LTIME)MODE*? 8+1
30 2B EB 53 54 52 30 10 31 11 70 EB 53 54 52 30 | 0+ STR0 1 p STR0
10 32 11 3E D8 3F E1 3F D7 47 31 3F D4 3F 3F CE |  2 > ? ? G1? ?? 
58 6A 34 3E D7 30 3F CE 58 6A 35 38 3E CF 3E 30 | Xj4> 0? Xj58> >0
04 5D 05 10 31 36 11 3E D7 51 3E D4 3F 3F CE 59 |  ]  16 > Q> ?? Y
6A 33 35 3E CF 3F 94 32 34 2B 43 2B 2A AF AF 2A | j35> ? 24+C+*  *
70 EB 53 54 52 35 10 31 11 70 EB 53 54 58 2A 07 | p STR5 1 p STX* 
56 00 00 74 06 0A 00 80 00 24 43 42 4C 80 5F 00 | V  t     $CBL _ 
52 A6 02 07 56 00 00 07 09 00 00 74 56 00 00 74 | R   V      tV  t
15 80 00 52 35 10 31 11 70 EB 53 54 52 35 10 31 |    R5 1 p STR5 1
11 3F 30 04 4A 3E 30 04 4B 3E 30 04 53 3F D6 47 |  ?0 J>0 K>0 S? G
32 3F 30 04 51 3F D1 51 6A 30 3E AD 04 51 3E D4 | 2?0 Q? Qj0>  Q> 
3F CE 51 6A 31 30 35 3E CF 3E 94 32 34 2B 43 2B | ? Qj105> > 24+C+
5D 05 10 34 11 2B EB 53 54 52 35 10 31 11 70 EB | ]  4 + STR5 1 p 
53 54 52 35 10 31 11 70 EB 53 54 52 35 10 31 11 | STR5 1 p STR5 1 
70 EB 53 54 52 35 10 31 11 70 EB 53 54 52 35 10 | p STR5 1 p STR5 
31 11 70 EB 53 54 52 35 10 31 11 3E D7 47 31 3E | 1 p STR5 1 > G1>
D4 3F CE 0E 27 07 56 00 00 74 06 0A 00 80 00 24 |  ?  ' V  t     $
43 42 4C 00 60 00 52 27 02 07 56 00 00 07 09 00 | CBL ` R'  V     
00 74 56 00 00 74 15 80 00 51 6A 31 30 32 40 53 |  tV  t   Qj102@S
6F 30 3E 30 04 51 3F CE 51 6D 39 34 40 51 6E 39 | o0>0 Q? Qm94@Qn9
32 3E 51 71 39 31 04 51 3F CE 51 6D 38 34 40 51 | 2>Qq91 Q? Qm84@Q
6E 38 32 3E 51 71 37 38 04 51 3F CE 51 6D 37 34 | n82>Qq78 Q? Qm74
40 51 6E 37 32 3E 51 71 36 35 04 51 3F CE 51 6A | @Qn72>Qq65 Q? Qj
32 35 3C 51 6A 33 34 3E CF 3F 94 32 34 2B 34 30 | 25<Qj34> ? 24+40
2B EB 53 54 52 35 10 31 11 3F CE 51 6A 32 35 3E | + STR5 1 ? Qj25>
34 33 04 56 3F CE 51 6A 33 34 3E 32 37 04 56 3F | 43 V? Qj34>27 V?
94 32 34 2B 43 2B 5D 05 10 00 25 07 56 00 00 74 |  24+C+]   % V  t
06 0A 00 80 00 24 43 42 4C 80 60 00 52 A7 02 07 |      $CBL ` R   
56 00 00 07 09 00 00 74 56 00 00 74 15 80 00 34 | V      tV  t   4
11 2B EB 53 54 52 35 10 31 11 70 EB 53 54 52 35 |  + STR5 1 p STR5
10 31 11 70 EB 53 54 52 35 10 31 11 70 EB 53 54 |  1 p STR5 1 p ST
52 35 10 31 11 70 EB 53 54 52 35 10 31 11 70 EB | R5 1 p STR5 1 p 
53 54 52 35 10 31 11 3F D7 47 31 3F D4 3F CE 51 | STR5 1 ? G1? ? Q
6C 39 3E D7 47 32 3F CE 53 6A 31 3E CF 3E 32 04 | l9> G2? Sj1> >2 
53 3E 4B 04 4A 3E 51 04 4B 3E D4 3F CE 53 6A 30 | S>K J>Q K> ? Sj0
3E CF 3E 31 04 53 3E 51 04 4B 3E D4 3F 31 30 4A | > >1 S>Q K> ?10J
70 4B 04 5D 05 10 34 11 3F 94 32 34 2B 43 2B D9 | pK ]  4 ? 24+C+ 
27 07 56 00 00 74 06 0A 00 80 00 24 43 42 4C 00 | ' V  t     $CBL 
61 00 52 28 02 07 56 00 00 07 09 00 00 74 56 00 | a R(  V      tV 
00 74 15 80 00 5D 05 10 34 11 3F CE 53 6A 32 3E |  t   ]  4 ? Sj2>
D7 47 31 3F D7 47 32 3F D4 3F 3F CE 59 6A 32 37 |  G1? G2? ?? Yj27
3E CF 3F 5D 05 10 33 11 70 31 04 5D 05 10 33 11 | > ?]  3 p1 ]  3 
3F CE 5D 05 10 33 11 6A 33 3E 30 04 5D 05 10 33 | ? ]  3 j3>0 ]  3
11 3F CE 5D 05 10 33 11 6A 30 3E 94 33 32 2B 43 |  ? ]  3 j0> 32+C
2B 2A 44 49 53 54 29 29 29 2A 3F CE 5D 05 10 33 | +*DIST)))*? ]  3
11 6A 31 3E 94 33 32 2B 43 2B 2A 56 45 4C 2A 70 |  j1> 32+C+*VEL*p
EB 53 54 52 35 10 31 11 3F CE 5D 05 10 33 11 6A |  STR5 1 ? ]  3 j
32 3E 94 33 32 49 22 07 56 00 00 74 06 0A 00 80 | 2> 32I" V  t    
00 24 43 42 4C 80 61 00 52 A8 02 07 56 00 00 07 |  $CBL a R   V   
09 00 00 74 56 00 00 74 15 80 00 2B 43 2B 2A 41 |    tV  t   +C+*A
43 43 45 4C 2A 3F D7 47 31 3F D4 3F 3F CE 59 6A | CCEL*? G1? ?? Yj
31 39 3E CF 3F 36 5D 05 10 36 11 70 31 04 5D 05 | 19> ?6]  6 p1 ] 
10 36 11 3F CE 5D 05 10 36 11 6C 37 3E 30 04 5D |  6 ? ]  6 l7>0 ]
05 10 36 11 3F CE 5D 05 10 36 11 6A 30 3E 94 34 |   6 ? ]  6 j0> 4
30 2B 43 2B EB 53 54 52 30 10 31 11 70 EB 53 54 | 0+C+ STR0 1 p ST
52 30 10 32 11 70 EB 53 54 52 35 10 31 11 70 EB | R0 2 p STR5 1 p 
53 54 52 35 10 31 11 70 EB 53 54 52 35 10 31 11 | STR5 1 p STR5 1 
3F CE 5D 05 10 36 11 6A 31 3E 94 BC 23 07 56 00 | ? ]  6 j1>  # V 
00 74 06 0A 00 80 00 24 43 42 4C 00 62 00 52 29 |  t     $CBL b R)
02 07 56 00 00 07 09 00 00 74 56 00 00 74 15 80 |   V      tV  t  
00 34 30 2B 43 2B EB 53 54 52 37 10 31 11 70 EB |  40+C+ STR7 1 p 
53 54 52 37 10 32 11 3F CE 5D 05 10 36 11 6A 37 | STR7 2 ? ]  6 j7
3E 94 34 30 2B 43 2B 2A 44 45 4C 41 59 29 2A 70 | > 40+C+*DELAY)*p
EB 53 54 52 35 10 31 11 70 EB 53 54 52 35 10 31 |  STR5 1 p STR5 1
11 70 EB 53 54 52 35 10 31 11 3F D7 47 31 3F D4 |  p STR5 1 ? G1? 
3F 3F CE 59 6A 31 31 3E CF 3F 5D 05 10 37 11 70 | ?? Yj11> ?]  7 p
31 04 5D 05 10 37 11 3F CE 5D 05 10 37 11 6A 35 | 1 ]  7 ? ]  7 j5
3E 30 04 5D 05 10 37 11 3F CE 5D 05 10 37 11 6A | >0 ]  7 ? ]  7 j
31 66 23 07 56 00 00 74 06 0A 00 80 00 24 43 42 | 1f# V  t     $CB
4C 80 62 00 52 A9 02 07 56 00 00 07 09 00 00 74 | L b R   V      t
56 00 00 74 15 80 00 3E 32 04 5D 05 10 37 11 3F | V  t   >2 ]  7 ?
CE 5D 05 10 37 11 6A 32 3E 94 34 38 2B 43 2B 2A |  ]  7 j2> 48+C+*
4C 49 47 48 54 29 29 29 2A 3F CE 5D 05 10 37 11 | LIGHT)))*? ]  7 
6A 33 3E 94 34 38 2B 43 2B 2A 4D 45 44 49 55 4D | j3> 48+C+*MEDIUM
2A 3F CE 5D 05 10 37 11 6A 34 3E 94 34 38 2B 43 | *? ]  7 j4> 48+C
2B 2A 48 45 41 56 59 29 29 29 2A 3F CE 5D 05 10 | +*HEAVY)))*? ]  
37 11 6A 30 3E 94 34 38 2B 43 2B 2A 4E 4F 4E 45 | 7 j0> 48+C+*NONE
2A 70 EB 53 54 52 35 10 31 11 3F D7 47 31 3F D4 | *p STR5 1 ? G1? 
3F 3F CE 59 6A 33 3E 3F 22 07 56 00 00 74 06 0A | ?? Yj3>?" V  t  
00 80 00 24 43 42 4C 00 63 00 52 2A 02 07 56 00 |    $CBL c R*  V 
00 07 09 00 00 74 56 00 00 74 15 80 00 CF 3F 5D |      tV  t    ?]
05 10 32 11 70 31 04 5D 05 10 32 11 3F CE 5D 05 |   2 p1 ]  2 ? ] 
10 32 11 6A 33 3E 31 04 5D 05 10 32 11 3F CE 5D |  2 j3>1 ]  2 ? ]
05 10 32 11 6A 31 3E 94 35 36 2B 43 2B 2A 46 45 |   2 j1> 56+C+*FE
45 54 2A 70 EB 53 54 52 35 10 31 11 70 EB 53 54 | ET*p STR5 1 p ST
52 35 10 31 11 70 EB 53 54 52 35 10 31 11 3F CE | R5 1 p STR5 1 ? 
5D 05 10 32 11 6A 32 3E 94 35 36 2B 43 2B 2A 4D | ]  2 j2> 56+C+*M
45 54 45 52 53 2A 3F D7 47 31 3F D4 3F 3F CE 59 | ETERS*? G1? ?? Y
6A 34 33 3E CF 3F 5D 05 10 31 11 70 31 F0 22 07 | j43> ?]  1 p1 " 
56 00 00 74 06 0A 00 80 00 24 43 42 4C 80 63 00 | V  t     $CBL c 
52 AA 02 07 56 00 00 07 09 00 00 74 56 00 00 74 | R   V      tV  t
15 80 00 04 5D 05 10 31 11 3F CE 5D 05 10 31 11 |     ]  1 ? ]  1 
6A 33 3E 31 04 5D 05 10 31 11 3F CE 5D 05 10 31 | j3>1 ]  1 ? ]  1
11 6A 32 3E CF 3E 94 31 36 2B 43 2B 2A 59 45 53 |  j2> > 16+C+*YES
2A 3F 31 35 04 5D 05 10 34 11 3E 94 32 34 2B 43 | *?15 ]  4 > 24+C
2B 5D 05 10 34 11 2B EB 53 54 52 35 10 31 11 70 | +]  4 + STR5 1 p
EB 53 54 52 35 10 31 11 70 EB 53 54 52 35 10 31 |  STR5 1 p STR5 1
11 70 EB 53 54 52 35 10 31 11 70 EB 53 54 52 35 |  p STR5 1 p STR5
10 31 11 70 EB 53 54 52 35 10 31 11 70 EB 53 54 |  1 p STR5 1 p ST
52 35 10 1C 22 07 56 00 00 74 06 0A 00 80 00 24 | R5  " V  t     $
43 42 4C 00 64 00 52 2B 02 07 56 00 00 07 09 00 | CBL d R+  V     
00 74 56 00 00 74 15 80 00 31 11 70 EB 53 54 52 |  tV  t   1 p STR
35 10 31 11 3F D4 3F CE 5D 05 10 31 11 6A 31 3E | 5 1 ? ? ]  1 j1>
94 31 36 2B 43 2B 2A 4E 4F 29 29 29 2A 3F D7 47 |  16+C+*NO)))*? G
31 3F D4 3F 3F D6 44 34 3F E6 2A 54 4F 4F 4C 53 | 1? ?? D4? *TOOLS
2A 2B 2A 47 45 54 29 43 42 52 29 44 41 54 41 2A | *+*GET)CBR)DATA*
2B 52 2B 2A 47 45 54 29 54 49 71 37 33 29 44 41 | +R+*GET)TIq73)DA
54 41 2A 2B 44 36 2B 2A 43 42 52 29 53 54 41 54 | TA*+D6+*CBR)STAT
55 53 2A 2B 44 31 2B 2A 53 54 4F 50 83 43 4C 45 | US*+D1+*STOP CLE
41 52 29 43 42 52 2A 2B 44 69 23 07 56 00 00 74 | AR)CBR*+Di# V  t
06 0A 00 80 00 24 43 42 4C 80 64 00 52 AB 02 07 |      $CBL d R   
56 00 00 07 09 00 00 74 56 00 00 74 15 80 00 35 | V      tV  t   5
2B 2A 4D 41 49 4E 29 4D 45 4E 55 2A 2B 30 3F 3F | +*MAIN)MENU*+0??
D6 44 31 3F 31 04 5D 05 10 31 30 11 3F D7 51 31 |  D1?1 ]  10 ? Q1
3F D6 44 33 3F EA 3E 73 08 3E 86 3F 94 31 2B 31 | ? D3? >s > ? 1+1
2B 2A 42 41 54 54 45 52 59 3E 2A 3F 5D 06 10 33 | +*BATTERY>*?]  3
11 04 51 3F 34 36 04 43 3F CE 51 6A 30 3E CF 3E |   Q?46 C? Qj0> >
94 31 2B 43 2B 2A 4F 4B 2A 3F D0 3E 94 31 2B 43 |  1+C+*OK*? > 1+C
2B 2A 52 45 50 4C 41 43 45 2A 3E D4 3F 94 38 2B | +*REPLACE*> ? 8+
31 2B 2A 43 42 52 29 29 53 54 41 54 45 3E 2A 5A | 1+*CBR))STATE>*Z
23 07 56 00 00 74 06 0A 00 80 00 24 43 42 4C 00 | # V  t     $CBL 
65 00 52 2C 02 07 56 00 00 07 09 00 00 74 56 00 | e R,  V      tV 
00 74 15 80 00 3F 5D 06 10 31 34 11 04 51 3F CE |  t   ?]  14  Q? 
51 6A 31 3E 94 38 2B 43 2B 2A 4E 4F 54 29 53 45 | Qj1> 8+C+*NOT)SE
54 55 50 2A 3F CE 51 6A 32 3E 94 38 2B 43 2B 2A | TUP*? Qj2> 8+C+*
41 52 4D 45 44 2A 3F CE 51 6A 33 3E 94 38 2B 43 | ARMED*? Qj3> 8+C
2B 2A 53 41 4D 50 4C 49 4E 47 2A 3F CE 51 6A 34 | +*SAMPLING*? Qj4
3E 94 38 2B 43 2B 2A 44 4F 4E 45 2A 3F 94 31 35 | > 8+C+*DONE*? 15
2B 31 2B 2A 4C 41 53 54 29 45 52 52 4F 52 3E 2A | +1+*LAST)ERROR>*
3F CE 5D 06 10 32 11 6F 30 3E 94 31 35 2B 43 2B | ? ]  2 o0> 15+C+
5D 06 10 32 11 FA 22 07 56 00 00 74 06 0A 00 80 | ]  2  " V  t    
00 24 43 42 4C 80 65 00 52 AC 02 07 56 00 00 07 |  $CBL e R   V   
09 00 00 74 56 00 00 74 15 80 00 3F 94 35 37 2B |    tV  t   ? 57+
36 39 2B EB 53 54 52 30 10 31 11 70 EB 53 54 52 | 69+ STR0 1 p STR
30 10 32 11 3F D8 3F D7 30 3F 3F D6 44 35 3F E7 | 0 2 ? ? 0?? D5? 
08 30 09 3F D7 30 3F 3F D6 44 36 3F DE 2A 41 54 |  0 ? 0?? D6? *AT
54 41 43 48 29 43 4F 52 44 29 46 52 4F 4D 2A 2B | TACH)CORD)FROM*+
2A 54 48 49 53 29 54 49 71 37 33 29 54 4F 2A 2B | *THIS)TIq73)TO*+
2A 53 45 4E 44 49 4E 47 29 54 49 71 37 33 2A 2B | *SENDING)TIq73*+
2A 2A 2B 2A 53 45 4E 44 49 4E 47 29 54 49 71 37 | **+*SENDING)TIq7
33 2A 2B 2A 4D 55 53 54 29 42 45 FB 24 07 56 00 | 3*+*MUST)BE $ V 
00 74 06 0A 00 80 00 24 43 42 4C 00 66 00 52 2D |  t     $CBL f R-
02 07 56 00 00 07 09 00 00 74 56 00 00 74 15 80 |   V      tV  t  
00 29 41 54 2A 2B 2A 48 4F 4D 45 29 53 43 52 45 |  )AT*+*HOME)SCRE
45 4E 2A 3F E0 38 2B 31 30 2B 2A 45 4E 54 45 52 | EN*? 8+10+*ENTER
2A 3F D8 3F 08 37 09 04 5D 06 3E E7 5D 06 3E BB | *? ? 7  ] > ] > 
1D 5D 06 11 3F CE 5D 06 10 31 11 6F B0 39 3E CF |  ]  ? ]  1 o 9> 
3F E1 3F E6 2A 4E 4F 29 44 41 54 41 29 52 45 43 | ? ? *NO)DATA)REC
45 49 56 45 44 2A 2B 2A 52 45 54 52 59 2A 2B 44 | EIVED*+*RETRY*+D
36 2B 2A 4D 41 49 4E 29 4D 45 4E 55 2A 2B 30 3F | 6+*MAIN)MENU*+0?
D4 3F E1 3F DE 2A 52 45 43 45 49 56 49 4E 47 3A |  ? ? *RECEIVING:
3A 21 25 07 56 00 00 74 06 0A 00 80 00 24 43 42 | :!% V  t     $CB
4C 80 66 00 52 AD 02 07 56 00 00 07 09 00 00 74 | L f R   V      t
56 00 00 74 15 80 00 3A 2A 3F BB 1D 5D 01 11 3E | V  t   :*?  ]  >
BB 1D 5D 02 11 3E BB 1D 5D 03 11 3E BB 1D 5D 04 |   ]  >  ]  >  ] 
11 3E BB 1D 5D 05 11 3F E1 3F DE 2A 4C 31 6A 54 |  >  ]  ? ? *L1jT
49 4D 45 2A 2B 2A 4C 32 6A 44 49 53 54 2A 2B 2A | IME*+*L2jDIST*+*
4C 33 6A 56 45 4C 2A 2B 2A 4C 34 6A 41 43 43 45 | L3jVEL*+*L4jACCE
4C 2A 3F E0 38 2B 31 30 2B EB 53 54 52 30 10 31 | L*? 8+10+ STR0 1
11 70 EB 53 54 52 30 10 32 11 3F D8 3F E1 3F D7 |  p STR0 2 ? ? ? 
54 3F 3F D6 41 36 3F 30 04 5D 05 10 31 33 11 3F | T?? A6?0 ]  13 ?
EA 3F 31 04 55 3F E1 7D 25 07 56 00 00 74 06 0A |  ?1 U? }% V  t  
00 80 00 24 43 42 4C 00 67 00 52 2E 02 07 56 00 |    $CBL g R.  V 
00 07 09 00 00 74 56 00 00 74 15 80 00 3F E6 2A |      tV  t   ? *
55 4E 49 54 53 AF 2A 2B 2A 4D 45 54 45 52 53 2A | UNITS *+*METERS*
2B 41 35 2B 2A 46 45 45 54 2A 2B 41 34 11 3F D6 | +A5+*FEET*+A4 ? 
41 35 3F 55 70 31 04 55 3F D6 41 34 3F 55 04 5D | A5?Up1 U? A4?U ]
05 10 32 11 3F 3F E1 3F E6 2A 41 50 50 4C 49 43 |   2 ?? ? *APPLIC
41 54 49 4F 4E 53 2A 2B 2A 44 49 53 54 29 4D 41 | ATIONS*+*DIST)MA
54 43 48 2A 2B 55 31 2B 2A 56 45 4C 29 4D 41 54 | TCH*+U1+*VEL)MAT
43 48 2A 2B 55 32 2B 2A 42 41 4C 4C 29 42 4F 55 | CH*+U2+*BALL)BOU
4E 43 45 2A 2B 41 37 2B 2A 4D 41 49 4E 92 22 07 | NCE*+A7+*MAIN " 
56 00 00 74 06 0A 00 80 00 24 43 42 4C 80 67 00 | V  t     $CBL g 
52 AE 02 07 56 00 00 07 09 00 00 74 56 00 00 74 | R   V      tV  t
15 80 00 29 4D 45 4E 55 2A 2B 30 3F 3F D6 41 37 |    )MENU*+0?? A7
3F 31 04 5D 05 10 31 11 3F 30 04 5D 05 10 33 11 | ?1 ]  1 ?0 ]  3 
3F 34 04 5D 05 10 34 11 3F 31 04 5D 05 10 36 11 | ?4 ]  4 ?1 ]  6 
3F 30 04 5D 05 10 37 11 3F 31 04 5D 05 10 31 33 | ?0 ]  7 ?1 ]  13
11 3F 30 04 5D 05 10 31 36 11 3F D7 51 3F 3F D6 |  ?0 ]  16 ? Q?? 
42 31 3F 24 30 2B 58 2B 31 2B 31 38 11 04 5D 01 | B1?$0+X+1+18  ] 
3F 5D 01 04 5D 02 3E 5D 01 04 5D 03 3E 5D 01 04 | ?]  ] >]  ] >]  
5D 04 3F 08 32 2B 32 2B 30 2B 31 35 2B 39 2B 30 | ] ? 2+2+0+15+9+0
2B 30 2B EF 17 07 56 00 00 74 06 0A 00 80 00 24 | +0+   V  t     $
43 42 4C 00 68 00 52 2F 02 07 56 00 00 07 09 00 | CBL h R/  V     
00 74 56 00 00 74 15 80 00 30 2B 30 2B 30 2B 30 |  tV  t   0+0+0+0
2B 39 34 2B 30 2B 30 2B 30 2B 30 2B 30 2B 30 09 | +94+0+0+0+0+0+0 
04 5D 05 3F CE 5D 06 10 31 11 6A B0 31 3E CF 3E |  ] ? ]  1 j 1> >
30 04 5D 06 10 31 11 3E D7 30 3E D4 3F B0 32 04 | 0 ]  1 > 0> ? 2 
5D 06 10 31 11 3F D7 44 3F 3F D6 4E 3F CE 5D 05 | ]  1 ? D?? N? ] 
10 31 33 11 6A 31 40 5D 05 10 39 11 6A 31 3E CF |  13 j1@]  9 j1> 
3F CE 5D 05 10 32 11 6A 32 3E 94 31 2B 35 2B 2A | ? ]  2 j2> 1+5+*
48 54 10 4D 11 2A 11 3F CE 5D 05 10 32 11 6A 31 | HT M * ? ]  2 j1
3E 94 31 2B 35 2B 2A 48 54 17 20 07 56 00 00 74 | > 1+5+*HT   V  t
06 0A 00 80 00 24 43 42 4C 80 68 00 52 AF 02 07 |      $CBL h R   
56 00 00 07 09 00 00 74 56 00 00 74 15 80 00 10 | V      tV  t    
46 54 11 2A 11 3F D0 3F CE 5D 05 10 32 11 6A 31 | FT * ? ? ]  2 j1
3E CF 3F CE 51 6A 32 3E 94 31 2B 35 2B 2A 44 10 | > ? Qj2> 1+5+*D 
46 54 11 2A 3F CE 51 6A 33 3E 94 31 2B 35 2B 2A | FT *? Qj3> 1+5+*
56 10 46 54 83 53 11 2A 3F CE 51 6A 34 3E 94 31 | V FT S *? Qj4> 1
2B 35 2B 2A 41 10 46 54 83 53 0D 11 2A 3F D0 3F | +5+*A FT S  *? ?
CE 51 6A 32 3E 94 31 2B 35 2B 2A 44 10 4D 11 2A |  Qj2> 1+5+*D M *
3F CE 51 6A 33 3E 94 31 2B 35 2B 2A 56 10 4D 83 | ? Qj3> 1+5+*V M 
53 11 2A 3F CE 51 6A 34 3E 94 31 2B 35 2B 2A 93 | S *? Qj4> 1+5+* 
24 07 56 00 00 74 06 0A 00 80 00 24 43 42 4C 00 | $ V  t     $CBL 
69 00 52 30 02 07 56 00 00 07 09 00 00 74 56 00 | i R0  V      tV 
00 74 15 80 00 41 10 4D 83 53 0D 11 2A 3F D4 3F |  t   A M S  *? ?
D4 3F CE 5D 05 10 31 38 11 6A 33 3E D7 53 31 3F |  ? ]  18 j3> S1?
CE 5D 05 10 31 38 11 6A 34 3E D7 54 37 3F D7 36 |  ]  18 j4> T7? 6
3F 3F D6 51 3F CE 5D 05 10 31 36 11 6A 31 3E D7 | ?? Q? ]  16 j1> 
55 31 3F CE 5D 05 10 31 36 11 6A 32 3E D7 55 32 | U1? ]  16 j2> U2
3F 5D 05 10 33 11 70 31 04 5D 05 10 39 11 3F 34 | ?]  3 p1 ]  9 ?4
5D 05 10 31 11 71 5D 05 10 32 11 04 5D 05 10 31 | ]  1 q]  2  ]  1
35 11 3F 86 3F 30 04 5D 05 10 31 30 11 3F D6 51 | 5 ? ?0 ]  10 ? Q
31 3F 5D 05 10 89 21 07 56 00 00 74 06 0A 00 80 | 1?]   ! V  t    
00 24 43 42 4C 80 69 00 52 B0 02 07 56 00 00 07 |  $CBL i R   V   
09 00 00 74 56 00 00 74 15 80 00 31 30 11 04 51 |    tV  t   10  Q
3F 31 04 B5 5D 06 3F E7 08 37 09 3E E8 5D 06 3F | ?1  ] ?  7 > ] ?
CE B5 5D 06 11 6A 31 3E CF 3F E1 3F DE 2A 82 82 |   ]  j1> ? ? *  
29 4C 49 4E 4B 29 45 52 52 4F 52 29 82 82 2A 2B | )LINK)ERROR)  *+
2A 50 55 53 48 29 49 4E 29 43 42 52 29 43 4F 52 | *PUSH)IN)CBR)COR
44 2A 2B 2A 46 49 52 4D 4C 59 29 41 54 29 42 4F | D*+*FIRMLY)AT)BO
54 48 2A 2B 2A 45 4E 44 53 29 54 48 45 4E 29 50 | TH*+*ENDS)THEN)P
52 45 53 53 3E 2A 3F E0 38 2B 31 30 2B EB 53 54 | RESS>*? 8+10+ ST
52 30 10 31 11 70 EB 53 54 52 30 17 26 07 56 00 | R0 1 p STR0 & V 
00 74 06 0A 00 80 00 24 43 42 4C 00 6A 00 52 31 |  t     $CBL j R1
02 07 56 00 00 07 09 00 00 74 56 00 00 74 15 80 |   V      tV  t  
00 10 32 11 3E D8 3F D7 51 31 3F D4 3F CE 5D 06 |   2 > ? Q1? ? ] 
10 33 11 6C 30 3E CF 3F E1 3F DE 2A 43 42 52 29 |  3 l0> ? ? *CBR)
42 41 54 54 45 52 49 45 53 2A 2B 2A 4C 4F 57 2A | BATTERIES*+*LOW*
3F D8 3F D4 3F CE 51 6A 31 3E D7 44 33 3F CE 51 | ? ? ? Qj1> D3? Q
6A 32 3E D7 55 34 3F CE 51 6A 33 3E D7 52 31 3F | j2> U4? Qj3> R1?
E1 3F E7 08 31 2B 30 09 3F 39 34 04 B5 5D 01 3E |  ?  1+0 ?94  ] >
39 34 04 B5 5D 02 3E 39 34 04 B5 5D 03 3E 39 34 | 94  ] >94  ] >94
04 B5 5D 04 3F CE 5D 05 10 31 33 11 6F 31 3E DE |   ] ? ]  13 o1> 
2A CC 29 07 56 00 00 74 06 0A 00 80 00 24 43 42 | * ) V  t     $CB
4C 80 6A 00 52 B1 02 07 56 00 00 07 09 00 00 74 | L j R   V      t
56 00 00 74 15 80 00 50 4F 49 4E 54 29 43 42 52 | V  t   POINT)CBR
2A 2B 2A 41 54 29 54 41 52 47 45 54 2A 2B 2A 2A | *+*AT)TARGET*+**
3F CE 5D 05 10 36 11 6F 31 3E CF 3F CE 5D 05 10 | ? ]  6 o1> ? ]  
36 11 6A 37 3E DE 2A 2A 2B 2A 53 41 4D 50 4C 49 | 6 j7> **+*SAMPLI
4E 47 29 42 45 47 49 4E 53 2A 2B 2A 31 30 29 53 | NG)BEGINS*+*10)S
45 43 4F 4E 44 53 29 41 46 54 45 52 2A 2B 2A 50 | ECONDS)AFTER*+*P
52 45 53 53 49 4E 47 29 2A 70 EB 53 54 52 30 10 | RESSING)*p STR0 
31 11 70 EB 53 54 52 30 10 32 11 3F CE 5D 05 10 | 1 p STR0 2 ? ]  
36 11 6A 30 3E DE 2A 55 23 07 56 00 00 74 06 0A | 6 j0> *U# V  t  
00 80 00 24 43 42 4C 00 6B 00 52 32 02 07 56 00 |    $CBL k R2  V 
00 07 09 00 00 74 56 00 00 74 15 80 00 2A 2B 2A |      tV  t   *+*
54 4F 29 53 54 41 52 54 29 50 52 45 53 53 2A 2B | TO)START)PRESS*+
EB 53 54 52 30 10 31 11 70 EB 53 54 52 30 10 32 |  STR0 1 p STR0 2
11 70 2A 29 4F 4E 29 54 49 71 37 33 2A 3F D8 3F |  p*)ON)TIq73*? ?
D4 3F 3F D6 51 32 3F CE 5D 05 10 31 11 6A 32 3E |  ?? Q2? ]  1 j2>
D7 53 3F E7 08 31 2B 31 31 2B 5D 05 10 31 35 11 |  S?  1+11+]  15 
2B 32 09 3F E7 08 33 2B 5D 05 10 34 11 83 39 33 | +2 ?  3+]  4  93
2B 39 34 2B 5D 05 10 36 11 2B 30 2B 30 2B 30 2B | +94+]  6 +0+0+0+
30 2B 31 2B 5D 05 10 37 11 09 3F CE 5D 46 21 07 | 0+1+]  7  ? ]F! 
56 00 00 74 06 0A 00 80 00 24 43 42 4C 80 6B 00 | V  t     $CBL k 
52 B2 02 07 56 00 00 07 09 00 00 74 56 00 00 74 | R   V      tV  t
15 80 00 05 10 36 11 6A 31 3E CF 3F DE 2A 49 46 |      6 j1> ? *IF
29 44 45 53 49 52 45 44 2B 2A 2B 2A 44 45 54 41 | )DESIRED+*+*DETA
43 48 29 43 42 52 2A 3F CE 5D 05 10 31 33 11 6A | CH)CBR*? ]  13 j
31 3E CF 3F DE 2A 2A 2B 2A 48 4F 4C 44 29 42 41 | 1> ? **+*HOLD)BA
4C 4C 29 6E 2A 3F CE 5D 05 10 32 11 6A 31 3E DE | LL)n*? ]  2 j1> 
2A 31 3A 35 29 46 45 45 54 2A 3F CE 5D 05 10 32 | *1:5)FEET*? ]  2
11 6A 32 3E DE 2A 30 3A 35 29 4D 45 54 45 52 2A |  j2> *0:5)METER*
3F DE 2A 55 4E 44 45 52 29 43 42 52 2A 3F D4 3F | ? *UNDER)CBR*? ?
E0 38 2B 5F 24 07 56 00 00 74 06 0A 00 80 00 24 |  8+_$ V  t     $
43 42 4C 00 6C 00 52 33 02 07 56 00 00 07 09 00 | CBL l R3  V     
00 74 56 00 00 74 15 80 00 31 30 2B EB 53 54 52 |  tV  t   10+ STR
30 10 31 11 70 EB 53 54 52 30 10 32 11 3E D8 3F | 0 1 p STR0 2 > ?
D6 51 33 3F E1 3F DE 2A 50 52 45 53 53 29 2A 70 |  Q3? ? *PRESS)*p
EB 53 54 52 37 10 31 11 70 EB 53 54 52 37 10 32 |  STR7 1 p STR7 2
11 2B 2A 4F 4E 29 43 42 52 29 54 4F 29 53 54 41 |  +*ON)CBR)TO)STA
52 54 2A 2B 2A 2A 2B 2A 52 45 50 45 41 54 29 49 | RT*+**+*REPEAT)I
46 2A 2B 2A 44 45 53 49 52 45 44 2B 29 54 48 45 | F*+*DESIRED+)THE
4E 2A 2B 2A 52 45 41 54 54 41 43 48 29 43 42 52 | N*+*REATTACH)CBR
29 41 4E 44 2A 2B 2A 50 52 50 24 07 56 00 00 74 | )AND*+*PRP$ V  t
06 0A 00 80 00 24 43 42 4C 80 6C 00 52 B3 02 07 |      $CBL l R   
56 00 00 07 09 00 00 74 56 00 00 74 15 80 00 45 | V      tV  t   E
53 53 29 2A 70 EB 53 54 52 30 10 31 11 70 EB 53 | SS)*p STR0 1 p S
54 52 30 10 32 11 3F D8 3F 30 04 5D 06 10 31 34 | TR0 2 ? ?0 ]  14
11 3E E7 08 37 09 3E E8 5D 06 3F CE 5D 06 10 31 |  >  7 > ] ? ]  1
34 11 6F 34 3E D7 51 33 3F D4 3F 3F D6 52 3F 33 | 4 o4> Q3? ?? R?3
04 5D 05 10 31 30 11 3F D7 51 31 3F D6 52 31 3F |  ]  10 ? Q1? R1?
E1 3F CE 5D 06 10 31 34 11 6A 31 3C 5D 06 10 31 |  ? ]  14 j1<]  1
30 11 6F 39 34 3E CF 3F DE 2A 46 49 52 53 54 29 | 0 o94> ? *FIRST)
43 4F 4C 4C 45 43 54 2A 2B 2A 52 45 41 4C 54 79 | COLLECT*+*REALTy
25 07 56 00 00 74 06 0A 00 80 00 24 43 42 4C 00 | % V  t     $CBL 
6D 00 52 34 02 07 56 00 00 07 09 00 00 74 56 00 | m R4  V      tV 
00 74 15 80 00 49 4D 45 6A 4E 4F 29 44 41 54 41 |  t   IMEjNO)DATA
2A 3F E0 38 2B 31 30 2B EB 53 54 52 30 10 31 11 | *? 8+10+ STR0 1 
70 EB 53 54 52 30 10 32 11 3E D8 3F D7 30 3F D4 | p STR0 2 > ? 0? 
3F DE EB 53 54 52 33 10 31 11 70 EB 53 54 52 33 | ?  STR3 1 p STR3
10 32 11 70 EB 53 54 52 33 10 33 11 3F 31 04 5D |  2 p STR3 3 ?1 ]
05 10 31 11 3F CE 5D 05 10 31 37 11 6A 38 3E CF |   1 ? ]  17 j8> 
3E E7 08 36 2B 36 2B 46 09 3E 30 04 5D 05 10 31 | >  6+6+F >0 ]  1
37 11 3E D4 3F E8 5D 02 3E E7 08 35 2B 31 31 2B | 7 > ? ] >  5+11+
30 2B 31 2B 30 47 25 07 56 00 00 74 06 0A 00 80 | 0+1+0G% V  t    
00 24 43 42 4C 80 6D 00 52 B4 02 07 56 00 00 07 |  $CBL m R   V   
09 00 00 74 56 00 00 74 15 80 00 09 3F E8 5D 02 |    tV  t    ? ] 
3E E8 5D 03 3E E8 5D 04 3E E8 5D 01 3E 5D 01 71 | > ] > ] > ] >] q
5D 01 10 31 11 04 5D 01 3F 39 04 5D 05 10 31 34 | ]  1  ] ?9 ]  14
11 3F CE 5D 05 10 31 33 11 6A 31 3E CF 3F 19 5D |  ? ]  13 j1> ? ]
02 11 71 5D 02 04 5D 02 3F B0 5D 03 04 5D 03 3F |   q]  ] ? ]  ] ?
B0 5D 04 04 5D 04 3F 31 04 5D 05 10 39 11 3F D4 |  ]  ] ?1 ]  9 ? 
3F CE 5D 05 10 39 11 6A 33 3E D7 54 33 3F CE 5D | ? ]  9 j3> T3? ]
05 10 39 11 6A 32 3E D7 54 32 3F D7 54 31 3F 3F |   9 j2> T2? T1??
D6 53 3F 86 3E EA 3E 73 07 3E 98 A4 23 07 56 00 |  S? > >s >  # V 
00 74 06 0A 00 80 00 24 43 42 4C 00 6E 00 52 35 |  t     $CBL n R5
02 07 56 00 00 07 09 00 00 74 56 00 00 74 15 80 |   V      tV  t  
00 3F 24 30 2B 58 2B 31 2B 39 34 11 04 5D 03 3F |  ?$0+X+1+94  ] ?
5D 03 04 5D 04 3F 30 04 63 0A 3E 39 34 04 63 0B | ]  ] ?0 c >94 c 
3F 36 3A 32 04 63 03 3F 32 5D 05 10 32 11 71 31 | ?6:2 c ?2]  2 q1
04 51 3F CE 5D 05 10 33 11 6A 30 3E CF 3E 30 04 |  Q? ]  3 j0> >0 
63 0C 3E 31 35 83 51 04 63 0D 3F D0 3E 33 83 51 | c >15 Q c ? >3 Q
04 63 0D 3E B0 63 0D 04 63 0C 3F D4 3F 35 63 0C |  c > c  c ? ?5c 
83 36 04 41 3E 35 63 0D 83 36 04 42 3F 31 04 63 |  6 A>5c  6 B?1 c
04 3F E7 08 31 2B 30 09 3F E7 08 31 2B 31 31 2B |  ?  1+0 ?  1+11+
5D A0 1D 07 56 00 00 74 06 0A 00 80 00 24 43 42 | ]   V  t     $CB
4C 80 6E 00 52 B5 02 07 56 00 00 07 09 00 00 74 | L n R   V      t
56 00 00 74 15 80 00 05 10 31 35 11 09 3F 5D 05 | V  t     15  ?] 
10 37 11 04 46 3F CE 46 6F 30 3E 35 70 46 04 46 |  7  F? Fo0>5pF F
3F E7 08 33 2B 3A 31 2B B0 31 2B 5D 05 10 36 11 | ?  3+:1+ 1+]  6 
2B 30 2B 30 2B 30 2B 30 2B 30 2B 46 09 3F CE 5D | +0+0+0+0+0+F ? ]
05 10 36 11 6A 31 3E CF 3F DE 2A 2A 2B 2A 50 52 |   6 j1> ? **+*PR
45 53 53 29 2A 70 EB 53 54 52 37 10 31 11 70 EB | ESS)*p STR7 1 p 
53 54 52 37 10 32 11 2B 2A 4F 4E 29 43 42 52 29 | STR7 2 +*ON)CBR)
54 4F 29 53 54 41 52 54 2A 3F E8 5D 06 3F D4 3F | TO)START*? ] ? ?
5D 05 10 33 11 70 32 07 21 07 56 00 00 74 06 0A | ]  3 p2 ! V  t  
00 80 00 24 43 42 4C 00 6F 00 52 36 02 07 56 00 |    $CBL o R6  V 
00 07 09 00 00 74 56 00 00 74 15 80 00 04 51 3F |      tV  t    Q?
33 04 5D 05 10 31 38 11 3F D7 4E 3F D6 53 31 3F | 3 ]  18 ? N? S1?
94 34 35 2B 38 31 2B EB 53 54 52 36 10 31 11 3F |  45+81+ STR6 1 ?
5D 05 10 33 11 70 31 04 51 3F F2 09 5D 06 3F D3 | ]  3 p1 Q?  ] ? 
49 2B 31 2B 39 34 3F E8 5D 06 3F 5D 06 10 51 11 | I+1+94? ] ?]  Q 
04 5D 02 10 49 11 3E 5D 06 10 34 11 04 5D 01 10 |  ]  I >]  4  ]  
49 11 3F 9D 49 2B 5D 06 10 51 11 3F D4 3F E7 08 | I ? I+]  Q ? ?  
30 09 3F 30 04 5D 01 10 31 11 3F 3F D6 5A 5A 3F | 0 ?0 ]  1 ?? ZZ?
B5 5D 01 11 04 4A 3F D3 56 2B 32 2B 4A D4 1F 07 |  ]   J? V+2+J   
56 00 00 74 06 0A 00 80 00 24 43 42 4C 80 6F 00 | V  t     $CBL o 
52 B6 02 07 56 00 00 07 09 00 00 74 56 00 00 74 | R   V      tV  t
15 80 00 2B 31 11 3F 5D 01 10 56 71 31 11 70 5D |    +1 ?]  Vq1 p]
01 10 56 11 04 5D 01 10 56 11 3F D4 3F 3F 51 04 |   V  ]  V ? ??Q 
5D 05 10 39 11 3F 51 70 31 04 5D 05 10 31 34 11 | ]  9 ?Qp1 ]  14 
3F CE 51 6A 32 3E CF 3E 5D 02 04 5D 03 3E 24 30 | ? Qj2> >]  ] >$0
2B 58 2B 31 2B B5 5D 02 11 11 04 5D 02 3E D4 3F | +X+1+ ]    ] > ?
CE 51 6A 33 3E CF 3E 5D 02 04 5D 04 3E 24 30 2B |  Qj3> >]  ] >$0+
58 2B 31 2B B5 5D 02 11 11 04 5D 02 3E D4 3F D7 | X+1+ ]    ] > ? 
54 39 3F 3F D6 54 3F CE 5D 05 10 31 34 11 6A 30 | T9?? T? ]  14 j0
3E CF 3F C6 20 07 56 00 00 74 06 0A 00 80 00 24 | > ?   V  t     $
43 42 4C 00 70 00 52 37 02 07 56 00 00 07 09 00 | CBL p R7  V     
00 74 56 00 00 74 15 80 00 E1 3F DE 2A 43 4F 4C |  tV  t    ? *COL
4C 45 43 54 29 44 41 54 41 2A 2B 2A 42 45 46 4F | LECT)DATA*+*BEFO
52 45 29 56 49 45 57 49 4E 47 2A 2B 2A 50 4C 4F | RE)VIEWING*+*PLO
54 53 2A 3F E0 38 2B 31 30 2B EB 53 54 52 30 10 | TS*? 8+10+ STR0 
31 11 70 EB 53 54 52 30 10 32 11 3E D8 3F D7 30 | 1 p STR0 2 > ? 0
3F D4 3F E1 3F CE 5D 05 10 31 34 11 6F 39 3E E6 | ? ? ? ]  14 o9> 
2A 50 4C 4F 54 29 4D 45 4E 55 2A 2B 2A 53 48 4F | *PLOT)MENU*+*SHO
57 29 50 4C 4F 54 2A 2B 58 39 2B 2A 53 45 4C 45 | W)PLOT*+X9+*SELE
43 54 29 44 4F 4D 41 49 4E 86 26 07 56 00 00 74 | CT)DOMAIN & V  t
06 0A 00 80 00 24 43 42 4C 80 70 00 52 B7 02 07 |      $CBL p R   
56 00 00 07 09 00 00 74 56 00 00 74 15 80 00 2A | V      tV  t   *
2B 54 38 2B 2A 52 45 50 45 41 54 29 53 41 4D 50 | +T8+*REPEAT)SAMP
4C 45 2A 2B 51 2B 2A 4D 41 49 4E 29 4D 45 4E 55 | LE*+Q+*MAIN)MENU
2A 2B 30 2B 2A 51 55 49 54 2A 2B 5A 3F E6 2A 50 | *+0+*QUIT*+Z? *P
4C 4F 54 29 4D 45 4E 55 2A 2B 2A 44 49 53 54 71 | LOT)MENU*+*DISTq
54 49 4D 45 2A 2B 54 31 2B 2A 56 45 4C 71 54 49 | TIME*+T1+*VELqTI
4D 45 2A 2B 54 32 2B 2A 41 43 43 45 4C 71 54 49 | ME*+T2+*ACCELqTI
4D 45 2A 2B 54 33 2B 2A 50 4C 4F 54 29 54 4F 4F | ME*+T3+*PLOT)TOO
4C 53 2A 2B 54 35 2B 2A 52 45 50 45 41 54 29 90 | LS*+T5+*REPEAT) 
21 07 56 00 00 74 06 0A 00 80 00 24 43 42 4C 00 | ! V  t     $CBL 
71 00 52 38 02 07 56 00 00 07 09 00 00 74 56 00 | q R8  V      tV 
00 74 15 80 00 53 41 4D 50 4C 45 2A 2B 51 2B 2A |  t   SAMPLE*+Q+*
4D 41 49 4E 29 4D 45 4E 55 2A 2B 30 2B 2A 51 55 | MAIN)MENU*+0+*QU
49 54 2A 2B 5A 3F 3F D6 58 39 3F CE 5D 05 10 31 | IT*+Z?? X9? ]  1
34 11 6A 33 3E D7 54 32 3F CE 5D 05 10 31 34 11 | 4 j3> T2? ]  14 
6A 34 3E D7 54 33 3F 3F D6 54 31 3F 31 04 5D 05 | j4> T3?? T1?1 ] 
10 39 11 3F 19 5D 02 11 04 42 3E B0 3A 32 42 04 |  9 ? ]   B> :2B 
41 3F D7 54 39 3F D6 54 32 3F 32 04 5D 05 10 39 | A? T9? T2?2 ]  9
11 3F 1A 5D 03 11 04 41 3E 19 5D 03 11 04 42 3F |  ? ]   A> ]   B?
D7 54 39 3F D6 89 21 07 56 00 00 74 06 0A 00 80 |  T9?  ! V  t    
00 24 43 42 4C 80 71 00 52 B8 02 07 56 00 00 07 |  $CBL q R   V   
09 00 00 74 56 00 00 74 15 80 00 54 33 3F 33 04 |    tV  t   T3?3 
5D 05 10 39 11 3F 1A 5D 04 11 04 41 3E 19 5D 04 | ]  9 ? ]   A> ] 
11 04 42 3F 3F D6 54 39 3F EA 3E 73 07 3E 73 03 |   B?? T9? >s >s 
3F 41 71 3A 32 B2 41 11 71 3A 30 31 04 63 0C 3E | ?Aq:2 A q:01 c >
42 70 3A 32 B2 42 11 70 3A 30 31 04 63 0D 3F 1A | Bp:2 B p:01 c ? 
5D 01 04 63 0A 3E 19 5D 01 04 63 0B 3F 31 04 63 | ]  c > ]  c ?1 c
03 3F 5D 05 10 31 34 11 04 51 3F CE 51 6A 39 3E |  ?]  14  Q? Qj9>
5D 05 10 39 11 70 31 04 51 3F CE 51 6A 32 3E EC | ]  9 p1 Q? Qj2> 
F2 0C 2B 5D 01 2B 5D 02 2B 81 11 96 1E 07 56 00 |   +] +] +     V 
00 74 06 0A 00 80 00 24 43 42 4C 00 72 00 52 39 |  t     $CBL r R9
02 07 56 00 00 07 09 00 00 74 56 00 00 74 15 80 |   V      tV  t  
00 3F CE 51 6A 33 3E EC F2 0C 2B 5D 01 2B 5D 03 |  ? Qj3>   +] +] 
2B 81 3F CE 51 6A 34 3E EC F2 0C 2B 5D 01 2B 5D | + ? Qj4>   +] +]
04 2B 81 3F 34 04 5D 05 10 31 38 11 3F D7 4E 3F |  + ?4 ]  18 ? N?
D6 54 37 3F 94 34 35 2B 38 31 2B EB 53 54 52 36 |  T7? 45+81+ STR6
10 31 11 3F 85 3F D7 54 3F 3F D6 54 35 3F E6 2A |  1 ? ? T?? T5? *
50 4C 4F 54 29 54 4F 4F 4C 53 2A 2B 2A 53 45 4C | PLOT)TOOLS*+*SEL
45 43 54 29 44 4F 4D 41 49 4E 2A 2B 54 38 2B 2A | ECT)DOMAIN*+T8+*
53 4D 4F 4F 54 48 29 44 41 54 41 2A 2B 54 36 2B | SMOOTH)DATA*+T6+
2A 90 26 07 56 00 00 74 06 0A 00 80 00 24 43 42 | * & V  t     $CB
4C 80 72 00 52 B9 02 07 56 00 00 07 09 00 00 74 | L r R   V      t
56 00 00 74 15 80 00 50 4C 4F 54 29 4D 45 4E 55 | V  t   PLOT)MENU
2A 2B 54 3F 3F D6 54 36 3F 30 04 51 3F E1 3F E6 | *+T?? T6?0 Q? ? 
2A 44 41 54 41 29 53 4D 4F 4F 54 48 49 4E 47 2A | *DATA)SMOOTHING*
2B 2A 4C 49 47 48 54 2A 2B 50 31 2B 2A 4D 45 44 | +*LIGHT*+P1+*MED
49 55 4D 2A 2B 50 32 2B 2A 48 45 41 56 59 2A 2B | IUM*+P2+*HEAVY*+
50 33 2B 2A 4E 4F 4E 45 2A 2B 50 34 3F D6 50 33 | P3+*NONE*+P4? P3
3F 51 70 31 04 51 3F D6 50 32 3F 51 70 31 04 51 | ?Qp1 Q? P2?Qp1 Q
3F D6 50 31 3F 51 70 32 04 51 3F D6 50 34 3F 51 | ? P1?Qp2 Q? P4?Q
04 46 3F 38 04 5D 05 BC 23 07 56 00 00 74 06 0A |  F?8 ]  # V  t  
00 80 00 24 43 42 4C 00 73 00 52 3A 02 07 56 00 |    $CBL s R:  V 
00 07 09 00 00 74 56 00 00 74 15 80 00 10 31 37 |      tV  t    17
11 3F D7 52 3F 3F D6 54 38 3F CE 5D 05 10 39 11 |  ? R?? T8? ]  9 
6A 30 3E CF 3F E1 3F DE 2A 46 49 52 53 54 29 56 | j0> ? ? *FIRST)V
49 45 57 29 41 2A 2B 2A 50 4C 4F 54 2A 3F E0 38 | IEW)A*+*PLOT*? 8
2B 31 30 2B EB 53 54 52 30 10 31 11 70 EB 53 54 | +10+ STR0 1 p ST
52 30 10 32 11 3E D8 3F D7 54 3F D4 3F 86 3F DF | R0 2 > ? T? ? ? 
3F 94 36 2B 34 36 2B 2A 4C 45 46 54 29 42 4F 55 | ? 6+46+*LEFT)BOU
4E 44 AF 2A 3F 85 3F 58 04 5D 05 10 31 31 11 3F | ND *? ?X ]  11 ?
9C 5D 05 10 31 31 11 3F 94 36 2B 34 36 E1 26 07 |  ]  11 ? 6+46 & 
56 00 00 74 06 0A 00 80 00 24 43 42 4C 80 73 00 | V  t     $CBL s 
52 BA 02 07 56 00 00 07 09 00 00 74 56 00 00 74 | R   V      tV  t
15 80 00 2B 2A 52 49 47 48 54 29 42 4F 55 4E 44 |    +*RIGHT)BOUND
AF 2A 3F 85 3F 58 04 5D 05 10 31 32 11 3F 9C 5D |  *? ?X ]  12 ? ]
05 10 31 32 11 3F 94 36 2B 34 36 2B 2A 41 4E 41 |   12 ? 6+46+*ANA
4C 59 5A 49 4E 47 3A 3A 3A 2A 70 EB 53 54 52 35 | LYZING:::*p STR5
10 31 11 3F CE 5D 05 10 31 31 11 6A 5D 05 10 31 |  1 ? ]  11 j]  1
32 11 3E CF 3F E1 3F DE 2A 52 49 47 48 54 29 42 | 2 > ? ? *RIGHT)B
4F 55 4E 44 29 4D 55 53 54 2A 2B 2A 6F 29 4C 45 | OUND)MUST*+*o)LE
46 54 2A 3F E0 38 2B 31 30 2B EB 53 54 52 30 10 | FT*? 8+10+ STR0 
31 11 70 3D 23 07 56 00 00 74 06 0A 00 80 00 24 | 1 p=# V  t     $
43 42 4C 00 74 00 52 3B 02 07 56 00 00 07 09 00 | CBL t R;  V     
00 74 56 00 00 74 15 80 00 EB 53 54 52 30 10 32 |  tV  t    STR0 2
11 3E D8 3F D7 54 38 3F D4 3F CE 5D 05 10 31 32 |  > ? T8? ? ]  12
11 6B 5D 05 10 31 31 11 3E CF 3F 5D 05 10 31 32 |  k]  11 > ?]  12
11 04 51 3E 5D 05 10 31 31 11 04 5D 05 10 31 32 |   Q>]  11  ]  12
11 3E 51 04 5D 05 10 31 31 11 3F D4 3F 31 04 51 |  >Q ]  11 ? ?1 Q
3E 31 04 49 3F D1 5D 01 10 51 11 6B 5D 05 10 31 | >1 I? ]  Q k]  1
31 11 3E 51 70 31 04 51 3E D4 3F D1 5D 01 10 51 | 1 >Qp1 Q> ? ]  Q
11 6D 5D 05 10 31 32 11 3F 5D 01 10 51 11 04 5D |  m]  12 ?]  Q  ]
01 10 49 11 3E 5D 02 10 51 E8 1D 07 56 00 00 74 |   I >]  Q   V  t
06 0A 00 80 00 24 43 42 4C 80 74 00 52 BB 02 07 |      $CBL t R   
56 00 00 07 09 00 00 74 56 00 00 74 15 80 00 11 | V      tV  t    
04 5D 02 10 49 11 3F 5D 03 10 51 11 04 5D 03 10 |  ]  I ?]  Q  ]  
49 11 3E 5D 04 10 51 11 04 5D 04 10 49 11 3F 51 | I >]  Q  ]  I ?Q
70 31 04 51 3E 49 70 31 04 49 3F CE 51 6C B5 5D | p1 Q>Ip1 I? Ql ]
01 3E D7 54 30 3F D4 3F D6 54 30 3F 49 71 31 04 |  > T0? ? T0?Iq1 
49 3F 49 04 B5 5D 01 3E 49 04 B5 5D 02 3E 49 04 | I?I  ] >I  ] >I 
B5 5D 03 3E 49 04 B5 5D 04 3F 5D 05 10 39 11 04 |  ] >I  ] ?]  9  
51 3F CE 51 6A 31 3E D7 54 31 3F CE 51 6A 32 3E | Q? Qj1> T1? Qj2>
D7 54 32 3F CE 51 6A 33 3E D7 54 33 3F 3F D6 13 |  T2? Qj3> T3??  
24 07 56 00 00 74 06 0A 00 80 00 24 43 42 4C 00 | $ V  t     $CBL 
75 00 52 3C 02 07 56 00 00 07 09 00 00 74 56 00 | u R<  V      tV 
00 74 15 80 00 55 31 3F 31 04 5D 05 10 31 36 11 |  t   U1?1 ]  16 
3F 30 04 5D 05 10 33 11 3F 30 04 63 0C 3E 31 32 | ?0 ]  3 ?0 c >12
83 5D 05 10 32 11 04 63 0D 3F D7 55 33 3F 3F D6 |  ]  2  c ? U3?? 
55 32 3F 32 04 5D 05 10 31 36 11 3F 31 04 5D 05 | U2?2 ]  16 ?1 ] 
10 33 11 3F 33 83 5D 05 10 32 11 04 63 0D 3E B0 |  3 ?3 ]  2  c > 
63 0D 04 63 0C 3F 3F D6 55 33 3F 32 04 5D 05 10 | c  c ?? U3?2 ]  
31 30 11 3F D7 51 31 3F D6 55 34 3F E7 08 31 2B | 10 ? Q1? U4?  1+
30 09 3F F2 09 5D 01 2B 5D 02 2B 5D 03 2B 5D 04 | 0 ?  ] +] +] +] 
3F EA 3E 73 07 75 1D 07 56 00 00 74 06 0A 00 80 | ? >s u  V  t    
00 24 43 42 4C 80 75 00 52 BC 02 07 56 00 00 07 |  $CBL u R   V   
09 00 00 74 56 00 00 74 15 80 00 3E 73 03 3F 30 |    tV  t   >s ?0
04 63 0A 3E 34 30 83 5D 05 10 31 36 11 04 63 0B |  c >40 ]  16  c 
3F 34 04 63 03 3F 31 04 63 04 3F E1 3F DE 2A 54 | ?4 c ?1 c ? ? *T
52 59 29 54 4F 29 4D 41 54 43 48 29 54 48 45 2A | RY)TO)MATCH)THE*
2B 2A 47 52 41 50 48 29 4F 4E 29 54 48 45 2A 2B | +*GRAPH)ON)THE*+
2A 4E 45 58 54 29 53 43 52 45 45 4E 2A 2B 2A 2A | *NEXT)SCREEN*+**
2B 2A 53 54 55 44 59 29 54 48 45 29 47 52 41 50 | +*STUDY)THE)GRAP
48 2A 2B 2A 54 48 45 4E 29 50 52 45 53 53 2A 2B | H*+*THEN)PRESS*+
EB 53 54 52 30 10 31 11 70 EB 53 10 21 07 56 00 |  STR0 1 p S ! V 
00 74 06 0A 00 80 00 24 43 42 4C 00 76 00 52 3D |  t     $CBL v R=
02 07 56 00 00 07 09 00 00 74 56 00 00 74 15 80 |   V      tV  t  
00 54 52 30 10 32 11 70 2A 29 54 4F 29 53 54 41 |  TR0 2 p*)TO)STA
52 54 2A 3F D8 3F D6 34 3F 32 5D 05 10 32 11 71 | RT*? ? 4?2]  2 q
31 04 51 3F 38 71 5D 05 10 32 11 04 5D 05 10 31 | 1 Q?8q]  2  ]  1
35 11 3F CE 5D 05 10 31 36 11 6A 31 3E CF 3F 10 | 5 ? ]  16 j1> ? 
AB 39 70 31 3A 35 11 83 51 04 4C 3F 10 AB 39 70 |  9p1:5  Q L?  9p
31 3A 38 11 83 51 04 4D 3F 10 AB 36 70 31 3A 35 | 1:8  Q M?  6p1:5
11 83 51 04 4E 3F D0 3F 30 04 4C 3F 10 AB 35 71 |   Q N? ?0 L?  5q
32 3A 35 11 83 51 04 4D 3F 10 AB 35 71 32 3A 35 | 2:5  Q M?  5q2:5
11 18 21 07 56 00 00 74 06 0A 00 80 00 24 43 42 |   ! V  t     $CB
4C 80 76 00 52 BD 02 07 56 00 00 07 09 00 00 74 | L v R   V      t
56 00 00 74 15 80 00 83 51 04 4E 3F D4 3F D6 35 | V  t    Q N? ? 5
3F E7 08 31 2B 31 31 2B 5D 05 10 31 35 11 09 3F | ?  1+11+]  15  ?
86 3F 5D 05 10 31 36 11 70 31 04 51 3F 30 04 5D |  ?]  16 p1 Q?0 ]
05 10 31 38 11 3F D7 4E 3F D6 36 3F 34 30 83 5D |   18 ? N? 6?40 ]
05 10 31 36 11 04 51 3F 94 34 35 2B 38 31 2B EB |   16  Q? 45+81+ 
53 54 52 36 10 31 11 3F 9B 30 2B 4C 2B 51 83 33 | STR6 1 ? 0+L+Q 3
2B 4D 3F 9B 51 83 33 2B 4D 2B 32 51 83 33 2B 4D | +M? Q 3+M+2Q 3+M
3F 9B 32 51 83 33 2B 4D 2B 51 2B 4E 3F D8 3F 51 | ? 2Q 3+M+Q+N? ?Q
04 B5 5D 01 3E 51 04 7B 22 07 56 00 00 74 06 0A |   ] >Q {" V  t  
00 80 00 24 43 42 4C 00 77 00 52 3E 02 07 56 00 |    $CBL w R>  V 
00 07 09 00 00 74 56 00 00 74 15 80 00 B5 5D 02 |      tV  t    ] 
3E 51 04 B5 5D 03 3E 51 04 B5 5D 04 3F E7 08 33 | >Q  ] >Q  ] ?  3
2B 3A 32 35 2B B0 31 2B 30 2B 30 2B 30 2B 30 2B | +:25+ 1+0+0+0+0+
30 2B 30 2B 37 09 3F 5D 05 10 31 36 11 04 4A 3F | 0+0+7 ?]  16  J?
F2 09 5D 06 3F D3 49 2B 31 2B 51 3F E8 5D 06 3F |   ] ? I+1+Q? ] ?
5D 06 10 4A 11 04 5D 02 10 49 11 3E 5D 06 10 34 | ]  J  ]  I >]  4
11 04 5D 01 10 49 11 3F 9D 49 2B 5D 06 10 4A 11 |   ]  I ? I+]  J 
3F D4 3F E7 08 30 09 3F 30 04 5D 01 10 31 11 3F | ? ?  0 ?0 ]  1 ?
B5 5D 01 11 04 5A 3F D3 51 2B 31 2B 5A 58 1E 07 |  ]   Z? Q+1+ZX  
56 00 00 74 06 0A 00 80 00 24 43 42 4C 80 77 00 | V  t     $CBL w 
52 BE 02 07 56 00 00 07 09 00 00 74 56 00 00 74 | R   V      tV  t
15 80 00 2B 31 11 3F CE 51 6A 31 3F CF 3F 5D 01 |    +1 ? Qj1? ?] 
10 51 11 04 5D 01 10 31 11 3F D0 3F 5D 01 10 51 |  Q  ]  1 ? ?]  Q
71 31 11 70 5D 01 10 51 11 04 5D 01 10 51 11 3F | q1 p]  Q  ]  Q ?
D4 3F D4 3F 30 04 5D 05 10 39 11 3F 4A 70 31 04 |  ? ?0 ]  9 ?Jp1 
5D 05 10 31 34 11 3F CE 4A 6A 32 3E CF 3E 5D 02 | ]  14 ? Jj2> >] 
04 5D 03 3E 24 30 2B 58 2B 31 2B B5 5D 02 11 11 |  ] >$0+X+1+ ]   
04 5D 02 3E D4 3F D8 3F 85 3F E1 3F E6 2A 4F 50 |  ] > ? ? ? ? *OP
54 49 4F 4E 53 2A 2B 2A 53 41 4D 45 29 4D 41 54 | TIONS*+*SAME)MAT
43 48 2A 99 21 07 56 00 00 74 06 0A 00 80 00 24 | CH* ! V  t     $
43 42 4C 00 78 00 52 3F 02 07 56 00 00 07 09 00 | CBL x R?  V     
00 74 56 00 00 74 15 80 00 2B 35 2B 2A 4E 45 57 |  tV  t   +5+*NEW
29 4D 41 54 43 48 2A 2B 34 2B 2A 41 50 50 4C 49 | )MATCH*+4+*APPLI
43 41 54 49 4F 4E 53 2A 2B 41 36 2B 2A 4D 41 49 | CATIONS*+A6+*MAI
4E 29 4D 45 4E 55 2A 2B 30 2B 2A 51 55 49 54 2A | N)MENU*+0+*QUIT*
2B 5A 3F 3F D6 5A 3F 68 3F E7 08 36 2B 32 09 3F | +Z?? Z?h?  6+2 ?
BB 1E EB 53 54 52 34 3E BB 1E EB 53 54 52 33 3F |    STR4>   STR3?
BB 1E EB 53 54 52 35 3E BB 1E EB 53 54 52 36 3E |    STR5>   STR6>
BB 1E EB 53 54 52 37 3F 3E BB 1E EB 53 54 52 39 |    STR7?>   STR9
3E BB 1E EB 53 54 52 30 3F F8 28 07 56 00 00 74 | >   STR0? ( V  t
06 0A 00 80 00 24 43 42 4C 80 78 00 52 BF 02 07 |      $CBL x R   
56 00 00 07 09 00 00 74 56 00 00 74 15 80 00 BB | V      tV  t    
1E 41 3E BB 1E 43 3E BB 1E 46 3E BB 1E 49 3F BB |  A>  C>  F>  I? 
1E 4A 3E BB 1E 4B 3E BB 1E 4C 3F BB 1E 4D 3E BB |  J>  K>  L?  M> 
1E 4E 3E BB 1E 51 3F BB 1E 53 3E BB 1E 55 3E BB |  N>  Q?  S>  U> 
1E 56 3F 73 07 3E 73 03 3E BB 1A 3E 68 3F DE 2A |  V?s >s >  >h? *
4C 31 6A 54 49 4D 45 2A 2B 2A 4C 32 6A 44 49 53 | L1jTIME*+*L2jDIS
54 2A 2B 2A 4C 33 6A 56 45 4C 2A 2B 2A 4C 34 6A | T*+*L3jVEL*+*L4j
41 43 43 45 4C 2A 3F D8 3F D9 3F 9E 03 02 2D 40 | ACCEL*? ? ?   -@
15 DB 21 0D 49 B8 D3 0C 56 B4 89 58 A4 3B 7C E8 |   ! I   V  X ;| 
29 07 56 00 00 74 06 0A 00 80 00 24 43 42 4C 00 | ) V  t     $CBL 
79 00 52 40 02 07 56 00 00 07 09 00 00 74 56 00 | y R@  V      tV 
00 74 15 80 00 70 CB 03 57 F2 36 FE B8 12 1A 17 |  t   p  W 6     
C4 1D 14 46 6A E6 93 46 60 FF E3 B5 38 3E CA 3C |    Fj  F`   8> <
F6 03 9F 7E DA 06 E3 7E A7 DA A7 75 6E B9 F1 5A |    ~   ~   un  Z
09 76 85 C2 E7 C4 01 02 00 00 00 00 00 00 00 00 |  v              
00 00 00 00 00 00 00 00 00 00 00 00 00 00 00 00 |                 
00 00 00 00 00 00 00 00 00 00 00 00 00 00 00 00 |                 
00 00 00 00 00 00 00 00 00 00 00 00 00 00 00 00 |                 
00 00 00 00 00 00 00 00 00 00 00 00 00 00 00 00 |                 
00 00 00 00 00 67 19 07 56 00 00 74 92 00 00 