AVR decoder, version 1.1, \2000
Copyright (c) 1999-2001, Romain Lievin

07 A2 0B 00 00 00 19 00 00 00 00 00 00 00 00 19 |                 
00 74 56 00 00 74 15 02 00 8A 61 EB 00 07 56 00 |  tV  t    a   V 
00 74 06 0B 00 02 00 01 5D 03 00 00 00 00 00 00 |  t      ]       
63 00 07 56 00 00 74 06 0B 00 02 00 01 5D 04 00 | c  V  t      ]  
00 00 00 00 00 64 00 07 56 00 00 74 06 0B 00 02 |      d  V  t    
00 01 5D 05 00 00 00 00 00 00 65 00 07 56 00 00 |   ]       e  V  
74 06 0B 00 02 00 01 5D 06 00 00 00 00 00 00 66 | t      ]       f
00 07 56 00 00 74 06 0B 00 02 00 01 5D 01 00 00 |   V  t      ]   
00 00 00 00 61 00 07 56 00 00 74 06 0B 00 02 00 |     a  V  t     
01 5D 02 00 00 00 00 00 00 62 00 07 56 00 00 74 |  ]       b  V  t
06 0B 00 01 08 24 43 42 4C 2F 43 42 52 00 04 02 |      $CBL/CBR   
07 56 00 00 74 92 0B 00 07 56 00 00 07 C9 0B 00 |  V  t    V      
D2 00 0F 00 00 00 00 00 00 00 00 E1 00 74 56 00 |              tV 
00 74 09 00 00 07 56 00 00 07 15 D2 00 D0 00 00 |  t    V         
80 81 10 00 00 00 00 00 00 00 81 10 00 00 00 00 |                 
00 00 00 80 10 00 00 00 00 00 00 80 81 10 00 00 |                 
00 00 00 00 00 81 10 00 00 00 00 00 00 00 80 10 |                 
00 00 00 00 00 00 00 00 00 00 00 00 00 00 00 00 |                 
00 00 00 00 00 00 00 00 00 00 00 00 00 00 00 00 |                 
00 00 00 00 00 00 00 00 00 00 00 00 00 00 00 00 |                 
00 00 00 00 00 00 00 00 00 00 00 00 00 00 00 00 |                 
00 00 00 00 00 00 00 00 00 00 00 00 00 00 0E 80 |                 
00 00 00 00 00 00 00 0E 80 00 00 00 00 00 00 00 |                 
0E 80 00 00 00 00 00 00 00 0E 80 00 00 00 00 00 |                 
00 00 0E 80 00 00 00 00 00 00 00 0E 80 00 00 00 |                 
00 00 00 00 00 00 00 00 00 00 00 00 00 40 80 10 |              @  
00 00 00 00 00 00 0E 80 00 00 00 00 00 00 00 E6 |                 
09 74 56 00 00 07 92 00 00 07 C9 0B 00 14 00 11 |  tV             
00 00 00 00 00 00 00 00 25 00 74 56 00 00 74 09 |         % tV  t 
00 00 07 56 00 00 07 15 14 00 12 00 00 80 00 00 |    V            
00 00 00 00 00 00 80 10 00 00 00 00 00 00 22 01 |               " 
74 56 00 00 07 92 00 00 07 C9 0B 00 02 00 01 5D | tV             ]
06 00 00 00 00 00 00 66 00 74 56 00 00 74 09 00 |        f tV  t  
00 07 56 00 00 07 15 02 00 00 00 00 00 74 56 00 |   V          tV 
00 07 92 00 00 07 C9 0B 00 02 00 01 5D 05 00 00 |             ]   
00 00 00 00 65 00 74 56 00 00 74 09 00 00 07 56 |     e tV  t    V
00 00 07 15 02 00 00 00 00 00 74 56 00 00 07 92 |           tV    
00 00 07 C9 0B 00 02 00 01 5D 04 00 00 00 00 00 |          ]      
00 64 00 74 56 00 00 74 09 00 00 07 56 00 00 07 |  d tV  t    V   
15 02 00 00 00 00 00 74 56 00 00 07 92 00 00 07 |        tV       
C9 0B 00 02 00 01 5D 03 00 00 00 00 00 00 63 00 |       ]       c 
74 56 00 00 74 09 00 00 07 56 00 00 07 15 02 00 | tV  t    V      
00 00 00 00 74 56 00 00 07 92 00 00 07 C9 0B 00 |     tV          
02 00 01 5D 02 00 00 00 00 00 00 62 00 74 56 00 |    ]       b tV 
00 74 09 00 00 07 56 00 00 07 15 02 00 00 00 00 |  t    V         
00 74 56 00 00 07 92 00 00 07 C9 0B 00 02 00 01 |  tV             
5D 01 00 00 00 00 00 00 61 00 74 56 00 00 74 09 | ]       a tV  t 
00 00 07 56 00 00 07 15 02 00 00 00 00 00 74 56 |    V          tV
00 00 07 92 00 00 