AVR decoder, version 1.1, \2000
Copyright (c) 1999-2001, Romain Lievin

07 06 0A 00 80 00 24 00 00 00 00 40 00 00 E4 00 |       $    @    
74 56 00 00 74 09 00 00 07 56 00 00 07 15 80 00 | tV  t    V      
80 0F 00 00 38 E8 80 12 01 02 80 21 01 80 31 01 |     8      !  1 
80 47 43 42 4C 2F 43 42 52 80 81 01 80 B1 01 03 |  GCBL/CBR       
26 09 04 02 97 22 80 02 0D 40 1A 3E 97 6F CA 70 | &    "   @ > o p
B9 AA AE CD 7D C7 22 31 48 3D 9D 27 F0 29 D9 3A |     } "1H= ' ) :
A2 2E A5 50 F7 FD DC 3B EA 77 75 77 3C E2 28 CD |  . P   ; wuw< ( 
FE 4C 0C D1 91 BA FC 03 A2 6C A6 35 14 A4 B4 2C |  L       l 5   ,
18 37 D3 9A D2 7A 2D 9F F3 64 80 7F 00 00 00 00 |  7   z-  d     
00 CD 5C 00 EF DF 4B 21 EF 40 22 B3 85 21 6D 42 |   \   K! @"  !mB
B4 32 74 36 05 00 00 80 02 24 00 A6 00 07 56 00 |  2t6     $    V 
00 07 56 00 00 74 56 00 00 07 06 0A 00 80 00 24 |   V  tV        $
00 00 00 80 40 00 00 64 01 74 56 00 00 74 09 00 |     @  d tV  t  
00 07 56 00 00 07 15 80 00 CD 6E 42 EF AA 44 FD |   V       nB  D 
CB 02 CE 0E 40 21 24 41 0D 7E FE FF 28 21 47 23 |     @!$A ~  (!G#
7E FE FF 28 1A E6 F0 EF E6 41 E5 F5 C5 EF 56 4A | ~  (     A    VJ
C1 04 F1 3D 20 F5 E1 7E E6 0F 28 03 80 18 DF 23 |    =   ~  (    #
79 FE 1A 20 D3 01 22 28 21 F3 40 CD 11 41 01 19 | y     "(! @  A  
39 21 01 41 CD 11 41 EF 6D 48 FD CB 02 8E 21 08 | 9! A  A mH    ! 
80 01 59 00 EF 47 4A 3A BE 85 32 8B 89 C3 69 42 |   Y  GJ:  2   iB
21 69 42 CD 50 00 3F 4C EF B3 4A C9 76 65 72 73 | !iB P ?L  J vers
69 6F 6E 20 20 20 31 2E 33 E1 36 74 56 00 00 07 | ion   1.3 6tV   
06 0A 00 80 00 24 00 00 00 00 41 00 00 E5 00 74 |      $    A    t
56 00 00 74 09 00 00 07 56 00 00 07 15 80 00 00 | V  t    V       
50 52 45 53 53 20 20 41 4E 59 20 20 4B 45 59 00 | PRESS  ANY  KEY 
ED 43 D2 89 11 2B 84 01 14 00 ED B0 21 2B 84 EF |  C   +      !+  
C8 44 C9 15 40 15 40 15 42 10 15 53 20 15 51 11 |  D  @ @ B  S  Q 
30 15 32 22 20 15 32 22 30 12 71 21 50 12 71 11 | 0 2"  2"0 q!P q 
60 13 61 11 61 50 14 54 42 11 11 11 41 21 23 14 | ` a aP TB   A!# 
30 15 11 24 35 14 11 12 11 14 13 12 10 17 31 37 | 0  $5         17
14 24 14 11 13 10 18 67 14 15 14 34 10 18 58 14 |  $     g   4  X 
11 12 11 12 13 11 12 10 1A 37 32 41 21 21 21 DB |          72A!!! 
19 74 56 00 00 07 06 0A 00 80 00 24 00 00 00 80 |  tV        $    
41 00 00 65 01 74 56 00 00 74 09 00 00 07 56 00 | A  e tV  t    V 
00 07 15 80 00 21 30 1B 20 12 30 13 11 21 31 31 |      !0   0  !11
51 32 31 21 13 21 41 21 81 30 13 12 12 11 12 11 | Q21! !A! 0      
11 11 11 12 12 12 12 21 23 11 12 12 11 11 11 22 |        !#      "
10 13 12 21 12 15 13 12 12 12 12 11 11 13 23 21 |    !          #!
13 13 10 13 12 11 23 14 13 33 12 12 13 13 14 11 |       #  3      
23 14 10 13 12 12 11 12 13 13 11 13 12 12 13 13 | #               
11 12 12 13 12 12 10 12 61 11 33 31 31 13 22 31 |         a 311 "1
31 41 31 12 31 30 FF FF 54 17 10 53 11 31 11 11 | 1A1 10  T  S 1  
10 15 62 62 2F 7C 10 74 56 00 00 07 06 0A 00 80 |   bb/| tV       
00 24 00 00 00 00 42 00 00 E6 00 74 56 00 00 74 |  $    B    tV  t
09 00 00 07 56 00 00 07 15 80 00 21 62 62 64 12 |     V      !bbd 
12 31 10 14 81 71 2E 21 81 71 73 12 12 11 11 10 |  1   q.! qs     
14 24 21 23 21 2D 22 24 21 23 21 23 24 17 10 14 |  $!#!-"$!#!#$   
27 23 21 2C 23 27 23 21 23 20 14 27 62 2B 24 27 | '#!,#'#!#  'b+$'
62 70 14 27 71 2A 25 27 71 60 14 27 23 21 29 26 | bp 'q*%'q` '#!)&
27 23 21 21 20 14 24 21 23 21 28 27 24 21 23 21 | '#!!  $!#!('$!#!
22 20 14 81 71 72 28 81 71 23 20 15 62 62 71 2A | "   qr( q#  bbq*
62 62 24 20 00 C3 87 50 C9 22 AB 85 DB 06 32 BE | bb$    P "    2 
85 C9 11 04 00 ED 53 E2 83 C5 F5 BF 1F 74 56 00 |       S      tV 
00 07 06 0A 00 80 00 24 00 00 00 80 42 00 00 66 |        $    B  f
01 74 56 00 00 74 09 00 00 07 56 00 00 07 15 80 |  tV  t    V     
00 3A 27 9B 47 7E 23 B7 37 28 09 EF 6B 44 3A E2 |  :' G~# 7(  kD: 
83 B8 38 F1 C1 78 C1 C9 FD CB 0D B6 FD CB 0D CE |   8  x          
CD D5 42 FD CB 0C A6 3A BE 85 32 EE 84 21 F4 42 |   B    :  2  ! B
22 E2 84 21 BA 43 22 E6 84 21 E5 43 22 E8 84 21 | "  ! C"  ! C"  !
2B 44 22 E4 84 EF 4E 49 21 80 84 22 7B 9A 22 79 | +D"   NI!  "{ "y
9A CD 50 00 15 40 21 07 00 22 E2 83 EF B9 44 21 |   P  @!  "    D!
EB 42 CD 7E 42 3A E3 83 32 28 9B C9 43 6F 6D 6D |  B ~B:  2(  Comm
65 6E 74 3D 00 FE 0C C8 FE 40 20 0E F1 F1 F1 F1 | ent=     @      
CD 47 3D 74 56 00 00 07 06 0A 00 80 00 24 00 00 |  G=tV        $  
00 00 43 00 00 E7 00 74 56 00 00 74 09 00 00 07 |   C    tV  t    
56 00 00 07 15 80 00 D5 43 ED 7B B0 82 C3 B0 50 | V       C {    P
FE 05 C2 58 43 EF B0 4A EF 2E 48 CD C2 43 2A 77 |    XC  J .H  C*w
9A ED 5B 79 9A EF 03 40 28 09 3E 00 77 23 EF 03 |   [y   @( > w#  
40 20 F9 21 7B 84 11 80 84 21 7A 84 11 2D 84 EF | @  !{    !z  -  
47 41 2A 77 9A 11 7A 84 B7 ED 52 C8 7D 32 2C 84 | GA*w  z   R }2, 
3E 18 32 2B 84 F1 F1 F1 F1 CD D5 43 C3 BB 51 FE | > 2+       C  Q 
09 20 1F EF 58 48 2A 7B 9A ED 5B 79 9A EF 03 40 |     XH*{  [y   @
C8 EF B9 44 EF 40 48 21 7A 84 EF E0 41 FD CB 05 |    D @H!z   A   
A6 C9 FD CB 05 76 28 56 3E 74 56 00 00 07 06 0A |      v(V>tV     
00 80 00 24 00 00 00 80 43 00 00 67 01 74 56 00 |    $    C  g tV 
00 74 09 00 00 07 56 00 00 07 15 80 00 1E FE 01 |  t    V         
28 16 FE 02 28 12 FE 0A 38 04 FE 10 38 0A EF 3A | (   (   8   8  :
48 28 05 F5 CD 5C 43 F1 FD CB 05 B6 F5 FE 5A 38 | H(   \C       Z8
10 EF DF 48 7A B7 28 02 F1 C9 EF F5 44 FE 01 20 |    Hz (     D   
F7 F1 CD 50 00 8D 46 CD D5 43 CD 50 00 39 40 EF |    P  F  C P 9@ 
C2 44 7E FE 20 C8 3A E3 83 3C B7 C8 32 E3 83 23 |  D~   :  <  2  #
18 F0 EF 50 4A 21 07 00 22 E2 83 EF B9 44 EF D7 |    PJ!  "    D  
44 C9 EF 0B 4D FD CB 21 CE 3E 0C 32 9F 82 FD CB | D   M  ! > 2    
0D CE EF 0B 4D EF A7 44 EF 0E 4D 21 07 35 3E 74 |     M  D  M! 5>t
56 00 00 07 06 0A 00 80 00 24 00 00 00 00 44 00 | V        $    D 
00 E8 00 74 56 00 00 74 09 00 00 07 56 00 00 07 |    tV  t    V   
15 80 00 00 22 E2 83 21 61 9A 06 0F 7E 23 EF 6B |     "  !a   ~# k
44 10 F9 7E EF 68 44 EF 11 4D 3A 0A 80 B7 20 0F | D  ~ hD  M:     
CD CD 45 CD 58 48 CD 86 44 FD CB 0D CE C9 C9 CD |   E XH  D       
63 46 CD 58 48 CD CC 46 FD CB 0D CE C9 FD 36 21 | cF XH  F      6!
00 21 74 48 11 9F 82 01 04 00 ED B0 EF A7 44 CD |  !tH          D 
BE 45 D7 38 03 EF 2A 43 21 01 00 EF FA 42 C9 B7 |  E 8  *C!    B  
28 06 CD A6 47 3E 01 C9 CD 9C 47 3E 00 C9 CD B0 | (   G>    G>    
47 3E 02 C9 B7 20 06 CD C4 47 3E 04 C9 CD CB 47 | G>       G>    G
3E 05 C9 5F 3A 74 56 00 00 07 06 0A 00 80 00 24 | >  _:tV        $
00 00 00 80 44 00 00 68 01 74 56 00 00 74 09 00 |     D  h tV  t  
00 07 56 00 00 07 15 80 00 CD BA 47 3E 03 C9 EF |   V        G>   
F9 40 21 38 80 EF ED 40 3E 0C 38 0D 28 0B 21 41 |  @!8   @> 8 ( !A
80 EF ED 40 3E 52 DC 66 45 21 9F 82 BE 28 24 38 |    @>R fE!   ($8
10 F5 34 7E CD CD 44 F1 21 9F 82 BE CA 19 46 18 |   4~  D !     F 
F0 3C 34 F5 35 7E 06 00 CD CF 44 F1 21 9F 82 BE |  <4 5~    D !   
20 F1 35 C3 19 46 06 01 C5 CD 0C 45 C1 4B 1E 05 |   5  F     E K  
C5 D5 F3 3A 9A 84 EF 9D 42 EF 51 40 D3 10 EF A0 |    :    B Q@    
42 3A 98 84 EF 51 40 D3 10 EF 65 44 04 10 03 B1 | B:   Q@   eD    
18 03 B1 18 01 A9 EF 51 40 85 38 74 56 00 00 07 |        Q@ 8tV   
06 0A 00 80 00 24 00 00 00 00 45 00 00 E9 00 74 |      $    E    t
56 00 00 74 09 00 00 07 56 00 00 07 15 80 00 D3 | V  t    V       
11 D1 C1 21 9A 84 34 1D 20 CC C9 47 21 2A 45 16 |    !  4    G!*E 
00 E6 07 5F 19 5E 62 CB 38 CB 38 CB 38 78 F6 20 |    _ ^b 8 8 8x  
32 98 84 3E 9D 32 9A 84 C9 80 40 20 10 08 04 02 | 2  > 2    @     
01 21 38 80 01 78 48 11 96 82 D5 C5 EF 71 41 E7 |  !8  xH      qA 
EF 6F 40 E1 EF 71 41 EF 99 40 EF 96 40 21 2F 84 |  o@  qA  @  @!/ 
06 03 3E 50 CD A1 45 21 2F 84 06 05 EF E3 41 D1 |   >P  E!/     A 
CD 50 00 74 41 21 38 80 EF 71 41 EF 6F 40 21 96 |  P tA!8  qA o@! 
82 EF 71 41 EF 84 40 CD 87 45 EF AB 49 7A B7 3C |   qA  @  E  Iz <
37 74 56 00 00 07 06 0A 00 80 00 24 00 00 00 80 | 7tV        $    
45 00 00 69 01 74 56 00 00 74 09 00 00 07 56 00 | E  i tV  t    V 
00 07 15 80 00 3E FF C0 7B C6 0C C9 3A 2C 84 D6 |      >  {   :,  
7F 38 2B 28 22 06 02 21 2E 84 FE 02 3E 50 28 06 | 8+("  !.   >P( 
3E 05 30 02 05 2B EF 07 42 D0 21 2D 84 36 10 23 | > 0  +  B !- 6 #
36 00 CD 50 00 64 42 3A 2D 84 FE 50 30 EC CD 50 | 6  P dB:-  P0  P
00 D1 41 EF D7 41 3E 01 32 2B 84 21 5D 01 22 2C |   A  A> 2+ !] ",
84 C9 FD CB 02 CE 01 24 0C C5 50 1E 1C D5 EF FF |        $  P     
46 C1 16 53 59 D5 EF FF 46 D1 42 0E 24 C5 EF FF | F  SY   F B $   
46 D1 C1 EF FF 46 3E 26 21 38 80 E5 32 D3 89 3E | F    F>&!8  2  >
0A CD 06 46 E1 DF 33 74 56 00 00 07 06 0A 00 80 |    F  3tV       
00 24 00 00 00 00 46 00 00 EA 00 74 56 00 00 74 |  $    F    tV  t
09 00 00 07 56 00 00 07 15 80 00 11 09 00 19 3E |     V          >
51 E7 21 2B 84 CB 7E 28 02 D6 02 32 D2 89 3E 05 | Q !+  ~(   2  > 
CD 3D 4A C9 EF 1A 41 DF FD CB 0D 8E 21 20 30 22 |  =J   A     ! 0"
D2 89 3E 05 CD 3D 4A 3E 34 21 D2 89 96 28 08 47 |   >  =J>4!   ( G
3E 20 EF C5 44 10 F9 21 FF 00 2B 7C B5 20 FB EF | >   D  !  +|    
57 43 3A A3 82 21 9C 48 CD 90 4B EF 71 41 21 34 | WC:  ! H  K qA!4
30 22 D2 89 EF 04 48 21 36 84 EF C8 44 C9 FD CB | 0"    H!6   D   
02 CE 01 14 0C 59 16 52 EF FF 46 06 5F 21 DC 49 |      Y R  F _! I
11 7D 49 C5 1A 13 C6 15 4F 7E 23 B2 33 74 56 00 |  }I     O~# 3tV 
00 07 06 0A 00 80 00 24 00 00 00 80 46 00 00 6A |        $    F  j
01 74 56 00 00 74 09 00 00 07 56 00 00 07 15 80 |  tV  t    V     
00 E5 D5 F5 C6 2F 47 C5 EF 56 4A C1 F1 ED 44 C6 |      /G  VJ   D 
2F 47 EF 56 4A D1 E1 C1 10 DF 21 38 80 3E 2E C3 | /G VJ     !8 >. 
F6 45 21 38 80 01 93 48 11 96 82 C3 3B 45 21 38 |  E!8   H    ;E!8
80 EF 71 41 EF 6F 40 21 96 82 EF 71 41 EF 84 40 |   qA o@!   qA  @
CD 87 45 EF AB 49 7A B7 7B C8 3E FF C9 FD CB 02 |   E  Iz { >     
CE EF F9 40 21 38 80 EF ED 40 3E 00 38 0D 28 0B |    @!8   @> 8 ( 
21 41 80 EF ED 40 3E B4 DC AD 46 FD CB 21 4E FD | !A   @>   F  !N 
CB 21 8E 20 14 21 A0 82 BE 28 49 F5 ED 4B A1 82 |  !   !   (I  K  
11 2D 40 74 56 00 00 07 06 0A 00 80 00 24 00 00 |  -@tV        $  
00 00 47 00 00 EB 00 74 56 00 00 74 09 00 00 07 |   G    tV  t    
56 00 00 07 15 80 00 15 2F 26 00 EF 02 47 F1 32 | V       /&   G 2
A0 82 FD CB 21 86 FE 5B 38 08 ED 44 C6 B4 FD CB |     !  [8  D    
21 C6 5F 16 00 21 C7 48 19 46 3E 2F 80 FD CB 21 | ! _  ! H F>/   !
46 20 02 90 90 47 21 22 49 19 7E C6 15 4F ED 43 | F    G!"I ~  O C
A1 82 11 15 2F 26 01 EF FF 46 C3 19 46 EF F7 42 |     /&   F  F  B
13 13 C9 CD 46 47 C1 E5 C5 3E 01 CD 6D 47 3E 01 |     FG   >  mG> 
CD 6D 47 C9 21 03 00 CD 46 47 C1 E5 C5 3E 01 CD |  mG !   FG   >  
6D 47 3E 0B D5 EF C0 46 D1 21 2B 84 EF 41 41 C9 | mG>    F !+  AA 
21 03 00 CD 46 47 E5 83 36 74 56 00 00 07 06 0A | !   FG  6tV     
00 80 00 24 00 00 00 80 47 00 00 6B 01 74 56 00 |    $    G  k tV 
00 74 09 00 00 07 56 00 00 07 15 80 00 3E 01 CD |  t    V      >  
6D 47 AF CD 6D 47 18 06 21 03 00 CD 4C 47 AF CD | mG  mG  !   LG  
6D 47 CD 3C 48 E1 CB FE C9 21 03 00 CD 4C 47 3E | mG <H    !   LG>
0A 18 EC 21 03 00 CD 4C 47 3E 0B 18 E2 21 03 00 |    !   LG>   !  
CD 4C 47 3E 0C 18 D8 21 03 00 CD 4C 47 3E 02 18 |  LG>   !   LG>  
CE CD 5D 47 3E 02 18 C7 CD 5D 47 3E 03 18 C0 21 |   ]G>    ]G>   !
04 00 CD 46 47 E5 3E 03 CD 6D 47 21 81 48 EF 41 |    FG >  mG! H A
41 21 8A 48 EF 41 41 18 A5 FD CB 09 66 C4 0F 58 | A! H AA     f  X
21 02 00 CD 46 47 E5 3E 06 CD 6D 47 18 E2 2D 74 | !   FG >  mG  -t
56 00 00 07 06 0A 00 80 00 24 00 00 00 00 48 00 | V        $    H 
00 EC 00 74 56 00 00 74 09 00 00 07 56 00 00 07 |    tV  t    V   
15 80 00 90 21 04 00 CD 46 47 E5 3E 03 CD 6D 47 |     !   FG >  mG
21 53 80 EF 41 41 18 CF 21 01 00 CD 46 47 E5 3E | !S  AA  !   FG >
07 C3 92 47 21 04 00 CD 46 47 E5 3E 03 CD 6D 47 |    G!   FG >  mG
21 53 80 EF 41 41 21 4A 80 EF 41 41 C3 91 47 EF | !S  AA!J  AA  G 
1A 41 FD CB 09 A6 EF F1 48 C9 CD BE 45 EF 97 4B |  A      H   E  K
FD CB 2F 5E 28 05 CD 50 00 38 4A CD BE 45 D7 1A |   /^(  P 8J  E  
13 13 EB E7 C9 00 80 00 00 00 00 00 00 00 00 81 |                 
12 00 00 00 00 00 00 0C 00 15 11 00 81 70 00 00 |              p  
00 00 00 F2 2C 74 56 00 00 07 06 0A 00 80 00 24 |     ,tV        $
00 00 00 80 48 00 00 6C 01 74 56 00 00 74 09 00 |     H  l tV  t  
00 07 56 00 00 07 15 80 00 00 00 7F 10 00 00 00 |   V            
00 00 00 80 80 10 00 00 00 00 00 00 00 82 18 00 |                 
00 00 00 00 00 A8 48 AB 48 AE 48 B5 48 BB 48 C2 |       H H H H H 
48 14 43 00 14 46 00 6D 57 2F 63 6D 12 00 56 6F | H C  F mW/cm  Vo
6C 74 73 00 4D 65 74 65 72 73 00 46 65 65 74 00 | lts Meters Feet 
1E 1E 1E 1E 1E 1E 1E 1E 1E 1E 1E 1D 1D 1D 1D 1D |                 
1D 1D 1D 1C 1C 1C 1C 1C 1B 1B 1B 1B 1A 1A 1A 1A |                 
19 19 19 19 18 18 18 17 17 17 16 16 16 15 15 14 |                 
14 14 13 13 12 12 12 11 11 57 16 74 56 00 00 07 |          W tV   
06 0A 00 80 00 24 00 00 00 00 49 00 00 ED 00 74 |      $    I    t
56 00 00 74 09 00 00 07 56 00 00 07 15 80 00 10 | V  t    V       
10 0F 0F 0F 0E 0E 0D 0D 0C 0C 0B 0B 0A 0A 09 09 |                 
08 08 07 07 06 06 05 05 04 04 03 03 02 02 01 01 |                 
00 00 01 01 02 02 03 03 04 04 05 05 06 06 07 07 |                 
08 08 09 09 0A 0A 0B 0B 0C 0C 0D 0D 0E 0E 0F 0F |                 
0F 10 10 11 11 12 12 12 13 13 14 14 14 15 15 16 |                 
16 16 17 17 17 18 18 18 19 19 19 19 1A 1A 1A 1A |                 
1B 1B 1B 1B 1C 1C 1C 1C 1C 1D 1D 1D 1D 1D 1D 1D |                 
1D 1E 1E 1E 1E 1E 1E 1E 1E 1E 1E 1E 00 01 01 E9 |                 
07 74 56 00 00 07 06 0A 00 80 00 24 00 00 00 80 |  tV        $    
49 00 00 6D 01 74 56 00 00 74 09 00 00 07 56 00 | I  m tV  t    V 
00 07 15 80 00 02 02 03 04 04 05 05 06 07 07 08 |                 
08 09 0A 0A 0B 0B 0C 0D 0D 0E 0E 0F 0F 10 10 11 |                 
11 12 13 13 14 14 15 15 16 16 16 17 17 18 18 19 |                 
19 1A 1A 1A 1B 1B 1C 1C 1C 1D 1D 1D 1E 1E 1E 1F |                 
1F 1F 1F 20 20 20 20 21 21 21 21 21 22 22 22 22 |        !!!!!""""
22 22 22 23 23 23 23 23 23 23 23 23 23 22 21 18 | """##########"! 
17 23 23 23 23 23 23 23 23 23 23 22 22 22 22 22 |  ##########"""""
22 22 21 21 21 21 21 20 20 20 20 1F 1F 1F 1F 1E | ""!!!!!         
1E 1E 1D 1D 1D F4 0C 74 56 00 00 07 06 0A 00 80 |        tV       
00 24 00 00 00 00 4A 00 00 EE 00 74 56 00 00 74 |  $    J    tV  t
09 00 00 07 56 00 00 07 15 80 00 1C 1C 1C 1B 1B |     V           
1A 1A 1A 19 19 18 18 17 17 16 16 16 15 15 14 14 |                 
13 13 12 12 11 10 10 0F 0F 0E 0E 0D 0D 0C 0B 0B |                 
0A 0A 09 08 08 07 07 06 05 05 04 04 03 02 02 01 |                 
01 00 00 00 18 17 3E 09 F5 EF A2 40 F1 EF 85 48 |       >    @   H
21 41 84 EF C8 44 EF 04 48 EF 04 48 C9 43 6F 6C | !A   D  H  H Col
6C 65 63 74 69 6E 67 00 44 61 74 61 2E 2E 2E 00 | lecting Data... 
1A 43 42 4C 41 50 50 00 00 64 00 01 8A 0A 00 06 |  CBLAPP  d      
63 63 63 63 01 01 01 01 21 09 80 5F 1A 74 56 00 | cccc    !  _ tV 
00 07 06 0A 00 80 00 24 00 00 00 80 4A 00 00 6E |        $    J  n
01 74 56 00 00 74 09 00 00 07 56 00 00 07 15 80 |  tV  t    V     
00 36 00 11 0A 80 01 08 00 ED B0 C9 1E 02 3A 09 |  6            : 
80 87 57 87 87 87 82 83 18 04 21 09 80 86 5F 16 |   W       !   _ 
00 2A A2 85 19 C9 3E E6 CD 7F 4B 23 23 7E 32 0F |  *    >  K##~2 
80 3E E2 CD 99 4A 7E 32 0A 80 3E DA CD 99 4A 7E |  >   J~2  >   J~
32 0D 80 CD 8B 4A 11 38 80 EF FC 46 C9 3E E6 CD | 2    J 8   F >  
82 4B 23 23 3A 0F 80 77 3E E2 CD 99 4A 3A 0A 80 |  K##:  w>   J:  
77 3E DA CD 99 4A 3A 0D 80 77 CD 8B 4A EB 21 38 | w>   J:  w  J !8
80 EF FC 46 C9 3E E7 CD 7F 4B 23 7E 32 0F 80 3E |    F >  K#~2  >
DA 2E 35 74 56 00 00 07 06 0A 00 80 00 24 00 00 |  .5tV        $  
00 00 4B 00 00 EF 00 74 56 00 00 74 09 00 00 07 |   K    tV  t    
56 00 00 07 15 80 00 CD 99 4A 7E 32 0C 80 11 04 | V        J~2    
00 19 7E 32 0E 80 1E 4A 3A 09 80 CD 91 4A 11 4A |   ~2   J:    J J
80 EF 41 41 01 1B 00 09 EF 41 41 FD CB 21 96 C9 |   AA     AA  !  
3E E7 CD 82 4B 23 3A 0F 80 77 3E DA CD 99 4A 3A | >   K#:  w>   J:
0C 80 77 11 04 00 19 3A 0E 80 77 1E 4A 3A 09 80 |   w    :  w J:  
32 AD 82 CD 91 4A 11 4A 80 EB EF 41 41 EB 01 1B | 2    J J   AA   
00 09 EB EF 41 41 C9 1E 92 3A AD 82 CD 90 4A 11 |     AA   :    J 
38 80 EF FC 46 C9 1E 92 3A AD 82 CD 90 4A 11 38 | 8   F   :    J 8
80 EB EF FC 46 C9 CD 47 34 74 56 00 00 07 06 0A |     F  G4tV     
00 80 00 24 00 00 00 80 4B 00 00 6F 01 74 56 00 |    $    K  o tV 
00 74 09 00 00 07 56 00 00 07 15 80 00 7D 4A CD |  t    V      }J 
9D 4A 7E 32 09 80 32 AD 82 C9 3A 09 80 87 5F 16 |  J~2  2   :   _ 
00 19 7E 23 66 6F C9 01 5D 54 45 4D 50 00 01 5D |   ~#fo  ]TEMP  ]
4C 49 47 48 54 00 01 5D 56 4F 4C 54 00 01 5D 44 | LIGHT  ]VOLT  ]D
49 53 54 00 01 5D 54 54 45 4D 50 00 01 5D 54 4C | IST  ]TTEMP  ]TL
47 48 54 00 01 5D 54 56 4F 4C 54 00 01 5D 54 44 | GHT  ]TVOLT  ]TD
49 53 54 00 0D 5D 54 43 4D 4E 54 00 0D 5D 4C 43 | IST  ]TCMNT  ]LC
4D 4E 54 00 0D 5D 56 43 4D 4E 54 00 0D 5D 44 43 | MNT  ]VCMNT  ]DC
4D 4E 54 00 9A 4B A1 4B A9 4B B0 4B B7 5B 24 74 | MNT  K K K K [$t
56 00 00 07 06 0A 00 80 00 24 00 00 00 00 4C 00 | V        $    L 
00 F0 00 74 56 00 00 74 09 00 00 07 56 00 00 07 |    tV  t    V   
15 80 00 4B BF 4B C7 4B CF 4B D7 4B DF 4B E7 4B |    K K K K K K K
EF 4B 21 07 4C 18 08 21 FF 4B 18 03 21 F7 4B CD |  K! L  ! K  ! K 
8D 4B E7 EF D9 42 C9 CD 14 4C 18 03 CD 19 4C 38 |  K   B   L    L8
03 EF 2A 43 21 00 00 EF FA 42 C9 CD 0F 4C 38 03 |   *C!    B   L8 
EF 2A 43 21 00 00 EF B9 4A C9 3E 04 EF 92 47 21 |  *C!    J >   G!
9E 96 CB 86 21 C0 96 CB 86 21 E2 96 CB 86 C9 21 |     !    !     !
6D 4A C5 7E 23 E5 D5 F5 CB BF 6F 26 00 EF C6 46 | mJ ~#     o&   F
F1 E6 80 32 36 84 D1 21 36 84 EF 41 41 E1 C1 10 |    26  !6  AA   
E1 C9 FD C1 3C 74 56 00 00 07 06 0A 00 80 00 24 |     <tV        $
00 00 00 80 4C 00 00 70 01 74 56 00 00 74 09 00 |     L  p tV  t  
00 07 56 00 00 07 15 80 00 CB 2F DE CD 15 48 FD |   V       /   H 
CB 2F 5E C8 21 18 4F 11 00 00 CD 7A 42 EF BC 44 |  /^ ! O    zB  D
C9 17 27 23 27 23 32 25 34 25 39 17 39 17 27 19 |   '#'#2%4%9 9 ' 
37 19 33 22 33 22 37 19 37 43 42 4C 00 3B 39 46 | 7 3"3"7 7CBL ;9F
39 46 27 3B 27 3B 39 54 49 2D 37 33 00 41 26 41 | 9F';';9TI-73 A&A
23 3C 23 37 23 32 23 2D 23 28 23 23 23 1A 23 1A | #<#7#2#-#(### # 
27 41 26 41 23 3C 23 37 23 32 23 2D 23 28 23 23 | 'A&A#<#7#2#-#(##
23 23 2A 21 2A 17 2D 17 34 20 34 20 27 17 27 17 | ##*!* - 4 4 ' ' 
2D 20 2D 19 2E 1E 2E 1A 2B 4B 1C 74 56 00 00 07 | - - . . +K tV   
06 0A 00 80 00 24 00 00 00 00 4D 00 00 F1 00 74 |      $    M    t
56 00 00 74 09 00 00 07 56 00 00 07 15 80 00 1B | V  t    V       
2B 1C 2B 1D 2B 1B 2F 1C 2F 1D 30 1D 31 1C 32 1B | + + + / / 0 1 2 
32 1A 31 1A 30 56 23 5E 23 46 23 4E 2B E5 EF FF | 2 1 0V#^#F#N+   
46 E1 3D 20 F0 C9 21 EC 4C 3E 06 CD 16 4D 23 06 | F =   ! L>   M# 
0E 23 C5 46 23 4E E5 EF 56 4A E1 C1 10 F3 21 D1 |  # F#N  VJ    ! 
4D 18 39 01 34 19 11 34 22 EF FF 46 0C 1C EF FF | M 9 4  4"  F    
46 0C 1C EF FF 46 0C 1C C9 21 98 4C 3E 06 CD 16 | F    F   ! L>   
4D 23 23 3E 04 CD 16 4D 3E 04 01 30 1A F5 C5 EF | M##>   M>  0    
56 4A C1 04 04 F1 3D 20 F4 21 B0 4C 01 25 10 64 | VJ    =  ! L % d
2B 74 56 00 00 07 06 0A 00 80 00 24 00 00 00 80 | +tV        $    
4D 00 00 71 01 74 56 00 00 74 09 00 00 07 56 00 | M  q tV  t    V 
00 07 15 80 00 ED 43 D2 89 E7 21 2B 84 EF C8 44 |       C   !+   D
C9 04 CD 90 4D C5 EF 56 4A C1 04 C9 21 B4 4C 3E |     M  VJ   ! L>
04 CD 16 4D 3E 05 1E 37 F5 D5 16 3D 06 44 4B EF |    M>  7   = DK 
FF 46 D1 F1 1D 3D 20 F0 0E 30 3E 04 F5 06 3D CD |  F   =   0>   = 
8D 4D CD 8C 4D CD 8C 4D 0D 0D F1 3D 20 EE 21 BE |  M  M  M   =  ! 
4C 01 48 10 18 AF 43 42 52 00 21 B0 4C FD CB 21 | L H   CBR ! L  !
5E 20 03 21 D1 4D C3 7E 42 06 09 C5 3E 01 CD 16 | ^  ! M ~B   >   
4D 11 FF 8F 1B 7A B3 20 FB C1 10 EF C9 55 53 45 | M    z       USE
20 55 4E 49 54 5A 35 74 56 00 00 07 06 0A 00 80 |  UNITZ5tV       
00 24 00 00 00 00 4E 00 00 F2 00 74 56 00 00 74 |  $    N    tV  t
09 00 00 07 56 00 00 07 15 80 00 2D 54 4F 2D 55 |     V      -TO-U
4E 49 54 43 4F 52 44 20 54 4F 20 4C 49 4E 4B 20 | NITCORD TO LINK 
54 48 45 00 20 41 4E 44 20 54 49 2D 37 33 2E 00 | THE  AND TI-73. 
21 07 09 22 E2 83 21 67 4F CD 7E 42 EF 6D 48 FE | !  "  !gO ~B mH 
05 C8 FE 40 20 F6 B7 C9 45 4E 4D 4E 85 4E 55 4E |    @    ENMN NUN
54 45 4D 50 20 20 20 00 4C 49 47 48 54 20 20 00 | TEMP    LIGHT   
53 4F 4E 49 43 20 20 50 52 4F 42 45 20 49 4E 54 | SONIC  PROBE INT
4F 20 54 48 45 20 20 53 4F 4E 49 43 20 50 4F 52 | O THE  SONIC POR
54 20 4F 46 20 20 20 54 48 45 20 03 25 74 56 00 | T OF   THE  %tV 
00 07 06 0A 00 80 00 24 00 00 00 80 4E 00 00 72 |        $    N  r
01 74 56 00 00 74 09 00 00 07 56 00 00 07 15 80 |  tV  t    V     
00 43 42 4C 2E 00 56 4F 4C 54 20 20 20 00 50 4C |  CBL. VOLT    PL
55 47 20 54 48 45 20 00 50 52 4F 42 45 20 49 4E | UG THE  PROBE IN
54 4F 20 54 48 45 20 20 43 48 31 20 50 4F 52 54 | TO THE  CH1 PORT
20 4F 46 20 54 48 45 20 43 42 4C 2E 00 54 55 52 |  OF THE CBL. TUR
4E 20 54 48 45 20 43 42 4C 20 4F 4E 2E 00 4E 4F | N THE CBL ON. NO
57 20 43 48 45 43 4B 49 4E 47 20 54 48 45 20 43 | W CHECKING THE C
41 4C 43 55 4C 41 54 4F 52 20 00 20 4C 49 4E 4B | ALCULATOR   LINK
20 43 4F 4E 4E 45 43 54 49 4F 4E 2E 50 4C 45 41 |  CONNECTION.PLEA
53 A8 1F 74 56 00 00 07 06 0A 00 80 00 24 00 00 | S  tV        $  
00 00 4F 00 00 F3 00 74 56 00 00 74 09 00 00 07 |   O    tV  t    
56 00 00 07 15 80 00 45 20 57 41 49 54 2E 2E 2E | V      E WAIT...
2E 00 53 54 41 54 55 53 3A 20 4F 2E 4B 2E 00 2A | . STATUS: O.K. *
2A 2A 4C 49 4E 4B 20 45 52 52 4F 52 2A 2A 2A 50 | **LINK ERROR***P
55 53 48 20 49 4E 20 54 48 45 20 4C 49 4E 4B 43 | USH IN THE LINKC
4F 52 44 20 43 4F 4E 4E 45 43 54 4F 52 53 20 46 | ORD CONNECTORS F
49 52 4D 4C 59 20 54 48 45 4E 20 20 20 20 20 50 | IRMLY THEN     P
52 45 53 53 20 C1 45 4E 54 45 52 5D 2E 00 C1 45 | RESS  ENTER].  E
4E 54 45 52 5D 00 50 52 45 53 53 20 C1 45 4E 54 | NTER] PRESS  ENT
45 52 5D 20 54 4F 42 29 22 74 56 00 00 07 06 0A | ER] TOB)"tV     
00 80 00 24 00 00 00 80 4F 00 00 73 01 74 56 00 |    $    O  s tV 
00 74 09 00 00 07 56 00 00 07 15 80 00 45 47 49 |  t    V      EGI
4E 2E 00 EF A7 44 FD CB 21 DE 3A AD 82 FE 03 20 | N.   D  ! :     
1E 21 E5 57 11 00 81 01 2A 00 ED B0 AF EF BA 49 |  ! W    *      I
EF B7 49 C0 3A 06 80 FE 01 28 04 FD CB 21 9E EF |   I :    (   !  
AA 44 FD CB 02 CE CD 97 4D FD CB 21 5E F5 C4 5A |  D      M  !^  Z
4D F1 CC 27 4D 3E 20 32 8A 8E EF AD 47 21 F8 4D | M  'M> 2    G! M
CD 77 42 CD D5 4D 21 19 4E CD 7E 42 21 C4 4C FD |  wB  M! N ~B! L 
CB 21 5E 20 03 21 D8 4C CD E4 4D CD 25 4E C0 FD |  !^  ! L  M %N  
CB 21 5E 28 49 21 8D 4E CD 77 42 3A AD 8B 3C 74 |  !^(I! N wB:  <t
56 00 00 07 06 0A 00 80 00 24 00 00 00 00 50 00 | V        $    P 
00 F4 00 74 56 00 00 74 09 00 00 07 56 00 00 07 |    tV  t    V   
15 80 00 82 21 3D 4E CD 90 4B CD 7E 42 3A AD 82 |     !=N  K ~B:  
FE 03 20 07 21 11 11 3E 1C 18 0B 21 97 4E CD 7E |     !  >   ! N ~
42 21 20 00 3E 1F 22 D2 89 EF C5 44 CD 25 4E C0 | B!  > "    D %N 
21 BC 4E CD 77 42 EF BC 44 FD CB 21 5E C4 44 4D | ! N wB  D  !^ DM
CD 25 4E C0 EF AA 44 21 CD 4E 11 00 00 CD 7A 42 |  %N   D! N    zB
CD D5 4D 11 02 00 21 EA 4E CD 7E 42 CD 7F 4C FD |   M   ! N ~B L 
CB 2F 5E 28 06 CD 31 4E C0 18 D9 11 05 03 21 0B |  /^(  1N      ! 
4F CD 7A 42 CD 25 4E C0 21 6F 4F 11 00 00 CD 7A | O zB %N !oO    z
42 EF BC 8A 33 74 56 00 00 07 06 0A 00 80 00 24 | B   3tV        $
00 00 00 80 50 00 00 74 01 74 56 00 00 74 09 00 |     P  t tV  t  
00 07 56 00 00 07 15 80 00 44 CD 31 4E C0 AF C9 |   V      D 1N   
21 65 4A E7 EF D9 42 30 1C 21 E7 00 EF 12 43 D5 | !eJ   B0 !    C 
13 13 06 10 CD 5C 4C 06 08 CD 5C 4C 62 6B 2B 01 |      \L   \Lbk+ 
0E 00 ED B0 D1 ED 53 A2 85 ED 73 B0 82 21 6D 42 |       S   s  !mB
CD 6E 42 21 78 57 11 00 81 01 45 00 ED B0 AF EF |  nB!xW    E     
BA 49 EF B7 49 28 05 CD 50 00 1E 40 3A 06 80 32 |  I  I(  P  @:  2
95 82 FE 01 CA F4 50 FE 02 CA 03 52 FE 04 20 05 |       P    R    
CD 50 00 1E 40 21 31 58 CD 50 00 59 4A CD A5 4A |  P  @!1X P YJ  J
21 13 55 DB 06 EF BA 49 21 FC 33 74 56 00 00 07 | ! U    I! 3tV   
06 0A 00 80 00 24 00 00 00 00 51 00 00 F5 00 74 |      $    Q    t
56 00 00 74 09 00 00 07 56 00 00 07 15 80 00 DE | V  t    V       
55 CD C3 55 CD 78 55 EF B7 49 F5 CD CC 4A F1 20 | U  U xU  I   J  
3B CD 3A 44 21 38 80 E7 EF 71 41 EF F3 40 38 0E | ; :D!8   qA  @8 
21 58 57 11 00 81 01 20 00 ED B0 C3 81 52 3A 0F | !XW          R: 
80 B7 20 08 CD 86 4F B7 28 15 18 10 CD 7F 4C FD |       O (    L 
CB 2F 5E 28 0A CD 31 4E FE 40 20 F0 C3 B0 50 EF |  /^(  1N @    P 
A7 44 21 B5 51 CD 59 00 3A 0A 80 B7 20 08 CD 32 |  D! Q Y :      2
45 CD CD 45 18 06 CD A1 46 CD 63 46 00 CD 29 4C | E  E    F cF  )L
CD 38 4C 21 01 00 22 AB 82 CD 79 47 3A 0D 80 FE |  8L!  "   yG:   
36 74 56 00 00 07 06 0A 00 80 00 24 00 00 00 80 | 6tV        $    
51 00 00 75 01 74 56 00 00 74 09 00 00 07 56 00 | Q  u tV  t    V 
00 07 15 80 00 CD E8 51 32 A3 82 CD D2 47 CD 47 |        Q2    G G
48 3A 0A 80 B7 F5 CC 86 44 F1 C4 CC 46 FB EF 0F | H:      D   F   
40 FE 0F 28 12 FE 09 20 E5 2A AB 82 11 64 00 B7 | @  (     *   d  
ED 52 28 DA C3 97 42 CD 5C 00 CD EC 47 C3 F4 50 |  R(   B \   G  P
DF CD 58 48 DF CD 19 4C CD D6 51 CD 0F 4C CD D6 |   XH   L  Q  L  
51 2A AB 82 23 22 AB 82 C3 89 51 EF 00 49 2A AB | Q*  #"    Q  I* 
82 EF B6 4A E5 EF 57 43 D1 EF 74 41 C9 F5 21 F1 |    J  WC  tA  ! 
51 CD 8D 4B F1 E9 5C 44 6B 44 80 44 71 44 EF 50 | Q  K  \DkD DqD P
4A 3E 01 32 33 51 41 74 56 00 00 07 06 0A 00 80 | J> 23QAtV       
00 24 00 00 00 00 52 00 00 F6 00 74 56 00 00 74 |  $    R    tV  t
09 00 00 07 56 00 00 07 15 80 00 80 18 04 AF 32 |     V          2
33 80 CD F4 4A 21 31 55 DB 06 EF BA 49 21 F2 54 | 3   J!1U    I! T
CD 6E 42 21 1B 56 CD C3 55 CD 78 55 21 04 55 DB |  nB! V  U xU! U 
06 EF D5 49 F5 CD 29 4B F1 28 35 FD CB 21 56 CA |    I  )K (5  !V 
B0 50 21 64 52 DB 06 EF BA 49 21 F2 54 CD 6E 42 |  P!dR    I! T nB
21 BD 57 11 00 81 01 28 00 ED B0 CD 60 4B AF 32 | ! W    (    `K 2
33 80 21 FE 54 DB 06 EF D5 49 CD 6F 4B 18 9F C9 | 3 ! T    I oK   
1E 92 3A AD 82 CD 90 4A E7 EF 71 41 EF F3 40 38 |   :    J  qA  @8
15 21 37 57 11 00 81 01 21 00 ED 35 39 74 56 00 |  !7W    !  59tV 
00 07 06 0A 00 80 00 24 00 00 00 80 52 00 00 76 |        $    R  v
01 74 56 00 00 74 09 00 00 07 56 00 00 07 15 80 |  tV  t    V     
00 B0 AF EF BA 49 EF B7 49 C3 B0 50 21 6D 42 CD |      I  I  P!mB 
6E 42 3A 0F 80 B7 20 08 CD 86 4F B7 28 15 18 10 | nB:       O (   
CD 7F 4C FD CB 2F 5E 28 0A CD 31 4E FE 40 20 F0 |  L  /^(  1N @  
C3 B0 50 EF A7 44 21 D2 53 CD 59 00 EF D1 41 3E |   P  D! S Y   A>
03 EF 87 49 3E 0A EF 87 49 21 4A 80 E7 21 53 80 |    I>   I!J  !S 
EF 71 41 EF 84 40 11 C3 93 EF 74 41 EF 90 40 11 |  qA  @    tA  @ 
96 82 21 36 84 EF 41 41 CD 29 4C CD 24 4C CD 4C |   !6  AA )L $L L
44 CD 79 47 3A 0C 80 CD E8 51 32 A3 82 3A 0E 80 | D yG:    Q2  :  
B7 E4 3A 74 56 00 00 07 06 0A 00 80 00 24 00 00 |   :tV        $  
00 00 53 00 00 F7 00 74 56 00 00 74 09 00 00 07 |   S    tV  t    
56 00 00 07 15 80 00 C2 1C 54 1E 92 3A AD 82 CD | V        T  :   
90 4A 11 D5 93 EF FC 46 FD CB 03 C6 CD 47 4C EF |  J     F     GL 
C2 47 21 01 00 22 AB 82 21 4A 80 E7 EF AB 49 D5 |  G!  "  !J    I 
CD D2 47 CD D8 54 CD 01 48 18 04 D5 CD D8 54 2A |   G  T  H     T*
AB 82 D1 EF 03 40 23 22 AB 82 20 EF CD EC 47 FD |      @#"      G 
CB 04 A6 FD CB 18 C6 21 F7 4B CD 8D 4B 23 23 E5 |        ! K  K## 
21 FF 4B CD 8D 4B 23 23 11 7F 96 3E 21 12 13 EF | ! K  K##  >!   
53 41 E1 EF 53 41 EB 36 31 3E 01 32 9E 96 EF D8 | SA  SA 61> 2    
46 3E 5A FD CB 0D EE CB 3E 74 56 00 00 07 06 0A | F>Z     >tV     
00 80 00 24 00 00 00 80 53 00 00 77 01 74 56 00 |    $    S  w tV 
00 74 09 00 00 07 56 00 00 07 15 80 00 EF 32 47 |  t    V       2G
FD CB 0D AE FD CB 02 46 CA CF 53 21 BA 54 01 50 |        F  S! T P
2E CD 95 54 3A A3 82 21 9C 48 CD 90 4B 01 04 00 | .  T:  ! H  K   
CD 95 54 FD CB 0D EE 3E AA 32 DF 84 EF 28 45 FD |   T    > 2   (E 
CB 08 BE EF 6D 48 EF 22 45 FD CB 09 66 20 0D FE |     mH "E   f   
05 28 09 FE 05 30 03 EF 32 47 18 E0 CD 5C 00 FD |  (   0  2G   \  
CB 0D AE 97 32 DE 83 3E F0 32 DF 84 EF 29 47 EF |     2  > 2   )G 
D7 44 FD CB 02 96 CD EC 47 C3 03 52 00 82 51 30 |  D      G  R  Q0
00 00 00 00 00 4E 55 4D 20 53 41 4D 50 22 39 74 |      NUM SAMP"9t
56 00 00 07 06 0A 00 80 00 24 00 00 00 00 54 00 | V        $    T 
00 F8 00 74 56 00 00 74 09 00 00 07 56 00 00 07 |    tV  t    V   
15 80 00 4C 45 53 00 12 54 11 54 12 54 12 54 F9 |    LES  T T T T 
51 12 54 0A C9 EF 50 4A 3E 40 CD 50 00 21 40 21 | Q T   PJ>@ P !@!
4A 80 E7 21 EF 53 EF ED 40 38 1F CD 5C 00 21 04 | J  ! S  @8  \ ! 
54 EF 48 40 21 F8 53 11 B5 9B 01 0C 00 ED B0 3E | T H@! S        >
AB 32 4A 85 3E 52 EF 27 40 C9 CD 21 48 EF AA 44 |  2J >R '@  !H  D
11 03 03 21 52 4A CD 7A 42 11 04 05 21 5D 4A CD |    !RJ zB   !]J 
7A 42 21 F7 4B CD 8D 4B E7 EF 97 4B FD CB 2F 5E | zB! K  K   K  /^
28 05 CD 50 00 38 4A 21 01 00 22 AB 82 21 4A 80 | (  P 8J!  "  !J 
E7 EF AB ED 30 74 56 00 00 07 06 0A 00 80 00 24 |     0tV        $
00 00 00 80 54 00 00 78 01 74 56 00 00 74 09 00 |     T  x tV  t  
00 07 56 00 00 07 15 80 00 49 D5 CD BF 54 2A AB |   V      I   T* 
82 D1 EF 03 40 23 22 AB 82 20 EF C3 45 53 C5 E7 |     @#"     ES  
21 2B 84 C1 CD 9F 54 C9 FD CB 14 BE E5 C5 CD AE | !+    T         
54 FD CB 14 FE C1 E1 ED 43 D2 89 EF C8 44 FD CB | T       C    D  
14 BE C9 54 28 53 29 00 21 53 80 EF 71 41 21 96 |    T(S) !S  qA! 
82 E7 F7 11 96 82 EF 74 41 DF CD 14 4C CD D6 51 |        tA   L  Q
C9 CD 47 48 DF CD BF 54 CD 19 4C CD D6 51 21 96 |   GH   T  L  Q! 
82 EF 71 41 EF 25 42 EF 14 47 C9 FE 48 28 04 FE |   qA %B  G  H(  
34 20 02 B7 C9 BF C9 FE 34 30 45 74 56 00 00 07 | 4       40EtV   
06 0A 00 80 00 24 00 00 00 00 55 00 00 F9 00 74 |      $    U    t
56 00 00 74 09 00 00 07 56 00 00 07 15 80 00 20 | V  t    V       
0C 18 08 FE 48 20 06 FD CB 21 D6 3E 40 CD 50 00 |     H    ! >@ P 
CF 49 B7 C0 78 B7 28 57 FE 02 28 04 FE 03 20 55 |  I  x (W  (    U
3A 2B 84 87 3A 2C 84 38 01 3D FE 82 30 3C 18 45 | :+  :, 8 =  0< E
B7 C0 78 B7 28 39 FE 02 20 20 EF BB 42 21 52 55 |   x (9      B!RU
EF 71 41 EF F3 40 30 22 3A 2C 84 FE 7C 38 1B 18 |  qA  @0":,  |8  
24 00 84 16 00 00 00 00 00 01 FE 01 20 17 3A 2C | $             :,
84 FE 83 30 05 EF 34 42 28 0B CD 50 00 E7 49 CD |    0  4B(  P  I 
78 55 3E 01 C9 AF C9 3A 95 82 FE 01 20 22 3E 4D | xU>    :     ">M
2F 74 56 00 00 07 06 0A 00 80 00 24 00 00 00 80 | /tV        $    
55 00 00 79 01 74 56 00 00 74 09 00 00 07 56 00 | U  y tV  t    V 
00 07 15 80 00 E6 CD 9D 4A 3A 09 80 F5 E5 CD CC |         J:      
4A E1 F1 77 21 58 56 EF 2D 40 11 20 81 01 0E 00 | J  w!XV -@      
ED B0 CD A5 4A C9 3E E7 CD 9D 4A 3A 09 80 F5 E5 |     J >   J:    
CD 29 4B E1 F1 77 21 58 56 EF 2D 40 11 17 81 01 |  )K  w!XV -@    
0E 00 ED B0 CD F4 4A C9 01 3E 00 11 00 81 ED B0 |       J  >      
21 8A 56 11 3E 81 01 AD 00 ED B0 C9 06 6D 57 2F | ! V >        mW/
63 6D 12 02 05 02 3E 00 45 00 4A 00 50 00 55 00 | cm    > E J P U 
02 03 01 85 00 8C 00 90 00 03 01 00 60 00 03 01 |             `   
01 5B 00 02 03 DE 2D 74 56 00 00 07 06 0A 00 80 |  [    -tV       
00 24 00 00 00 00 56 00 00 FA 00 74 56 00 00 74 |  $    V    tV  t
09 00 00 07 56 00 00 07 15 80 00 01 65 00 7F 00 |     V       e  
82 00 06 01 00 C6 00 02 03 01 6D 00 78 00 7B 00 |           m x { 
04 01 00 96 00 00 02 05 02 3E 00 45 00 4A 00 50 |          > E J P
00 55 00 03 01 02 9D 00 03 01 03 A7 00 02 03 01 |  U              
65 00 7F 00 82 00 06 01 00 C6 00 02 03 01 B4 00 | e              
BA 00 C2 00 02 03 01 6D 00 78 00 7B 00 04 01 00 |        m x {    
96 00 00 32 56 60 56 6E 56 7C 56 06 03 01 65 00 |    2V`VnV|V   e 
7F 00 82 00 01 01 01 C6 00 06 03 01 65 00 7F 00 |            e  
82 00 01 01 01 D7 00 02 03 01 65 33 15 74 56 00 |           e3 tV 
00 07 06 0A 00 80 00 24 00 00 00 80 56 00 00 7A |        $    V  z
01 74 56 00 00 74 09 00 00 07 56 00 00 07 15 80 |  tV  t    V     
00 00 E6 00 E8 00 06 01 00 D7 00 06 50 52 4F 42 |             PROB
45 3A 04 54 65 6D 70 05 4C 69 67 68 74 04 56 6F | E: Temp Light Vo
6C 74 05 53 6F 6E 69 63 04 4D 41 58 3A 04 4D 49 | lt Sonic MAX: MI
4E 3A 07 55 4E 49 54 53 3A 20 0A 44 49 52 45 43 | N: UNITS:  DIREC
54 4E 53 3A 20 02 4F 6E 03 4F 66 66 02 14 43 02 | TNS:  On Off  C 
14 46 06 54 59 50 45 3A 20 03 42 61 72 05 4D 65 |  F TYPE:  Bar Me
74 65 72 05 47 4F 2E 2E 2E 2E 09 23 53 41 4D 50 | ter GO.... #SAMP
4C 45 53 3A 0C 49 4E 54 52 56 4C 28 53 45 43 29 | LES: INTRVL(SEC)
3A 0C 21 74 56 00 00 07 06 0A 00 80 00 24 00 00 | : !tV        $  
00 00 57 00 00 FB 00 74 56 00 00 74 09 00 00 07 |   W    tV  t    
56 00 00 07 15 80 00 05 50 4C 4F 54 3A 07 52 65 | V       PLOT: Re
61 6C 54 6D 65 03 45 6E 64 10 55 4E 49 54 53 3A | alTme End UNITS:
20 20 20 20 6D 57 2F 63 6D 12 0E 55 4E 49 54 53 |     mW/cm  UNITS
3A 20 20 20 20 56 6F 6C 74 01 6D 02 46 74 01 01 | :    Volt m Ft  
01 0B 00 05 01 01 1C 00 00 10 45 52 52 3A 57 49 |           ERR:WI
4E 44 4F 57 20 52 41 4E 47 45 04 51 75 69 74 01 | NDOW RANGE Quit 
01 01 0B 00 05 01 01 1B 00 00 0F 45 52 52 3A 47 |            ERR:G
41 55 47 45 20 52 41 4E 47 45 04 51 75 69 74 01 | AUGE RANGE Quit 
01 01 1A 00 05 01 01 38 1B 74 56 00 00 07 06 0A |        8 tV     
00 80 00 24 00 00 00 80 57 00 00 7B 01 74 56 00 |    $    W  { tV 
00 74 09 00 00 07 56 00 00 07 15 80 00 27 00 05 |  t    V      '  
01 02 2D 00 05 01 03 39 00 05 01 04 40 00 00 0C |   -    9    @   
43 42 4C 2F 43 42 52 20 41 50 50 3A 05 47 41 55 | CBL/CBR APP: GAU
47 45 0B 44 41 54 41 20 4C 4F 47 47 45 52 06 52 | GE DATA LOGGER R
41 4E 47 45 52 04 51 55 49 54 01 01 01 1C 00 03 | ANGER QUIT      
01 00 16 00 03 01 01 10 00 00 05 59 6D 61 78 3D |            Ymax=
05 59 6D 69 6E 3D 0B 50 4C 4F 54 20 57 49 4E 44 |  Ymin= PLOT WIND
4F 57 01 01 01 10 00 05 01 01 22 00 05 01 02 26 | OW        "    &
00 00 11 41 52 45 20 59 4F 55 20 55 53 0D 16 74 |    ARE YOU US  t
56 00 00 07 06 0A 00 80 00 24 00 00 00 00 58 00 | V        $    X 
00 FC 00 74 56 00 00 74 09 00 00 07 56 00 00 07 |    tV  t    V   
15 80 00 49 4E 47 20 2E 2E 2E 03 43 42 4C 03 43 |    ING ... CBL C
42 52 FD CB 12 D6 3E 03 D3 00 21 FF FF 3E 07 00 | BR    >   !  >  
00 00 00 3D 20 F9 2B 7C B5 20 F2 3E 00 D3 00 FD |    =  +|   >    
CB 12 96 C9 52 41 4E 47 45 52 00 B4 20 73 0A 3E |     RANGER   s >
73 08 3E 73 0C 3E EA 3E 98 3E 73 03 3E BB 1B 3F | s >s > > >s >  ?
31 04 63 03 3E 31 04 63 04 3F 30 04 63 0C 3E 30 | 1 c >1 c ?0 c >0
04 63 0A 3E 38 30 04 63 0D 3E 39 34 04 63 0B 3F |  c >80 c >94 c ?
69 33 3F 31 04 B5 5D 06 3F 2A 29 29 29 29 29 29 | i3?1  ] ?*))))))
2A 04 53 AB 23 74 56 00 00 07 06 0A 00 80 00 24 | * S #tV        $
00 00 00 80 58 00 00 7C 01 74 56 00 00 74 09 00 |     X  | tV  t  
00 07 56 00 00 07 15 80 00 54 52 35 10 31 11 3F |   V      TR5 1 ?
2A 54 10 53 11 2A 04 53 54 52 36 10 31 11 3F 2A | *T S * STR6 1 ?*
54 52 49 47 47 2A 04 53 54 52 37 10 31 11 3F 2A | TRIGG* STR7 1 ?*
45 52 2A 04 53 54 52 37 10 32 11 3F 2A 54 52 41 | ER* STR7 2 ?*TRA
4E 53 46 2A 04 53 54 52 33 10 31 11 3F 2A 45 52 | NSF* STR3 1 ?*ER
52 49 4E 47 2A 04 53 54 52 33 10 32 11 3F 2A 3A | RING* STR3 2 ?*:
3A 3A 2A 04 53 54 52 33 10 33 11 3F 2A 45 4E 54 | ::* STR3 3 ?*ENT
45 52 29 2A 04 53 54 52 39 10 31 11 3F 2A 54 49 | ER)* STR9 1 ?*TI
4D 45 2A 04 53 54 52 39 10 A3 1B 74 56 00 00 07 | ME* STR9   tV   
06 0A 00 80 00 24 00 00 00 00 59 00 00 FD 00 74 |      $    Y    t
56 00 00 74 09 00 00 07 56 00 00 07 15 80 00 32 | V  t    V      2
11 3F 2A 45 4E 54 45 52 2A 04 53 54 52 30 10 31 |  ?*ENTER* STR0 1
11 3F 2A 29 2A 04 53 54 52 30 10 32 11 3F 86 3F |  ?*)* STR0 2 ? ?
94 31 2B 31 36 2B 2A 54 45 58 41 53 29 49 4E 53 |  1+16+*TEXAS)INS
54 52 55 4D 45 4E 54 53 2A 3F 94 31 39 2B 32 32 | TRUMENTS*? 19+22
2B 2A 52 41 4E 47 45 52 29 29 29 10 56 31 3A 30 | +*RANGER))) V1:0
30 11 2A 3F 94 35 32 2B 32 34 2B 2A 50 52 45 53 | 0 *? 52+24+*PRES
53 29 2A 70 EB 53 54 52 30 10 31 11 70 EB 53 54 | S)*p STR0 1 p ST
52 30 10 32 11 3F D8 3F 31 38 04 B5 5D 05 3F 90 | R0 2 ? ?18  ] ? 
20 74 56 00 00 07 06 0A 00 80 00 24 00 00 00 80 |  tV        $    
59 00 00 7D 01 74 56 00 00 74 09 00 00 07 56 00 | Y  } tV  t    V 
00 07 15 80 00 CE 5D 05 10 35 11 6F 39 3E CF 3F |       ]  5 o9> ?
08 B0 31 09 04 5D 06 3F D7 42 31 3F D4 3F 30 04 |   1  ] ? B1? ?0 
5D 05 10 31 37 11 3F 3F D6 30 3F 30 04 5D 05 10 | ]  17 ?? 0?0 ]  
39 11 3F 08 B0 39 09 04 5D 06 3F E1 3F E6 2A 4D | 9 ?  9  ] ? ? *M
41 49 4E 29 4D 45 4E 55 2A 2B 2A 53 45 54 55 50 | AIN)MENU*+*SETUP
83 53 41 4D 50 4C 45 2A 2B 44 2B 2A 53 45 54 29 |  SAMPLE*+D+*SET)
44 45 46 41 55 4C 54 53 2A 2B 42 31 2B 2A 41 50 | DEFAULTS*+B1+*AP
50 4C 49 43 41 54 49 4F 4E 53 2A 2B 41 36 2B 2A | PLICATIONS*+A6+*
50 4C 4F 54 29 EF 21 74 56 00 00 07 06 0A 00 80 | PLOT) !tV       
00 24 00 00 00 00 5A 00 00 FE 00 74 56 00 00 74 |  $    Z    tV  t
09 00 00 07 56 00 00 07 15 80 00 4D 45 4E 55 2A |     V      MENU*
2B 54 2B 2A 54 4F 4F 4C 53 2A 2B 44 34 2B 2A 51 | +T+*TOOLS*+D4+*Q
55 49 54 2A 2B 5A 3F 3F D6 44 3F 30 04 58 3F 30 | UIT*+Z?? D?0 X?0
04 5D 05 10 31 33 11 3F EA 3E 73 08 3E 73 04 3E |  ]  13 ? >s >s >
86 3E E1 3F 30 04 63 0A 3E 39 34 04 63 0B 3E 30 |  > ?0 c >94 c >0
04 63 0C 3E 36 32 04 63 0D 3F 34 34 04 55 3E 34 |  c >62 c ?44 U>4
33 04 56 3F CE 5D 06 10 31 11 6A B0 32 3E CF 3F | 3 V? ]  1 j 2> ?
35 38 04 55 3E 35 39 04 56 3E 30 04 5D 06 10 31 | 58 U>59 V>0 ]  1
11 3F D4 3F 34 36 04 43 3F 94 31 5A 1F 74 56 00 |  ? ?46 C? 1Z tV 
00 07 06 0A 00 80 00 24 00 00 00 80 5A 00 00 7E |        $    Z  ~
01 74 56 00 00 74 09 00 00 07 56 00 00 07 15 80 |  tV  t    V     
00 36 2B 34 2B 2A 52 45 41 4C 54 49 4D 45 3E 2A |  6+4+*REALTIME>*
3F CE 5D 05 10 31 11 6A 31 3E 94 31 36 2B 43 2B | ? ]  1 j1> 16+C+
2A 4E 4F 2A 3F CE 5D 05 10 31 11 6A 32 3E 94 31 | *NO*? ]  1 j2> 1
36 2B 43 2B 2A 59 45 53 2A 3F 94 32 34 2B 39 2B | 6+C+*YES*? 24+9+
2A 54 49 4D 45 29 10 53 11 3E 2A 3F 94 32 34 2B | *TIME) S >*? 24+
43 2B 5D 05 10 34 11 3F 94 33 32 2B 38 2B 2A 44 | C+]  4 ? 32+8+*D
49 53 50 4C 41 59 3E 2A 3F CE 5D 05 10 33 11 6A | ISPLAY>*? ]  3 j
30 3E 94 33 32 2B 43 2B 2A 44 49 53 54 2A 3F CE | 0> 32+C+*DIST*? 
5D 74 20 74 56 00 00 07 06 0A 00 80 00 24 00 00 | ]t tV        $  
00 00 5B 00 00 FF 00 74 56 00 00 74 09 00 00 07 |   [    tV  t    
56 00 00 07 15 80 00 05 10 33 11 6A 31 3E 94 33 | V        3 j1> 3
32 2B 43 2B 2A 56 45 4C 2A 3F CE 5D 05 10 33 11 | 2+C+*VEL*? ]  3 
6A 32 3E 94 33 32 2B 43 2B 2A 41 43 43 45 4C 2A | j2> 32+C+*ACCEL*
3F 94 34 30 2B 36 2B 2A 42 45 47 49 4E 29 29 4F | ? 40+6+*BEGIN))O
4E 3E 2A 3F CE 5D 05 10 36 11 6A 30 3E 94 34 30 | N>*? ]  6 j0> 40
2B 43 2B EB 53 54 52 30 10 31 11 70 EB 53 54 52 | +C+ STR0 1 p STR
30 10 32 11 3F CE 5D 05 10 36 11 6A 31 3E 94 34 | 0 2 ? ]  6 j1> 4
30 2B 43 2B EB 53 54 52 37 10 31 11 70 EB 53 54 | 0+C+ STR7 1 p ST
52 37 10 32 11 3F CE 77 22 74 56 00 00 07 06 0A | R7 2 ? w"tV     
00 80 00 24 00 00 00 80 5B 00 00 7F 01 74 56 00 |    $    [   tV 
00 74 09 00 00 07 56 00 00 07 15 80 00 5D 05 10 |  t    V      ]  
36 11 6A 37 3E 94 34 30 2B 43 2B 2A 44 45 4C 41 | 6 j7> 40+C+*DELA
59 2A 3F 94 34 38 2B 30 2B 2A 53 4D 4F 4F 54 48 | Y*? 48+0+*SMOOTH
49 4E 47 3E 2A 3F CE 5D 05 10 37 11 6A 32 3E 94 | ING>*? ]  7 j2> 
34 38 2B 43 2B 2A 4C 49 47 48 54 2A 3F CE 5D 05 | 48+C+*LIGHT*? ] 
10 37 11 6A 33 3E 94 34 38 2B 43 2B 2A 4D 45 44 |  7 j3> 48+C+*MED
49 55 4D 2A 3F CE 5D 05 10 37 11 6A 34 3E 94 34 | IUM*? ]  7 j4> 4
38 2B 43 2B 2A 48 45 41 56 59 2A 3F CE 5D 05 10 | 8+C+*HEAVY*? ]  
37 11 6A 30 3E 94 34 38 2B 43 2B 2A 4E 0E 21 74 | 7 j0> 48+C+*N !t
56 00 00 07 06 0A 00 80 00 24 00 00 00 00 5C 00 | V        $    \ 
00 00 01 74 56 00 00 74 09 00 00 07 56 00 00 07 |    tV  t    V   
15 80 00 4F 4E 45 2A 3F 94 35 36 2B 31 36 2B 2A |    ONE*? 56+16+*
55 4E 49 54 53 3E 2A 3F CE 5D 05 10 32 11 6A 31 | UNITS>*? ]  2 j1
3E 94 35 36 2B 43 2B 2A 46 45 45 54 2A 3F CE 5D | > 56+C+*FEET*? ]
05 10 32 11 6A 32 3E 94 35 36 2B 43 2B 2A 4D 45 |   2 j2> 56+C+*ME
54 45 52 53 2A 3F 94 30 2B 36 2B 2A 4D 41 49 4E | TERS*? 0+6+*MAIN
29 29 4D 45 4E 55 2A 3F 94 30 2B 36 30 2B 2A 53 | ))MENU*? 0+60+*S
54 41 52 54 29 29 4E 4F 57 2A 3F A5 35 35 3F 3F | TART))NOW*? 55??
D6 47 31 3F 9D 55 2B 56 3F 9B 55 71 31 2B 56 70 |  G1? U+V? Uq1+Vp
31 2B 55 E4 22 74 56 00 00 07 06 0A 00 80 00 24 | 1+U "tV        $
00 00 00 80 5C 00 00 80 01 74 56 00 00 74 09 00 |     \    tV  t  
00 07 56 00 00 07 15 80 00 71 31 2B 56 71 31 3F |   V      q1+Vq1?
9B 55 71 32 2B 56 70 32 2B 55 71 32 2B 56 71 32 |  Uq2+Vp2+Uq2+Vq2
3F 30 04 41 3F 3F CE 56 6A 33 35 40 5D 05 10 31 | ?0 A?? Vj35@]  1
11 6A 31 3E CF 3F D1 41 6A 30 3E AD 04 41 3E D4 |  j1> ? Aj0>  A> 
3F CE 41 6A 32 35 3C 41 6A 33 34 3E CF 3F 94 32 | ? Aj25<Aj34> ? 2
34 2B 34 30 2B EB 53 54 52 35 10 31 11 3F CE 41 | 4+40+ STR5 1 ? A
6A 32 35 3E 34 33 04 56 3F CE 41 6A 33 34 3E 32 | j25>43 V? Aj34>2
37 04 56 3F D7 47 31 3F D4 3F CE 41 6A 31 30 35 | 7 V? G1? ? Aj105
40 53 6F 32 3E CF 3E 33 35 DE 27 74 56 00 00 07 | @So2> >35 'tV   
06 0A 00 80 00 24 00 00 00 00 5D 00 00 01 01 74 |      $    ]    t
56 00 00 74 09 00 00 07 56 00 00 07 15 80 00 04 | V  t    V       
59 3E D7 47 34 3E D4 3F B0 31 04 4B 3F CE 41 6D | Y> G4> ? 1 K? Am
39 34 40 41 6E 39 32 3E 41 71 39 31 04 4B 3F CE | 94@An92>Aq91 K? 
41 6D 38 34 40 41 6E 38 32 3E 41 71 37 38 04 4B | Am84@An82>Aq78 K
3F CE 41 6D 37 34 40 41 6E 37 32 3E 41 71 36 35 | ? Am74@An72>Aq65
04 4B 3F CE 4B 6F B0 31 3E CF 3F 94 32 34 2B 43 |  K? Ko 1> ? 24+C
2B 4B 2B 2A AF 2A 70 EB 53 54 52 35 10 31 11 3F | +K+* *p STR5 1 ?
30 04 4A 3E 31 04 53 3E 4B 04 5D 05 10 34 11 3F | 0 J>1 S>K ]  4 ?
D7 47 32 3F D4 3F D7 47 31 3F D4 3F 3F 30 04 86 |  G2? ? G1? ??0  
26 74 56 00 00 07 06 0A 00 80 00 24 00 00 00 80 | &tV        $    
5D 00 00 81 01 74 56 00 00 74 09 00 00 07 56 00 | ]    tV  t    V 
00 07 15 80 00 49 3E 30 04 53 3F D2 41 6A 32 35 |      I>0 S? Aj25
3C 41 6A 33 34 3C 41 6A 31 30 35 3C 10 10 41 6A | <Aj34<Aj105<  Aj
32 34 3C 41 6A 32 36 11 40 56 6A 35 39 11 3C 49 | 24<Aj26 @Vj59 <I
6A 32 30 30 30 3F AD 04 41 3F 49 70 31 04 49 3F | j2000?  A?Ip1 I?
D4 3F CE 49 6E 32 30 30 30 3E D7 30 3F 3F CE 41 |  ? In2000> 0?? A
6A 32 34 3E CF 3F CE 55 6A 35 38 3E CF 3F 94 35 | j24> ? Uj58> ? 5
39 71 56 2B 55 71 34 2B EB 53 54 52 35 10 31 11 | 9qV+Uq4+ STR5 1 
3F 34 04 55 3F D4 3F D7 47 31 3F D4 3F 3F CE 41 | ?4 U? ? G1? ?? A
6A 32 35 3E CF DC 27 74 56 00 00 07 06 0A 00 80 | j25>  'tV       
00 24 00 00 00 00 5E 00 00 02 01 74 56 00 00 74 |  $    ^    tV  t
09 00 00 07 56 00 00 07 15 80 00 3F CE 56 6B 35 |     V      ? Vk5
39 3E CF 3F 94 35 39 71 56 2B 55 71 34 2B EB 53 | 9> ? 59qV+Uq4+ S
54 52 35 10 31 11 3F 56 70 38 04 56 3F CE 56 6A | TR5 1 ?Vp8 V? Vj
35 31 3E CF 3E 35 38 04 55 3E 35 39 04 56 3E D4 | 51> >58 U>59 V> 
3F D4 3F D7 47 31 3F D4 3F 3F CE 41 6A 32 36 3E | ? ? G1? ?? Aj26>
CF 3F CE 55 6A 34 3E CF 3F 94 35 39 71 56 2B 55 |  ? Uj4> ? 59qV+U
71 34 2B EB 53 54 52 35 10 31 11 3F 35 38 04 55 | q4+ STR5 1 ?58 U
3F D4 3F D7 47 31 3F D4 3F 3F CE 41 6A 33 34 3E | ? ? G1? ?? Aj34>
CF 3F 94 35 39 71 56 2B 55 71 34 40 2C 74 56 00 |  ? 59qV+Uq4@,tV 
00 07 06 0A 00 80 00 24 00 00 00 80 5E 00 00 82 |        $    ^   
01 74 56 00 00 74 09 00 00 07 56 00 00 07 15 80 |  tV  t    V     
00 2B EB 53 54 52 35 10 31 11 3F CE 56 6A 33 3E |  + STR5 1 ? Vj3>
CF 3E 35 38 04 55 3E 35 39 04 56 3F D0 3E 56 71 |  >58 U>59 V? >Vq
38 04 56 3F D4 3F CE 56 6A 35 31 3E CF 3E 34 34 | 8 V? ? Vj51> >44
04 55 3E 34 33 04 56 3E D4 3F D7 47 31 3F D4 3F |  U>43 V> ? G1? ?
3F CE 41 6A 31 30 35 3E CF 3E 55 04 58 3E 56 04 | ? Aj105> >U X>V 
59 3E D4 3F 3F D6 47 34 3F CE 59 6A 33 35 40 5D | Y> ?? G4? Yj35@]
05 10 31 11 6A 32 3E CF 3F DE 2A 54 4F 54 41 4C |   1 j2> ? *TOTAL
29 43 4F 4C 4C 45 43 54 49 4F 4E 2A 2B 2A 54 49 | )COLLECTION*+*TI
4D D0 28 74 56 00 00 07 06 0A 00 80 00 24 00 00 | M (tV        $  
00 00 5F 00 00 03 01 74 56 00 00 74 09 00 00 07 |   _    tV  t    
56 00 00 07 15 80 00 45 29 49 53 29 46 49 58 45 | V      E)IS)FIXE
44 29 49 4E 2A 2B 2A 52 45 41 4C 54 49 4D 45 29 | D)IN*+*REALTIME)
4D 4F 44 45 2A 3F E0 38 2B 31 30 2B EB 53 54 52 | MODE*? 8+10+ STR
30 10 31 11 70 EB 53 54 52 30 10 32 11 3E D8 3F | 0 1 p STR0 2 > ?
E1 3F D7 47 31 3F D4 3F 3F CE 58 6A 34 3E D7 30 |  ? G1? ?? Xj4> 0
3F CE 58 6A 35 38 3E CF 3E 30 04 5D 05 10 31 36 | ? Xj58> >0 ]  16
11 3E D7 51 3E D4 3F 3F CE 59 6A 33 35 3E CF 3F |  > Q> ?? Yj35> ?
94 32 34 2B 43 2B 2A AF AF 2A 70 EB 53 54 52 35 |  24+C+*  *p STR5
10 31 11 70 EB 53 54 58 2A 74 56 00 00 07 06 0A |  1 p STX*tV     
00 80 00 24 00 00 00 80 5F 00 00 83 01 74 56 00 |    $    _    tV 
00 74 09 00 00 07 56 00 00 07 15 80 00 52 35 10 |  t    V      R5 
31 11 70 EB 53 54 52 35 10 31 11 3F 30 04 4A 3E | 1 p STR5 1 ?0 J>
30 04 4B 3E 30 04 53 3F D6 47 32 3F 30 04 51 3F | 0 K>0 S? G2?0 Q?
D1 51 6A 30 3E AD 04 51 3E D4 3F CE 51 6A 31 30 |  Qj0>  Q> ? Qj10
35 3E CF 3E 94 32 34 2B 43 2B 5D 05 10 34 11 2B | 5> > 24+C+]  4 +
EB 53 54 52 35 10 31 11 70 EB 53 54 52 35 10 31 |  STR5 1 p STR5 1
11 70 EB 53 54 52 35 10 31 11 70 EB 53 54 52 35 |  p STR5 1 p STR5
10 31 11 70 EB 53 54 52 35 10 31 11 70 EB 53 54 |  1 p STR5 1 p ST
52 35 10 31 11 3E D7 47 31 3E D4 3F CE 0E 27 74 | R5 1 > G1> ?  't
56 00 00 07 06 0A 00 80 00 24 00 00 00 00 60 00 | V        $    ` 
00 04 01 74 56 00 00 74 09 00 00 07 56 00 00 07 |    tV  t    V   
15 80 00 51 6A 31 30 32 40 53 6F 30 3E 30 04 51 |    Qj102@So0>0 Q
3F CE 51 6D 39 34 40 51 6E 39 32 3E 51 71 39 31 | ? Qm94@Qn92>Qq91
04 51 3F CE 51 6D 38 34 40 51 6E 38 32 3E 51 71 |  Q? Qm84@Qn82>Qq
37 38 04 51 3F CE 51 6D 37 34 40 51 6E 37 32 3E | 78 Q? Qm74@Qn72>
51 71 36 35 04 51 3F CE 51 6A 32 35 3C 51 6A 33 | Qq65 Q? Qj25<Qj3
34 3E CF 3F 94 32 34 2B 34 30 2B EB 53 54 52 35 | 4> ? 24+40+ STR5
10 31 11 3F CE 51 6A 32 35 3E 34 33 04 56 3F CE |  1 ? Qj25>43 V? 
51 6A 33 34 3E 32 37 04 56 3F 94 32 34 2B 43 2B | Qj34>27 V? 24+C+
5D 05 10 00 25 74 56 00 00 07 06 0A 00 80 00 24 | ]   %tV        $
00 00 00 80 60 00 00 84 01 74 56 00 00 74 09 00 |     `    tV  t  
00 07 56 00 00 07 15 80 00 34 11 2B EB 53 54 52 |   V      4 + STR
35 10 31 11 70 EB 53 54 52 35 10 31 11 70 EB 53 | 5 1 p STR5 1 p S
54 52 35 10 31 11 70 EB 53 54 52 35 10 31 11 70 | TR5 1 p STR5 1 p
EB 53 54 52 35 10 31 11 70 EB 53 54 52 35 10 31 |  STR5 1 p STR5 1
11 3F D7 47 31 3F D4 3F CE 51 6C 39 3E D7 47 32 |  ? G1? ? Ql9> G2
3F CE 53 6A 31 3E CF 3E 32 04 53 3E 4B 04 4A 3E | ? Sj1> >2 S>K J>
51 04 4B 3E D4 3F CE 53 6A 30 3E CF 3E 31 04 53 | Q K> ? Sj0> >1 S
3E 51 04 4B 3E D4 3F 31 30 4A 70 4B 04 5D 05 10 | >Q K> ?10JpK ]  
34 11 3F 94 32 34 2B 43 2B D9 27 74 56 00 00 07 | 4 ? 24+C+ 'tV   
06 0A 00 80 00 24 00 00 00 00 61 00 00 05 01 74 |      $    a    t
56 00 00 74 09 00 00 07 56 00 00 07 15 80 00 5D | V  t    V      ]
05 10 34 11 3F CE 53 6A 32 3E D7 47 31 3F D7 47 |   4 ? Sj2> G1? G
32 3F D4 3F 3F CE 59 6A 32 37 3E CF 3F 5D 05 10 | 2? ?? Yj27> ?]  
33 11 70 31 04 5D 05 10 33 11 3F CE 5D 05 10 33 | 3 p1 ]  3 ? ]  3
11 6A 33 3E 30 04 5D 05 10 33 11 3F CE 5D 05 10 |  j3>0 ]  3 ? ]  
33 11 6A 30 3E 94 33 32 2B 43 2B 2A 44 49 53 54 | 3 j0> 32+C+*DIST
29 29 29 2A 3F CE 5D 05 10 33 11 6A 31 3E 94 33 | )))*? ]  3 j1> 3
32 2B 43 2B 2A 56 45 4C 2A 70 EB 53 54 52 35 10 | 2+C+*VEL*p STR5 
31 11 3F CE 5D 05 10 33 11 6A 32 3E 94 33 32 49 | 1 ? ]  3 j2> 32I
22 74 56 00 00 07 06 0A 00 80 00 24 00 00 00 80 | "tV        $    
61 00 00 85 01 74 56 00 00 74 09 00 00 07 56 00 | a    tV  t    V 
00 07 15 80 00 2B 43 2B 2A 41 43 43 45 4C 2A 3F |      +C+*ACCEL*?
D7 47 31 3F D4 3F 3F CE 59 6A 31 39 3E CF 3F 36 |  G1? ?? Yj19> ?6
5D 05 10 36 11 70 31 04 5D 05 10 36 11 3F CE 5D | ]  6 p1 ]  6 ? ]
05 10 36 11 6C 37 3E 30 04 5D 05 10 36 11 3F CE |   6 l7>0 ]  6 ? 
5D 05 10 36 11 6A 30 3E 94 34 30 2B 43 2B EB 53 | ]  6 j0> 40+C+ S
54 52 30 10 31 11 70 EB 53 54 52 30 10 32 11 70 | TR0 1 p STR0 2 p
EB 53 54 52 35 10 31 11 70 EB 53 54 52 35 10 31 |  STR5 1 p STR5 1
11 70 EB 53 54 52 35 10 31 11 3F CE 5D 05 10 36 |  p STR5 1 ? ]  6
11 6A 31 3E 94 BC 23 74 56 00 00 07 06 0A 00 80 |  j1>  #tV       
00 24 00 00 00 00 62 00 00 06 01 74 56 00 00 74 |  $    b    tV  t
09 00 00 07 56 00 00 07 15 80 00 34 30 2B 43 2B |     V      40+C+
EB 53 54 52 37 10 31 11 70 EB 53 54 52 37 10 32 |  STR7 1 p STR7 2
11 3F CE 5D 05 10 36 11 6A 37 3E 94 34 30 2B 43 |  ? ]  6 j7> 40+C
2B 2A 44 45 4C 41 59 29 2A 70 EB 53 54 52 35 10 | +*DELAY)*p STR5 
31 11 70 EB 53 54 52 35 10 31 11 70 EB 53 54 52 | 1 p STR5 1 p STR
35 10 31 11 3F D7 47 31 3F D4 3F 3F CE 59 6A 31 | 5 1 ? G1? ?? Yj1
31 3E CF 3F 5D 05 10 37 11 70 31 04 5D 05 10 37 | 1> ?]  7 p1 ]  7
11 3F CE 5D 05 10 37 11 6A 35 3E 30 04 5D 05 10 |  ? ]  7 j5>0 ]  
37 11 3F CE 5D 05 10 37 11 6A 31 66 23 74 56 00 | 7 ? ]  7 j1f#tV 
00 07 06 0A 00 80 00 24 00 00 00 80 62 00 00 86 |        $    b   
01 74 56 00 00 74 09 00 00 07 56 00 00 07 15 80 |  tV  t    V     
00 3E 32 04 5D 05 10 37 11 3F CE 5D 05 10 37 11 |  >2 ]  7 ? ]  7 
6A 32 3E 94 34 38 2B 43 2B 2A 4C 49 47 48 54 29 | j2> 48+C+*LIGHT)
29 29 2A 3F CE 5D 05 10 37 11 6A 33 3E 94 34 38 | ))*? ]  7 j3> 48
2B 43 2B 2A 4D 45 44 49 55 4D 2A 3F CE 5D 05 10 | +C+*MEDIUM*? ]  
37 11 6A 34 3E 94 34 38 2B 43 2B 2A 48 45 41 56 | 7 j4> 48+C+*HEAV
59 29 29 29 2A 3F CE 5D 05 10 37 11 6A 30 3E 94 | Y)))*? ]  7 j0> 
34 38 2B 43 2B 2A 4E 4F 4E 45 2A 70 EB 53 54 52 | 48+C+*NONE*p STR
35 10 31 11 3F D7 47 31 3F D4 3F 3F CE 59 6A 33 | 5 1 ? G1? ?? Yj3
3E 3F 22 74 56 00 00 07 06 0A 00 80 00 24 00 00 | >?"tV        $  
00 00 63 00 00 07 01 74 56 00 00 74 09 00 00 07 |   c    tV  t    
56 00 00 07 15 80 00 CF 3F 5D 05 10 32 11 70 31 | V       ?]  2 p1
04 5D 05 10 32 11 3F CE 5D 05 10 32 11 6A 33 3E |  ]  2 ? ]  2 j3>
31 04 5D 05 10 32 11 3F CE 5D 05 10 32 11 6A 31 | 1 ]  2 ? ]  2 j1
3E 94 35 36 2B 43 2B 2A 46 45 45 54 2A 70 EB 53 | > 56+C+*FEET*p S
54 52 35 10 31 11 70 EB 53 54 52 35 10 31 11 70 | TR5 1 p STR5 1 p
EB 53 54 52 35 10 31 11 3F CE 5D 05 10 32 11 6A |  STR5 1 ? ]  2 j
32 3E 94 35 36 2B 43 2B 2A 4D 45 54 45 52 53 2A | 2> 56+C+*METERS*
3F D7 47 31 3F D4 3F 3F CE 59 6A 34 33 3E CF 3F | ? G1? ?? Yj43> ?
5D 05 10 31 11 70 31 F0 22 74 56 00 00 07 06 0A | ]  1 p1 "tV     
00 80 00 24 00 00 00 80 63 00 00 87 01 74 56 00 |    $    c    tV 
00 74 09 00 00 07 56 00 00 07 15 80 00 04 5D 05 |  t    V       ] 
10 31 11 3F CE 5D 05 10 31 11 6A 33 3E 31 04 5D |  1 ? ]  1 j3>1 ]
05 10 31 11 3F CE 5D 05 10 31 11 6A 32 3E CF 3E |   1 ? ]  1 j2> >
94 31 36 2B 43 2B 2A 59 45 53 2A 3F 31 35 04 5D |  16+C+*YES*?15 ]
05 10 34 11 3E 94 32 34 2B 43 2B 5D 05 10 34 11 |   4 > 24+C+]  4 
2B EB 53 54 52 35 10 31 11 70 EB 53 54 52 35 10 | + STR5 1 p STR5 
31 11 70 EB 53 54 52 35 10 31 11 70 EB 53 54 52 | 1 p STR5 1 p STR
35 10 31 11 70 EB 53 54 52 35 10 31 11 70 EB 53 | 5 1 p STR5 1 p S
54 52 35 10 31 11 70 EB 53 54 52 35 10 1C 22 74 | TR5 1 p STR5  "t
56 00 00 07 06 0A 00 80 00 24 00 00 00 00 64 00 | V        $    d 
00 08 01 74 56 00 00 74 09 00 00 07 56 00 00 07 |    tV  t    V   
15 80 00 31 11 70 EB 53 54 52 35 10 31 11 3F D4 |    1 p STR5 1 ? 
3F CE 5D 05 10 31 11 6A 31 3E 94 31 36 2B 43 2B | ? ]  1 j1> 16+C+
2A 4E 4F 29 29 29 2A 3F D7 47 31 3F D4 3F 3F D6 | *NO)))*? G1? ?? 
44 34 3F E6 2A 54 4F 4F 4C 53 2A 2B 2A 47 45 54 | D4? *TOOLS*+*GET
29 43 42 52 29 44 41 54 41 2A 2B 52 2B 2A 47 45 | )CBR)DATA*+R+*GE
54 29 54 49 71 37 33 29 44 41 54 41 2A 2B 44 36 | T)TIq73)DATA*+D6
2B 2A 43 42 52 29 53 54 41 54 55 53 2A 2B 44 31 | +*CBR)STATUS*+D1
2B 2A 53 54 4F 50 83 43 4C 45 41 52 29 43 42 52 | +*STOP CLEAR)CBR
2A 2B 44 69 23 74 56 00 00 07 06 0A 00 80 00 24 | *+Di#tV        $
00 00 00 80 64 00 00 88 01 74 56 00 00 74 09 00 |     d    tV  t  
00 07 56 00 00 07 15 80 00 35 2B 2A 4D 41 49 4E |   V      5+*MAIN
29 4D 45 4E 55 2A 2B 30 3F 3F D6 44 31 3F 31 04 | )MENU*+0?? D1?1 
5D 05 10 31 30 11 3F D7 51 31 3F D6 44 33 3F EA | ]  10 ? Q1? D3? 
3E 73 08 3E 86 3F 94 31 2B 31 2B 2A 42 41 54 54 | >s > ? 1+1+*BATT
45 52 59 3E 2A 3F 5D 06 10 33 11 04 51 3F 34 36 | ERY>*?]  3  Q?46
04 43 3F CE 51 6A 30 3E CF 3E 94 31 2B 43 2B 2A |  C? Qj0> > 1+C+*
4F 4B 2A 3F D0 3E 94 31 2B 43 2B 2A 52 45 50 4C | OK*? > 1+C+*REPL
41 43 45 2A 3E D4 3F 94 38 2B 31 2B 2A 43 42 52 | ACE*> ? 8+1+*CBR
29 29 53 54 41 54 45 3E 2A 5A 23 74 56 00 00 07 | ))STATE>*Z#tV   
06 0A 00 80 00 24 00 00 00 00 65 00 00 09 01 74 |      $    e    t
56 00 00 74 09 00 00 07 56 00 00 07 15 80 00 3F | V  t    V      ?
5D 06 10 31 34 11 04 51 3F CE 51 6A 31 3E 94 38 | ]  14  Q? Qj1> 8
2B 43 2B 2A 4E 4F 54 29 53 45 54 55 50 2A 3F CE | +C+*NOT)SETUP*? 
51 6A 32 3E 94 38 2B 43 2B 2A 41 52 4D 45 44 2A | Qj2> 8+C+*ARMED*
3F CE 51 6A 33 3E 94 38 2B 43 2B 2A 53 41 4D 50 | ? Qj3> 8+C+*SAMP
4C 49 4E 47 2A 3F CE 51 6A 34 3E 94 38 2B 43 2B | LING*? Qj4> 8+C+
2A 44 4F 4E 45 2A 3F 94 31 35 2B 31 2B 2A 4C 41 | *DONE*? 15+1+*LA
53 54 29 45 52 52 4F 52 3E 2A 3F CE 5D 06 10 32 | ST)ERROR>*? ]  2
11 6F 30 3E 94 31 35 2B 43 2B 5D 06 10 32 11 FA |  o0> 15+C+]  2  
22 74 56 00 00 07 06 0A 00 80 00 24 00 00 00 80 | "tV        $    
65 00 00 89 01 74 56 00 00 74 09 00 00 07 56 00 | e    tV  t    V 
00 07 15 80 00 3F 94 35 37 2B 36 39 2B EB 53 54 |      ? 57+69+ ST
52 30 10 31 11 70 EB 53 54 52 30 10 32 11 3F D8 | R0 1 p STR0 2 ? 
3F D7 30 3F 3F D6 44 35 3F E7 08 30 09 3F D7 30 | ? 0?? D5?  0 ? 0
3F 3F D6 44 36 3F DE 2A 41 54 54 41 43 48 29 43 | ?? D6? *ATTACH)C
4F 52 44 29 46 52 4F 4D 2A 2B 2A 54 48 49 53 29 | ORD)FROM*+*THIS)
54 49 71 37 33 29 54 4F 2A 2B 2A 53 45 4E 44 49 | TIq73)TO*+*SENDI
4E 47 29 54 49 71 37 33 2A 2B 2A 2A 2B 2A 53 45 | NG)TIq73*+**+*SE
4E 44 49 4E 47 29 54 49 71 37 33 2A 2B 2A 4D 55 | NDING)TIq73*+*MU
53 54 29 42 45 FB 24 74 56 00 00 07 06 0A 00 80 | ST)BE $tV       
00 24 00 00 00 00 66 00 00 0A 01 74 56 00 00 74 |  $    f    tV  t
09 00 00 07 56 00 00 07 15 80 00 29 41 54 2A 2B |     V      )AT*+
2A 48 4F 4D 45 29 53 43 52 45 45 4E 2A 3F E0 38 | *HOME)SCREEN*? 8
2B 31 30 2B 2A 45 4E 54 45 52 2A 3F D8 3F 08 37 | +10+*ENTER*? ? 7
09 04 5D 06 3E E7 5D 06 3E BB 1D 5D 06 11 3F CE |   ] > ] >  ]  ? 
5D 06 10 31 11 6F B0 39 3E CF 3F E1 3F E6 2A 4E | ]  1 o 9> ? ? *N
4F 29 44 41 54 41 29 52 45 43 45 49 56 45 44 2A | O)DATA)RECEIVED*
2B 2A 52 45 54 52 59 2A 2B 44 36 2B 2A 4D 41 49 | +*RETRY*+D6+*MAI
4E 29 4D 45 4E 55 2A 2B 30 3F D4 3F E1 3F DE 2A | N)MENU*+0? ? ? *
52 45 43 45 49 56 49 4E 47 3A 3A 21 25 74 56 00 | RECEIVING::!%tV 
00 07 06 0A 00 80 00 24 00 00 00 80 66 00 00 8A |        $    f   
01 74 56 00 00 74 09 00 00 07 56 00 00 07 15 80 |  tV  t    V     
00 3A 2A 3F BB 1D 5D 01 11 3E BB 1D 5D 02 11 3E |  :*?  ]  >  ]  >
BB 1D 5D 03 11 3E BB 1D 5D 04 11 3E BB 1D 5D 05 |   ]  >  ]  >  ] 
11 3F E1 3F DE 2A 4C 31 6A 54 49 4D 45 2A 2B 2A |  ? ? *L1jTIME*+*
4C 32 6A 44 49 53 54 2A 2B 2A 4C 33 6A 56 45 4C | L2jDIST*+*L3jVEL
2A 2B 2A 4C 34 6A 41 43 43 45 4C 2A 3F E0 38 2B | *+*L4jACCEL*? 8+
31 30 2B EB 53 54 52 30 10 31 11 70 EB 53 54 52 | 10+ STR0 1 p STR
30 10 32 11 3F D8 3F E1 3F D7 54 3F 3F D6 41 36 | 0 2 ? ? ? T?? A6
3F 30 04 5D 05 10 31 33 11 3F EA 3F 31 04 55 3F | ?0 ]  13 ? ?1 U?
E1 7D 25 74 56 00 00 07 06 0A 00 80 00 24 00 00 |  }%tV        $  
00 00 67 00 00 0B 01 74 56 00 00 74 09 00 00 07 |   g    tV  t    
56 00 00 07 15 80 00 3F E6 2A 55 4E 49 54 53 AF | V      ? *UNITS 
2A 2B 2A 4D 45 54 45 52 53 2A 2B 41 35 2B 2A 46 | *+*METERS*+A5+*F
45 45 54 2A 2B 41 34 11 3F D6 41 35 3F 55 70 31 | EET*+A4 ? A5?Up1
04 55 3F D6 41 34 3F 55 04 5D 05 10 32 11 3F 3F |  U? A4?U ]  2 ??
E1 3F E6 2A 41 50 50 4C 49 43 41 54 49 4F 4E 53 |  ? *APPLICATIONS
2A 2B 2A 44 49 53 54 29 4D 41 54 43 48 2A 2B 55 | *+*DIST)MATCH*+U
31 2B 2A 56 45 4C 29 4D 41 54 43 48 2A 2B 55 32 | 1+*VEL)MATCH*+U2
2B 2A 42 41 4C 4C 29 42 4F 55 4E 43 45 2A 2B 41 | +*BALL)BOUNCE*+A
37 2B 2A 4D 41 49 4E 92 22 74 56 00 00 07 06 0A | 7+*MAIN "tV     
00 80 00 24 00 00 00 80 67 00 00 8B 01 74 56 00 |    $    g    tV 
00 74 09 00 00 07 56 00 00 07 15 80 00 29 4D 45 |  t    V      )ME
4E 55 2A 2B 30 3F 3F D6 41 37 3F 31 04 5D 05 10 | NU*+0?? A7?1 ]  
31 11 3F 30 04 5D 05 10 33 11 3F 34 04 5D 05 10 | 1 ?0 ]  3 ?4 ]  
34 11 3F 31 04 5D 05 10 36 11 3F 30 04 5D 05 10 | 4 ?1 ]  6 ?0 ]  
37 11 3F 31 04 5D 05 10 31 33 11 3F 30 04 5D 05 | 7 ?1 ]  13 ?0 ] 
10 31 36 11 3F D7 51 3F 3F D6 42 31 3F 24 30 2B |  16 ? Q?? B1?$0+
58 2B 31 2B 31 38 11 04 5D 01 3F 5D 01 04 5D 02 | X+1+18  ] ?]  ] 
3E 5D 01 04 5D 03 3E 5D 01 04 5D 04 3F 08 32 2B | >]  ] >]  ] ? 2+
32 2B 30 2B 31 35 2B 39 2B 30 2B 30 2B EF 17 74 | 2+0+15+9+0+0+  t
56 00 00 07 06 0A 00 80 00 24 00 00 00 00 68 00 | V        $    h 
00 0C 01 74 56 00 00 74 09 00 00 07 56 00 00 07 |    tV  t    V   
15 80 00 30 2B 30 2B 30 2B 30 2B 39 34 2B 30 2B |    0+0+0+0+94+0+
30 2B 30 2B 30 2B 30 2B 30 09 04 5D 05 3F CE 5D | 0+0+0+0+0  ] ? ]
06 10 31 11 6A B0 31 3E CF 3E 30 04 5D 06 10 31 |   1 j 1> >0 ]  1
11 3E D7 30 3E D4 3F B0 32 04 5D 06 10 31 11 3F |  > 0> ? 2 ]  1 ?
D7 44 3F 3F D6 4E 3F CE 5D 05 10 31 33 11 6A 31 |  D?? N? ]  13 j1
40 5D 05 10 39 11 6A 31 3E CF 3F CE 5D 05 10 32 | @]  9 j1> ? ]  2
11 6A 32 3E 94 31 2B 35 2B 2A 48 54 10 4D 11 2A |  j2> 1+5+*HT M *
11 3F CE 5D 05 10 32 11 6A 31 3E 94 31 2B 35 2B |  ? ]  2 j1> 1+5+
2A 48 54 17 20 74 56 00 00 07 06 0A 00 80 00 24 | *HT  tV        $
00 00 00 80 68 00 00 8C 01 74 56 00 00 74 09 00 |     h    tV  t  
00 07 56 00 00 07 15 80 00 10 46 54 11 2A 11 3F |   V       FT * ?
D0 3F CE 5D 05 10 32 11 6A 31 3E CF 3F CE 51 6A |  ? ]  2 j1> ? Qj
32 3E 94 31 2B 35 2B 2A 44 10 46 54 11 2A 3F CE | 2> 1+5+*D FT *? 
51 6A 33 3E 94 31 2B 35 2B 2A 56 10 46 54 83 53 | Qj3> 1+5+*V FT S
11 2A 3F CE 51 6A 34 3E 94 31 2B 35 2B 2A 41 10 |  *? Qj4> 1+5+*A 
46 54 83 53 0D 11 2A 3F D0 3F CE 51 6A 32 3E 94 | FT S  *? ? Qj2> 
31 2B 35 2B 2A 44 10 4D 11 2A 3F CE 51 6A 33 3E | 1+5+*D M *? Qj3>
94 31 2B 35 2B 2A 56 10 4D 83 53 11 2A 3F CE 51 |  1+5+*V M S *? Q
6A 34 3E 94 31 2B 35 2B 2A 93 24 74 56 00 00 07 | j4> 1+5+* $tV   
06 0A 00 80 00 24 00 00 00 00 69 00 00 0D 01 74 |      $    i    t
56 00 00 74 09 00 00 07 56 00 00 07 15 80 00 41 | V  t    V      A
10 4D 83 53 0D 11 2A 3F D4 3F D4 3F CE 5D 05 10 |  M S  *? ? ? ]  
31 38 11 6A 33 3E D7 53 31 3F CE 5D 05 10 31 38 | 18 j3> S1? ]  18
11 6A 34 3E D7 54 37 3F D7 36 3F 3F D6 51 3F CE |  j4> T7? 6?? Q? 
5D 05 10 31 36 11 6A 31 3E D7 55 31 3F CE 5D 05 | ]  16 j1> U1? ] 
10 31 36 11 6A 32 3E D7 55 32 3F 5D 05 10 33 11 |  16 j2> U2?]  3 
70 31 04 5D 05 10 39 11 3F 34 5D 05 10 31 11 71 | p1 ]  9 ?4]  1 q
5D 05 10 32 11 04 5D 05 10 31 35 11 3F 86 3F 30 | ]  2  ]  15 ? ?0
04 5D 05 10 31 30 11 3F D6 51 31 3F 5D 05 10 89 |  ]  10 ? Q1?]   
21 74 56 00 00 07 06 0A 00 80 00 24 00 00 00 80 | !tV        $    
69 00 00 8D 01 74 56 00 00 74 09 00 00 07 56 00 | i    tV  t    V 
00 07 15 80 00 31 30 11 04 51 3F 31 04 B5 5D 06 |      10  Q?1  ] 
3F E7 08 37 09 3E E8 5D 06 3F CE B5 5D 06 11 6A | ?  7 > ] ?  ]  j
31 3E CF 3F E1 3F DE 2A 82 82 29 4C 49 4E 4B 29 | 1> ? ? *  )LINK)
45 52 52 4F 52 29 82 82 2A 2B 2A 50 55 53 48 29 | ERROR)  *+*PUSH)
49 4E 29 43 42 52 29 43 4F 52 44 2A 2B 2A 46 49 | IN)CBR)CORD*+*FI
52 4D 4C 59 29 41 54 29 42 4F 54 48 2A 2B 2A 45 | RMLY)AT)BOTH*+*E
4E 44 53 29 54 48 45 4E 29 50 52 45 53 53 3E 2A | NDS)THEN)PRESS>*
3F E0 38 2B 31 30 2B EB 53 54 52 30 10 31 11 70 | ? 8+10+ STR0 1 p
EB 53 54 52 30 17 26 74 56 00 00 07 06 0A 00 80 |  STR0 &tV       
00 24 00 00 00 00 6A 00 00 0E 01 74 56 00 00 74 |  $    j    tV  t
09 00 00 07 56 00 00 07 15 80 00 10 32 11 3E D8 |     V       2 > 
3F D7 51 31 3F D4 3F CE 5D 06 10 33 11 6C 30 3E | ? Q1? ? ]  3 l0>
CF 3F E1 3F DE 2A 43 42 52 29 42 41 54 54 45 52 |  ? ? *CBR)BATTER
49 45 53 2A 2B 2A 4C 4F 57 2A 3F D8 3F D4 3F CE | IES*+*LOW*? ? ? 
51 6A 31 3E D7 44 33 3F CE 51 6A 32 3E D7 55 34 | Qj1> D3? Qj2> U4
3F CE 51 6A 33 3E D7 52 31 3F E1 3F E7 08 31 2B | ? Qj3> R1? ?  1+
30 09 3F 39 34 04 B5 5D 01 3E 39 34 04 B5 5D 02 | 0 ?94  ] >94  ] 
3E 39 34 04 B5 5D 03 3E 39 34 04 B5 5D 04 3F CE | >94  ] >94  ] ? 
5D 05 10 31 33 11 6F 31 3E DE 2A CC 29 74 56 00 | ]  13 o1> * )tV 
00 07 06 0A 00 80 00 24 00 00 00 80 6A 00 00 8E |        $    j   
01 74 56 00 00 74 09 00 00 07 56 00 00 07 15 80 |  tV  t    V     
00 50 4F 49 4E 54 29 43 42 52 2A 2B 2A 41 54 29 |  POINT)CBR*+*AT)
54 41 52 47 45 54 2A 2B 2A 2A 3F CE 5D 05 10 36 | TARGET*+**? ]  6
11 6F 31 3E CF 3F CE 5D 05 10 36 11 6A 37 3E DE |  o1> ? ]  6 j7> 
2A 2A 2B 2A 53 41 4D 50 4C 49 4E 47 29 42 45 47 | **+*SAMPLING)BEG
49 4E 53 2A 2B 2A 31 30 29 53 45 43 4F 4E 44 53 | INS*+*10)SECONDS
29 41 46 54 45 52 2A 2B 2A 50 52 45 53 53 49 4E | )AFTER*+*PRESSIN
47 29 2A 70 EB 53 54 52 30 10 31 11 70 EB 53 54 | G)*p STR0 1 p ST
52 30 10 32 11 3F CE 5D 05 10 36 11 6A 30 3E DE | R0 2 ? ]  6 j0> 
2A 55 23 74 56 00 00 07 06 0A 00 80 00 24 00 00 | *U#tV        $  
00 00 6B 00 00 0F 01 74 56 00 00 74 09 00 00 07 |   k    tV  t    
56 00 00 07 15 80 00 2A 2B 2A 54 4F 29 53 54 41 | V      *+*TO)STA
52 54 29 50 52 45 53 53 2A 2B EB 53 54 52 30 10 | RT)PRESS*+ STR0 
31 11 70 EB 53 54 52 30 10 32 11 70 2A 29 4F 4E | 1 p STR0 2 p*)ON
29 54 49 71 37 33 2A 3F D8 3F D4 3F 3F D6 51 32 | )TIq73*? ? ?? Q2
3F CE 5D 05 10 31 11 6A 32 3E D7 53 3F E7 08 31 | ? ]  1 j2> S?  1
2B 31 31 2B 5D 05 10 31 35 11 2B 32 09 3F E7 08 | +11+]  15 +2 ?  
33 2B 5D 05 10 34 11 83 39 33 2B 39 34 2B 5D 05 | 3+]  4  93+94+] 
10 36 11 2B 30 2B 30 2B 30 2B 30 2B 31 2B 5D 05 |  6 +0+0+0+0+1+] 
10 37 11 09 3F CE 5D 46 21 74 56 00 00 07 06 0A |  7  ? ]F!tV     
00 80 00 24 00 00 00 80 6B 00 00 8F 01 74 56 00 |    $    k    tV 
00 74 09 00 00 07 56 00 00 07 15 80 00 05 10 36 |  t    V        6
11 6A 31 3E CF 3F DE 2A 49 46 29 44 45 53 49 52 |  j1> ? *IF)DESIR
45 44 2B 2A 2B 2A 44 45 54 41 43 48 29 43 42 52 | ED+*+*DETACH)CBR
2A 3F CE 5D 05 10 31 33 11 6A 31 3E CF 3F DE 2A | *? ]  13 j1> ? *
2A 2B 2A 48 4F 4C 44 29 42 41 4C 4C 29 6E 2A 3F | *+*HOLD)BALL)n*?
CE 5D 05 10 32 11 6A 31 3E DE 2A 31 3A 35 29 46 |  ]  2 j1> *1:5)F
45 45 54 2A 3F CE 5D 05 10 32 11 6A 32 3E DE 2A | EET*? ]  2 j2> *
30 3A 35 29 4D 45 54 45 52 2A 3F DE 2A 55 4E 44 | 0:5)METER*? *UND
45 52 29 43 42 52 2A 3F D4 3F E0 38 2B 5F 24 74 | ER)CBR*? ? 8+_$t
56 00 00 07 06 0A 00 80 00 24 00 00 00 00 6C 00 | V        $    l 
00 10 01 74 56 00 00 74 09 00 00 07 56 00 00 07 |    tV  t    V   
15 80 00 31 30 2B EB 53 54 52 30 10 31 11 70 EB |    10+ STR0 1 p 
53 54 52 30 10 32 11 3E D8 3F D6 51 33 3F E1 3F | STR0 2 > ? Q3? ?
DE 2A 50 52 45 53 53 29 2A 70 EB 53 54 52 37 10 |  *PRESS)*p STR7 
31 11 70 EB 53 54 52 37 10 32 11 2B 2A 4F 4E 29 | 1 p STR7 2 +*ON)
43 42 52 29 54 4F 29 53 54 41 52 54 2A 2B 2A 2A | CBR)TO)START*+**
2B 2A 52 45 50 45 41 54 29 49 46 2A 2B 2A 44 45 | +*REPEAT)IF*+*DE
53 49 52 45 44 2B 29 54 48 45 4E 2A 2B 2A 52 45 | SIRED+)THEN*+*RE
41 54 54 41 43 48 29 43 42 52 29 41 4E 44 2A 2B | ATTACH)CBR)AND*+
2A 50 52 50 24 74 56 00 00 07 06 0A 00 80 00 24 | *PRP$tV        $
00 00 00 80 6C 00 00 90 01 74 56 00 00 74 09 00 |     l    tV  t  
00 07 56 00 00 07 15 80 00 45 53 53 29 2A 70 EB |   V      ESS)*p 
53 54 52 30 10 31 11 70 EB 53 54 52 30 10 32 11 | STR0 1 p STR0 2 
3F D8 3F 30 04 5D 06 10 31 34 11 3E E7 08 37 09 | ? ?0 ]  14 >  7 
3E E8 5D 06 3F CE 5D 06 10 31 34 11 6F 34 3E D7 | > ] ? ]  14 o4> 
51 33 3F D4 3F 3F D6 52 3F 33 04 5D 05 10 31 30 | Q3? ?? R?3 ]  10
11 3F D7 51 31 3F D6 52 31 3F E1 3F CE 5D 06 10 |  ? Q1? R1? ? ]  
31 34 11 6A 31 3C 5D 06 10 31 30 11 6F 39 34 3E | 14 j1<]  10 o94>
CF 3F DE 2A 46 49 52 53 54 29 43 4F 4C 4C 45 43 |  ? *FIRST)COLLEC
54 2A 2B 2A 52 45 41 4C 54 79 25 74 56 00 00 07 | T*+*REALTy%tV   
06 0A 00 80 00 24 00 00 00 00 6D 00 00 11 01 74 |      $    m    t
56 00 00 74 09 00 00 07 56 00 00 07 15 80 00 49 | V  t    V      I
4D 45 6A 4E 4F 29 44 41 54 41 2A 3F E0 38 2B 31 | MEjNO)DATA*? 8+1
30 2B EB 53 54 52 30 10 31 11 70 EB 53 54 52 30 | 0+ STR0 1 p STR0
10 32 11 3E D8 3F D7 30 3F D4 3F DE EB 53 54 52 |  2 > ? 0? ?  STR
33 10 31 11 70 EB 53 54 52 33 10 32 11 70 EB 53 | 3 1 p STR3 2 p S
54 52 33 10 33 11 3F 31 04 5D 05 10 31 11 3F CE | TR3 3 ?1 ]  1 ? 
5D 05 10 31 37 11 6A 38 3E CF 3E E7 08 36 2B 36 | ]  17 j8> >  6+6
2B 46 09 3E 30 04 5D 05 10 31 37 11 3E D4 3F E8 | +F >0 ]  17 > ? 
5D 02 3E E7 08 35 2B 31 31 2B 30 2B 31 2B 30 47 | ] >  5+11+0+1+0G
25 74 56 00 00 07 06 0A 00 80 00 24 00 00 00 80 | %tV        $    
6D 00 00 91 01 74 56 00 00 74 09 00 00 07 56 00 | m    tV  t    V 
00 07 15 80 00 09 3F E8 5D 02 3E E8 5D 03 3E E8 |       ? ] > ] > 
5D 04 3E E8 5D 01 3E 5D 01 71 5D 01 10 31 11 04 | ] > ] >] q]  1  
5D 01 3F 39 04 5D 05 10 31 34 11 3F CE 5D 05 10 | ] ?9 ]  14 ? ]  
31 33 11 6A 31 3E CF 3F 19 5D 02 11 71 5D 02 04 | 13 j1> ? ]  q]  
5D 02 3F B0 5D 03 04 5D 03 3F B0 5D 04 04 5D 04 | ] ? ]  ] ? ]  ] 
3F 31 04 5D 05 10 39 11 3F D4 3F CE 5D 05 10 39 | ?1 ]  9 ? ? ]  9
11 6A 33 3E D7 54 33 3F CE 5D 05 10 39 11 6A 32 |  j3> T3? ]  9 j2
3E D7 54 32 3F D7 54 31 3F 3F D6 53 3F 86 3E EA | > T2? T1?? S? > 
3E 73 07 3E 98 A4 23 74 56 00 00 07 06 0A 00 80 | >s >  #tV       
00 24 00 00 00 00 6E 00 00 12 01 74 56 00 00 74 |  $    n    tV  t
09 00 00 07 56 00 00 07 15 80 00 3F 24 30 2B 58 |     V      ?$0+X
2B 31 2B 39 34 11 04 5D 03 3F 5D 03 04 5D 04 3F | +1+94  ] ?]  ] ?
30 04 63 0A 3E 39 34 04 63 0B 3F 36 3A 32 04 63 | 0 c >94 c ?6:2 c
03 3F 32 5D 05 10 32 11 71 31 04 51 3F CE 5D 05 |  ?2]  2 q1 Q? ] 
10 33 11 6A 30 3E CF 3E 30 04 63 0C 3E 31 35 83 |  3 j0> >0 c >15 
51 04 63 0D 3F D0 3E 33 83 51 04 63 0D 3E B0 63 | Q c ? >3 Q c > c
0D 04 63 0C 3F D4 3F 35 63 0C 83 36 04 41 3E 35 |   c ? ?5c  6 A>5
63 0D 83 36 04 42 3F 31 04 63 04 3F E7 08 31 2B | c  6 B?1 c ?  1+
30 09 3F E7 08 31 2B 31 31 2B 5D A0 1D 74 56 00 | 0 ?  1+11+]  tV 
00 07 06 0A 00 80 00 24 00 00 00 80 6E 00 00 92 |        $    n   
01 74 56 00 00 74 09 00 00 07 56 00 00 07 15 80 |  tV  t    V     
00 05 10 31 35 11 09 3F 5D 05 10 37 11 04 46 3F |    15  ?]  7  F?
CE 46 6F 30 3E 35 70 46 04 46 3F E7 08 33 2B 3A |  Fo0>5pF F?  3+:
31 2B B0 31 2B 5D 05 10 36 11 2B 30 2B 30 2B 30 | 1+ 1+]  6 +0+0+0
2B 30 2B 30 2B 46 09 3F CE 5D 05 10 36 11 6A 31 | +0+0+F ? ]  6 j1
3E CF 3F DE 2A 2A 2B 2A 50 52 45 53 53 29 2A 70 | > ? **+*PRESS)*p
EB 53 54 52 37 10 31 11 70 EB 53 54 52 37 10 32 |  STR7 1 p STR7 2
11 2B 2A 4F 4E 29 43 42 52 29 54 4F 29 53 54 41 |  +*ON)CBR)TO)STA
52 54 2A 3F E8 5D 06 3F D4 3F 5D 05 10 33 11 70 | RT*? ] ? ?]  3 p
32 07 21 74 56 00 00 07 06 0A 00 80 00 24 00 00 | 2 !tV        $  
00 00 6F 00 00 13 01 74 56 00 00 74 09 00 00 07 |   o    tV  t    
56 00 00 07 15 80 00 04 51 3F 33 04 5D 05 10 31 | V       Q?3 ]  1
38 11 3F D7 4E 3F D6 53 31 3F 94 34 35 2B 38 31 | 8 ? N? S1? 45+81
2B EB 53 54 52 36 10 31 11 3F 5D 05 10 33 11 70 | + STR6 1 ?]  3 p
31 04 51 3F F2 09 5D 06 3F D3 49 2B 31 2B 39 34 | 1 Q?  ] ? I+1+94
3F E8 5D 06 3F 5D 06 10 51 11 04 5D 02 10 49 11 | ? ] ?]  Q  ]  I 
3E 5D 06 10 34 11 04 5D 01 10 49 11 3F 9D 49 2B | >]  4  ]  I ? I+
5D 06 10 51 11 3F D4 3F E7 08 30 09 3F 30 04 5D | ]  Q ? ?  0 ?0 ]
01 10 31 11 3F 3F D6 5A 5A 3F B5 5D 01 11 04 4A |   1 ?? ZZ? ]   J
3F D3 56 2B 32 2B 4A D4 1F 74 56 00 00 07 06 0A | ? V+2+J  tV     
00 80 00 24 00 00 00 80 6F 00 00 93 01 74 56 00 |    $    o    tV 
00 74 09 00 00 07 56 00 00 07 15 80 00 2B 31 11 |  t    V      +1 
3F 5D 01 10 56 71 31 11 70 5D 01 10 56 11 04 5D | ?]  Vq1 p]  V  ]
01 10 56 11 3F D4 3F 3F 51 04 5D 05 10 39 11 3F |   V ? ??Q ]  9 ?
51 70 31 04 5D 05 10 31 34 11 3F CE 51 6A 32 3E | Qp1 ]  14 ? Qj2>
CF 3E 5D 02 04 5D 03 3E 24 30 2B 58 2B 31 2B B5 |  >]  ] >$0+X+1+ 
5D 02 11 11 04 5D 02 3E D4 3F CE 51 6A 33 3E CF | ]    ] > ? Qj3> 
3E 5D 02 04 5D 04 3E 24 30 2B 58 2B 31 2B B5 5D | >]  ] >$0+X+1+ ]
02 11 11 04 5D 02 3E D4 3F D7 54 39 3F 3F D6 54 |     ] > ? T9?? T
3F CE 5D 05 10 31 34 11 6A 30 3E CF 3F C6 20 74 | ? ]  14 j0> ?  t
56 00 00 07 06 0A 00 80 00 24 00 00 00 00 70 00 | V        $    p 
00 14 01 74 56 00 00 74 09 00 00 07 56 00 00 07 |    tV  t    V   
15 80 00 E1 3F DE 2A 43 4F 4C 4C 45 43 54 29 44 |     ? *COLLECT)D
41 54 41 2A 2B 2A 42 45 46 4F 52 45 29 56 49 45 | ATA*+*BEFORE)VIE
57 49 4E 47 2A 2B 2A 50 4C 4F 54 53 2A 3F E0 38 | WING*+*PLOTS*? 8
2B 31 30 2B EB 53 54 52 30 10 31 11 70 EB 53 54 | +10+ STR0 1 p ST
52 30 10 32 11 3E D8 3F D7 30 3F D4 3F E1 3F CE | R0 2 > ? 0? ? ? 
5D 05 10 31 34 11 6F 39 3E E6 2A 50 4C 4F 54 29 | ]  14 o9> *PLOT)
4D 45 4E 55 2A 2B 2A 53 48 4F 57 29 50 4C 4F 54 | MENU*+*SHOW)PLOT
2A 2B 58 39 2B 2A 53 45 4C 45 43 54 29 44 4F 4D | *+X9+*SELECT)DOM
41 49 4E 86 26 74 56 00 00 07 06 0A 00 80 00 24 | AIN &tV        $
00 00 00 80 70 00 00 94 01 74 56 00 00 74 09 00 |     p    tV  t  
00 07 56 00 00 07 15 80 00 2A 2B 54 38 2B 2A 52 |   V      *+T8+*R
45 50 45 41 54 29 53 41 4D 50 4C 45 2A 2B 51 2B | EPEAT)SAMPLE*+Q+
2A 4D 41 49 4E 29 4D 45 4E 55 2A 2B 30 2B 2A 51 | *MAIN)MENU*+0+*Q
55 49 54 2A 2B 5A 3F E6 2A 50 4C 4F 54 29 4D 45 | UIT*+Z? *PLOT)ME
4E 55 2A 2B 2A 44 49 53 54 71 54 49 4D 45 2A 2B | NU*+*DISTqTIME*+
54 31 2B 2A 56 45 4C 71 54 49 4D 45 2A 2B 54 32 | T1+*VELqTIME*+T2
2B 2A 41 43 43 45 4C 71 54 49 4D 45 2A 2B 54 33 | +*ACCELqTIME*+T3
2B 2A 50 4C 4F 54 29 54 4F 4F 4C 53 2A 2B 54 35 | +*PLOT)TOOLS*+T5
2B 2A 52 45 50 45 41 54 29 90 21 74 56 00 00 07 | +*REPEAT) !tV   
06 0A 00 80 00 24 00 00 00 00 71 00 00 15 01 74 |      $    q    t
56 00 00 74 09 00 00 07 56 00 00 07 15 80 00 53 | V  t    V      S
41 4D 50 4C 45 2A 2B 51 2B 2A 4D 41 49 4E 29 4D | AMPLE*+Q+*MAIN)M
45 4E 55 2A 2B 30 2B 2A 51 55 49 54 2A 2B 5A 3F | ENU*+0+*QUIT*+Z?
3F D6 58 39 3F CE 5D 05 10 31 34 11 6A 33 3E D7 | ? X9? ]  14 j3> 
54 32 3F CE 5D 05 10 31 34 11 6A 34 3E D7 54 33 | T2? ]  14 j4> T3
3F 3F D6 54 31 3F 31 04 5D 05 10 39 11 3F 19 5D | ?? T1?1 ]  9 ? ]
02 11 04 42 3E B0 3A 32 42 04 41 3F D7 54 39 3F |    B> :2B A? T9?
D6 54 32 3F 32 04 5D 05 10 39 11 3F 1A 5D 03 11 |  T2?2 ]  9 ? ]  
04 41 3E 19 5D 03 11 04 42 3F D7 54 39 3F D6 89 |  A> ]   B? T9?  
21 74 56 00 00 07 06 0A 00 80 00 24 00 00 00 80 | !tV        $    
71 00 00 95 01 74 56 00 00 74 09 00 00 07 56 00 | q    tV  t    V 
00 07 15 80 00 54 33 3F 33 04 5D 05 10 39 11 3F |      T3?3 ]  9 ?
1A 5D 04 11 04 41 3E 19 5D 04 11 04 42 3F 3F D6 |  ]   A> ]   B?? 
54 39 3F EA 3E 73 07 3E 73 03 3F 41 71 3A 32 B2 | T9? >s >s ?Aq:2 
41 11 71 3A 30 31 04 63 0C 3E 42 70 3A 32 B2 42 | A q:01 c >Bp:2 B
11 70 3A 30 31 04 63 0D 3F 1A 5D 01 04 63 0A 3E |  p:01 c ? ]  c >
19 5D 01 04 63 0B 3F 31 04 63 03 3F 5D 05 10 31 |  ]  c ?1 c ?]  1
34 11 04 51 3F CE 51 6A 39 3E 5D 05 10 39 11 70 | 4  Q? Qj9>]  9 p
31 04 51 3F CE 51 6A 32 3E EC F2 0C 2B 5D 01 2B | 1 Q? Qj2>   +] +
5D 02 2B 81 11 96 1E 74 56 00 00 07 06 0A 00 80 | ] +    tV       
00 24 00 00 00 00 72 00 00 16 01 74 56 00 00 74 |  $    r    tV  t
09 00 00 07 56 00 00 07 15 80 00 3F CE 51 6A 33 |     V      ? Qj3
3E EC F2 0C 2B 5D 01 2B 5D 03 2B 81 3F CE 51 6A | >   +] +] + ? Qj
34 3E EC F2 0C 2B 5D 01 2B 5D 04 2B 81 3F 34 04 | 4>   +] +] + ?4 
5D 05 10 31 38 11 3F D7 4E 3F D6 54 37 3F 94 34 | ]  18 ? N? T7? 4
35 2B 38 31 2B EB 53 54 52 36 10 31 11 3F 85 3F | 5+81+ STR6 1 ? ?
D7 54 3F 3F D6 54 35 3F E6 2A 50 4C 4F 54 29 54 |  T?? T5? *PLOT)T
4F 4F 4C 53 2A 2B 2A 53 45 4C 45 43 54 29 44 4F | OOLS*+*SELECT)DO
4D 41 49 4E 2A 2B 54 38 2B 2A 53 4D 4F 4F 54 48 | MAIN*+T8+*SMOOTH
29 44 41 54 41 2A 2B 54 36 2B 2A 90 26 74 56 00 | )DATA*+T6+* &tV 
00 07 06 0A 00 80 00 24 00 00 00 80 72 00 00 96 |        $    r   
01 74 56 00 00 74 09 00 00 07 56 00 00 07 15 80 |  tV  t    V     
00 50 4C 4F 54 29 4D 45 4E 55 2A 2B 54 3F 3F D6 |  PLOT)MENU*+T?? 
54 36 3F 30 04 51 3F E1 3F E6 2A 44 41 54 41 29 | T6?0 Q? ? *DATA)
53 4D 4F 4F 54 48 49 4E 47 2A 2B 2A 4C 49 47 48 | SMOOTHING*+*LIGH
54 2A 2B 50 31 2B 2A 4D 45 44 49 55 4D 2A 2B 50 | T*+P1+*MEDIUM*+P
32 2B 2A 48 45 41 56 59 2A 2B 50 33 2B 2A 4E 4F | 2+*HEAVY*+P3+*NO
4E 45 2A 2B 50 34 3F D6 50 33 3F 51 70 31 04 51 | NE*+P4? P3?Qp1 Q
3F D6 50 32 3F 51 70 31 04 51 3F D6 50 31 3F 51 | ? P2?Qp1 Q? P1?Q
70 32 04 51 3F D6 50 34 3F 51 04 46 3F 38 04 5D | p2 Q? P4?Q F?8 ]
05 BC 23 74 56 00 00 07 06 0A 00 80 00 24 00 00 |   #tV        $  
00 00 73 00 00 17 01 74 56 00 00 74 09 00 00 07 |   s    tV  t    
56 00 00 07 15 80 00 10 31 37 11 3F D7 52 3F 3F | V       17 ? R??
D6 54 38 3F CE 5D 05 10 39 11 6A 30 3E CF 3F E1 |  T8? ]  9 j0> ? 
3F DE 2A 46 49 52 53 54 29 56 49 45 57 29 41 2A | ? *FIRST)VIEW)A*
2B 2A 50 4C 4F 54 2A 3F E0 38 2B 31 30 2B EB 53 | +*PLOT*? 8+10+ S
54 52 30 10 31 11 70 EB 53 54 52 30 10 32 11 3E | TR0 1 p STR0 2 >
D8 3F D7 54 3F D4 3F 86 3F DF 3F 94 36 2B 34 36 |  ? T? ? ? ? 6+46
2B 2A 4C 45 46 54 29 42 4F 55 4E 44 AF 2A 3F 85 | +*LEFT)BOUND *? 
3F 58 04 5D 05 10 31 31 11 3F 9C 5D 05 10 31 31 | ?X ]  11 ? ]  11
11 3F 94 36 2B 34 36 E1 26 74 56 00 00 07 06 0A |  ? 6+46 &tV     
00 80 00 24 00 00 00 80 73 00 00 97 01 74 56 00 |    $    s    tV 
00 74 09 00 00 07 56 00 00 07 15 80 00 2B 2A 52 |  t    V      +*R
49 47 48 54 29 42 4F 55 4E 44 AF 2A 3F 85 3F 58 | IGHT)BOUND *? ?X
04 5D 05 10 31 32 11 3F 9C 5D 05 10 31 32 11 3F |  ]  12 ? ]  12 ?
94 36 2B 34 36 2B 2A 41 4E 41 4C 59 5A 49 4E 47 |  6+46+*ANALYZING
3A 3A 3A 2A 70 EB 53 54 52 35 10 31 11 3F CE 5D | :::*p STR5 1 ? ]
05 10 31 31 11 6A 5D 05 10 31 32 11 3E CF 3F E1 |   11 j]  12 > ? 
3F DE 2A 52 49 47 48 54 29 42 4F 55 4E 44 29 4D | ? *RIGHT)BOUND)M
55 53 54 2A 2B 2A 6F 29 4C 45 46 54 2A 3F E0 38 | UST*+*o)LEFT*? 8
2B 31 30 2B EB 53 54 52 30 10 31 11 70 3D 23 74 | +10+ STR0 1 p=#t
56 00 00 07 06 0A 00 80 00 24 00 00 00 00 74 00 | V        $    t 
00 18 01 74 56 00 00 74 09 00 00 07 56 00 00 07 |    tV  t    V   
15 80 00 EB 53 54 52 30 10 32 11 3E D8 3F D7 54 |     STR0 2 > ? T
38 3F D4 3F CE 5D 05 10 31 32 11 6B 5D 05 10 31 | 8? ? ]  12 k]  1
31 11 3E CF 3F 5D 05 10 31 32 11 04 51 3E 5D 05 | 1 > ?]  12  Q>] 
10 31 31 11 04 5D 05 10 31 32 11 3E 51 04 5D 05 |  11  ]  12 >Q ] 
10 31 31 11 3F D4 3F 31 04 51 3E 31 04 49 3F D1 |  11 ? ?1 Q>1 I? 
5D 01 10 51 11 6B 5D 05 10 31 31 11 3E 51 70 31 | ]  Q k]  11 >Qp1
04 51 3E D4 3F D1 5D 01 10 51 11 6D 5D 05 10 31 |  Q> ? ]  Q m]  1
32 11 3F 5D 01 10 51 11 04 5D 01 10 49 11 3E 5D | 2 ?]  Q  ]  I >]
02 10 51 E8 1D 74 56 00 00 07 06 0A 00 80 00 24 |   Q  tV        $
00 00 00 80 74 00 00 98 01 74 56 00 00 74 09 00 |     t    tV  t  
00 07 56 00 00 07 15 80 00 11 04 5D 02 10 49 11 |   V        ]  I 
3F 5D 03 10 51 11 04 5D 03 10 49 11 3E 5D 04 10 | ?]  Q  ]  I >]  
51 11 04 5D 04 10 49 11 3F 51 70 31 04 51 3E 49 | Q  ]  I ?Qp1 Q>I
70 31 04 49 3F CE 51 6C B5 5D 01 3E D7 54 30 3F | p1 I? Ql ] > T0?
D4 3F D6 54 30 3F 49 71 31 04 49 3F 49 04 B5 5D |  ? T0?Iq1 I?I  ]
01 3E 49 04 B5 5D 02 3E 49 04 B5 5D 03 3E 49 04 |  >I  ] >I  ] >I 
B5 5D 04 3F 5D 05 10 39 11 04 51 3F CE 51 6A 31 |  ] ?]  9  Q? Qj1
3E D7 54 31 3F CE 51 6A 32 3E D7 54 32 3F CE 51 | > T1? Qj2> T2? Q
6A 33 3E D7 54 33 3F 3F D6 13 24 74 56 00 00 07 | j3> T3??  $tV   
06 0A 00 80 00 24 00 00 00 00 75 00 00 19 01 74 |      $    u    t
56 00 00 74 09 00 00 07 56 00 00 07 15 80 00 55 | V  t    V      U
31 3F 31 04 5D 05 10 31 36 11 3F 30 04 5D 05 10 | 1?1 ]  16 ?0 ]  
33 11 3F 30 04 63 0C 3E 31 32 83 5D 05 10 32 11 | 3 ?0 c >12 ]  2 
04 63 0D 3F D7 55 33 3F 3F D6 55 32 3F 32 04 5D |  c ? U3?? U2?2 ]
05 10 31 36 11 3F 31 04 5D 05 10 33 11 3F 33 83 |   16 ?1 ]  3 ?3 
5D 05 10 32 11 04 63 0D 3E B0 63 0D 04 63 0C 3F | ]  2  c > c  c ?
3F D6 55 33 3F 32 04 5D 05 10 31 30 11 3F D7 51 | ? U3?2 ]  10 ? Q
31 3F D6 55 34 3F E7 08 31 2B 30 09 3F F2 09 5D | 1? U4?  1+0 ?  ]
01 2B 5D 02 2B 5D 03 2B 5D 04 3F EA 3E 73 07 75 |  +] +] +] ? >s u
1D 74 56 00 00 07 06 0A 00 80 00 24 00 00 00 80 |  tV        $    
75 00 00 99 01 74 56 00 00 74 09 00 00 07 56 00 | u    tV  t    V 
00 07 15 80 00 3E 73 03 3F 30 04 63 0A 3E 34 30 |      >s ?0 c >40
83 5D 05 10 31 36 11 04 63 0B 3F 34 04 63 03 3F |  ]  16  c ?4 c ?
31 04 63 04 3F E1 3F DE 2A 54 52 59 29 54 4F 29 | 1 c ? ? *TRY)TO)
4D 41 54 43 48 29 54 48 45 2A 2B 2A 47 52 41 50 | MATCH)THE*+*GRAP
48 29 4F 4E 29 54 48 45 2A 2B 2A 4E 45 58 54 29 | H)ON)THE*+*NEXT)
53 43 52 45 45 4E 2A 2B 2A 2A 2B 2A 53 54 55 44 | SCREEN*+**+*STUD
59 29 54 48 45 29 47 52 41 50 48 2A 2B 2A 54 48 | Y)THE)GRAPH*+*TH
45 4E 29 50 52 45 53 53 2A 2B EB 53 54 52 30 10 | EN)PRESS*+ STR0 
31 11 70 EB 53 10 21 74 56 00 00 07 06 0A 00 80 | 1 p S !tV       
00 24 00 00 00 00 76 00 00 1A 01 74 56 00 00 74 |  $    v    tV  t
09 00 00 07 56 00 00 07 15 80 00 54 52 30 10 32 |     V      TR0 2
11 70 2A 29 54 4F 29 53 54 41 52 54 2A 3F D8 3F |  p*)TO)START*? ?
D6 34 3F 32 5D 05 10 32 11 71 31 04 51 3F 38 71 |  4?2]  2 q1 Q?8q
5D 05 10 32 11 04 5D 05 10 31 35 11 3F CE 5D 05 | ]  2  ]  15 ? ] 
10 31 36 11 6A 31 3E CF 3F 10 AB 39 70 31 3A 35 |  16 j1> ?  9p1:5
11 83 51 04 4C 3F 10 AB 39 70 31 3A 38 11 83 51 |   Q L?  9p1:8  Q
04 4D 3F 10 AB 36 70 31 3A 35 11 83 51 04 4E 3F |  M?  6p1:5  Q N?
D0 3F 30 04 4C 3F 10 AB 35 71 32 3A 35 11 83 51 |  ?0 L?  5q2:5  Q
04 4D 3F 10 AB 35 71 32 3A 35 11 18 21 74 56 00 |  M?  5q2:5  !tV 
00 07 06 0A 00 80 00 24 00 00 00 80 76 00 00 9A |        $    v   
01 74 56 00 00 74 09 00 00 07 56 00 00 07 15 80 |  tV  t    V     
00 83 51 04 4E 3F D4 3F D6 35 3F E7 08 31 2B 31 |   Q N? ? 5?  1+1
31 2B 5D 05 10 31 35 11 09 3F 86 3F 5D 05 10 31 | 1+]  15  ? ?]  1
36 11 70 31 04 51 3F 30 04 5D 05 10 31 38 11 3F | 6 p1 Q?0 ]  18 ?
D7 4E 3F D6 36 3F 34 30 83 5D 05 10 31 36 11 04 |  N? 6?40 ]  16  
51 3F 94 34 35 2B 38 31 2B EB 53 54 52 36 10 31 | Q? 45+81+ STR6 1
11 3F 9B 30 2B 4C 2B 51 83 33 2B 4D 3F 9B 51 83 |  ? 0+L+Q 3+M? Q 
33 2B 4D 2B 32 51 83 33 2B 4D 3F 9B 32 51 83 33 | 3+M+2Q 3+M? 2Q 3
2B 4D 2B 51 2B 4E 3F D8 3F 51 04 B5 5D 01 3E 51 | +M+Q+N? ?Q  ] >Q
04 7B 22 74 56 00 00 07 06 0A 00 80 00 24 00 00 |  {"tV        $  
00 00 77 00 00 1B 01 74 56 00 00 74 09 00 00 07 |   w    tV  t    
56 00 00 07 15 80 00 B5 5D 02 3E 51 04 B5 5D 03 | V       ] >Q  ] 
3E 51 04 B5 5D 04 3F E7 08 33 2B 3A 32 35 2B B0 | >Q  ] ?  3+:25+ 
31 2B 30 2B 30 2B 30 2B 30 2B 30 2B 30 2B 37 09 | 1+0+0+0+0+0+0+7 
3F 5D 05 10 31 36 11 04 4A 3F F2 09 5D 06 3F D3 | ?]  16  J?  ] ? 
49 2B 31 2B 51 3F E8 5D 06 3F 5D 06 10 4A 11 04 | I+1+Q? ] ?]  J  
5D 02 10 49 11 3E 5D 06 10 34 11 04 5D 01 10 49 | ]  I >]  4  ]  I
11 3F 9D 49 2B 5D 06 10 4A 11 3F D4 3F E7 08 30 |  ? I+]  J ? ?  0
09 3F 30 04 5D 01 10 31 11 3F B5 5D 01 11 04 5A |  ?0 ]  1 ? ]   Z
3F D3 51 2B 31 2B 5A 58 1E 74 56 00 00 07 06 0A | ? Q+1+ZX tV     
00 80 00 24 00 00 00 80 77 00 00 9B 01 74 56 00 |    $    w    tV 
00 74 09 00 00 07 56 00 00 07 15 80 00 2B 31 11 |  t    V      +1 
3F CE 51 6A 31 3F CF 3F 5D 01 10 51 11 04 5D 01 | ? Qj1? ?]  Q  ] 
10 31 11 3F D0 3F 5D 01 10 51 71 31 11 70 5D 01 |  1 ? ?]  Qq1 p] 
10 51 11 04 5D 01 10 51 11 3F D4 3F D4 3F 30 04 |  Q  ]  Q ? ? ?0 
5D 05 10 39 11 3F 4A 70 31 04 5D 05 10 31 34 11 | ]  9 ?Jp1 ]  14 
3F CE 4A 6A 32 3E CF 3E 5D 02 04 5D 03 3E 24 30 | ? Jj2> >]  ] >$0
2B 58 2B 31 2B B5 5D 02 11 11 04 5D 02 3E D4 3F | +X+1+ ]    ] > ?
D8 3F 85 3F E1 3F E6 2A 4F 50 54 49 4F 4E 53 2A |  ? ? ? *OPTIONS*
2B 2A 53 41 4D 45 29 4D 41 54 43 48 2A 99 21 74 | +*SAME)MATCH* !t
56 00 00 07 06 0A 00 80 00 24 00 00 00 00 78 00 | V        $    x 
00 1C 01 74 56 00 00 74 09 00 00 07 56 00 00 07 |    tV  t    V   
15 80 00 2B 35 2B 2A 4E 45 57 29 4D 41 54 43 48 |    +5+*NEW)MATCH
2A 2B 34 2B 2A 41 50 50 4C 49 43 41 54 49 4F 4E | *+4+*APPLICATION
53 2A 2B 41 36 2B 2A 4D 41 49 4E 29 4D 45 4E 55 | S*+A6+*MAIN)MENU
2A 2B 30 2B 2A 51 55 49 54 2A 2B 5A 3F 3F D6 5A | *+0+*QUIT*+Z?? Z
3F 68 3F E7 08 36 2B 32 09 3F BB 1E EB 53 54 52 | ?h?  6+2 ?   STR
34 3E BB 1E EB 53 54 52 33 3F BB 1E EB 53 54 52 | 4>   STR3?   STR
35 3E BB 1E EB 53 54 52 36 3E BB 1E EB 53 54 52 | 5>   STR6>   STR
37 3F 3E BB 1E EB 53 54 52 39 3E BB 1E EB 53 54 | 7?>   STR9>   ST
52 30 3F F8 28 74 56 00 00 07 06 0A 00 80 00 24 | R0? (tV        $
00 00 00 80 78 00 00 9C 01 74 56 00 00 74 09 00 |     x    tV  t  
00 07 56 00 00 07 15 80 00 BB 1E 41 3E BB 1E 43 |   V        A>  C
3E BB 1E 46 3E BB 1E 49 3F BB 1E 4A 3E BB 1E 4B | >  F>  I?  J>  K
3E BB 1E 4C 3F BB 1E 4D 3E BB 1E 4E 3E BB 1E 51 | >  L?  M>  N>  Q
3F BB 1E 53 3E BB 1E 55 3E BB 1E 56 3F 73 07 3E | ?  S>  U>  V?s >
73 03 3E BB 1A 3E 68 3F DE 2A 4C 31 6A 54 49 4D | s >  >h? *L1jTIM
45 2A 2B 2A 4C 32 6A 44 49 53 54 2A 2B 2A 4C 33 | E*+*L2jDIST*+*L3
6A 56 45 4C 2A 2B 2A 4C 34 6A 41 43 43 45 4C 2A | jVEL*+*L4jACCEL*
3F D8 3F D9 3F 9E 03 02 2D 40 15 DB 21 0D 49 B8 | ? ? ?   -@  ! I 
D3 0C 56 B4 89 58 A4 3B 7C E8 29 74 56 00 00 07 |   V  X ;| )tV   
06 0A 00 80 00 24 00 00 00 00 79 00 00 1D 01 74 |      $    y    t
56 00 00 74 09 00 00 07 56 00 00 07 15 80 00 70 | V  t    V      p
CB 03 57 F2 36 FE B8 12 1A 17 C4 1D 14 46 6A E6 |   W 6        Fj 
93 46 60 FF E3 B5 38 3E CA 3C F6 03 9F 7E DA 06 |  F`   8> <   ~  
E3 7E A7 DA A7 75 6E B9 F1 5A 09 76 85 C2 E7 C4 |  ~   un  Z v    
01 02 00 00 00 00 00 00 00 00 00 00 00 00 00 00 |                 
00 00 00 00 00 00 00 00 00 00 00 00 00 00 00 00 |                 
00 00 00 00 00 00 00 00 00 00 00 00 00 00 00 00 |                 
00 00 00 00 00 00 00 00 00 00 00 00 00 00 00 00 |                 
00 00 00 00 00 00 00 00 00 00 00 00 00 00 00 67 |                g
19 74 56 00 00 07 06 0A 00 80 00 24 00 00 00 80 |  tV        $    
79 00 00 9D 01 74 56 00 00 74 09 00 00 07 56 00 | y    tV  t    V 
00 07 15 80 00 00 00 00 00 00 00 00 00 00 00 00 |                 
00 00 00 00 00 00 00 00 00 00 00 00 00 00 00 00 |                 
00 00 00 00 00 00 00 00 00 00 00 00 00 00 00 00 |                 
00 00 00 00 00 00 00 00 00 00 00 00 00 00 00 00 |                 
00 00 00 00 00 00 00 00 00 00 00 00 00 00 00 00 |                 
00 00 00 00 00 00 00 00 00 00 00 00 00 00 00 00 |                 
00 00 00 00 00 00 00 00 00 00 00 00 00 00 00 00 |                 
00 00 00 00 00 00 00 00 00 00 00 00 00 00 00 00 |                 
00 00 00 00 00 00 00 74 56 00 00 07 06 0A 00 80 |        tV       
00 24 00 00 00 00 7A 00 00 1E 01 74 56 00 00 74 |  $    z    tV  t
09 00 00 07 56 00 00 07 15 80 00 00 00 00 00 00 |     V           
00 00 00 00 00 00 00 00 00 00 00 00 00 00 00 00 |                 
00 00 00 00 00 00 00 00 00 00 00 00 00 00 00 00 |                 
00 00 00 00 00 00 00 00 00 00 00 00 00 00 00 00 |                 
00 00 00 00 00 00 00 00 00 00 00 00 00 00 00 00 |                 
00 00 00 00 00 00 00 00 00 00 00 00 00 00 00 00 |                 
00 00 00 00 00 00 00 00 00 00 00 00 00 00 00 00 |                 
00 00 00 00 00 00 00 00 00 00 00 00 00 00 00 00 |                 
00 00 00 00 00 00 00 00 00 00 00 00 00 74 56 00 |              tV 
00 07 06 0A 00 80 00 24 00 00 00 80 7A 00 00 9E |        $    z   
01 74 56 00 00 74 09 00 00 07 56 00 00 07 15 80 |  tV  t    V     
00 00 00 00 00 00 00 00 00 00 00 00 00 00 00 00 |                 
00 00 00 00 00 00 00 00 00 00 00 00 00 00 00 00 |                 
00 00 00 00 00 00 00 00 00 00 00 00 00 00 00 00 |                 
00 00 00 00 00 00 00 00 00 00 00 00 00 00 00 00 |                 
00 00 00 00 00 00 00 00 00 00 00 00 00 00 00 00 |                 
00 00 00 00 00 00 00 00 00 00 00 00 00 00 00 00 |                 
00 00 00 00 00 00 00 00 00 00 00 00 00 00 00 00 |                 
00 00 00 00 00 00 00 00 00 00 00 00 00 00 00 00 |                 
00 00 00 74 56 00 00 07 06 0A 00 80 00 24 00 00 |    tV        $  
00 00 7B 00 00 1F 01 74 56 00 00 74 09 00 00 07 |   {    tV  t    
56 00 00 07 15 80 00 00 00 00 00 00 00 00 00 00 | V               
00 00 00 00 00 00 00 00 00 00 00 00 00 00 00 00 |                 
00 00 00 00 00 00 00 00 00 00 00 00 00 00 00 00 |                 
00 00 00 00 00 00 00 00 00 00 00 00 00 00 00 00 |                 
00 00 00 00 00 00 00 00 00 00 00 00 00 00 00 00 |                 
00 00 00 00 00 00 00 00 00 00 00 00 00 00 00 00 |                 
00 00 00 00 00 00 00 00 00 00 00 00 00 00 00 00 |                 
00 00 00 00 00 00 00 00 00 00 00 00 00 00 00 00 |                 
00 00 00 00 00 00 00 00 00 74 56 00 00 07 06 0A |          tV     
00 80 00 24 00 00 00 80 7B 00 00 9F 01 74 56 00 |    $    {    tV 
00 74 09 00 00 07 56 00 00 07 15 80 00 00 00 00 |  t    V         
00 00 00 00 00 00 00 00 00 00 00 00 00 00 00 00 |                 
00 00 00 00 00 00 00 00 00 00 00 00 00 00 00 00 |                 
00 00 00 00 00 00 00 00 00 00 00 00 00 00 00 00 |                 
00 00 00 00 00 00 00 00 00 00 00 00 00 00 00 00 |                 
00 00 00 00 00 00 00 00 00 00 00 00 00 00 00 00 |                 
00 00 00 00 00 00 00 00 00 00 00 00 00 00 00 00 |                 
00 00 00 00 00 00 00 00 00 00 00 00 00 00 00 00 |                 
00 00 00 00 00 00 00 00 00 00 00 00 00 00 00 74 |                t
56 00 00 07 06 0A 00 80 00 24 00 00 00 00 7C 00 | V        $    | 
00 20 01 74 56 00 00 74 09 00 00 07 56 00 00 07 |    tV  t    V   
15 80 00 00 00 00 00 00 00 00 00 00 00 00 00 00 |                 
00 00 00 00 00 00 00 00 00 00 00 00 00 00 00 00 |                 
00 00 00 00 00 00 00 00 00 00 00 00 00 00 00 00 |                 
00 00 00 00 00 00 00 00 00 00 00 00 00 00 00 00 |                 
00 00 00 00 00 00 00 00 00 00 00 00 00 00 00 00 |                 
00 00 00 00 00 00 00 00 00 00 00 00 00 00 00 00 |                 
00 00 00 00 00 00 00 00 00 00 00 00 00 00 00 00 |                 
00 00 00 00 00 00 00 00 00 00 00 00 00 00 00 00 |                 
00 00 00 00 00 74 56 00 00 07 06 0A 00 80 00 24 |      tV        $
00 00 00 80 7C 00 00 A0 01 74 56 00 00 74 09 00 |     |    tV  t  
00 07 56 00 00 07 15 80 00 00 00 00 00 00 00 00 |   V             
00 00 00 00 00 00 00 00 00 00 00 00 00 00 00 00 |                 
00 00 00 00 00 00 00 00 00 00 00 00 00 00 00 00 |                 
00 00 00 00 00 00 00 00 00 00 00 00 00 00 00 00 |                 
00 00 00 00 00 00 00 00 00 00 00 00 00 00 00 00 |                 
00 00 00 00 00 00 00 00 00 00 00 00 00 00 00 00 |                 
00 00 00 00 00 00 00 00 00 00 00 00 00 00 00 00 |                 
00 00 00 00 00 00 00 00 00 00 00 00 00 00 00 00 |                 
00 00 00 00 00 00 00 00 00 00 00 74 56 00 00 07 |            tV   
06 0A 00 80 00 24 00 00 00 00 7D 00 00 21 01 74 |      $    }  ! t
56 00 00 74 09 00 00 07 56 00 00 07 15 80 00 00 | V  t    V       
00 00 00 00 00 00 00 00 00 00 00 00 00 00 00 00 |                 
00 00 00 00 00 00 00 00 00 00 00 00 00 00 00 00 |                 
00 00 00 00 00 00 00 00 00 00 00 00 00 00 00 00 |                 
00 00 00 00 00 00 00 00 00 00 00 00 00 00 00 00 |                 
00 00 00 00 00 00 00 00 00 00 00 00 00 00 00 00 |                 
00 00 00 00 00 00 00 00 00 00 00 00 00 00 00 00 |                 
00 00 00 00 00 00 00 00 00 00 00 00 00 00 00 00 |                 
00 00 00 00 00 00 00 00 00 00 00 00 00 00 00 00 |                 
00 74 56 00 00 07 06 0A 00 80 00 24 00 00 00 80 |  tV        $    
7D 00 00 A1 01 74 56 00 00 74 09 00 00 07 56 00 | }    tV  t    V 
00 07 15 80 00 00 00 00 00 00 00 00 00 00 00 00 |                 
00 00 00 00 00 00 00 00 00 00 00 00 00 00 00 00 |                 
00 00 00 00 00 00 00 00 00 00 00 00 00 00 00 00 |                 
00 00 00 00 00 00 00 00 00 00 00 00 00 00 00 00 |                 
00 00 00 00 00 00 00 00 00 00 00 00 00 00 00 00 |                 
00 00 00 00 00 00 00 00 00 00 00 00 00 00 00 00 |                 
00 00 00 00 00 00 00 00 00 00 00 00 00 00 00 00 |                 
00 00 00 00 00 00 00 00 00 00 00 00 00 00 00 00 |                 
00 00 00 00 00 00 00 74 56 00 00 07 06 0A 00 80 |        tV       
00 24 00 00 00 00 7E 00 00 22 01 74 56 00 00 74 |  $    ~  " tV  t
09 00 00 07 56 00 00 07 15 80 00 00 00 00 00 00 |     V           
00 00 00 00 00 00 00 00 00 00 00 00 00 00 00 00 |                 
00 00 00 00 00 00 00 00 00 00 00 00 00 00 00 00 |                 
00 00 00 00 00 00 00 00 00 00 00 00 00 00 00 00 |                 
00 00 00 00 00 00 00 00 00 00 00 00 00 00 00 00 |                 
00 00 00 00 00 00 00 00 00 00 00 00 00 00 00 00 |                 
00 00 00 00 00 00 00 00 00 00 00 00 00 00 00 00 |                 
00 00 00 00 00 00 00 00 00 00 00 00 00 00 00 00 |                 
00 00 00 00 00 00 00 00 00 00 00 00 00 74 56 00 |              tV 
00 07 06 0A 00 80 00 24 00 00 00 80 7E 00 00 A2 |        $    ~   
01 74 56 00 00 74 09 00 00 07 56 00 00 07 15 80 |  tV  t    V     
00 00 00 00 00 00 00 00 00 00 00 00 00 00 00 00 |                 
00 00 00 00 00 00 00 00 00 00 00 00 00 00 00 00 |                 
00 00 00 00 00 00 00 00 00 00 00 00 00 00 00 00 |                 
00 00 00 00 00 00 00 00 00 00 00 00 00 00 00 00 |                 
00 00 00 00 00 00 00 00 00 00 00 00 00 00 00 00 |                 
00 00 00 00 00 00 00 00 00 00 00 00 00 00 00 00 |                 
00 00 00 00 00 00 00 00 00 00 00 00 00 00 00 00 |                 
00 00 00 00 00 00 00 00 00 00 00 00 00 00 00 00 |                 
00 00 00 74 56 00 00 07 06 0A 00 80 00 24 00 00 |    tV        $  
00 00 7F 00 00 23 01 74 56 00 00 74 09 00 00 07 |     # tV  t    
56 00 00 07 15 80 00 00 00 00 00 00 00 00 00 00 | V               
00 00 00 00 00 00 00 00 00 00 00 00 00 00 00 00 |                 
00 00 00 00 00 00 00 00 00 00 00 00 00 00 00 00 |                 
00 00 00 00 00 00 00 00 00 00 00 00 00 00 00 00 |                 
00 00 00 00 00 00 00 00 00 00 00 00 00 00 00 00 |                 
00 00 00 00 00 00 00 00 00 00 00 00 00 00 00 00 |                 
00 00 00 00 00 00 00 00 00 00 00 00 00 00 00 00 |                 
00 00 00 00 00 00 00 00 00 00 00 00 00 00 00 00 |                 
00 00 00 00 00 00 00 00 00 74 56 00 00 07 06 0A |          tV     
00 80 00 24 00 00 00 80 7F 00 00 A3 01 74 56 00 |    $        tV 
00 74 09 00 00 07 56 00 00 07 15 80 00 00 00 00 |  t    V         
00 00 00 00 00 00 00 00 00 00 00 00 00 00 00 00 |                 
00 00 00 00 00 00 00 00 00 00 00 00 00 00 00 00 |                 
00 00 00 00 00 00 00 00 00 00 00 00 00 00 00 00 |                 
00 00 00 00 00 00 00 00 00 00 00 00 00 00 00 00 |                 
00 00 00 00 00 00 00 00 00 00 00 00 00 00 00 00 |                 
00 00 00 00 00 00 00 00 00 00 00 00 00 00 00 00 |                 
00 00 00 00 00 00 00 00 00 00 00 00 00 00 00 00 |                 
00 00 00 00 00 00 00 00 00 00 00 00 00 00 00 74 |                t
56 00 00 07 06 0A 00 80 00 24 00 00 00 80 7F 00 | V        $     
00 A3 01 74 56 00 00 74 09 00 00 07 56 00 00 07 |    tV  t    V   
15 80 00 00 00 00 00 00 00 00 00 00 00 00 00 00 |                 
00 00 00 00 00 00 00 00 00 00 00 00 00 00 00 00 |                 
00 00 00 00 00 00 00 00 00 00 00 00 00 00 00 00 |                 
00 00 00 00 00 00 00 00 00 00 00 00 00 00 00 00 |                 
00 00 00 00 00 00 00 00 00 00 00 00 00 00 00 00 |                 
00 00 00 00 00 00 00 00 00 00 00 00 00 00 00 00 |                 
00 00 00 00 00 00 00 00 00 00 00 00 00 00 00 00 |                 
00 00 00 00 00 00 00 00 00 00 00 00 00 00 00 00 |                 
00 00 00 00 00 74 56 00 00 07 92 00 00 74 56 00 |      tV      tV 
00 