AVR decoder, version 1.1, \2000
Copyright (c) 1999-2001, Romain Lievin

07 68 00 00 74 56 00 00 07 A2 0B 00 00 00 19 00 |  h  tV          
00 00 00 00 00 00 00 19 00 74 56 00 00 74 15 02 |          tV  t  
00 8A 61 EB 00 07 56 00 00 74 06 0B 00 02 00 01 |   a   V  t      
5D 06 00 00 00 00 00 00 66 00 07 56 00 00 74 06 | ]       f  V  t 
0B 00 02 00 01 5D 05 00 00 00 00 00 00 65 00 07 |      ]       e  
56 00 00 74 06 0B 00 02 00 01 5D 04 00 00 00 00 | V  t      ]     
00 00 64 00 07 56 00 00 74 06 0B 00 02 00 01 5D |   d  V  t      ]
03 00 00 00 00 00 00 63 00 07 56 00 00 74 06 0B |        c  V  t  
00 02 00 01 5D 02 00 00 00 00 00 00 62 00 07 56 |     ]       b  V
00 00 74 06 0B 00 02 00 01 5D 01 00 00 00 00 00 |   t      ]      
00 61 00 07 56 00 00 74 06 0B 00 01 08 24 43 42 |  a  V  t     $CB
4C 2F 43 42 52 00 04 02 07 56 00 00 74 92 0B 00 | L/CBR    V  t   
07 56 00 00 07 C9 0B 00 02 00 01 5D 01 00 00 00 |  V         ]    
00 00 00 61 00 74 56 00 00 74 09 00 00 07 56 00 |    a tV  t    V 
00 07 15 02 00 00 00 00 00 74 56 00 00 07 92 00 |          tV     
00 07 C9 0B 00 02 00 01 5D 02 00 00 00 00 00 00 |         ]       
62 00 74 56 00 00 74 09 00 00 07 56 00 00 07 15 | b tV  t    V    
02 00 00 00 00 00 74 56 00 00 07 92 00 00 