AVR decoder, version 1.1, \2000
Copyright (c) 1999-2001, Romain Lievin

05 06 09 00 B1 08 1D 7C 26 C1 03 F7 8B BE 03 85 |        |&       
56 09 00 85 09 09 00 05 56 00 00 05 15 B1 08 66 | V       V      f
00 10 30 A2 44 01 01 0C 4A 00 00 32 12 20 00 00 |   0 D   J  2    
00 05 01 00 00 00 00 00 00 00 00 00 00 00 20 40 |                @
20 3F 63 84 6D 84 77 84 81 84 8B 84 95 84 7E 00 |  ?c m w       ~ 
3F C0 00 FC 40 00 00 00 00 00 00 00 00 FC 00 00 | ?   @           
00 00 00 00 00 82 00 00 00 FC 00 00 00 00 00 00 |                 
00 00 00 FC 62 83 18 53 07 18 00 00 FF FB 13 08 |     b  S        
99 69 38 99 57 00 00 FC 00 00 00 00 00 00 00 00 |  i8 W           
00 FC 00 00 00 00 00 00 00 00 00 FC 62 83 18 53 |             b  S
07 18 00 00 FF FB 13 08 99 69 38 99 57 80 00 FC |          i8 W   
63 00 00 00 00 00 00 00 00 FC 63 00 00 00 00 00 | c         c     
00 00 00 FC 10 00 00 00 00 00 00 80 00 FC 31 00 |               1 
00 00 00 00 00 00 00 FC 31 00 00 00 00 00 00 00 |         1       
00 FC 10 00 00 00 00 00 00 00 FE FB 10 00 00 00 |                 
00 00 00 00 FB FB 10 00 00 00 00 00 00 00 00 FC |                 
60 00 00 00 00 00 00 00 00 FC 60 00 00 00 00 00 | `         `     
00 00 FE FB 63 49 20 63 49 20 63 00 00 FC 37 41 |     cI cI c   7A
93 54 83 87 10 00 01 FC 15 75 00 00 00 00 00 00 |  T       u      
FF FB 26 72 40 00 00 00 00 51 00 02 C0 00 FC 40 |   &r@    Q     @
00 00 00 00 00 00 40 00 FC 40 00 00 00 00 00 00 |       @  @      
40 00 FC 10 00 00 00 00 00 00 C0 02 FC 11 60 00 | @             ` 
00 00 00 00 40 02 FC 11 60 00 00 00 00 00 40 00 |     @   `     @ 
FC 10 00 00 00 00 00 00 80 00 FC 40 00 00 00 00 |            @    
00 00 00 00 FC 40 00 00 00 00 00 00 5B 00 00 00 |      @      [   
00 FC 00 00 00 00 00 00 00 00 00 FC 62 83 18 53 |             b  S
07 18 00 00 FF FB 13 08 99 69 38 99 57 80 00 FC |          i8 W   
20 00 00 00 00 00 00 00 00 FC 20 00 00 00 00 00 |                 
00 00 00 FC 10 00 00 00 00 00 00 80 00 FC 20 00 |                 
00 00 00 00 00 00 00 FC 20 00 00 00 00 00 00 00 |                 
00 FC 10 00 00 00 00 00 00 5B 00 08 00 00 FC 00 |          [      
00 00 00 00 00 00 00 02 FC 36 00 00 00 00 00 00 |          6      
00 00 FC 75 00 00 00 00 00 00 80 01 FC 10 00 00 |    u            
00 00 00 00 00 01 FC 10 00 00 00 00 00 00 00 00 |                 
FC 10 00 00 00 00 00 00 80 01 FC 10 00 00 00 00 |                 
00 00 00 01 FC 10 00 00 00 00 00 00 00 00 FC 10 |                 
00 00 00 00 00 00 71 00 20 00 FB FB 10 00 00 00 |       q         
00 00 00 00 00 FC 00 00 00 00 00 00 00 00 00 FC |                 
00 00 00 00 00 00 00 00 01 FC 10 00 00 00 00 00 |                 
00 00 FE FB 10 00 00 00 00 00 00 00 00 FC 10 00 |                 
00 00 00 00 00 00 02 FC 12 70 00 00 00 00 00 00 |          p      
00 FC 00 00 00 00 00 00 00 00 00 FC 10 00 00 00 |                 
00 00 00 00 01 FC 63 00 00 00 00 00 00 00 00 FC |       c         
00 00 00 00 00 00 00 10 00 01 D4 F6 1F 8C 5E FA |               ^ 
15 8C D4 F6 1F 8C C0 00 FC 40 00 00 00 00 00 00 |          @      
40 00 FC 40 00 00 00 00 00 00 40 00 FC 10 00 00 | @  @      @     
00 00 00 00 C0 02 FC 11 60 00 00 00 00 00 40 02 |         `     @ 
FC 11 60 00 00 00 00 00 40 00 FC 10 00 00 00 00 |   `     @       
00 00 FF B2 1D B3 00 00 00 00 00 13 B3 E5 8C 08 |                 
4A 41 42 53 45 4E 43 45 27 B3 00 00 00 00 00 00 | JABSENCE'       
00 00 00 00 00 00 00 00 00 02 00 00 00 00 00 00 |                 
00 00 00 00 00 00 00 00 00 02 00 00 00 00 00 00 |                 
00 00 00 00 00 00 00 00 00 04 00 00 00 00 00 00 |                 
00 00 00 00 00 00 00 00 00 08 00 00 00 00 00 00 |                 
00 00 00 00 00 00 00 00 00 08 00 00 00 00 00 00 |                 
00 00 00 00 00 00 00 00 00 10 00 00 00 00 00 00 |                 
00 00 00 00 00 00 00 00 00 20 00 00 00 00 00 00 |                 
00 00 00 00 00 00 00 00 00 40 00 00 00 00 00 00 |          @      
00 00 00 00 00 00 00 00 00 40 00 00 00 00 00 00 |          @      
00 00 00 00 00 00 00 00 00 80 00 00 00 00 00 00 |                 
00 00 00 00 00 00 00 00 01 00 00 00 00 00 00 00 |                 
00 00 00 00 00 00 00 00 02 00 00 00 00 00 00 00 |                 
00 00 00 00 00 00 00 00 04 00 00 00 00 00 00 00 |                 
00 00 00 00 00 00 00 00 08 00 00 00 00 00 00 00 |                 
00 00 00 00 00 00 00 00 10 02 00 00 00 00 00 00 |                 
00 00 00 00 00 00 00 00 20 0C 00 00 00 00 00 00 |                 
00 00 00 00 00 00 00 00 40 10 00 00 00 00 00 00 |         @       
00 00 00 00 00 00 00 00 80 20 00 00 00 00 00 00 |                 
00 00 00 00 00 00 00 01 00 C0 00 00 00 00 00 00 |                 
00 00 00 00 00 00 00 02 01 00 00 00 00 00 00 00 |                 
00 00 00 00 00 00 00 04 06 00 00 00 00 00 00 00 |                 
00 00 00 00 00 00 00 08 18 00 00 00 00 00 00 00 |                 
00 00 00 00 00 00 00 30 60 00 00 00 00 00 00 00 |        0`       
00 00 00 00 00 00 00 41 80 00 00 00 00 00 00 00 |        A        
00 00 00 00 00 00 01 86 00 00 00 00 00 00 00 00 |                 
00 00 00 00 00 00 06 18 00 00 00 00 00 00 00 00 |                 
00 00 00 00 00 00 18 E0 00 00 FE 00 00 00 00 00 |                 
00 00 00 00 00 00 67 00 00 FE 01 FE 00 00 00 00 |       g         
00 00 00 00 00 01 F8 00 FF 00 00 01 FF C0 00 00 |                 
00 00 00 00 00 1F 87 FF 00 00 00 00 00 3F FF C0 |              ?  
00 00 00 00 1F FF F8 00 00 00 00 00 00 00 00 FF |                 
FF FF FF FF FE 00 00 00 00 00 00 00 00 00 0F F0 |                 
00 00 00 00 00 00 00 00 00 00 00 00 00 03 F0 00 |                 
00 00 00 00 00 00 00 00 00 00 00 00 00 3F 00 00 |              ?  
00 00 00 00 00 00 00 00 00 00 00 00 01 CC 00 00 |                 
00 00 00 00 00 00 00 00 00 00 00 00 0E 30 00 00 |              0  
00 00 00 00 00 00 00 00 00 00 00 00 30 C0 00 00 |             0   
00 00 00 00 00 00 00 00 00 00 00 00 C3 00 00 00 |                 
00 00 00 00 00 00 00 00 00 00 00 03 04 00 00 00 |                 
00 00 00 00 00 00 00 00 00 00 00 0C 18 00 00 00 |                 
00 00 00 00 00 00 00 00 00 00 00 30 20 00 00 00 |            0    
00 00 00 00 00 00 00 00 00 00 00 C0 40 00 00 00 |             @   
00 00 00 00 00 00 00 00 00 00 01 00 80 00 00 00 |                 
00 00 00 00 00 00 00 00 00 00 06 01 00 00 00 00 |                 
00 00 00 00 00 00 00 00 00 00 08 02 00 00 00 00 |                 
00 00 00 00 00 00 00 00 00 00 10 04 00 00 00 00 |                 
00 00 00 00 00 00 00 00 00 00 60 08 00 00 00 00 |           `     
00 00 00 00 00 00 00 00 00 00 80 10 00 00 00 00 |                 
00 00 00 00 00 00 00 00 00 00 00 20 00 00 00 00 |                 
00 00 00 00 00 00 00 00 00 00 00 40 00 00 00 00 |            @    
00 00 00 00 00 00 00 00 00 00 00 80 00 00 00 00 |                 
00 00 00 00 00 00 00 00 00 00 01 00 00 00 00 00 |                 
00 00 00 00 00 00 00 00 00 00 02 00 00 00 00 00 |                 
00 00 00 00 00 00 00 00 00 00 02 00 00 00 00 00 |                 
00 00 00 00 00 00 00 00 00 00 04 00 00 00 00 00 |                 
00 00 00 00 00 00 00 00 00 00 08 00 00 00 00 00 |                 
00 00 00 00 00 00 00 00 00 00 10 00 00 00 00 00 |                 
00 00 00 00 00 00 00 00 00 00 10 00 00 00 00 00 |                 
00 00 00 00 00 00 00 00 00 00 20 00 00 00 00 00 |                 
00 00 00 00 00 00 00 00 00 00 40 00 00 00 00 00 |           @     
00 00 00 00 00 00 00 00 00 00 40 00 00 00 00 00 |           @     
00 00 00 00 00 00 00 00 00 00 80 00 00 00 00 00 |                 
00 00 00 00 00 00 00 00 00 00 00 00 00 00 00 00 |                 
00 00 00 00 00 00 00 00 00 00 00 09 FC 12 02 45 |                E
41 25 00 00 00 08 FC 37 51 28 48 60 00 00 12 00 | A%     7Q(H`    
23 66 56 00 00 00 00 00 03 8C 14 8C 12 8C 01 00 | #fV             
00 00 00 00 20 20 20 20 20 20 20 20 20 20 20 20 |                 
20 20 20 20 20 20 20 20 20 20 20 20 20 20 20 20 |                 
20 20 20 20 20 20 20 20 20 20 20 20 20 20 20 20 |                 
20 20 20 20 20 20 20 20 20 20 20 20 20 20 20 20 |                 
20 20 20 20 20 20 20 20 20 20 20 20 20 20 20 20 |                 
20 20 20 20 20 20 20 20 20 20 20 20 20 20 20 20 |                 
20 20 20 20 20 20 20 20 20 20 20 20 20 20 20 20 |                 
20 20 20 20 20 20 20 20 20 20 20 20 20 20 20 20 |                 
20 20 20 20 20 20 20 20 20 20 20 20 20 20 20 20 |                 
20 20 20 20 20 20 20 20 20 20 20 20 20 20 20 20 |                 
20 20 20 20 20 20 20 20 20 20 20 20 00 00 00 00 |                 
00 00 15 8C 15 8C 4F D0 4F D0 CF 7F 00 05 AE F6 |       O O      
E5 8C B6 66 21 00 B6 66 00 07 00 FD FF FE FF 00 |    f!  f        
00 03 00 FF 28 30 2C 31 29 00 5D 00 00 38 30 38 |     (0,1) ]  808
38 34 37 2C 1A 31 2E 38 30 31 34 30 35 34 33 32 | 847, 1.801405432
37 36 29 00 00 00 00 00 00 00 00 00 00 00 00 00 | 76)             
00 00 00 00 00 00 00 00 00 00 00 00 00 00 00 00 |                 
00 00 00 00 00 00 00 FC 40 00 00 00 00 00 00 00 |         @       
00 02 20 00 00 00 00 00 00 00 00 03 00 A8 F6 E7 |                 
6D 73 B2 02 00 00 00 08 05 58 4C 49 53 54 49 53 | ms       XLISTIS
54 05 59 4C 49 53 54 49 53 54 09 0F 00 00 00 00 | T YLISTIST      
00 00 00 00 00 00 00 00 00 00 00 00 00 00 00 00 |                 
00 00 00 00 00 00 00 00 00 00 00 3C 44 00 AE F6 |            <D   
AE F6 6F FA E5 F6 73 B2 73 B2 73 B2 AE F6 AE F6 |   o   s s s     
00 00 00 00 AE F6 12 01 21 20 20 20 20 20 20 20 |         !       
D7 F6 85 56 B1 08 05 15 7C 26 00 03 FC 24 71 05 |    V    |&   $q 
00 00 00 00 10 00 44 33 35 30 32 00 61 44 31 30 |       D3502 aD10
33 30 2E 39 35 00 00 00 00 00 FC 00 00 00 00 00 | 30.95           
00 00 00 FE FB 63 49 20 63 49 00 00 00 00 FC 00 |      cI cI      
00 00 00 00 00 00 00 00 FC 10 00 00 00 00 00 00 |                 
00 00 FC 00 00 00 00 00 00 00 00 00 FC 10 00 00 |                 
00 00 00 00 00 01 FC 45 00 00 00 00 00 00 03 02 |        E        
00 00 FC 00 00 00 00 00 00 00 00 00 FC 00 00 00 |                 
00 00 00 00 00 00 FC 00 00 00 00 00 00 00 00 00 |                 
FC 00 00 00 00 00 00 00 00 00 FC 00 00 00 00 00 |                 
00 00 00 00 FC 00 00 00 00 00 00 00 40 00 39 53 |             @ 9S
41 4C 41 49 52 45 3F 10 44 31 32 34 00 61 3A 4A | ALAIRE? D124 a:J
41 42 53 45 4E 43 45 70 44 35 2E 37 35 00 11 70 | ABSENCEpD5.75  p
44 33 39 2E 32 34 00 60 10 36 4A 53 55 50 70 44 | D39.24 ` 6JSUPpD
35 2E 37 35 00 11 70 44 38 38 2E 32 39 00 00 03 | 5.75  pD88.29   
FC 54 29 83 50 00 00 00 00 01 FC 63 00 00 00 00 |  T) P      c    
00 00 00 00 FC 20 00 00 00 00 00 00 66 00 E9 2D |             f  -
20 20 53 69 6D 70 6C 69 66 69 65 20 65 6E 20 61 |   Simplifie en a
10 62 00 6E E9 2D 00 6F 36 46 43 54 52 6F C9 33 |  b n - o6FCTRo 3
52 0B 34 54 31 6F 44 32 00 70 A5 10 CA 33 52 71 | R 4T1oD2 p   3Rq
44 32 00 11 0B 34 54 32 6F A0 C2 34 54 31 F0 34 | D2   4T2o  4T1 4
54 32 0B 34 54 33 6F C2 34 54 31 F0 10 CA 33 52 | T2 4T3o 4T1   3R
61 34 54 32 11 6F 10 34 54 33 2F 3C 03 41 6E 73 | a4T2 o 4T3/< Ans
11 0B 33 52 C0 00 00 61 62 73 20 41 1C 54 31 3A |   3R   abs A T1:
30 1C 64 69 6D 4C 20 52 D6 32 1C 54 32 3A 7B 34 | 0 dimL R 2 T2:{4
2C 31 2C 32 2C 30 2C 32 7D 1C 54 33 D6 57 68 69 | ,1,2,0,2} T3 Whi
6C 65 20 54 31 3E 31 3A 30 1C 54 D6 57 68 69 6C | le T1>1:0 T Whil
65 20 6D 6F 64 28 54 31 2C 54 32 29 3D 3D 30 D6 | e mod(T1,T2)==0 
54 31 2F 54 32 1C 54 31 3A 54 2B 31 1C 54 3A 45 | T1/T2 T1:T+1 T:E
6E 64 D6 49 66 20 54 3A 54 68 65 6E D6 64 69 6D | nd If T:Then dim
4C 20 52 2B 31 1C 64 69 6D 4C 20 52 D6 28 54 32 | L R+1 dimL R (T2
2C 54 29 1C 52 28 41 6E 73 29 D6 45 6E 64 D6 49 | ,T) R(Ans) End I
66 20 54 32 12 3C 54 31 3A 54 68 65 6E D6 54 32 | f T2 <T1:Then T2
2B 54 33 28 6D 6F 64 28 54 32 2C 36 29 29 1C 54 | +T3(mod(T2,6)) T
32 D6 45 6C 73 65 3A 54 31 1C 54 32 3A 45 6E 64 | 2 Else:T1 T2:End
D6 45 6E 64 D6 52 00 00 FC 00 00 00 00 00 00 00 |  End R          
01 03 00 00 FC 00 00 00 00 00 00 00 00 00 FC 00 |                 
00 00 00 00 00 00 00 00 FC 00 00 00 00 00 00 00 |                 
01 0D 00 00 FC 10 00 00 00 00 00 00 80 00 FC 90 |                 
00 00 00 00 00 00 00 01 FC 33 00 00 00 00 00 00 |          3      
80 01 FC 60 00 00 00 00 00 00 00 01 FC 63 00 00 |    `         c  
00 00 00 00 80 01 FC 87 00 00 00 00 00 00 00 02 |                 
FC 17 00 00 00 00 00 00 80 02 FC 14 70 00 00 00 |             p   
00 00 00 01 FC 51 00 00 00 00 00 00 80 02 FC 16 |      Q          
40 00 00 00 00 00 00 02 FC 16 50 00 00 00 00 00 | @         P     
00 01 FC 75 00 00 00 00 00 00 00 02 FC 12 50 00 |    u          P 
00 00 00 00 00 00 FC 30 00 00 00 00 00 00 00 01 |        0        
00 44 69 73 70 20 22 20 20 52 96 73 6F 6C 75 74 |  Disp "  R solut
69 6F 6E 20 61 58 2B 62 59 3D 63 22 D6 44 69 73 | ion aX+bY=c" Dis
70 20 22 22 D6 44 69 73 70 20 22 61 3D 22 3A 49 | p "" Disp "a=":I
6E 70 75 74 20 4C D6 44 69 73 70 20 22 62 3D 22 | nput L Disp "b="
3A 49 6E 70 75 74 20 4D D6 44 69 73 70 20 22 63 | :Input M Disp "c
3D 22 3A 49 6E 70 75 74 20 4E D6 7B 4C 2C 4D 2C | =":Input N {L,M,
4E 7D 1C 41 D6 7B 30 2C 31 2C 41 28 32 29 7D 1C | N} A {0,1,A(2)} 
54 31 D6 7B 31 2C 30 2C 41 28 31 29 7D 1C 54 32 | T1 {1,0,A(1)} T2
D6 57 68 69 6C 65 20 54 32 28 33 29 D6 54 32 1C |  While T2(3) T2 
52 D6 69 6E 74 20 28 54 31 28 33 29 2F 54 32 28 | R int (T1(3)/T2(
33 29 29 D6 54 31 2D 54 32 2A 41 6E 73 1C 54 32 | 3)) T1-T2*Ans T2
3A 52 1C 54 31 D6 45 6E 64 D6 41 28 33 29 2F 52 | :R T1 End A(3)/R
28 33 29 D6 49 66 20 66 50 61 72 74 20 41 6E 73 | (3) If fPart Ans
3A 54 68 65 6E D6 44 69 73 70 20 22 4E 6F 20 53 | :Then Disp "No S
6F 6C 75 74 69 6F 6E 22 D6 45 6C 73 65 3A 52 2A | olution" Else:R*
41 6E 73 1C 52 D6 32 1C 64 69 6D 4C 20 52 3A 52 | Ans R 2 dimL R:R
01 04 00 00 FC 00 00 00 00 00 00 00 00 00 FC 00 |                 
00 00 00 00 00 00 00 00 FC 00 00 00 00 00 00 00 |                 
00 00 FC 60 00 00 00 00 00 00 2C 00 33 41 0B 34 |    `      , 3A 4
41 31 6F 2D 78 00 0B 34 41 32 6F 35 50 53 54 6F | A1o-x  4A2o5PSTo
34 41 31 0B 33 41 6F 33 52 6E E2 33 52 6F EE 10 | 4A1 3Ao3Rn 3Ro  
33 52 2F 3B 02 79 31 11 40 01 2D 20 00 0B 34 54 | 3R/; y1 @ -   4T
34 6E BF 34 41 31 0B 34 54 35 6F DD 10 33 4A 2F | 4n 4A1 4T5o  3J/
44 31 00 2F 34 54 35 11 6E 34 41 31 10 33 4A 11 | D1 /4T5 n4A1 3J 
0B 33 41 6F D8 33 41 6E D9 6F 10 33 41 51 44 30 |  3Ao 3An o 3AQD0
00 11 60 44 32 00 10 C7 34 54 34 52 44 31 00 11 |   `D2   4T4RD1  
6F 1D 10 2D 20 1A 2B 2D 00 2F 3C 03 41 6E 73 60 | o  -  +- /< Ans`
44 31 00 2F 44 31 00 11 6F 34 54 34 60 3C 03 41 | D1 /D1  o4T4`< A
6E 73 0B 34 54 34 6E A2 33 41 0B 33 41 6F D8 10 | ns 4T4n 3A 3Ao  
33 41 55 44 31 00 11 30 10 33 4A 50 34 54 35 11 | 3AUD1  0 3JP4T5 
6E D9 6F D8 36 41 46 46 51 6E D9 6E 35 51 53 54 | n o 6AFFQn n5QST
6F DA 6E 36 52 53 54 32 6E DE 6F 34 54 34 60 33 | o n6RST2n o4T4`3
52 0B 34 54 34 6F DE 6F D8 33 4A 53 34 54 35 61 | R 4T4o o 3JS4T5a
44 31 00 6E 34 54 34 60 34 41 32 0B 34 54 34 6F | D1 n4T4`4A2 4T4o
D8 33 4A 51 34 54 35 61 44 31 00 6E D9 6F 34 54 |  3JQ4T5aD1 n o4T
35 61 33 4A 0B 33 41 6E 36 52 53 54 31 6E 34 54 | 5a3J 3An6RST1n4T
34 60 2D 5E 00 60 33 52 0B 34 54 34 6F DE 6E DE | 4`-^ `3R 4T4o n 
6E DE 6F 34 54 34 0B 33 52 6E C7 33 52 6F D8 3C | n o4T4 3Rn 3Ro <
03 41 6E 73 50 44 31 00 6E D9 6E 2D 30 00 6F DA |  AnsPD1 n n-0 o 
6E 1D 10 33 52 2F 44 32 00 2F 3C 03 41 6E 73 61 | n  3R/D2 /< Ansa
44 31 00 11 6F DE 6F 3C 03 41 6E 73 0B 33 52 6F | D1  o o< Ans 3Ro
EE 10 33 52 2F 3B 02 79 31 11 7B 00 10 44 31 00 |   3R/; y1 {  D1 
2F 44 30 00 11 0B 34 54 31 6E 33 41 0B 34 54 32 | /D0   4T1n3A 4T2
6F 10 A5 33 41 2F 44 31 00 11 0B 33 52 6F A2 10 | o  3A/D1   3Ro  
33 41 61 A5 33 41 11 0B 33 54 6F DB A2 33 54 52 | 3Aa 3A  3To  3TR
44 1B 1A 31 30 00 6F 10 34 54 32 61 A5 34 54 32 | D  10 o 4T2a 4T2
11 49 0B 34 54 32 6F A5 34 54 32 70 33 52 60 34 |  I 4T2o 4T2p3R`4
54 31 0B 33 54 6E 33 52 0B 34 54 31 6E 33 54 0B | T1 3Tn3R 4T1n3T 
33 52 6F 33 41 61 10 C9 33 52 71 CA 33 52 11 0B | 3Ro3Aa  3Rq 3R  
33 54 6F DE 6F 33 52 69 00 33 41 0B 34 54 31 6E | 3To o3Ri 3A 4T1n
34 52 51 6F 33 52 0B 34 54 32 6F C9 34 54 32 0B | 4RQo3R 4T2o 4T2 
33 41 6F D8 33 41 6E D9 6F 36 52 53 54 31 6F CA | 3Ao 3An o6RST1o 
34 54 32 0B 33 41 6F D8 33 41 55 44 31 00 6E D9 | 4T2 3Ao 3AUD1 n 
6F 33 52 60 2D 2F 00 0B 34 54 32 6F 36 52 53 54 | o3R`-/  4T2o6RST
31 6E 34 54 32 60 33 52 0B 33 52 6F DE 6F DA 6F | 1n4T2`3R 3Ro o o
2D 30 00 0B 33 52 6F DE 6F 34 54 31 0B 33 41 6E | -0  3Ro o4T1 3An
33 52 BF 00 2D 20 00 0B 33 52 6F D8 33 41 51 44 | 3R  -   3Ro 3AQD
30 00 6E 2D 20 1A 00 0B 33 52 6F A2 33 41 0B 33 | 0 n-    3Ro 3A 3
41 6F 13 10 A5 A8 33 41 2F A1 44 31 00 11 0B 33 | Ao    3A/ D1   3
54 6F 33 41 A9 A1 33 54 0B 33 41 6F DC 10 33 41 | To3A  3T 3Ao  3A
50 44 30 00 11 40 10 33 54 51 44 30 00 11 6F D8 | PD0  @ 3TQD0  o 
33 54 50 A1 44 31 00 6F 33 52 60 2D 2E 00 0B 33 | 3TP D1 o3R`-.  3
52 6F 15 10 A3 33 41 2F 44 31 30 00 11 6F 1D 10 | Ro   3A/D10  o  
2D 30 31 32 33 34 35 36 37 38 39 00 2F 3C 03 41 | -0123456789 /< A
6E 73 60 44 31 00 2F 44 31 00 11 6F 33 52 60 3C | ns`D1 /D1  o3R`<
03 41 6E 73 0B 33 52 6F 44 31 30 00 A4 33 41 0B |  Ans 3RoD10  3A 
33 41 6F 33 54 61 44 31 00 0B 33 54 6F DE 6F 1D | 3Ao3TaD1  3To o 
10 33 52 2F 44 32 00 2F C7 33 52 61 44 31 00 11 |  3R/D2 / 3RaD1  
0B 33 52 79 00 33 41 0B 34 54 31 6E D8 33 41 50 |  3Ry 3A 4T1n 3AP
44 30 00 6E D9 6E 2D 30 00 0B 33 52 6F DA 6F A5 | D0 n n-0  3Ro o 
A8 A2 33 41 0B 34 54 32 6F D8 A2 34 54 32 51 44 |   3A 4T2o  4T2QD
31 32 00 6F D9 6E 36 52 53 54 31 6F DA 6F 33 41 | 12 o n6RST1o o3A
A9 A1 34 54 32 0B 33 41 6E 36 52 53 54 31 6F 33 |   4T2 3An6RST1o3
52 60 2D 1B 00 0B 34 54 33 6E 34 54 32 0B 33 41 | R`-   4T3n4T2 3A
6E 36 52 53 54 31 6F 34 54 33 60 33 52 0B 33 52 | n6RST1o4T3`3R 3R
6F DE 6F DE 6F 34 54 31 0B 33 41 6E 33 52 01 03 | o o o4T1 3An3R  
00 00 FC 50 00 00 00 00 00 00 00 00 FC 60 00 00 |    P         `  
00 00 00 00 80 00 FC 80 00 00 00 00 00 00 03 00 |                 
78 79 20 01 00 FC 10 00 00 00 00 00 00 01 00 FC | xy              
00 00 00 00 00 00 00 02 00 20 31 00 00 FC 10 00 |           1     
00 00 00 00 00 3A 00 00 63 72 6F 73 73 28 41 31 |      :  cross(A1
2C 41 32 29 1C 41 31 D6 22 78 79 20 22 1C 41 32 | ,A2) A1 "xy " A2
D6 56 53 54 D6 52 2B 22 3D 30 22 1C 52 3A 50 61 |  VST R+"=0" R:Pa
75 73 65 20 52 D6 53 74 05 45 71 28 52 2C 79 31 | use R St Eq(R,y1
29 14 01 2D 20 00 0B 34 54 34 6E BF 34 41 31 0B | )  -   4T4n 4A1 
34 54 35 6F DD 10 33 4A 2F 44 31 00 2F 3C 03 41 | 4T5o  3J/D1 /< A
6E 73 11 6F 34 41 31 10 33 4A 11 0B 33 41 6F D8 | ns o4A1 3J  3Ao 
A2 33 41 52 44 1B 1A 31 30 00 6E D9 6F 10 33 41 |  3ARD  10 n o 3A
51 44 30 00 11 60 44 32 00 10 C7 34 54 34 52 44 | QD0  `D2   4T4RD
31 00 11 6F 1D 10 2D 20 1A 2B 2D 00 2F 3C 03 41 | 1  o  -  +- /< A
6E 73 60 44 31 00 2F 44 31 00 11 6F 34 54 34 60 | ns`D1 /D1  o4T4`
3C 03 41 6E 73 0B 34 54 34 6E A2 33 41 0B 33 41 | < Ans 4T4n 3A 3A
6F D8 36 41 46 46 51 6E D9 6E 35 51 53 54 6F DA | o 6AFFQn n5QSTo 
6E 36 52 53 54 32 6E DE 6F D8 33 52 55 2D 31 00 | n6RST2n o 3RU-1 
6E 34 54 34 60 33 52 0B 34 54 34 6F 1D 10 34 41 | n4T4`3R 4T4o  4A
32 2F 33 4A 2F 44 31 00 11 6F D8 3C 03 41 6E 73 | 2/3J/D1  o < Ans
55 2D 20 00 6F 34 54 34 60 3C 03 41 6E 73 0B 34 | U-  o4T4`< Ans 4
54 34 6F DE 6E DE 6F 34 54 34 0B 33 52 6E C7 33 | T4o n o4T4 3Rn 3
52 6F D8 3C 03 41 6E 73 50 44 31 00 6E D9 6E 34 | Ro < AnsPD1 n n4
54 34 3F 2D 30 00 6F DA 6E 1D 10 33 52 2F 44 32 | T4?-0 o n  3R/D2
00 2F 3C 03 41 6E 73 61 44 31 00 11 6F DE 6F 3C |  /< AnsaD1  o o<
03 41 6E 73 0B 33 52 04 00 AC 32 01 74 04 00 AC |  Ans 3R   2 t   
32 01 74 40 00 FC 00 00 00 00 00 00 00 00 00 FC | 2 t@            
14 14 21 35 62 37 31 01 06 01 00 FC 16 28 93 71 |   !5b71      ( q
45 92 22 81 FF FB 52 01 74 50 23 04 55 01 00 FC | E "   R tP# U   
12 64 95 29 06 35 78 01 00 FC 11 50 61 36 98 38 |  d ) 5x    Pa6 8
44 81 FF FB 36 39 84 23 95 64 43 01 00 FC 16 70 | D   69 # dC    p
78 82 00 68 90 81 00 FC 16 28 93 71 45 92 23 01 | x  h     ( qE # 
FF FB 52 01 74 50 23 04 39 81 00 FC 12 64 95 29 |   R tP# 9    d )
06 35 76 81 00 FC 11 50 61 36 98 38 46 01 FF FB |  5v    Pa6 8F   
36 39 84 23 95 64 61 81 00 FC 16 70 78 82 00 68 | 69 # da    px  h
90 13 01 33 41 0B 34 54 34 6E 2D 20 00 0B 34 54 |    3A 4T4n-   4T
35 6E C9 33 41 0B 33 41 6F D8 33 41 6E D9 6F D8 | 5n 3A 3Ao 3An o 
36 41 46 46 51 6E D9 6E 35 51 53 54 6F DA 6E 36 | 6AFFQn n5QSTo n6
52 53 54 32 6E DE 6F 34 54 35 60 33 52 0B 34 54 | RST2n o4T5`3R 4T
35 6F DE 6F CA 34 54 34 0B 33 41 6F D8 33 41 6E | 5o o 4T4 3Ao 3An
D9 6F 10 33 41 51 44 30 00 11 60 44 32 00 10 C7 |  o 3AQD0  `D2   
34 54 35 52 44 31 00 11 6F 1D 10 2D 20 1A 2B 2D | 4T5RD1  o  -  +-
00 2F 3C 03 41 6E 73 60 44 31 00 2F 44 31 00 11 |  /< Ans`D1 /D1  
6F 34 54 35 60 3C 03 41 6E 73 0B 34 54 35 6E A2 | o4T5`< Ans 4T5n 
33 41 0B 33 41 6F D8 33 41 55 44 31 00 6E D9 6F | 3A 3Ao 3AUD1 n o
D8 36 41 46 46 51 6E D9 6E 35 51 53 54 6F DA 6E |  6AFFQn n5QSTo n
36 52 53 54 32 6E DE 6F 34 54 35 60 33 52 0B 34 | 6RST2n o4T5`3R 4
54 35 6F DE 6F 34 54 35 60 2D 69 00 0B 34 54 35 | T5o o4T5`-i  4T5
6F DE 6F 34 54 34 0B 33 41 6E 34 54 35 0B 33 52 | o o4T4 3An4T5 3R
6E C7 33 52 6F D8 3C 03 41 6E 73 50 44 31 00 6E | n 3Ro < AnsPD1 n
D9 6E 2D 30 00 6F DA 6E 1D 10 33 52 2F 44 32 00 |  n-0 o n  3R/D2 
2F 3C 03 41 6E 73 61 44 31 00 11 6F DE 6E 3C 03 | /< AnsaD1  o n< 
41 6E 73 0B 33 52 94 00 34 4D 51 6E CA 33 52 0B | Ans 3R  4MQn 3R 
33 52 6E 44 31 00 0B 34 52 32 6E BF 33 41 6F DD | 3RnD1  4R2n 3Ao 
10 33 4A 2F 44 31 00 2F 3C 03 41 6E 73 10 44 31 |  3J/D1 /< Ans D1
00 11 11 6F DD 10 33 4B 2F 44 31 00 2F BF 33 41 |    o  3K/D1 / 3A
10 44 31 00 11 11 6F 1E 10 A2 33 52 10 33 4A 2F |  D1   o   3R 3J/
33 4B 11 2F 34 52 32 11 0B 34 52 32 6F DE 6E DE | 3K /4R2  4R2o n 
6F 12 10 34 52 32 70 33 41 2F 44 30 00 11 0B 34 | o  4R2p3A/D0   4
52 31 6E EC 6F E9 2D 41 3D 52 31 2F 52 32 2C 61 | R1n o -A=R1/R2,a
76 65 63 00 6F E9 2D 52 31 3D 00 6E E2 34 52 31 | vec o -R1= n 4R1
6F E9 2D 52 32 3D 00 6E E2 34 52 32 6A 00 33 41 | o -R2= n 4R2j 3A
0B 34 54 33 6E BF 33 41 0B BF 34 54 34 6F DD 10 |  4T3n 3A  4T4o  
33 4A 2F 44 31 00 2F 3C 03 41 6E 73 10 44 31 00 | 3J/D1 /< Ans D1 
11 11 6F DD 10 33 4B 2F 44 31 00 2F BF 34 54 34 |   o  3K/D1 / 4T4
10 44 31 00 11 11 6F 34 54 33 10 33 4A 2F 33 4B |  D1   o4T3 3J/3K
11 0B 33 41 6E 34 52 51 6F 33 52 0B 34 54 34 10 |   3An4RQo3R 4T4 
33 4A 2F 33 4B 11 6F DE 6F DE 6F 34 54 33 0B 33 | 3J/3K o o o4T3 3
41 6E 34 54 34 0B 33 52 2E 00 00 41 1C 54 3A 7B | An4T4 3R.  A T:{
31 2C 64 69 6D 20 41 7D 1C 64 69 6D 20 41 D6 54 | 1,dim A} dim A T
1C 41 28 31 29 3A 4D 51 44 43 D6 41 28 31 29 1C |  A(1):MQDC A(1) 
41 3A 52 65 74 75 72 6E 36 00 10 A1 44 31 00 2F | A:Return6   D1 /
A0 44 33 00 11 71 44 32 00 0B 33 6A 6F C9 33 41 |  D3  qD2  3jo 3A
60 10 44 31 00 2F 44 32 00 11 CA 33 41 71 A0 44 | ` D1 /D2   3Aq D
33 00 0B 33 52 6F 33 52 0B 33 41 6E 35 43 53 54 | 3  3Ro3R 3An5CST
81 FF FB 50 00 00 00 00 00 00 01 FF FB 86 60 25 |    P          `%
40 37 84 45 B2 00 34 41 32 0B BF 35 52 45 50 6E | @7 E  4A2  5REPn
34 41 32 F1 10 A1 44 31 00 11 0B 33 54 6F DD 10 | 4A2   D1   3To  
33 4A 2F 44 30 00 2F 34 41 32 61 44 31 00 11 6F | 3J/D0 /4A2aD1  o
33 54 F0 10 44 32 00 33 4A 11 0B 35 52 45 50 10 | 3T  D2 3J  5REP 
33 4A 60 44 31 00 11 6F DE 6F 35 52 45 50 70 34 | 3J`D1  o o5REPp4
41 32 F1 34 41 31 0B 35 52 45 50 6F DD 10 33 49 | A2 4A1 5REPo  3I
2F 44 30 00 2F 34 41 32 61 44 31 00 11 6F E9 1D | /D0 /4A2aD1  o  
10 2D 5A 31 3D 5A 32 3D 5A 33 3D 5A 34 3D 5A 35 |  -Z1=Z2=Z3=Z4=Z5
3D 5A 36 3D 5A 37 3D 5A 38 3D 5A 39 3D 00 2F 44 | =Z6=Z7=Z8=Z9= /D
33 00 33 49 60 44 31 00 2F 44 33 00 11 6F 35 52 | 3 3I`D1 /D3  o5R
45 50 10 33 49 60 44 31 00 11 0B 33 41 6F 35 43 | EP 3I`D1   3Ao5C
53 54 6E E2 33 52 6F DE 01 00 5A 01 02 00 00 FC | STn 3Ro   Z     
00 00 00 00 00 00 00 00 00 FC 00 00 00 00 00 00 |                 
00 85 00 13 10 BF 34 41 31 2F BF 34 41 32 11 0B |       4A1/ 4A2  
33 54 6F 0E 44 32 00 2F 33 54 0F 0B BF 33 52 6F | 3To D2 /3T   3Ro
EF 10 44 30 00 2F 33 52 11 6F 34 41 31 0B 33 52 |   D0 /3R o4A1 3R
10 44 31 00 2F 33 54 61 BF 34 41 31 60 44 31 00 |  D1 /3Ta 4A1`D1 
11 6F 34 41 32 0B 33 52 10 44 32 00 2F 33 54 61 |  o4A2 3R D2 /3Ta
BF 34 41 32 60 44 31 00 11 6F 1A 10 33 52 2F 44 |  4A2`D1  o  3R/D
32 00 2F 44 31 00 11 6F 3C 03 41 6E 73 10 44 31 | 2 /D1  o< Ans D1
00 11 0B 33 41 6F 37 50 52 45 44 47 6F 33 41 0B |    3Ao7PREDGo3A 
33 52 6F 36 50 53 54 58 67 00 DB A2 33 41 10 44 | 3Ro6PSTXg   3A D
31 00 11 51 44 1B 1A 38 00 6F D8 BF 33 41 50 44 | 1  QD  8 o  3APD
31 00 6F D9 6F 44 30 00 0B 33 41 10 44 31 00 11 | 1 o oD0  3A D1  
6E E1 00 00 46 00 6F DA 6F DD 10 33 4A 2F 44 32 | n   F o o  3J/D2
00 2F BF 33 41 11 6F 33 41 10 33 4A 11 0B 33 41 |  / 3A o3A 3J  3A
10 33 4A 61 44 31 00 11 6F DE 6F BF 33 41 61 44 |  3JaD1  o o 3AaD
31 00 0B BF 33 41 6F DE 6F DE 6F E0 46 00 6E 33 | 1   3Ao o o F n3
41 7E 00 0E 44 32 00 2F BF 34 41 31 60 BF 34 41 | A~  D2 / 4A1` 4A
32 61 44 31 00 0F 0B BF 33 52 6F EF 10 44 30 00 | 2aD1    3Ro  D0 
2F 33 52 11 6F DD 10 33 4A 2F 44 31 00 2F BF 34 | /3R o  3J/D1 / 4
41 32 11 6F 33 52 10 44 32 00 11 44 30 00 0B 33 | A2 o3R D2  D0  3
52 10 44 32 00 11 6F 34 41 32 10 33 4A 11 34 41 | R D2  o4A2 3J 4A
31 0B 33 52 10 44 32 00 2F 33 4A 11 6F 33 52 10 | 1 3R D2 /3J o3R 
44 32 00 11 60 33 52 10 44 31 00 11 0B 33 52 10 | D2  `3R D1   3R 
44 31 00 11 6F DE 6F 33 52 10 44 31 00 11 0B 33 | D1  o o3R D1   3
52 A2 00 34 41 31 0B 34 54 31 6E 34 41 32 0B 34 | R  4A1 4T1n4A2 4
54 32 6F 34 41 32 0B 33 54 6E 0C 44 31 00 0D 0B | T2o4A2 3Tn D1   
34 41 32 6F DB 33 54 6F D8 15 10 33 54 2F 44 32 | 4A2o 3To   3T/D2
00 11 6F D9 6F 36 50 4D 55 4C 6E 33 52 0B 34 41 |   o o6PMULn3R 4A
32 6F DE 6F A5 10 33 54 71 44 32 00 11 0B 33 54 | 2o o  3TqD2   3T
6F D8 33 54 6F D9 6F 34 41 32 0B 34 54 33 6E 34 | o 3To o4A2 4T3n4
41 31 0B 34 41 32 6F 36 50 4D 55 4C 6E 33 52 0B | A1 4A2o6PMULn3R 
34 41 31 6E 34 54 33 0B 34 41 32 6F DE 6F DE 6F | 4A1n4T3 4A2o o o
34 41 32 0B 33 52 6E 34 54 31 0B 34 41 31 6E 34 | 4A2 3Rn4T1 4A1n4
54 32 0B 34 41 32 6F 33 52 6F 33 52 0B 33 41 6E | T2 4A2o3Ro3R 3An
36 50 53 54 58 46 00 00 64 69 6D 20 41 32 2B 7B | 6PSTXF  dim A2+{
31 2C 30 7D 1C 64 69 6D 20 41 32 D6 31 1C 41 32 | 1,0} dim A2 1 A2
28 41 6E 73 28 31 29 2C 41 6E 73 28 32 29 29 D6 | (Ans(1),Ans(2)) 
41 31 2A 41 32 1C 52 D6 64 69 6D 20 41 32 2D 7B | A1*A2 R dim A2-{
31 2C 30 7D 1C 64 69 6D 20 41 32 D6 52 42 00 00 | 1,0} dim A2 RB  
41 1C 52 D6 64 69 6D 20 52 2B 7B 31 2C 30 7D 1C | A R dim R+{1,0} 
64 69 6D 20 52 D6 31 1C 52 28 41 6E 73 28 31 29 | dim R 1 R(Ans(1)
2C 41 6E 73 28 32 29 29 D6 52 11 1C 52 D6 64 69 | ,Ans(2)) R  R di
6D 20 52 2D 7B 31 2C 30 7D 1C 64 69 6D 20 52 D6 | m R-{1,0} dim R 
52 59 00 33 41 0B 35 54 31 30 6F BF 33 41 61 0E | RY 3A 5T10o 3Aa 
44 30 00 2F 44 31 00 0F 0B BF 33 41 6F 33 41 61 | D0 /D1    3Ao3Aa
B8 3C 03 41 6E 73 10 44 31 00 11 0B 34 41 31 6E |  < Ans D1   4A1n
35 54 31 30 4B 6F A1 3C 03 41 6E 73 10 BF 35 54 | 5T10Ko < Ans  5T
31 30 10 44 31 00 11 11 0B 34 41 32 6F 36 53 59 | 10 D1    4A2o6SY
53 54 6F 35 54 31 30 0B 33 41 6E DF 28 01 34 41 | STo5T10 3An ( 4A
31 0B 34 54 36 6E 34 41 32 0B 34 54 37 6F BE 18 | 1 4T6n4A2 4T7o  
10 34 41 31 2F 34 41 32 11 0B 34 54 38 6F BF 34 |  4A1/4A2  4T8o 4
54 38 0B 33 49 6E 33 49 10 44 31 00 11 0B 33 49 | T8 3In3I D1   3I
6F BF 34 54 38 10 44 31 00 11 0B 33 4A 6F DB BB | o 4T8 D1   3Jo  
34 54 38 10 33 49 11 50 44 30 00 6F 33 49 61 44 | 4T8 3I PD0 o3IaD
31 00 0B 33 49 6E 0E 33 49 2F 33 4A 0F 0B BF 34 | 1  3In 3I/3J   4
54 38 6E DE 6F 34 54 38 10 33 49 11 0B 33 54 6E | T8n o4T8 3I  3Tn
44 30 00 0B 33 54 10 33 4A 11 6F D8 BB 33 54 6E | D0  3T 3J o  3Tn
D9 6F 2D 78 79 7A 74 75 76 77 61 62 63 64 65 66 |  o-xyztuvwabcdef
67 00 0B 34 41 32 6F DD 10 33 4B 2F 44 31 00 2F | g  4A2o  3K/D1 /
33 49 11 6F 34 54 38 10 33 4B 11 0B 34 41 31 6E | 3I o4T8 3K  4A1n
33 4A 61 44 31 00 0B BF 34 41 31 6F 35 56 53 54 | 3JaD1   4A1o5VST
6E 33 52 60 2D 3D 00 0B 34 54 39 6E 34 54 38 10 | n3R`-=  4T9n4T8 
33 4B 2F 33 4A 11 0B 33 41 6F D8 36 41 46 46 51 | 3K/3J  3Ao 6AFFQ
6E D9 6E 35 51 53 54 6F DA 6E 36 52 53 54 32 6E | n n5QSTo n6RST2n
DE 6F 34 54 39 60 33 52 0B 33 52 6E E2 33 52 6F |  o4T9`3R 3Rn 3Ro
DE 6F DA 6E E9 2D 4E 6F 20 53 6F 6C 75 74 69 6F |  o n -No Solutio
6E 00 6F DE 6F 34 54 36 0B 34 41 31 6E 34 54 37 | n o o4T6 4A1n4T7
0B 34 41 32 6F DF 5B 00 34 41 31 0B 35 54 31 30 |  4A2o [ 4A1 5T10
6E 34 41 32 0B 35 54 31 31 6F BF 34 41 31 10 44 | n4A2 5T11o 4A1 D
31 00 11 0B 33 54 6F 34 41 31 61 34 41 32 70 B8 | 1   3To4A1a4A2p 
33 54 0B 34 41 31 6F 33 54 0B BF 34 41 32 6E EF | 3T 4A1o3T  4A2n 
10 44 30 00 2F 34 41 32 11 6F 36 53 59 53 54 6E |  D0 /4A2 o6SYSTn
35 54 31 30 0B 34 41 31 6E 35 54 31 31 0B 34 41 | 5T10 4A1n5T11 4A
32 6F DF 41 00 BD 33 41 0B 33 52 6F BF 33 52 60 | 2o A  3A 3Ro 3R`
0E 44 31 00 2F 44 30 00 0F 0B BF 33 52 6E 44 30 |  D1 /D0    3RnD0
00 6F DB BA 33 52 10 3C 03 41 6E 73 60 44 31 00 |  o  3R < Ans`D1 
11 6F 3C 03 41 6E 73 60 44 31 00 6E DE 6F 3C 03 |  o< Ans`D1 n o< 
41 6E 73 0B 33 52 34 00 00 64 69 6D 20 41 32 2B | Ans 3R4  dim A2+
31 1C 64 69 6D 20 41 32 D6 31 1C 41 32 28 41 6E | 1 dim A2 1 A2(An
73 29 D6 41 31 2A 41 32 1C 52 D6 64 69 6D 20 41 | s) A1*A2 R dim A
32 2D 31 1C 64 69 6D 20 41 32 D6 52 21 00 00 73 | 2-1 dim A2 R!  s
75 6D 20 73 65 71 28 41 28 49 2C 4A 29 2C 49 2C | um seq(A(I,J),I,
31 2C 64 69 6D 20 41 28 31 29 2C 31 29 1C 52 BF | 1,dim A(1),1) R 
05 00 41 1C 54 31 32 3A 41 1C 54 31 33 D6 64 69 |   A T12:A T13 di
6D 20 41 2D 7B 30 2C 31 7D 1C 64 69 6D 20 54 31 | m A-{0,1} dim T1
33 D6 41 6E 73 28 31 29 1C 54 31 34 D6 54 31 32 | 3 Ans(1) T14 T12
16 3A 41 6E 73 28 54 31 34 2B 31 29 1C 54 31 35 |  :Ans(T14+1) T15
D6 43 6C 4C 43 44 D6 54 31 33 16 54 31 33 2D 69 |  ClLCD T13 T13-i
64 65 6E 74 20 54 31 34 D6 49 66 20 6E 6F 72 6D | dent T14 If norm
20 41 6E 73 3C 1B 1A 39 D6 47 6F 74 6F 20 49 53 |  Ans<  9 Goto IS
4F D6 41 1C 41 31 3A 41 1C 41 32 3A 43 4D 50 41 | O A A1:A A2:CMPA
46 D6 49 66 20 6E 6F 72 6D 20 28 41 6E 73 2D 41 | F If norm (Ans-A
29 3C 1B 1A 39 D6 47 6F 74 6F 20 50 52 4F 4A D6 | )<  9 Goto PROJ 
49 4E 56 41 46 D6 49 66 20 6E 6F 72 6D 20 28 41 | INVAF If norm (A
6E 73 2D 41 29 3C 1B 1A 39 D6 47 6F 74 6F 20 53 | ns-A)<  9 Goto S
59 4D D6 44 69 73 70 20 22 3F 22 D6 47 6F 74 6F | YM Disp "?" Goto
20 46 49 4E D6 4C 62 6C 20 50 52 4F 4A D6 44 69 |  FIN Lbl PROJ Di
73 70 20 22 50 72 6F 6A 2E 20 73 75 72 3A 22 3A | sp "Proj. sur:":
46 49 58 41 46 D6 44 69 73 70 20 22 2F 2F 20 8F | FIXAF Disp "//  
3A 22 D6 54 31 33 1C 41 31 3A 30 1C 41 32 D6 56 | :" T13 A1:0 A2 V
45 43 54 50 3A 54 31 32 1C 41 D6 47 6F 74 6F 20 | ECTP:T12 A Goto 
46 49 4E D6 4C 62 6C 20 53 59 4D D6 44 69 73 70 | FIN Lbl SYM Disp
20 22 53 79 6D 96 74 72 69 65 20 2F 20 8F 3A 22 |  "Sym trie /  :"
D6 46 49 58 41 46 D6 44 69 73 70 20 22 2F 2F 20 |  FIXAF Disp "// 
8F 3A 22 D6 54 31 33 1C 41 31 3A 1A 31 1C 41 32 |  :" T13 A1: 1 A2
D6 56 45 43 54 50 3A 54 31 32 1C 41 D6 47 6F 74 |  VECTP:T12 A Got
6F 20 46 49 4E D6 4C 62 6C 20 49 53 4F D6 54 31 | o FIN Lbl ISO T1
33 2D 69 64 65 6E 74 20 54 31 34 1C 41 D6 52 41 | 3-ident T14 A RA
4E 47 4D 3A 41 6E 73 1C 54 31 36 D6 49 66 20 54 | NGM:Ans T16 If T
31 36 3D 3D 30 3A 47 6F 74 6F 20 54 52 4E 53 D6 | 16==0:Goto TRNS 
49 66 20 54 31 36 3D 3D 31 3A 47 6F 74 6F 20 53 | If T16==1:Goto S
59 4D 4F D6 49 66 20 54 31 36 3D 3D 32 3A 47 6F | YMO If T16==2:Go
74 6F 20 56 49 53 53 D6 54 31 33 2B 69 64 65 6E | to VISS T13+iden
74 20 54 31 34 D6 49 66 20 6E 6F 72 6D 20 41 6E | t T14 If norm An
73 3E 1B 1A 39 D6 47 6F 74 6F 20 52 4F 54 53 59 | s>  9 Goto ROTSY
4D D6 44 69 73 70 20 22 53 79 6D 96 74 72 69 65 | M Disp "Sym trie
20 2F 3A 22 D6 50 61 75 73 65 20 54 31 35 2F 32 |  /:" Pause T15/2
D6 47 6F 74 6F 20 46 49 4E D6 4C 62 6C 20 52 4F |  Goto FIN Lbl RO
54 53 59 4D D6 44 69 73 70 20 22 52 6F 74 61 74 | TSYM Disp "Rotat
69 6F 6E 20 61 75 74 6F 75 72 20 64 65 3A 22 D6 | ion autour de:" 
54 31 32 1C 41 31 3A 54 31 32 1C 41 32 3A 43 4D | T12 A1:T12 A2:CM
50 41 46 D6 52 1C 41 3A 46 49 58 41 46 D6 1A 31 | PAF R A:FIXAF  1
3A 47 6F 74 6F 20 41 78 65 41 6E 67 6C 65 D6 4C | :Goto AxeAngle L
62 6C 20 52 4F 54 53 59 4D 32 D6 44 69 73 70 20 | bl ROTSYM2 Disp 
22 53 79 6D 96 74 72 69 65 20 6F 72 74 68 6F 20 | "Sym trie ortho 
2F 3A 22 D6 7B 33 2C 33 7D 1C 64 69 6D 20 41 31 | /:" {3,3} dim A1
3A 46 69 6C 6C 28 30 2C 41 31 29 D6 54 31 38 1C | :Fill(0,A1) T18 
41 31 28 31 29 D6 41 31 2A 54 31 35 2A 2E 35 1C | A1(1) A1*T15*.5 
41 32 3A 53 59 53 54 D6 47 6F 74 6F 20 46 49 4E | A2:SYST Goto FIN
D6 4C 62 6C 20 54 52 4E 53 D6 49 66 20 6E 6F 72 |  Lbl TRNS If nor
6D 20 54 31 35 3C 1B 1A 39 D6 54 68 65 6E D6 49 | m T15<  9 Then I
66 20 54 31 36 3D 3D 30 D6 44 69 73 70 20 22 49 | f T16==0 Disp "I
64 65 6E 74 69 74 96 22 D6 45 6C 73 65 D6 44 69 | dentit " Else Di
73 70 20 22 54 72 61 6E 73 6C 61 74 69 6F 6E 3A | sp "Translation:
22 D6 50 61 75 73 65 20 54 31 35 D6 45 6E 64 D6 | " Pause T15 End 
47 6F 74 6F 20 46 49 4E D6 4C 62 6C 20 53 59 4D | Goto FIN Lbl SYM
4F D6 44 69 73 70 20 22 53 79 6D 20 6F 72 74 68 | O Disp "Sym orth
6F 20 2F 3A 22 D6 54 31 32 1C 41 31 3A 54 31 35 | o /:" T12 A1:T15
1C 41 32 3A 49 4D 41 46 46 D6 52 2F 32 1C 54 31 |  A2:IMAFF R/2 T1
37 3A 54 31 37 2D 54 31 35 1C 41 32 D6 54 31 33 | 7:T17-T15 A2 T13
2D 69 64 65 6E 74 20 54 31 34 1C 41 31 D6 53 59 | -ident T14 A1 SY
53 54 3A 54 31 37 1C 54 31 35 D6 47 6F 74 6F 20 | ST:T17 T15 Goto 
54 52 4E 53 D6 4C 62 6C 20 56 49 53 53 D6 44 69 | TRNS Lbl VISS Di
73 70 20 22 52 6F 74 61 74 69 6F 6E 20 61 75 74 | sp "Rotation aut
6F 75 72 20 64 65 3A 22 D6 54 31 33 2D 69 64 65 | our de:" T13-ide
6E 74 20 54 31 34 1C 41 31 D6 1A 41 31 2A 54 31 | nt T14 A1  A1*T1
35 1C 41 32 3A 41 31 12 1C 41 31 3A 53 59 53 54 | 5 A2:A1  A1:SYST
D6 31 3A 49 66 20 54 31 34 3D 3D 33 D6 47 6F 74 |  1:If T14==3 Got
6F 20 41 78 65 41 6E 67 6C 65 D6 44 69 73 70 20 | o AxeAngle Disp 
22 44 27 61 6E 67 6C 65 3A 22 D6 28 54 31 33 28 | "D'angle:" (T13(
31 2C 31 29 2C 54 31 33 28 32 2C 31 29 29 D6 50 | 1,1),T13(2,1)) P
61 75 73 65 20 61 6E 67 6C 65 20 41 6E 73 D6 47 | ause angle Ans G
6F 74 6F 20 46 49 4E D6 4C 62 6C 20 56 49 53 33 | oto FIN Lbl VIS3
D6 64 6F 74 28 54 31 38 2C 54 31 35 29 54 31 38 |  dot(T18,T15)T18
1C 54 31 35 D6 47 6F 74 6F 20 54 52 4E 53 D6 4C |  T15 Goto TRNS L
62 6C 20 41 78 65 41 6E 67 6C 65 D6 41 6E 73 1C | bl AxeAngle Ans 
54 31 37 D6 44 69 73 70 20 22 41 78 65 20 6F 72 | T17 Disp "Axe or
69 65 6E 74 96 20 70 61 72 3A 22 D6 28 54 31 33 | ient  par:" (T13
2D 54 31 37 2A 69 64 65 6E 74 20 33 29 16 D6 61 | -T17*ident 3)  a
75 67 28 41 6E 73 2C 69 64 65 6E 74 20 33 29 D6 | ug(Ans,ident 3) 
72 72 65 66 20 41 6E 73 D6 41 6E 73 28 33 2C 34 | rref Ans Ans(3,4
2C 33 2C 36 29 D6 75 6E 69 74 56 20 41 6E 73 28 | ,3,6) unitV Ans(
31 29 1C 54 31 38 D6 50 61 75 73 65 20 54 31 38 | 1) T18 Pause T18
D6 44 69 73 70 20 22 44 27 61 6E 67 6C 65 20 3A |  Disp "D'angle :
22 D6 7B 33 2C 33 7D 1C 64 69 6D 20 52 3A 72 61 | " {3,3} dim R:ra
6E 64 4D 28 31 2C 33 29 D6 41 6E 73 28 31 29 1C | ndM(1,3) Ans(1) 
52 28 31 29 D6 54 31 33 2A 41 6E 73 1C 52 28 32 | R(1) T13*Ans R(2
29 3A 54 31 38 1C 52 28 33 29 D6 73 69 67 6E 20 | ):T18 R(3) sign 
64 65 74 20 52 1C 54 31 39 D6 54 31 33 1C 41 3A | det R T19 T13 A:
4D 54 52 41 43 3A 28 52 2D 54 31 37 29 2F 32 D6 | MTRAC:(R-T17)/2 
54 31 39 2A 63 6F 73 11 20 41 6E 73 1C 54 31 39 | T19*cos  Ans T19
D6 50 61 75 73 65 20 54 31 39 D6 49 66 20 54 31 |  Pause T19 If T1
36 3D 3D 32 3A 47 6F 74 6F 20 56 49 53 33 D6 47 | 6==2:Goto VIS3 G
6F 74 6F 20 52 4F 54 53 59 4D 32 D6 4C 62 6C 20 | oto ROTSYM2 Lbl 
46 49 4E D6 54 31 32 1C 41 D6 52 65 74 75 72 6E | FIN T12 A Return
04 02 00 00 FC 10 00 00 00 00 00 00 00 00 FC 20 |                 
00 00 00 00 00 00 80 00 FC 90 00 00 00 00 00 00 |                 
80 00 FC 70 00 00 00 00 00 00 00 00 FC 20 00 00 |    p            
00 00 00 00 80 00 FC 30 00 00 00 00 00 00 00 01 |        0        
FC 17 00 00 00 00 00 00 00 00 FC 00 00 00 00 00 |                 
00 00 03 02 00 00 FC 10 00 00 00 00 00 00 00 00 |                 
FC 20 00 00 00 00 00 00 80 00 FC 90 00 00 00 00 |                 
00 00 00 00 FC 20 00 00 00 00 00 00 80 00 FC 30 |                0
00 00 00 00 00 00 00 01 FC 17 00 00 00 00 00 00 |                 
00 00 FC 20 00 00 00 00 00 00 01 02 80 00 FC 90 |                 
00 00 00 00 00 00 00 01 FC 17 00 00 00 00 00 00 |                 
00 00 FC 20 00 00 00 00 00 00 05 03 00 00 FC 20 |                 
00 00 00 00 00 00 00 00 FC 50 00 00 00 00 00 00 |          P      
00 01 FC 10 00 00 00 00 00 00 00 01 FC 17 00 00 |                 
00 00 00 00 00 01 FC 26 00 00 00 00 00 00 00 00 |        &        
FC 30 00 00 00 00 00 00 00 00 FC 60 00 00 00 00 |  0         `    
00 00 00 01 FC 11 00 00 00 00 00 00 00 01 FC 18 |                 
00 00 00 00 00 00 00 01 FC 27 00 00 00 00 00 00 |          '      
00 00 FC 40 00 00 00 00 00 00 00 00 FC 70 00 00 |    @         p  
00 00 00 00 00 01 FC 12 00 00 00 00 00 00 00 01 |                 
FC 19 00 00 00 00 00 00 00 01 FC 28 00 00 00 00 |            (    
00 00 01 03 00 00 FC 10 00 00 00 00 00 00 00 00 |                 
FC 20 00 00 00 00 00 00 00 00 FC 30 00 00 00 00 |            0    
00 00 06 02 00 00 FC 10 00 00 00 00 00 00 00 00 |                 
FC 00 00 00 00 00 00 00 80 00 FC 16 66 66 66 66 |             ffff
66 67 80 00 FC 40 00 00 00 00 00 00 80 00 FC 70 | fg   @         p
00 00 00 00 00 00 00 00 FC 13 33 33 33 33 33 33 |           333333
00 00 FC 00 00 00 00 00 00 00 00 00 FC 10 00 00 |                 
00 00 00 00 00 00 FC 26 66 66 66 66 66 67 00 00 |        &fffffg  
FC 50 00 00 00 00 00 00 00 00 FC 80 00 00 00 00 |  P              
00 00 80 FF FB 33 33 33 33 33 33 33 0E 00 20 79 |      3333333   y
2B 38 2F 33 7A 2B 35 74 2B 38 75 3D 02 02 80 00 | +8/3z+5t+8u=    
FC 50 00 00 00 00 00 00 80 00 FC 20 00 00 00 00 |  P              
00 00 00 01 FC 12 00 00 00 00 00 00 00 00 FC 50 |                P
00 00 00 00 00 00 80 00 FC 10 00 00 00 00 00 00 |                 
00 00 FC 00 00 00 00 00 00 00 00 00 FC 50 00 00 |              P  
00 00 00 00 00 01 FC 55 00 00 00 00 00 00 00 00 |        U        
FC 00 00 00 00 00 00 00 00 00 FC 49 24 03 87 65 |            I$  e
06 11 80 FF FB 86 82 40 88 83 34 65 00 00 FC 32 |        @  4e   2
17 51 24 76 78 52 31 00 3D 04 61 33 58 0B 3D 04 |  Q$vxR1 = a3X = 
6F 3D 05 61 33 58 0B 3D 05 6F 44 31 00 0B 3D 02 | o= a3X = oD1  = 
6F 3D 06 61 33 59 0B 3D 06 6F 3D 07 61 33 59 0B | o= a3Y = o= a3Y 
3D 07 6F 44 31 00 0B 3D 03 00 00 FC 71 42 85 71 | = oD1  =    qB q
42 90 00 0C 00 32 01 78 4A 60 32 01 79 F0 44 33 | B    2 xJ`2 y D3
00 00 01 FC 53 26 53 26 66 20 48 00 00 FC 90 00 |     S&S&f H     
00 00 00 00 00 68 01 34 41 32 0B 33 41 6E 37 50 |      h 4A2 3An7P
52 45 44 47 6E BF 34 41 31 61 BF 33 41 6F D8 3C | REDGn 4A1a 3Ao <
03 41 6E 73 51 44 30 00 6E D9 6F 0C 44 30 00 0D |  AnsQD0 n o D0  
0B 34 52 31 6E 34 41 31 0B 34 52 32 6F DA 6F 3C |  4R1n4A1 4R2o o<
03 41 6E 73 60 44 31 00 0B BF 34 52 31 6E EF 10 |  Ans`D1   4R1n  
44 30 00 2F 34 52 31 11 6F 0E 44 32 00 2F BF 34 | D0 /4R1 o D2 / 4
41 31 0F 0B BF 34 52 32 6F 34 41 31 0B 34 52 32 | A1   4R2o4A1 4R2
10 44 31 00 2F 44 31 00 11 6F DD 10 33 4A 2F 44 |  D1 /D1  o  3J/D
31 00 2F BF 34 52 31 11 6F 34 52 32 10 44 31 00 | 1 / 4R1 o4R2 D1 
2F 33 4A 11 71 33 41 10 44 31 00 11 0B 34 52 31 | /3J q3A D1   4R1
10 33 4A 11 6F 34 52 32 10 44 32 00 11 44 30 00 |  3J o4R2 D2  D0 
0B 34 52 32 10 44 32 00 11 6F 34 52 31 10 33 4A |  4R2 D2  o4R1 3J
11 33 41 0B 34 52 32 10 44 32 00 2F 33 4A 11 6F |  3A 4R2 D2 /3J o
34 52 32 10 44 31 00 11 61 34 52 32 10 44 32 00 | 4R2 D1  a4R2 D2 
11 0B 34 52 32 10 44 31 00 11 6F DE 6E 14 10 33 |   4R2 D1  o n  3
4A 2F BF 34 41 31 11 6F 34 52 32 10 44 31 00 2F | J/ 4A1 o4R2 D1 /
3C 03 41 6E 73 2F 44 31 00 2F BF 34 41 31 11 6F | < Ans/D1 / 4A1 o
3C 03 41 6E 73 10 44 31 00 11 0B 33 41 6E 37 50 | < Ans D1   3An7P
52 45 44 47 6E 33 41 0B 34 52 32 6F DE 6F E9 2D | REDGn3A 4R2o o -
51 75 6F 74 69 65 6E 74 20 3A 00 6F 34 52 31 0B | Quotient : o4R1 
33 41 6E 36 50 53 54 58 6E E2 33 52 6F E9 2D 52 | 3An6PSTXn 3Ro -R
65 73 74 65 20 3A 00 6F 34 52 32 0B 33 41 6E 36 | este : o4R2 3An6
50 53 54 58 6E E2 33 52 6F 37 55 54 49 4C 31 69 | PSTXn 3Ro7UTIL1i
00 00 6D 61 78 28 64 69 6D 20 52 31 2C 64 69 6D |   max(dim R1,dim
20 52 32 29 D6 7B 32 2C 41 6E 73 7D 1C 64 69 6D |  R2) {2,Ans} dim
20 52 D6 46 69 6C 6C 28 30 2C 52 29 D6 64 69 6D |  R Fill(0,R) dim
20 52 28 31 29 2D 64 69 6D 20 52 31 2B 31 D6 52 |  R(1)-dim R1+1 R
31 1C 52 28 31 2C 41 6E 73 29 D6 64 69 6D 20 52 | 1 R(1,Ans) dim R
28 31 29 2D 64 69 6D 20 52 32 2B 31 D6 52 32 1C | (1)-dim R2+1 R2 
52 28 32 2C 41 6E 73 29 D6 52 59 00 00 41 31 1C | R(2,Ans) RY  A1 
54 3A 64 69 6D 20 41 31 1C 54 31 D6 31 1C 64 69 | T:dim A1 T1 1 di
6D 20 41 31 D6 46 6F 72 28 4B 2C 32 2C 54 31 29 | m A1 For(K,2,T1)
3A 50 4D 55 4C D6 54 28 4B 29 2B 52 28 64 69 6D | :PMUL T(K)+R(dim
20 52 29 1C 52 28 64 69 6D 20 52 29 D6 52 1C 41 |  R) R(dim R) R A
31 D6 45 6E 64 3A 54 1C 41 31 3A 52 D6 52 1C 41 | 1 End:T A1:R R A
3A 50 53 54 58 00 00 00 00 07 00 00 00 FC 19 00 | :PSTX           
00 00 00 00 00 00 FF FB 40 00 00 00 00 00 00 00 |         @       
00 FC 35 00 00 00 00 00 00 80 FF FB 80 00 00 00 |   5             
00 00 00 00 00 FC 44 00 00 00 00 00 00 00 00 FC |       D         
47 00 00 00 00 00 00 80 00 FC 17 00 00 00 00 00 | G               
00 07 00 80 00 FC 19 00 00 00 00 00 00 80 FF FB |                 
90 00 00 00 00 00 00 00 00 FC 15 00 00 00 00 00 |                 
00 00 00 FC 35 00 00 00 00 00 00 00 00 FC 65 00 |     5         e 
00 00 00 00 00 00 00 FC 80 00 00 00 00 00 00 00 |                 
00 FC 84 00 00 00 00 00 00 07 00 00 00 FC 19 00 |                 
00 00 00 00 00 00 FF FB 40 00 00 00 00 00 00 00 |         @       
00 FC 35 00 00 00 00 00 00 80 FF FB 80 00 00 00 |   5             
00 00 00 00 00 FC 44 00 00 00 00 00 00 00 00 FC |       D         
47 00 00 00 00 00 00 80 00 FC 17 00 00 00 00 00 | G               
00 07 00 80 00 FC 19 00 00 00 00 00 00 80 FF FB |                 
90 00 00 00 00 00 00 00 00 FC 15 00 00 00 00 00 |                 
00 00 00 FC 35 00 00 00 00 00 00 00 00 FC 65 00 |     5         e 
00 00 00 00 00 00 00 FC 80 00 00 00 00 00 00 00 |                 
00 FC 84 00 00 00 00 00 00 01 00 00 00 FC 70 00 |               p 
00 00 00 00 00 03 00 00 00 FC 10 19 15 17 94 48 |                H
94 80 00 FC 31 19 97 18 31 48 07 00 FF FB 23 13 |     1   1H    # 
41 60 66 44 23 40 00 44 31 2E 30 31 39 31 35 31 | A`fD#@ D1.019151
37 39 34 34 38 39 34 00 32 01 78 F0 44 32 00 60 | 7944894 2 x D2 `
A1 44 33 2E 31 31 39 39 37 31 38 33 31 34 38 30 |  D3.119971831480
37 00 32 01 78 60 44 2E 32 33 31 33 34 31 36 30 | 7 2 x`D.23134160
36 36 34 34 32 33 00 64 00 BF 33 41 61 44 31 00 | 664423 d  3AaD1 
0B 33 54 6F D8 3C 03 41 6E 73 6E D9 6E 3C 03 41 |  3To < Ansn n< A
6E 73 0B BF 33 52 6F DD 10 33 4A 2F 44 31 00 2F | ns  3Ro  3J/D1 /
3C 03 41 6E 73 11 6F 33 41 10 33 4A 11 10 33 54 | < Ans o3A 3J  3T
60 44 31 00 61 33 4A 11 0B 33 52 10 33 4A 11 6E | `D1 a3J  3R 3J n
DE 6F DA 6E 0C 44 30 00 0D 0B 33 52 6E DE 6F 33 |  o n D0   3Rn o3
52 6E 33 52 0B 33 41 6E 36 50 53 54 58 47 00 BF | Rn3R 3An6PSTXG  
33 41 60 44 31 00 0B 33 54 6F 33 54 0B BF 33 52 | 3A`D1  3To3T  3R
6E 44 30 00 0B 33 52 10 33 54 11 6F DD 10 33 4A | nD0  3R 3T o  3J
2F 44 31 00 2F 33 54 61 44 31 00 11 6F 33 41 10 | /D1 /3TaD1  o3A 
33 4A 11 71 10 33 54 61 33 4A 0B 33 52 10 33 4A | 3J q 3Ta3J 3R 3J
11 6F DE 6F 33 52 2B 00 34 41 31 0B 33 41 6E 37 |  o o3R+ 4A1 3An7
50 50 52 49 4D 6F C6 33 52 0B 33 52 6F 22 10 33 | PPRIMo 3R 3Ro" 3
52 2F 34 41 32 11 61 22 10 33 52 2F 34 41 33 11 | R/4A2 a" 3R/4A3 
0B 33 52 01 04 00 00 FC 20 00 00 00 00 00 00 80 |  3R             
00 FC 30 00 00 00 00 00 00 00 00 FC 00 00 00 00 |   0             
00 00 00 00 00 FC 10 00 00 00 00 00 00 62 00 BF |              b  
34 41 31 0B 33 54 6F 0E 33 54 2F 33 54 0F 0B BF | 4A1 3To 3T/3T   
33 52 6F DD 10 33 4A 2F 44 31 00 2F 33 54 11 6F | 3Ro  3J/D1 /3T o
DD 10 33 4B 2F 44 31 00 2F 33 54 11 6F 34 41 31 |   3K/D1 /3T o4A1
10 33 4A 11 F0 10 33 54 61 33 4B 11 0B 33 52 10 |  3J   3Ta3K  3R 
33 4A 2F 33 4B 11 6F DE 6F DE 6F 33 52 49 70 34 | 3J/3K o o o3RIp4
41 32 0B 33 52 6F 33 52 0B 33 41 6E 36 50 53 54 | A2 3Ro3R 3An6PST
58 49 00 00 30 1C 78 3A 30 1C 79 D6 28 64 65 72 | XI  0 x:0 y (der
31 28 41 32 2C 78 29 2C 64 65 72 31 28 41 32 2C | 1(A2,x),der1(A2,
79 29 29 1C 54 D6 72 65 61 6C 20 41 31 1C 78 3A | y)) T real A1 x:
69 6D 61 67 20 41 31 1C 79 D6 41 31 2D 41 32 2A | imag A1 y A1-A2*
54 2F 61 62 73 20 28 54 29 12 1C 52 0E 00 00 50 | T/abs (T)  R   P
52 4A 50 44 D6 32 52 2D 41 31 1C 52 33 00 37 50 | RJPD 2R-A1 R3 7P
52 4A 50 44 6F 0C C9 34 41 31 2F CA 34 41 31 2F | RJPDo  4A1/ 4A1/
44 31 00 0D 0B 34 41 31 6F 0C C9 33 52 2F CA 33 | D1   4A1o  3R/ 3
52 2F 44 31 00 0D 0B 34 41 32 6F 37 45 51 44 54 | R/D1   4A2o7EQDT
45 4E 00 00 28 41 31 2B 41 32 29 2F 32 1C 54 D6 | EN  (A1+A2)/2 T 
28 30 2C 31 29 28 41 31 2D 41 32 29 1C 41 32 D6 | (0,1)(A1-A2) A2 
5B 72 65 61 6C 20 54 2C 69 6D 61 67 20 54 2C 31 | [real T,imag T,1
5D 1C 41 31 D6 5B 72 65 61 6C 20 41 32 2C 69 6D | ] A1 [real A2,im
61 67 20 41 32 2C 30 5D 1C 41 32 D6 45 51 44 54 | ag A2,0] A2 EQDT
45 93 00 0E 44 34 00 2F 44 34 00 0F 0B BF 33 54 | E   D4 /D4    3T
6F EF 10 44 30 00 2F 33 54 11 6F 0C 0C 34 41 31 | o  D0 /3T o  4A1
0D 0C 34 41 32 0D 0C 34 41 33 0D 0D 0B 33 54 10 |   4A2  4A3   3T 
44 32 00 2F 44 31 00 11 6F 44 34 00 0B BF 34 41 | D2 /D1  oD4   4A
31 6F DD 10 33 4A 2F 44 31 00 2F 44 34 00 11 6F | 1o  3J/D1 /D4  o
44 31 00 0B 33 54 10 44 31 00 2F 33 4A 11 6F B7 | D1  3T D1 /3J o 
33 54 0B 34 41 31 10 33 4A 11 6F 44 30 00 0B 33 | 3T 4A1 3J oD0  3
54 10 44 31 00 2F 33 4A 11 6F DE 6F 2D 78 79 7A | T D1 /3J o o-xyz
20 00 0B 34 41 32 6F 35 56 53 54 6F 33 52 60 2D |    4A2o5VSTo3R`-
3D 30 00 0B 33 52 42 00 2A 10 33 41 2F 32 01 78 | =0  3RB * 3A/2 x
11 0B 34 52 31 6F 33 41 61 32 01 78 70 34 52 31 |   4R1o3Aa2 xp4R1
0B 34 52 32 6F E9 2D 59 3D 61 58 2B 62 2C 20 61 |  4R2o -Y=aX+b, a
76 65 63 20 3A 00 6F E9 2D 61 3D 00 2F 34 52 31 | vec : o -a= /4R1
6F E9 2D 62 3D 00 2F 34 52 32 00 00 FC 66 97 41 | o -b= /4R2   f A
49 07 00 60 6A 00 34 54 31 3F 2A 10 33 41 2F 32 | I  `j 4T1?* 3A/2
01 78 11 6E 34 54 32 3F 2B 10 33 41 2F 32 01 78 |  x n4T2?+ 3A/2 x
11 6F F2 10 34 54 31 2F 32 01 78 2F 32 01 78 11 |  o  4T1/2 x/2 x 
6F E9 2D 78 3D 00 2F 32 01 78 6F E9 2D 66 28 78 | o -x= /2 xo -f(x
29 3D 00 2F 33 41 6E 33 42 3F 33 41 6E 33 42 0B | )= /3An3B?3An3B 
33 42 6F E9 2D 64 65 72 32 28 66 2C 78 29 3D 00 | 3Bo -der2(f,x)= 
2F 34 54 32 6E E2 6F 83 6F 8F 33 41 6E 8F 33 42 | /4T2n o o 3An 3B
52 00 34 54 31 3F 2A 10 33 41 2F 32 01 78 11 6E | R 4T1?* 3A/2 x n
34 54 32 3F 2B 10 33 41 2F 32 01 78 11 6F F2 10 | 4T2?+ 3A/2 x o  
34 54 32 2F 32 01 78 2F 32 01 78 11 6F E9 2D 78 | 4T2/2 x/2 x o -x
3D 00 2F 32 01 78 6F E9 2D 66 28 78 29 3D 00 2F | = /2 xo -f(x)= /
33 41 6F E9 2D 64 65 72 31 28 66 2C 78 29 3D 00 | 3Ao -der1(f,x)= 
2F 34 54 31 16 01 EC 6E 0E 44 32 00 2F 44 32 00 | /4T1   n D2 /D2 
0F 0B BF 33 4A 6F E0 4C 30 00 6F E9 2D 78 3D 00 |    3Jo L0 o -x= 
2F 32 01 78 6F E9 2D 79 3D 00 2F 32 01 79 6F 4C | /2 xo -y= /2 yoL
10 44 31 00 2F 2D 4E 45 57 00 2F 34 4C 32 2F 44 |  D1 /-NEW /4L2/D
33 00 2F 2D 43 4F 4E 54 00 2F 34 4C 31 2F 44 35 | 3 /-CONT /4L1/D5
00 2F 2D 45 58 49 54 00 2F 34 4C 33 11 6F E0 4C |  /-EXIT /4L3 o L
31 00 6F 2A 10 34 41 31 2F 32 01 78 11 0B 33 4A | 1 o* 4A1/2 x  3J
10 44 31 00 2F 44 31 00 11 6F 2A 10 34 41 31 2F |  D1 /D1  o* 4A1/
32 01 79 11 0B 33 4A 10 44 31 00 2F 44 32 00 11 | 2 y  3J D1 /D2  
6F 2A 10 34 41 32 2F 32 01 78 11 0B 33 4A 10 44 | o* 4A2/2 x  3J D
32 00 2F 44 31 00 11 6F 2A 10 34 41 32 2F 32 01 | 2 /D1  o* 4A2/2 
79 11 0B 33 4A 10 44 32 00 2F 44 32 00 11 6F 0C | y  3J D2 /D2  o 
32 01 78 2F 32 01 79 0D 61 33 4A 49 0C 34 41 31 | 2 x/2 y a3JI 4A1
2F 34 41 32 0D 0B 33 52 6F 33 52 10 44 31 00 11 | /4A2  3Ro3R D1  
0B 32 01 78 6E 33 52 10 44 32 00 11 0B 32 01 79 |  2 xn3R D2   2 y
6F E1 00 13 4C 30 00 6F E0 4C 32 00 6F E6 2D 78 | o   L0 o L2 o -x
3D 00 2F 32 01 78 6F E6 2D 79 3D 00 2F 32 01 79 | = /2 xo -y= /2 y
6F E1 00 5B 4C 31 00 6F E0 4C 33 00 17 00 17 10 | o  [L1 o L3     
B9 34 41 31 2F B9 34 41 32 11 6F AD A2 3C 03 41 |  4A1/ 4A2 o  < A
6E 73 0B 33 52 8C 00 34 41 32 0B 34 54 32 6F BF | ns 3R  4A2 4T2o 
34 41 31 0B BF 34 54 32 6F 3C 03 41 6E 73 0B 33 | 4A1  4T2o< Ans 3
54 6E 44 30 00 0B 34 54 32 10 33 54 11 6F 17 10 | TnD0  4T2 3T o  
34 41 31 2F 34 54 32 11 0B 34 54 31 6F 0E 33 54 | 4A1/4T2  4T1o 3T
2F 33 54 0F 0B BF 33 52 6F DD 10 33 4A 2F 44 31 | /3T   3Ro  3J/D1
00 2F 33 54 11 6F A1 34 41 31 10 33 4A 11 34 54 |  /3T o 4A1 3J 4T
32 0B 33 52 10 33 4A 11 6F DE 6F 34 54 31 70 B8 | 2 3R 3J o o4T1p 
33 54 60 33 52 4B 0B 33 52 6F 0E 33 54 61 44 31 | 3T`3RK 3Ro 3TaD1
00 2F 33 54 0F 0B BF 33 52 6F 33 52 70 33 54 49 |  /3T   3Ro3Rp3TI
0B 33 52 80 01 FC 13 51 66 17 74 88 13 00 00 FC |  3R    Qf t     
12 95 44 23 25 90 37 00 FE FB 52 09 44 53 30 00 |   D#% 7   R DS0 
79 00 01 FC 54 06 07 68 98 79 51 80 FF FB 69 45 | y   T  h yQ   iE
92 71 06 67 72 80 FF FB 74 66 87 16 39 67 80 02 |  q gr   tf  9g  
00 33 46 02 00 33 46 4F 00 7B 6F 44 30 00 0B 3D |  3F  3FO {oD0  =
04 6F 44 31 32 36 00 0B 3D 05 6F 44 30 00 0B 3D |  oD126  = oD0  =
06 6F 44 36 32 00 0B 3D 07 6F 44 35 00 0B 33 58 |  oD62  = oD5  3X
6E 44 35 35 00 0B 33 59 6F 83 6F DD 10 33 49 2F | nD55  3Yo o  3I/
44 31 00 2F 44 32 36 00 11 6F 6F 6F E6 33 50 6F | D1 /D26  ooo 3Po
39 58 4C 45 54 54 52 45 06 00 37 50 45 4E 44 55 | 9XLETTRE  7PENDU
F5 00 D8 33 41 6F D9 6F 96 10 33 58 2F 33 59 2F |    3Ao o  3X/3Y/
33 58 2F 33 59 60 44 33 00 11 6F 96 10 33 58 60 | 3X/3Y`D3  o  3X`
44 31 00 2F 33 59 60 44 34 00 2F 33 58 60 44 32 | D1 /3Y`D4 /3X`D2
00 2F 33 59 60 44 34 00 11 6F 96 10 33 58 60 44 |  /3Y`D4  o  3X`D
33 00 2F 33 59 60 44 33 00 2F 33 58 60 44 33 00 | 3 /3Y`D3 /3X`D3 
2F 33 59 11 6F 96 10 33 58 2F 33 59 60 44 32 00 | /3Y o  3X/3Y`D2 
2F 33 58 60 44 33 00 2F 33 59 60 44 32 00 11 6F | /3X`D3 /3Y`D2  o
DE 6F D8 33 42 6F D9 6F 96 10 33 58 2F 33 59 2F |  o 3Bo o  3X/3Y/
33 58 2F 33 59 60 44 34 00 11 6F 96 10 33 58 2F | 3X/3Y`D4  o  3X/
33 59 60 44 34 00 2F 33 58 60 44 32 00 2F 33 59 | 3Y`D4 /3X`D2 /3Y
60 44 34 00 11 6F 98 10 33 58 60 44 33 00 2F 33 | `D4  o  3X`D3 /3
59 60 44 33 00 11 6F 96 10 33 58 60 44 32 00 2F | Y`D3  o  3X`D2 /
33 59 60 44 32 00 2F 33 58 2F 33 59 60 44 32 00 | 3Y`D2 /3X/3Y`D2 
11 6F 98 10 33 58 60 44 33 00 2F 33 59 60 44 31 |  o  3X`D3 /3Y`D1
00 11 6F 96 10 33 58 60 44 32 00 2F 33 59 2F 33 |   o  3X`D2 /3Y/3
58 2F 33 59 11 6F DE 00 00 FC 00 00 00 00 00 00 | X/3Y o          
00 01 00 FC 10 00 00 00 00 00 00 01 00 FC 00 00 |                 
00 00 00 00 00 00 00 FC 00 00 00 00 00 00 00 00 |                 
00 FC 40 00 00 00 00 00 00 00 00 FC 10 00 00 00 |   @             
00 00 00 2C 00 10 44 34 00 32 01 78 F0 44 35 00 |    ,  D4 2 x D5 
60 44 32 00 32 01 78 F0 44 32 00 61 44 34 00 70 | `D2 2 x D2 aD4 p
A7 44 33 00 F1 10 44 32 00 32 01 78 F0 44 32 00 |  D3   D2 2 x D2 
11 07 00 32 01 78 F0 44 33 00 11 00 44 32 00 32 |    2 x D3   D2 2
01 78 F0 44 33 00 61 44 33 00 32 01 78 07 00 32 |  x D3 aD3 2 x  2
01 78 F0 44 32 00 83 0A 85 56 7C 26 05 15 C1 03 |  x D2    V|&    
35 79 02 B2 6A 2A 34 79 02 B2 57 2A 33 79 02 B2 | 5y  j*4y  W*3y  
4E 2A 50 55 53 4A 04 8C EF 00 45 43 4E 45 53 42 | N*PUSJ    ECNESB
41 4A 08 8C E5 00 45 52 49 41 4C 41 53 07 8C DB | AJ    ERIALAS   
00 32 79 02 B2 20 0A 49 01 B2 16 00 4A 01 B2 0C |  2y    I    J   
00 50 4F 52 50 04 B2 02 00 41 01 B1 EE 01 42 01 |  PORP    A    B 
B1 E4 00 45 52 54 54 45 4C 58 07 B0 ED 12 41 41 |    ERTTELX    AA
41 03 B0 E5 12 55 44 4E 45 50 05 B0 94 12 42 46 | A    UDNEP    BF
02 B0 90 0A 41 46 02 B0 8C 0A 32 56 02 B0 82 00 |     AF    2V    
31 56 02 B0 78 00 31 55 02 B0 6E 00 57 01 B0 64 | 1V  x 1U  n W  d
00 56 01 B0 5A 00 31 53 02 B0 50 00 4A 4F 52 50 |  V  Z 1S  P JORP
04 AF C2 12 4C 47 4E 41 04 AF A9 12 59 58 53 03 |     LGNA    YXS 
AE 91 12 58 4C 46 4E 49 05 AE 3D 12 45 52 54 58 |    XLFNI  = ERTX
45 05 AD D1 12 75 71 45 03 AD C7 00 45 54 47 54 | E    uqE    ETGT
04 AD 83 12 4E 4C 50 51 45 05 AC EE 12 52 54 44 |     NLPQE    RTD
4D 04 AC 9E 12 50 52 45 50 04 AC 69 12 44 50 4D | M    PREP  i DPM
59 53 05 AC 59 12 44 50 4A 52 50 05 AC 0E 12 52 | YS  Y DPJRP    R
47 41 4C 50 05 AB AA 12 33 41 02 AB 80 02 47 54 | GALP    3A    GT
4E 49 50 05 AB 53 12 4D 49 52 50 50 05 AB 0A 12 | NIP  S MIRPP    
56 49 52 44 50 05 AA A4 12 71 45 67 65 52 05 AA | VIRDP    qEgeR  
62 0A 43 67 65 52 50 05 AA 42 04 2E 01 AA 36 04 | b CgeRP  B .  6 
54 53 49 4C 59 05 A9 EE 04 54 53 49 4C 58 05 A9 | TSILY    TSILX  
A6 04 74 61 74 53 79 05 A9 5E 04 74 61 74 53 78 |   tatSy  ^ tatSx
05 A9 16 04 34 55 02 A9 14 04 51 01 A9 12 04 42 |     4U    Q    B
6F 41 03 A8 B7 12 31 4C 49 54 55 05 A8 4C 12 56 | oA    1LITU  L V
49 44 50 04 A6 E2 12 7A 01 A6 D8 00 32 55 02 A6 | IDP    z    2U  
CE 00 46 01 A6 C0 0A 50 01 A6 B6 00 45 4E 49 47 |   F    P    ENIG
49 52 4F 07 A6 83 12 53 01 A6 79 00 79 59 02 A6 | IRO    S  y yY  
6F 00 79 58 02 A6 65 00 47 45 44 03 A6 5B 00 59 | o yX  e GED  [ Y
01 A6 51 00 58 01 A6 47 00 55 01 A6 3D 00 31 31 |   Q X  G U  = 11
54 03 A6 33 00 30 31 54 03 A6 09 06 39 54 02 A5 | T  3 01T    9T  
F9 0C 38 54 02 A5 7F 06 37 54 02 A5 5F 02 36 54 |   8T   7T  _ 6T
02 A4 C7 06 36 31 54 03 A4 BD 00 35 31 54 03 A4 |     61T    51T  
A7 02 34 31 54 03 A4 9D 00 33 31 54 03 A4 5F 06 |   41T    31T  _ 
32 31 54 03 A4 0D 06 46 46 41 44 49 05 9E 4C 12 | 21T    FFADI  L 
43 41 52 54 4D 05 9E 29 12 46 46 41 4D 49 05 9D | CARTM  ) FFAMI  
F3 12 4D 47 4E 41 52 05 9D B0 12 50 54 43 45 56 |   MGNAR    PTCEV
05 9D 53 12 54 53 59 53 04 9C 29 12 46 41 58 49 |   S TSYS  ) FAXI
46 05 9B CE 12 46 41 56 4E 49 05 9B 8A 12 46 41 | F    FAVNI    FA
50 4D 43 05 9B 42 12 50 58 45 50 04 9A 9E 12 4C | PMC  B PXEP    L
55 4D 50 04 9A 1E 12 47 44 45 52 50 05 99 B5 12 | UMP    GDERP    
44 44 41 50 04 99 2E 12 4F 01 99 18 02 5A 01 99 | DDAP  . O    Z  
15 0C 43 4E 43 52 04 98 61 12 6A 01 98 4D 01 4A |   CNCR  a j  M J
6F 74 49 04 98 15 12 43 44 51 56 04 97 E5 12 51 | otI    CDQV    Q
4D 02 97 79 12 43 44 51 4D 04 96 E3 12 54 53 43 | M  y CDQM    TSC
03 95 CE 12 50 45 52 03 95 54 03 72 01 95 4A 00 |     PER  T r  J 
74 01 95 40 00 31 74 78 03 95 3A 2A 31 74 79 03 | t  @ 1tx  :*1ty 
95 34 2A 54 53 56 03 94 1E 12 45 54 44 51 45 05 |  4*TSV    ETDQE 
93 E2 12 51 46 46 41 04 93 D8 00 35 54 02 93 D4 |    QFFA    5T   
0C 34 54 02 93 C0 01 32 41 02 93 BB 0C 31 41 02 |  4T    2A    1A 
93 9B 02 32 54 53 52 04 93 20 12 31 54 53 52 04 |    2TSR    1TSR 
92 5F 12 54 53 51 03 91 F4 12 51 52 02 91 77 12 |  _ TSQ    QR  w 
54 53 50 03 90 35 12 58 54 53 50 04 90 07 12 4D | TSP  5 XTSP    M
01 8F DD 02 59 58 43 42 41 05 8E DB 12 54 01 8E |     YXCBA    T  
D1 00 33 54 02 8E 4D 02 32 54 02 8E 2D 02 31 54 |   3T  M 2T  - 1T
02 8E 23 00 52 54 43 46 04 8D 61 12 4E 49 43 41 |   # RTCF  a NICA
52 05 8C F9 12 6E 71 65 03 8C 99 0A 52 01 8C 5B | R    nqe    R  [
06 C1 01 8C 51 00 58 41 4D 79 04 8C 47 00 4E 49 |     Q XAMy  G NI
4D 79 04 8C 3D 00 58 41 4D 78 04 8C 33 00 4E 49 | My  = XAMx  3 NI
4D 78 04 8C 29 00 78 01 8C 1F 00 79 01 8C 15 00 | Mx  ) x    y    
21 01 8C 13 12 23 01 8C 01 12 73 6E 41 03 8B F7 | !    #    snA   
00 B8 1A 85 56 C1 03 05 92 00 00 