AVR decoder, version 1.1, \2000
Copyright (c) 1999-2001, Romain Lievin

08 68 00 00 88 56 0C 10 08 2D 00 00 88 56 00 00 |  h   V   -   V  
08 09 00 00 88 56 00 00 88 15 0E 00 02 07 02 00 |      V          
00 02 09 01 00 00 00 00 00 08 1F 00 08 56 00 00 |              V  
08 68 00 00 88 56 0C 10 08 2D 00 00 88 56 00 00 |  h   V   -   V  
08 09 00 00 88 56 00 00 88 15 0E 00 02 07 02 00 |      V          
00 02 09 01 00 00 00 00 00 08 1F 00 08 56 00 00 |              V  
08 68 00 00 88 56 0C 10 08 87 0B 01 88 56 00 00 |  h   V       V  
08 87 08 01 88 56 00 00 08 87 08 01 88 56 00 00 |      V       V  
08 87 08 01 88 56 00 00 08 87 08 01 88 56 00 00 |      V       V  
08 87 08 11 88 56 00 00 08 87 08 11 88 56 00 00 |      V       V  
08 87 51 20 88 56 00 00 08 87 07 01 88 56 00 00 |   Q  V       V  
08 87 07 01 88 56 00 00 08 87 07 01 88 56 00 00 |      V       V  
08 68 00 00 88 56 0C 10 08 87 64 00 88 56 00 00 |  h   V    d  V  
08 87 65 00 88 56 00 00 08 87 6C 00 88 56 00 00 |   e  V    l  V  
08 87 76 00 88 56 00 00 08 87 61 00 88 56 00 00 |   v  V    a  V  
08 87 72 00 88 56 00 00 08 68 00 00 88 56 0C 10 |   r  V   h   V  
08 87 20 00 88 56 00 00 08 68 00 00 88 56 0C 10 |      V   h   V  
08 87 6D 00 88 56 00 00 08 87 61 00 88 56 00 00 |   m  V    a  V  
08 87 69 00 88 56 00 00 08 87 6E 00 88 56 00 00 |   i  V    n  V  
08 87 5C 00 88 56 00 00 08 87 78 00 88 56 00 00 |   \  V    x  V  
08 68 00 00 88 56 0C 10 08 87 0D 00 88 56 00 00 |  h   V       V  
08 68 00 00 88 56 0C 10 08 87 07 01 88 56 00 00 |  h   V       V  
